-0.453729 1
0 0
0 0
0 0
0 0
0 0
0 0
0 0
0 0
0 0
0 0
0 0
0 0
0 0
0 0
0 0
0 0
0 0
-0.365332 3
-0.360882 1
0 0
-0.350835 1
0 0
0 0
0 0
0 0
0 0
0 0
0 0
0 0
0 0
0 0
-0.298389 1
-0.294398 2
0 0
0 0
-0.282374 2
0 0
-0.272425 2
0 0
-0.261379 1
0 0
-0.252281 2
-0.247531 2
-0.242198 1
-0.237079 4
0 0
-0.228734 5
-0.225562 1
0 0
-0.212805 1
-0.208012 1
-0.202539 1
-0.199751 3
0 0
-0.190687 1
-0.186352 3
-0.181798 4
-0.176652 3
-0.172384 1
-0.166635 5
-0.163454 3
-0.1571 5
-0.152459 4
-0.148401 3
-0.143071 4
-0.13851 14
-0.132923 9
-0.127558 5
-0.124108 13
-0.120133 13
-0.114624 14
-0.110177 28
-0.105179 25
-0.0996193 55
-0.0957585 122
-0.0909382 116
-0.0861565 138
-0.0814615 127
-0.0767866 138
-0.0719372 134
-0.0670137 121
-0.0625389 138
-0.0579593 135
-0.0529654 108
-0.0483464 144
-0.0432513 144
-0.0387077 145
-0.0342029 126
-0.0292069 148
-0.0246147 150
-0.0197955 173
-0.0147722 130
-0.0101922 126
-0.00550955 122
-0.000825336 134
0.00423393 119
0.00874181 126
0.0134818 152
0.0180842 148
0.0229984 154
0.0274482 136
0.0325795 148
0.0372033 147
0.0419702 156
0.0464389 127
0.0513707 133
0.0560639 147
0.0609842 123
0.0654645 131
0.0705712 119
0.0752384 123
0.0797412 125
0.084602 128
0.0892824 141
0.0939127 136
0.098329 118
0.103326 41
0.108106 19
0.112546 16
0.118073 14
0.122873 15
0.127183 12
0.132367 14
0.137438 4
0.140478 13
0.146614 8
0.150453 11
0.155574 6
0.158989 4
0.165708 6
0.169978 6
0.174348 4
0.177793 4
0.182317 1
0.189152 4
0.194083 3
0.19797 4
0.203033 2
0.20724 4
0.211884 1
0 0
0.221622 1
0.22636 1
0.232145 2
0 0
0.24106 2
0.247031 3
0.252756 1
0.253553 1
0 0
0.262663 1
0.271316 1
0 0
0.276977 1
0.283951 2
0.287986 2
0.290944 1
0 0
0 0
0.308094 1
0 0
0.314918 1
0 0
0 0
0 0
0 0
0 0
0 0
0.351985 1
0 0
0 0
0 0
0 0
0 0
0 0
0 0
0 0
0 0
0 0
0 0
0.405442 1
0 0
0 0
0 0
0 0
0 0
0 0
0 0
0 0
0.448835 1
0 0
0 0
0 0
0 0
0 0
0 0
0 0
0 0
0 0
0.494779 1
