-0.457001 1
0 0
0 0
0 0
0 0
0 0
0 0
0 0
0 0
0 0
0 0
0 0
0 0
0 0
0 0
-0.368292 1
0 0
-0.355628 1
0 0
-0.340791 3
0 0
0 0
0 0
0 0
-0.312098 1
-0.305695 1
-0.299061 1
0 0
-0.289665 3
-0.283184 1
0 0
-0.271384 2
0 0
0 0
-0.250349 2
-0.247379 2
-0.240569 2
0 0
0 0
-0.224371 3
-0.218661 3
-0.211802 2
0 0
-0.198722 2
0 0
-0.187565 3
-0.181789 4
-0.175572 4
0 0
-0.164068 5
-0.158293 4
-0.152989 1
-0.146194 1
-0.141099 6
-0.135722 4
-0.128939 8
-0.121217 6
-0.116635 7
-0.11177 3
-0.105098 12
-0.0987181 38
-0.0928521 46
-0.0875735 51
-0.0812703 51
-0.0756324 59
-0.0696176 59
-0.0635634 59
-0.0579767 54
-0.0519119 55
-0.0463785 59
-0.0399011 46
-0.0342806 60
-0.0282876 54
-0.0222696 41
-0.0166669 51
-0.0106069 38
-0.00457931 46
0.00133623 61
0.00719593 55
0.0131894 53
0.0188512 60
0.0252822 45
0.0308103 54
0.0366587 61
0.0421803 64
0.048387 67
0.0544472 44
0.0602008 59
0.0660846 65
0.0724593 43
0.0776465 65
0.0838105 49
0.0899606 47
0.0959964 49
0.101625 18
0.107168 22
0.113547 15
0.118695 7
0.125672 11
0.131631 8
0.1379 8
0.142926 5
0.149999 5
0.155107 8
0.1608 13
0.166464 2
0.172659 7
0.179431 6
0.184382 4
0.189579 3
0.197666 1
0.20267 3
0.207328 4
0.212339 1
0 0
0 0
0.23245 4
0.237694 2
0.244698 1
0.249545 2
0.254191 1
0.261605 2
0 0
0.273229 2
0.278727 2
0.285791 1
0 0
0.294425 1
0 0
0 0
0 0
0 0
0 0
0 0
0.341086 1
0 0
0.348422 2
0 0
0 0
0 0
0 0
0 0
0 0
0 0
0 0
0 0
0 0
0 0
0 0
0 0
0 0
0 0
0 0
0 0
0 0
0 0
0 0
0 0
0 0
0 0
0 0
0 0
0 0
0 0
0 0
0 0
0 0
0 0
0 0
0 0
0 0
0 0
0 0
0 0
0 0
0 0
0 0
0 0
0 0
0 0
0 0
0 0
0 0
0 0
0 0
0 0
0 0
0 0
0 0
0 0
0 0
0 0
0 0
0 0
0 0
0 0
0 0
0 0
0 0
0 0
0.72546 1
