-1.08348 1
0 0
0 0
0 0
0 0
0 0
0 0
0 0
0 0
0 0
0 0
0 0
0 0
0 0
0 0
0 0
0 0
0 0
0 0
0 0
0 0
0 0
0 0
0 0
0 0
0 0
0 0
0 0
0 0
0 0
0 0
0 0
0 0
0 0
0 0
0 0
0 0
0 0
0 0
-0.729191 1
0 0
-0.709992 2
0 0
0 0
0 0
0 0
0 0
0 0
0 0
0 0
-0.627427 1
0 0
-0.609677 1
0 0
0 0
0 0
0 0
-0.564292 1
0 0
0 0
0 0
0 0
-0.520576 1
0 0
0 0
0 0
0 0
0 0
0 0
0 0
-0.445351 1
0 0
-0.428138 1
0 0
0 0
-0.400166 1
-0.390875 2
0 0
0 0
0 0
0 0
0 0
0 0
0 0
-0.319869 1
-0.314558 2
-0.30295 1
0 0
0 0
0 0
0 0
0 0
0 0
0 0
0 0
0 0
-0.209242 1
-0.19943 1
0 0
0 0
-0.173294 1
-0.167706 2
-0.154373 1
-0.145252 1
0 0
0 0
-0.124404 1
0 0
-0.102264 2
0 0
0 0
-0.075857 1
-0.0680997 1
-0.0562138 2
-0.0497946 2
-0.0430293 1
-0.0311274 2
-0.022136 2
-0.0103069 1
-0.00601321 2
0.00271622 4
0.0156763 2
0.0236253 3
0.0357465 1
0 0
0 0
0.059776 1
0.0699777 2
0.0758397 3
0 0
0.0936584 1
0 0
0.108981 1
0 0
0 0
0 0
0 0
0 0
0 0
0 0
0 0
0 0
0 0
0.212623 1
0 0
0 0
0 0
0 0
0 0
0 0
0.27805 1
0 0
0 0
0 0
0 0
0 0
0 0
0 0
0 0
0.357925 1
0 0
0 0
0 0
0.395658 1
0 0
0 0
0 0
0.425551 1
0 0
0 0
0 0
0 0
0 0
0 0
0 0
0 0
0 0
0 0
0 0
0 0
0 0
0.558389 1
0 0
0 0
0 0
0 0
0 0
0 0
0 0
0 0
0 0
0 0
0 0
0 0
0 0
0 0
0 0
0 0
0 0
0 0
0.722846 1
