0.000000 0.000000 0.000000 0.000000 0.000000 
-16.000006 -0.010993 48.000000 32.000000 0.123520 
-33.666660 -0.015199 82.000000 61.000000 0.186737 
-49.666706 -0.014277 118.000000 89.000000 0.242862 
-64.666748 -0.014572 160.000000 118.000000 0.296374 
-78.000000 -0.012805 192.000000 142.000000 0.326286 
-90.333252 -0.011437 224.000000 165.000000 0.351588 
-105.666496 -0.013719 259.000000 192.000000 0.369911 
-118.999725 -0.014034 300.000000 219.000000 0.393710 
-140.333145 -0.018192 344.000000 255.000000 0.401890 
-158.333328 -0.017039 380.000000 285.000000 0.406009 
-171.666855 -0.014301 418.000000 311.000000 0.420154 
-180.000412 -0.011091 462.000000 334.000000 0.444662 
-188.000641 -0.009646 507.000000 357.000000 0.465675 
-199.334167 -0.009938 545.000000 381.000000 0.471015 
-217.667648 -0.017182 574.000000 409.000000 0.451824 
-230.667862 -0.012961 616.000000 436.000000 0.460685 
-243.001389 -0.014252 654.000000 461.000000 0.462267 
-268.334686 -0.021392 686.000000 497.000000 0.433705 
-299.001038 -0.025445 717.000000 538.000000 0.403475 
-310.000641 -0.016142 756.000000 562.000000 0.422834 
-322.000305 -0.014148 789.000000 585.000000 0.430095 
-340.666565 -0.015227 829.000000 617.000000 0.431240 
-362.332764 -0.020660 875.000000 654.000000 0.428163 
-373.332428 -0.015204 908.000000 676.000000 0.436126 
-389.665375 -0.015647 946.000000 705.000000 0.437013 
-400.331665 -0.011511 983.000000 728.000000 0.448934 
-413.664581 -0.011902 1024.000000 755.000000 0.455175 
-426.997559 -0.012798 1059.000000 780.000000 0.455294 
-446.663818 -0.019141 1099.000000 813.000000 0.444902 
-455.330078 -0.011972 1139.000000 835.000000 0.461246 
-473.329712 -0.015626 1175.000000 865.000000 0.451726 
-505.329376 -0.026935 1208.000000 908.000000 0.414113 
-523.329285 -0.022758 1247.000000 939.000000 0.415947 
-541.663208 -0.018224 1276.000000 967.000000 0.410597 
-565.664124 -0.020233 1321.000000 1006.000000 0.411930 
-578.664917 -0.015896 1360.000000 1032.000000 0.425539 
-602.332214 -0.020453 1391.000000 1066.000000 0.408242 
-611.333008 -0.012672 1430.000000 1088.000000 0.430604 
-633.333801 -0.017104 1469.000000 1123.000000 0.425408 
-649.334595 -0.016788 1508.000000 1152.000000 0.430085 
-666.335510 -0.016733 1553.000000 1184.000000 0.437495 
-690.002808 -0.020147 1584.000000 1218.000000 0.418639 
-704.003601 -0.014032 1623.000000 1245.000000 0.431142 
-712.004395 -0.010429 1662.000000 1266.000000 0.450122 
-730.338440 -0.016152 1697.000000 1296.000000 0.440792 
-742.005859 -0.013321 1734.000000 1320.000000 0.448697 
-758.673218 -0.015780 1768.000000 1348.000000 0.443447 
-777.007263 -0.016922 1803.000000 1378.000000 0.437143 
-790.341248 -0.015761 1835.000000 1402.000000 0.437477 
-797.675476 -0.011995 1879.000000 1424.000000 0.459135 
-819.676147 -0.017155 1912.000000 1457.000000 0.440199 
-831.676819 -0.014108 1945.000000 1480.000000 0.444253 
-845.011047 -0.012410 1989.000000 1508.000000 0.455536 
-865.011597 -0.017469 2016.000000 1537.000000 0.435811 
-879.012329 -0.014855 2052.000000 1563.000000 0.439718 
-896.679871 -0.017475 2095.000000 1595.000000 0.441065 
-921.680725 -0.022605 2137.000000 1634.000000 0.427929 
-941.681580 -0.020427 2179.000000 1668.000000 0.428080 
-953.348999 -0.015100 2216.000000 1692.000000 0.438203 
-965.349792 -0.012200 2255.000000 1717.000000 0.449000 
-981.350525 -0.015497 2291.000000 1745.000000 0.445471 
-986.684875 -0.008691 2341.000000 1767.000000 0.475666 
-1006.352051 -0.015097 2366.000000 1795.000000 0.450771 
-1014.686096 -0.010554 2401.000000 1815.000000 0.462334 
-1032.686401 -0.016588 2440.000000 1846.000000 0.453334 
-1042.685059 -0.012184 2473.000000 1867.000000 0.459050 
-1061.683472 -0.016735 2512.000000 1899.000000 0.449577 
-1086.015625 -0.023012 2541.000000 1933.000000 0.423188 
-1093.013916 -0.011945 2583.000000 1954.000000 0.449254 
-1106.345825 -0.010618 2618.000000 1979.000000 0.452085 
-1126.677490 -0.016125 2659.000000 2013.000000 0.444718 
-1142.008667 -0.016468 2712.000000 2046.000000 0.455897 
-1163.340576 -0.019254 2747.000000 2079.000000 0.440425 
-1167.671997 -0.009151 2794.000000 2099.000000 0.472086 
-1179.003906 -0.010269 2829.000000 2122.000000 0.473186 
-1200.002686 -0.015680 2859.000000 2153.000000 0.450544 
-1219.333862 -0.019384 2912.000000 2190.000000 0.451330 
-1233.665649 -0.014359 2950.000000 2217.000000 0.454441 
-1253.664429 -0.018615 2980.000000 2247.000000 0.436780 
-1265.662964 -0.015519 3016.000000 2271.000000 0.443343 
-1276.328247 -0.012613 3050.000000 2293.000000 0.450157 
-1288.326660 -0.012248 3089.000000 2318.000000 0.457471 
-1298.324951 -0.009085 3131.000000 2342.000000 0.471314 
-1307.323486 -0.007659 3167.000000 2363.000000 0.479097 
-1323.321777 -0.011846 3209.000000 2393.000000 0.473956 
-1336.986938 -0.012620 3246.000000 2419.000000 0.472078 
-1362.652100 -0.021061 3283.000000 2457.000000 0.444863 
-1369.650635 -0.012780 3319.000000 2476.000000 0.460398 
-1382.649292 -0.011024 3352.000000 2500.000000 0.460203 
-1407.980713 -0.019176 3399.000000 2541.000000 0.445347 
-1418.646118 -0.012554 3430.000000 2562.000000 0.450852 
-1432.311035 -0.014128 3473.000000 2590.000000 0.456471 
-1446.642822 -0.014778 3511.000000 2617.000000 0.455767 
-1460.307861 -0.014534 3551.000000 2644.000000 0.458325 
-1484.639648 -0.021210 3589.000000 2681.000000 0.438094 
-1492.304199 -0.012499 3641.000000 2706.000000 0.467111 
-1519.636353 -0.022783 3670.000000 2743.000000 0.430478 
-1530.301514 -0.014565 3707.000000 2766.000000 0.443047 
-1542.633057 -0.013152 3751.000000 2793.000000 0.454943 
-1557.964600 -0.014532 3795.000000 2823.000000 0.457864 
0.000000 0.000000 0.000000 0.000000 0.000000 
-0.666666 -0.000842 43.000000 15.000000 0.116430 
-10.666665 -0.007965 79.000000 37.000000 0.189931 
-8.000012 -0.000971 126.000000 50.000000 0.282340 
-15.333353 -0.003855 176.000000 74.000000 0.348490 
-19.000008 -0.003562 219.000000 92.000000 0.395819 
-15.000010 0.000117 279.000000 108.000000 0.462533 
-19.666651 -0.001814 319.000000 126.000000 0.484263 
-29.333294 -0.006149 356.000000 148.000000 0.488222 
-20.333258 0.002854 413.000000 158.000000 0.543961 
-13.333235 0.006793 467.000000 169.000000 0.584926 
-8.666585 0.006665 523.000000 183.000000 0.611953 
1.666751 0.008733 575.000000 190.000000 0.647206 
6.666754 0.005716 620.000000 200.000000 0.660383 
9.333419 0.003792 679.000000 217.000000 0.663842 
6.333419 0.001035 733.000000 238.000000 0.652024 
-6.666579 -0.008552 775.000000 265.000000 0.612551 
2.000092 0.002028 846.000000 280.000000 0.644303 
-6.333241 -0.004922 896.000000 305.000000 0.619696 
-16.999897 -0.008365 945.000000 332.000000 0.595258 
-7.999910 0.002966 1011.000000 345.000000 0.631922 
-2.333238 0.004164 1064.000000 357.000000 0.650552 
0.000095 0.003765 1125.000000 375.000000 0.656423 
-2.999906 -0.000264 1167.000000 392.000000 0.645349 
-3.666572 0.000131 1219.000000 410.000000 0.643467 
-6.999897 -0.001883 1272.000000 431.000000 0.634113 
-6.999891 -0.001063 1314.000000 445.000000 0.635217 
0.333446 0.005006 1369.000000 456.000000 0.658547 
2.333445 0.002249 1420.000000 471.000000 0.659939 
6.000114 0.002289 1470.000000 484.000000 0.665917 
-2.666553 -0.007113 1513.000000 507.000000 0.633376 
-7.999884 -0.005543 1560.000000 528.000000 0.620594 
-2.999884 0.000227 1611.000000 540.000000 0.638278 
-3.666551 -0.001229 1666.000000 559.000000 0.636314 
9.333448 0.008199 1720.000000 564.000000 0.676379 
16.666769 0.007717 1769.000000 573.000000 0.692202 
22.666805 0.006206 1826.000000 586.000000 0.698360 
32.333504 0.008140 1882.000000 595.000000 0.715265 
33.666809 0.003772 1928.000000 609.000000 0.705556 
39.333389 0.004998 1996.000000 626.000000 0.705641 
50.666660 0.008425 2045.000000 631.000000 0.728791 
62.666595 0.009650 2096.000000 636.000000 0.749197 
64.333290 0.004169 2140.000000 649.000000 0.734463 
78.666779 0.010644 2201.000000 655.000000 0.758432 
84.333572 0.008045 2251.000000 666.000000 0.754286 
99.667068 0.012277 2315.000000 672.000000 0.775722 
115.333885 0.013232 2374.000000 676.000000 0.796570 
126.334023 0.012350 2428.000000 683.000000 0.801622 
137.333832 0.010934 2476.000000 688.000000 0.809090 
151.666840 0.011244 2540.000000 695.000000 0.815035 
156.999908 0.007558 2592.000000 707.000000 0.797148 
163.666245 0.007350 2657.000000 722.000000 0.780024 
175.332642 0.009599 2710.000000 728.000000 0.790060 
188.999008 0.012449 2769.000000 734.000000 0.802901 
204.332031 0.014517 2830.000000 739.000000 0.817124 
215.998413 0.012539 2886.000000 746.000000 0.818872 
227.998123 0.012032 2943.000000 753.000000 0.820519 
235.664505 0.009930 2999.000000 764.000000 0.807739 
251.997528 0.014624 3060.000000 768.000000 0.825878 
266.331329 0.013275 3130.000000 777.000000 0.823950 
274.998474 0.010910 3177.000000 784.000000 0.821089 
288.332428 0.012064 3238.000000 791.000000 0.824439 
303.666351 0.014337 3296.000000 795.000000 0.837119 
315.666870 0.013077 3347.000000 800.000000 0.841208 
333.000916 0.014734 3417.000000 806.000000 0.847994 
344.668152 0.012560 3473.000000 813.000000 0.844117 
362.002197 0.015314 3543.000000 819.000000 0.850138 
376.669556 0.014608 3611.000000 827.000000 0.847449 
386.670135 0.010557 3668.000000 836.000000 0.835222 
400.004181 0.013325 3738.000000 846.000000 0.830403 
406.338043 0.008107 3790.000000 857.000000 0.812285 
422.005341 0.013635 3852.000000 862.000000 0.826329 
431.672424 0.011022 3893.000000 866.000000 0.830381 
442.339630 0.009883 3946.000000 873.000000 0.827477 
452.340179 0.011039 4000.000000 881.000000 0.823994 
465.340698 0.012059 4051.000000 885.000000 0.833502 
479.674683 0.012672 4115.000000 892.000000 0.834817 
499.342041 0.017617 4183.000000 895.000000 0.854000 
514.675415 0.015437 4250.000000 902.000000 0.853123 
529.007629 0.014740 4305.000000 906.000000 0.859424 
545.672729 0.016664 4382.000000 915.000000 0.854592 
555.671692 0.013565 4433.000000 922.000000 0.848253 
571.003784 0.014394 4494.000000 927.000000 0.854558 
590.335632 0.016776 4567.000000 932.000000 0.863621 
600.667725 0.013013 4628.000000 942.000000 0.847702 
617.332947 0.015538 4699.000000 949.000000 0.850883 
625.998718 0.011981 4743.000000 955.000000 0.846204 
637.664246 0.011613 4799.000000 962.000000 0.842972 
650.663086 0.012832 4856.000000 968.000000 0.844742 
663.662109 0.012122 4904.000000 971.000000 0.853204 
669.994446 0.007869 4953.000000 981.000000 0.833301 
683.660034 0.011384 5006.000000 985.000000 0.842166 
692.325500 0.009723 5065.000000 996.000000 0.825896 
700.991150 0.008530 5115.000000 1004.000000 0.819215 
709.990051 0.009860 5169.000000 1013.000000 0.813312 
718.655518 0.008166 5228.000000 1024.000000 0.801661 
730.654419 0.010713 5282.000000 1030.000000 0.809051 
742.319885 0.011062 5341.000000 1038.000000 0.810381 
756.985352 0.012842 5400.000000 1043.000000 0.822000 
769.984192 0.012200 5457.000000 1049.000000 0.826815 
778.983032 0.010584 5514.000000 1059.000000 0.817064 
793.648193 0.012999 5588.000000 1069.000000 0.816419 
808.313477 0.013353 5656.000000 1077.000000 0.820067 
818.979126 0.012680 5706.000000 1083.000000 0.823129 
823.644531 0.006833 5768.000000 1099.000000 0.792968 
837.643433 0.011233 5822.000000 1103.000000 0.809370 
849.309143 0.011394 5869.000000 1107.000000 0.818863 
864.308044 0.013780 5923.000000 1110.000000 0.834660 
881.639954 0.015710 5993.000000 1116.000000 0.842966 
897.305298 0.016230 6058.000000 1122.000000 0.848099 
905.304260 0.011660 6109.000000 1131.000000 0.835328 
916.302979 0.012240 6172.000000 1141.000000 0.827196 
921.968567 0.007531 6225.000000 1153.000000 0.806261 
933.633972 0.010509 6287.000000 1162.000000 0.806666 
946.632812 0.012992 6344.000000 1168.000000 0.815226 
961.631775 0.014638 6395.000000 1170.000000 0.834118 
966.630615 0.009720 6452.000000 1184.000000 0.808470 
981.962585 0.013304 6519.000000 1191.000000 0.817174 
997.961182 0.015163 6588.000000 1198.000000 0.826138 
1019.293152 0.019409 6655.000000 1199.000000 0.854286 
1040.628174 0.020985 6725.000000 1201.000000 0.874645 
1050.963501 0.014311 6774.000000 1207.000000 0.867643 
1063.965576 0.013394 6825.000000 1211.000000 0.869953 
1078.967896 0.015165 6882.000000 1215.000000 0.875387 
1094.970459 0.016273 6945.000000 1220.000000 0.877111 
1108.306274 0.014309 7006.000000 1227.000000 0.869810 
1127.642334 0.016852 7073.000000 1230.000000 0.881568 
1145.978149 0.017712 7134.000000 1232.000000 0.892715 
1163.314209 0.017042 7201.000000 1237.000000 0.891481 
1176.649780 0.013970 7256.000000 1242.000000 0.887153 
1192.985352 0.015676 7311.000000 1244.000000 0.896370 
1207.654419 0.015411 7370.000000 1249.000000 0.892924 
1218.323486 0.011494 7429.000000 1258.000000 0.873217 
1232.325684 0.013027 7483.000000 1262.000000 0.876233 
1241.661499 0.010232 7544.000000 1273.000000 0.852816 
1254.664185 0.012808 7610.000000 1282.000000 0.845430 
1271.333252 0.015148 7669.000000 1285.000000 0.859119 
1283.002075 0.013070 7722.000000 1291.000000 0.856395 
1293.337891 0.011716 7783.000000 1301.000000 0.841973 
1313.674072 0.017821 7853.000000 1304.000000 0.860321 
1320.675903 0.011646 7898.000000 1312.000000 0.846756 
1336.011841 0.013486 7962.000000 1318.000000 0.849838 
1354.347656 0.017401 8023.000000 1320.000000 0.867763 
1366.350098 0.014520 8083.000000 1328.000000 0.857766 
1377.352417 0.012237 8140.000000 1336.000000 0.848448 
1395.688721 0.015246 8213.000000 1342.000000 0.854487 
1408.691162 0.013554 8273.000000 1349.000000 0.850727 
1424.360474 0.014842 8338.000000 1355.000000 0.854748 
1442.363037 0.016602 8401.000000 1358.000000 0.867896 
1456.365356 0.014405 8458.000000 1363.000000 0.868050 
1473.034058 0.016316 8508.000000 1363.000000 0.886455 
1489.369751 0.016640 8566.000000 1366.000000 0.892338 
1506.038818 0.016247 8625.000000 1369.000000 0.898011 
1524.041748 0.017163 8697.000000 1375.000000 0.893306 
1538.711182 0.014950 8765.000000 1383.000000 0.880100 
1553.380127 0.014437 8821.000000 1387.000000 0.882039 
1570.382446 0.016139 8878.000000 1389.000000 0.892560 
1590.052124 0.018844 8952.000000 1394.000000 0.894087 
1603.387573 0.015593 9004.000000 1398.000000 0.892658 
1618.056641 0.015046 9063.000000 1403.000000 0.889621 
1636.058960 0.017145 9120.000000 1404.000000 0.902765 
1641.394531 0.009592 9175.000000 1417.000000 0.864225 
1663.064087 0.016503 9246.000000 1419.000000 0.882085 
1676.066528 0.014089 9306.000000 1426.000000 0.873657 
1689.068970 0.012782 9366.000000 1433.000000 0.865800 
1702.404541 0.012540 9421.000000 1438.000000 0.865338 
1713.406738 0.011788 9475.000000 1445.000000 0.857506 
1726.742554 0.012498 9536.000000 1452.000000 0.853688 
1738.078003 0.011418 9588.000000 1458.000000 0.850935 
1749.747314 0.011360 9653.000000 1468.000000 0.838584 
1764.749512 0.013517 9707.000000 1471.000000 0.851021 
1782.085327 0.016258 9768.000000 1474.000000 0.864249 
1798.088135 0.017503 9837.000000 1481.000000 0.863634 
1814.090576 0.016425 9897.000000 1485.000000 0.869792 
1823.426270 0.012877 9955.000000 1495.000000 0.852194 
1838.428833 0.014841 10018.000000 1501.000000 0.854606 
1855.431519 0.015780 10084.000000 1506.000000 0.861048 
1870.433838 0.015124 10141.000000 1510.000000 0.866690 
1886.436401 0.016027 10204.000000 1515.000000 0.870200 
1897.772217 0.013611 10265.000000 1524.000000 0.857013 
1909.441284 0.011757 10324.000000 1532.000000 0.848272 
1923.776978 0.013784 10382.000000 1537.000000 0.853657 
1939.112671 0.015540 10440.000000 1541.000000 0.861399 
1959.448853 0.018656 10510.000000 1544.000000 0.875572 
1975.784668 0.016769 10571.000000 1548.000000 0.880144 
1986.453613 0.012606 10627.000000 1556.000000 0.866336 
2003.122803 0.015572 10689.000000 1560.000000 0.873567 
2016.125000 0.012770 10743.000000 1565.000000 0.871334 
2028.127319 0.012406 10800.000000 1572.000000 0.863810 
2041.795898 0.013136 10847.000000 1574.000000 0.873725 
2065.125977 0.019207 10920.000000 1575.000000 0.894988 
2083.120605 0.019803 10986.000000 1579.000000 0.898360 
2097.449219 0.015386 11044.000000 1584.000000 0.893326 
2107.778320 0.011777 11096.000000 1591.000000 0.879366 
2128.104492 0.017171 11184.000000 1600.000000 0.872745 
2142.433594 0.014713 11236.000000 1603.000000 0.878579 
2155.428711 0.014044 11296.000000 1610.000000 0.871216 
2170.090576 0.014661 11355.000000 1615.000000 0.871957 
2183.086182 0.013118 11409.000000 1620.000000 0.870887 
