0.000000 0.000000 0.000000 0.000000 0.000000 
-10.666669 -0.005217 34.000000 22.000000 0.093262 
-22.333332 -0.008519 74.000000 47.000000 0.179872 
-37.333340 -0.011671 119.000000 77.000000 0.253795 
-57.000050 -0.015653 153.000000 108.000000 0.287607 
-65.333397 -0.011061 188.000000 128.000000 0.329185 
-71.333282 -0.006657 233.000000 149.000000 0.380470 
-92.333199 -0.013522 266.000000 181.000000 0.383009 
-110.666443 -0.015739 301.000000 211.000000 0.390104 
-119.332993 -0.010433 347.000000 235.000000 0.423794 
-131.332916 -0.012104 389.000000 261.000000 0.438283 
-153.999771 -0.018448 426.000000 296.000000 0.425660 
-173.666626 -0.018249 463.000000 328.000000 0.422659 
-181.666763 -0.012115 490.000000 345.000000 0.432070 
-200.666916 -0.016463 520.000000 374.000000 0.421205 
-219.000443 -0.018638 558.000000 405.000000 0.420579 
-228.000641 -0.013027 597.000000 427.000000 0.439407 
-250.667465 -0.019543 628.000000 460.000000 0.420860 
-265.000702 -0.017843 678.000000 491.000000 0.438361 
-278.333618 -0.015317 719.000000 518.000000 0.447184 
-296.333252 -0.018601 755.000000 548.000000 0.438968 
-308.999542 -0.015768 792.000000 573.000000 0.444626 
-322.999207 -0.014720 825.000000 598.000000 0.443923 
-331.998779 -0.011062 867.000000 621.000000 0.461177 
-353.664948 -0.019097 916.000000 659.000000 0.452816 
-363.331207 -0.011962 956.000000 682.000000 0.465875 
-379.664185 -0.015298 991.000000 710.000000 0.456818 
-402.663727 -0.021192 1036.000000 748.000000 0.443947 
-417.330078 -0.016704 1067.000000 773.000000 0.440800 
-444.663055 -0.023127 1102.000000 812.000000 0.417636 
-463.995941 -0.021645 1146.000000 846.000000 0.420681 
-480.662140 -0.016713 1192.000000 878.000000 0.433245 
-499.328522 -0.016287 1220.000000 906.000000 0.422926 
-512.994751 -0.015591 1266.000000 935.000000 0.438150 
-526.995544 -0.014961 1308.000000 963.000000 0.446046 
-543.662903 -0.015184 1342.000000 991.000000 0.441392 
-561.996948 -0.016993 1377.000000 1021.000000 0.434995 
-589.330872 -0.025256 1406.000000 1058.000000 0.406362 
-610.665100 -0.024301 1450.000000 1094.000000 0.408783 
-624.332520 -0.015092 1487.000000 1120.000000 0.422022 
-642.999878 -0.017681 1521.000000 1150.000000 0.417687 
-657.334045 -0.014656 1562.000000 1178.000000 0.429954 
-672.001526 -0.013667 1602.000000 1206.000000 0.438345 
-683.002380 -0.011991 1644.000000 1231.000000 0.452194 
-696.336487 -0.013573 1682.000000 1257.000000 0.454353 
-714.337219 -0.017394 1718.000000 1287.000000 0.445439 
-730.004822 -0.017492 1764.000000 1318.000000 0.450277 
-742.338989 -0.014224 1805.000000 1344.000000 0.458458 
-749.006470 -0.008824 1845.000000 1364.000000 0.475834 
-759.340515 -0.009941 1880.000000 1386.000000 0.477883 
-775.674805 -0.013206 1927.000000 1418.000000 0.475355 
-805.675415 -0.022774 1957.000000 1458.000000 0.433823 
-824.342651 -0.020562 1985.000000 1486.000000 0.421788 
-845.010132 -0.020618 2025.000000 1520.000000 0.418637 
-864.677429 -0.020449 2056.000000 1550.000000 0.409941 
-885.345032 -0.023109 2102.000000 1586.000000 0.413794 
-906.345642 -0.021236 2132.000000 1617.000000 0.403886 
-928.346436 -0.021425 2171.000000 1652.000000 0.403382 
-952.013855 -0.024576 2208.000000 1688.000000 0.395706 
-975.014587 -0.025134 2244.000000 1723.000000 0.391069 
-988.348877 -0.017145 2291.000000 1752.000000 0.417082 
-996.016357 -0.012124 2331.000000 1773.000000 0.439787 
-1012.683716 -0.014643 2365.000000 1801.000000 0.435962 
-1032.683105 -0.016057 2407.000000 1835.000000 0.435010 
-1039.681641 -0.010371 2443.000000 1854.000000 0.452650 
-1051.013306 -0.010657 2484.000000 1879.000000 0.462564 
-1058.345093 -0.007650 2522.000000 1899.000000 0.476635 
-1074.010620 -0.012777 2550.000000 1924.000000 0.462929 
-1083.675537 -0.009765 2593.000000 1948.000000 0.475951 
-1100.007446 -0.014703 2628.000000 1976.000000 0.464127 
-1114.672363 -0.015785 2671.000000 2005.000000 0.464169 
-1131.670532 -0.017036 2716.000000 2037.000000 0.461675 
-1153.335693 -0.017533 2753.000000 2071.000000 0.447925 
-1175.000610 -0.021101 2796.000000 2107.000000 0.438965 
-1194.999390 -0.024611 2826.000000 2137.000000 0.422421 
-1204.664429 -0.013643 2866.000000 2160.000000 0.442643 
-1217.329346 -0.013316 2909.000000 2187.000000 0.453282 
-1227.994751 -0.010309 2940.000000 2208.000000 0.457160 
-1242.326538 -0.013125 2978.000000 2235.000000 0.457422 
-1265.324829 -0.018213 3020.000000 2272.000000 0.444931 
-1281.323120 -0.014245 3062.000000 2302.000000 0.450482 
-1312.655029 -0.025209 3097.000000 2345.000000 0.416569 
-1322.987061 -0.015930 3129.000000 2366.000000 0.427473 
-1344.652466 -0.020316 3160.000000 2398.000000 0.413152 
-1356.317383 -0.014366 3203.000000 2424.000000 0.433052 
-1365.316040 -0.010998 3236.000000 2444.000000 0.444615 
-1376.647949 -0.011013 3271.000000 2467.000000 0.451584 
-1395.312866 -0.016055 3314.000000 2500.000000 0.448762 
-1406.978149 -0.013651 3348.000000 2523.000000 0.452852 
-1426.643433 -0.017579 3382.000000 2554.000000 0.439712 
-1437.308472 -0.013109 3422.000000 2578.000000 0.452589 
-1451.640015 -0.012925 3466.000000 2607.000000 0.459311 
-1473.305054 -0.019803 3506.000000 2642.000000 0.445078 
-1490.303833 -0.018856 3536.000000 2669.000000 0.434806 
-1508.302246 -0.018431 3575.000000 2700.000000 0.433756 
-1530.300781 -0.019704 3611.000000 2734.000000 0.423793 
-1537.966187 -0.013693 3642.000000 2752.000000 0.436581 
-1550.298340 -0.013759 3671.000000 2774.000000 0.436826 
-1559.630127 -0.009755 3709.000000 2796.000000 0.452200 
-1577.961914 -0.015349 3747.000000 2827.000000 0.445724 
-1590.293457 -0.014436 3791.000000 2854.000000 0.456347 
0.000000 0.000000 0.000000 0.000000 0.000000 
-7.666669 -0.004294 49.000000 24.000000 0.129186 
-9.333347 -0.002482 92.000000 40.000000 0.221630 
-17.000015 -0.005396 135.000000 62.000000 0.289647 
-19.333321 -0.002514 191.000000 83.000000 0.368946 
-24.666620 -0.004650 244.000000 106.000000 0.418814 
-37.666637 -0.009716 286.000000 133.000000 0.433324 
-44.000019 -0.006920 324.000000 152.000000 0.455083 
-46.333412 -0.003699 371.000000 170.000000 0.487437 
-37.333496 0.004976 437.000000 183.000000 0.549589 
-50.333542 -0.004779 473.000000 208.000000 0.533479 
-55.000259 -0.005623 513.000000 226.000000 0.539708 
-47.333679 0.002351 581.000000 241.000000 0.585753 
-42.333736 0.003782 626.000000 251.000000 0.609826 
-37.333805 0.004309 680.000000 264.000000 0.630691 
-31.000532 0.005538 732.000000 275.000000 0.651129 
-38.667206 -0.003551 775.000000 297.000000 0.626190 
-34.667286 0.000993 838.000000 314.000000 0.641236 
-32.000687 0.002457 894.000000 330.000000 0.649501 
-29.667364 0.002930 952.000000 347.000000 0.655304 
-24.333992 0.004048 1013.000000 362.000000 0.667042 
-20.333960 0.003902 1064.000000 375.000000 0.673645 
-23.333927 -0.000559 1115.000000 395.000000 0.657887 
-23.000563 -0.000477 1164.000000 411.000000 0.655148 
-9.667221 0.007882 1228.000000 419.000000 0.690274 
-7.667227 0.003852 1282.000000 435.000000 0.685318 
-11.333899 -0.001114 1334.000000 456.000000 0.664634 
-18.000572 -0.006177 1386.000000 480.000000 0.638853 
-7.667241 0.004460 1447.000000 490.000000 0.669679 
-7.667245 0.001936 1501.000000 508.000000 0.663874 
-1.667245 0.005304 1561.000000 522.000000 0.677182 
1.666090 0.004712 1613.000000 536.000000 0.680290 
7.332756 0.005419 1675.000000 551.000000 0.687848 
6.332755 0.000904 1714.000000 565.000000 0.676715 
15.332746 0.006660 1768.000000 574.000000 0.697348 
23.666109 0.006967 1823.000000 584.000000 0.709970 
29.332811 0.004863 1882.000000 598.000000 0.709939 
33.332794 0.003846 1927.000000 609.000000 0.709598 
33.332726 0.001041 1981.000000 627.000000 0.694162 
41.665985 0.005360 2039.000000 638.000000 0.707148 
50.332592 0.007326 2086.000000 645.000000 0.722161 
62.999191 0.011101 2139.000000 650.000000 0.747168 
78.999329 0.014020 2199.000000 654.000000 0.774644 
93.332817 0.013961 2260.000000 660.000000 0.790919 
107.666298 0.014363 2318.000000 665.000000 0.806106 
122.999786 0.013819 2379.000000 670.000000 0.818917 
138.666290 0.014691 2438.000000 674.000000 0.832737 
150.666016 0.013974 2492.000000 680.000000 0.835074 
165.332352 0.015084 2557.000000 687.000000 0.839025 
177.998672 0.013558 2625.000000 697.000000 0.830695 
192.331711 0.013554 2683.000000 702.000000 0.838293 
202.664749 0.011105 2741.000000 711.000000 0.829291 
213.331085 0.011202 2806.000000 722.000000 0.818545 
228.664062 0.013869 2876.000000 730.000000 0.823676 
240.330414 0.013055 2938.000000 739.000000 0.820197 
255.996750 0.014479 3003.000000 745.000000 0.829273 
267.997375 0.013325 3066.000000 754.000000 0.825497 
283.331482 0.014215 3142.000000 764.000000 0.823679 
300.998810 0.016598 3207.000000 768.000000 0.840341 
318.666199 0.018633 3278.000000 774.000000 0.849071 
331.666748 0.015315 3332.000000 779.000000 0.851967 
343.334045 0.012352 3394.000000 788.000000 0.841604 
357.334686 0.013220 3457.000000 795.000000 0.842200 
368.001953 0.011053 3516.000000 804.000000 0.832474 
379.002625 0.010214 3582.000000 815.000000 0.820944 
390.669861 0.010215 3638.000000 822.000000 0.821104 
405.337097 0.012556 3694.000000 826.000000 0.833441 
421.004425 0.013200 3759.000000 832.000000 0.838765 
429.004974 0.009798 3813.000000 842.000000 0.824347 
446.339020 0.014543 3883.000000 848.000000 0.835460 
463.339630 0.016185 3943.000000 851.000000 0.851679 
478.340210 0.015397 4000.000000 855.000000 0.859541 
487.674164 0.012088 4061.000000 866.000000 0.840526 
504.341522 0.014606 4129.000000 872.000000 0.847054 
515.008057 0.011310 4182.000000 879.000000 0.841518 
515.341064 0.006414 4234.000000 896.000000 0.802014 
529.006531 0.011215 4293.000000 902.000000 0.812530 
540.338623 0.011621 4354.000000 911.000000 0.810699 
550.670776 0.011000 4412.000000 920.000000 0.808084 
569.002808 0.015230 4476.000000 923.000000 0.830563 
584.668213 0.015666 4538.000000 928.000000 0.840093 
600.666992 0.015654 4598.000000 932.000000 0.850675 
615.665771 0.015955 4658.000000 937.000000 0.856190 
631.331116 0.015260 4723.000000 943.000000 0.857904 
647.663086 0.015903 4790.000000 949.000000 0.860826 
658.661682 0.014104 4859.000000 961.000000 0.842226 
673.327271 0.015069 4912.000000 964.000000 0.854355 
691.659180 0.016377 4982.000000 969.000000 0.861798 
708.657898 0.017388 5045.000000 973.000000 0.870957 
723.323181 0.015494 5113.000000 981.000000 0.862954 
741.321899 0.016652 5176.000000 984.000000 0.874413 
753.987366 0.014547 5235.000000 991.000000 0.867011 
765.319763 0.012213 5281.000000 995.000000 0.867976 
785.651733 0.017396 5348.000000 997.000000 0.884266 
798.317078 0.014053 5413.000000 1006.000000 0.868710 
815.649170 0.016896 5474.000000 1009.000000 0.879218 
833.647644 0.016951 5549.000000 1016.000000 0.875755 
853.646362 0.019521 5612.000000 1017.000000 0.893301 
856.978516 0.010189 5670.000000 1033.000000 0.847122 
871.643982 0.013739 5729.000000 1038.000000 0.852893 
887.642700 0.015920 5792.000000 1043.000000 0.859252 
908.641235 0.020028 5864.000000 1046.000000 0.874848 
922.640015 0.016662 5924.000000 1052.000000 0.871199 
941.638550 0.017588 5996.000000 1057.000000 0.876056 
953.637085 0.012332 6068.000000 1069.000000 0.851195 
968.969299 0.014722 6123.000000 1072.000000 0.862024 
981.968201 0.014973 6177.000000 1077.000000 0.863558 
996.967102 0.014397 6231.000000 1080.000000 0.871615 
1012.632507 0.015958 6293.000000 1085.000000 0.874347 
1027.631958 0.015082 6350.000000 1089.000000 0.878070 
1045.301514 0.016861 6421.000000 1095.000000 0.877327 
1064.971069 0.019065 6492.000000 1099.000000 0.884846 
1078.306885 0.015324 6553.000000 1106.000000 0.875922 
1088.642334 0.011981 6605.000000 1113.000000 0.865625 
1102.644897 0.012720 6668.000000 1120.000000 0.860659 
1119.647217 0.015530 6725.000000 1122.000000 0.874365 
1135.650024 0.016005 6794.000000 1129.000000 0.870586 
1152.986084 0.016453 6861.000000 1134.000000 0.873906 
1169.321777 0.017001 6919.000000 1137.000000 0.882237 
1182.657471 0.013841 6977.000000 1143.000000 0.876118 
1193.993408 0.011374 7041.000000 1153.000000 0.857144 
1210.329468 0.014441 7108.000000 1159.000000 0.859871 
1231.998901 0.018502 7176.000000 1160.000000 0.881955 
1241.668091 0.012680 7238.000000 1171.000000 0.857960 
1251.337036 0.009541 7294.000000 1180.000000 0.843646 
1268.006348 0.013532 7359.000000 1185.000000 0.851535 
1279.675171 0.013176 7412.000000 1191.000000 0.850561 
1291.344116 0.013083 7468.000000 1198.000000 0.847135 
1306.013306 0.014443 7530.000000 1204.000000 0.850753 
1320.015869 0.013753 7593.000000 1211.000000 0.848788 
1337.018066 0.015449 7647.000000 1212.000000 0.867522 
1351.353638 0.015387 7702.000000 1216.000000 0.872217 
1365.356323 0.014976 7768.000000 1224.000000 0.864219 
1381.358643 0.015017 7825.000000 1227.000000 0.873371 
1392.694214 0.013166 7880.000000 1234.000000 0.865255 
1400.029785 0.009944 7935.000000 1245.000000 0.843261 
1416.365967 0.013338 8005.000000 1252.000000 0.845977 
1431.701660 0.014786 8063.000000 1256.000000 0.854872 
1441.703979 0.012105 8120.000000 1265.000000 0.843196 
1451.706665 0.010968 8186.000000 1277.000000 0.825814 
1465.375366 0.012218 8236.000000 1280.000000 0.838171 
1478.044434 0.012593 8295.000000 1287.000000 0.837475 
1493.713989 0.015376 8366.000000 1295.000000 0.838730 
1512.050171 0.017601 8436.000000 1300.000000 0.850340 
1524.719238 0.014708 8495.000000 1307.000000 0.847561 
1540.721802 0.015712 8558.000000 1312.000000 0.854604 
1559.057861 0.018314 8625.000000 1316.000000 0.865977 
1573.060303 0.016052 8685.000000 1322.000000 0.864483 
1587.729492 0.015499 8747.000000 1328.000000 0.863495 
1599.731689 0.012511 8801.000000 1334.000000 0.858756 
1616.067505 0.013943 8862.000000 1338.000000 0.866430 
1629.736694 0.013998 8924.000000 1345.000000 0.861579 
1643.739624 0.013815 8996.000000 1355.000000 0.849713 
1651.741943 0.010342 9053.000000 1366.000000 0.830860 
1664.410522 0.011429 9100.000000 1369.000000 0.841226 
1674.079346 0.009004 9153.000000 1377.000000 0.832282 
1683.748047 0.009566 9203.000000 1384.000000 0.828697 
1698.083862 0.012972 9264.000000 1390.000000 0.835151 
1711.086182 0.013724 9321.000000 1396.000000 0.838397 
1729.088867 0.016369 9387.000000 1400.000000 0.852288 
1748.091553 0.018158 9453.000000 1403.000000 0.866890 
1762.760986 0.017005 9521.000000 1411.000000 0.861525 
1775.430298 0.014773 9586.000000 1420.000000 0.851396 
1788.099487 0.013743 9648.000000 1428.000000 0.845981 
1801.435059 0.013347 9703.000000 1433.000000 0.849777 
1815.104248 0.014008 9765.000000 1440.000000 0.848973 
1827.439819 0.013562 9820.000000 1446.000000 0.848916 
1841.775513 0.014313 9878.000000 1451.000000 0.853587 
1858.111328 0.014756 9939.000000 1455.000000 0.861569 
1873.114258 0.014648 10011.000000 1464.000000 0.853431 
1885.116577 0.012981 10068.000000 1471.000000 0.848863 
1898.452637 0.013672 10135.000000 1480.000000 0.842276 
1912.121948 0.013214 10200.000000 1488.000000 0.839770 
1926.124512 0.014796 10263.000000 1495.000000 0.841444 
1945.127441 0.018330 10335.000000 1500.000000 0.853806 
1958.463135 0.015310 10393.000000 1506.000000 0.854110 
1970.131958 0.013028 10446.000000 1512.000000 0.851873 
1982.467773 0.012462 10507.000000 1520.000000 0.845522 
1998.803711 0.015495 10571.000000 1525.000000 0.853768 
2012.472534 0.014683 10624.000000 1529.000000 0.859744 
2024.475098 0.013188 10687.000000 1538.000000 0.849421 
2033.144409 0.010539 10752.000000 1551.000000 0.827061 
2044.813110 0.011684 10802.000000 1556.000000 0.831773 
2063.809326 0.015967 10868.000000 1559.000000 0.851006 
2080.804199 0.015940 10931.000000 1563.000000 0.860607 
2095.133057 0.015181 10986.000000 1567.000000 0.866112 
2112.461182 0.016286 11050.000000 1571.000000 0.873612 
2125.123779 0.013787 11100.000000 1575.000000 0.875076 
2145.451904 0.017626 11164.000000 1576.000000 0.892997 
2167.113037 0.020196 11232.000000 1577.000000 0.908251 
2178.441162 0.014621 11296.000000 1587.000000 0.883379 
2195.769531 0.016217 11357.000000 1590.000000 0.891328 
2211.098145 0.015889 11415.000000 1594.000000 0.892530 
2223.093750 0.013391 11469.000000 1600.000000 0.883858 
2233.755371 0.010306 11531.000000 1610.000000 0.862265 
2244.084229 0.009651 11586.000000 1618.000000 0.850825 
2256.413086 0.011763 11641.000000 1624.000000 0.850149 
2271.740967 0.014259 11708.000000 1631.000000 0.850623 
2286.736328 0.014671 11765.000000 1635.000000 0.858101 
