0.000000 0.000000 0.000000 0.000000 0.000000 
-10.333337 -0.007397 44.000000 25.000000 0.115949 
-9.666675 -0.003817 85.000000 38.000000 0.207020 
-15.666684 -0.006637 136.000000 61.000000 0.291017 
-29.666660 -0.010820 181.000000 90.000000 0.337825 
-34.000008 -0.006322 222.000000 108.000000 0.383920 
-44.333393 -0.009406 263.000000 132.000000 0.409978 
-48.666790 -0.006424 313.000000 153.000000 0.449814 
-51.000187 -0.004915 363.000000 172.000000 0.483967 
-61.333580 -0.009093 410.000000 198.000000 0.491442 
-69.333572 -0.009657 455.000000 221.000000 0.500460 
-70.333435 -0.003782 509.000000 240.000000 0.530373 
-73.666664 -0.001986 550.000000 257.000000 0.543379 
-83.666573 -0.007232 586.000000 279.000000 0.533703 
-87.666466 -0.005017 628.000000 297.000000 0.543373 
-94.333015 -0.005259 674.000000 319.000000 0.546693 
-107.332909 -0.009897 716.000000 346.000000 0.532082 
-110.999435 -0.005993 771.000000 368.000000 0.548441 
-130.666046 -0.014221 802.000000 398.000000 0.511559 
-134.666245 -0.007770 841.000000 415.000000 0.523893 
-141.666504 -0.007317 892.000000 439.000000 0.532533 
-156.000092 -0.012709 942.000000 470.000000 0.520858 
-160.666977 -0.007796 985.000000 489.000000 0.531790 
-175.667175 -0.013904 1024.000000 517.000000 0.513065 
-183.334076 -0.009253 1070.000000 540.000000 0.521040 
-191.334320 -0.008527 1118.000000 564.000000 0.526222 
-206.667831 -0.011902 1153.000000 591.000000 0.508405 
-220.668045 -0.015051 1195.000000 619.000000 0.498916 
-238.001556 -0.016131 1230.000000 648.000000 0.481590 
-250.335098 -0.011598 1271.000000 674.000000 0.484773 
-269.334839 -0.016671 1304.000000 704.000000 0.465230 
-283.667816 -0.014489 1339.000000 730.000000 0.461715 
-296.333984 -0.013316 1388.000000 759.000000 0.471756 
-303.000183 -0.008864 1434.000000 781.000000 0.490623 
-315.333099 -0.011023 1475.000000 807.000000 0.490086 
-319.665985 -0.006816 1519.000000 826.000000 0.508599 
-335.999023 -0.012287 1548.000000 852.000000 0.488103 
-352.332001 -0.014386 1583.000000 880.000000 0.475922 
-360.331604 -0.008896 1622.000000 901.000000 0.487289 
-377.997925 -0.015698 1656.000000 930.000000 0.469244 
-388.664062 -0.015246 1708.000000 958.000000 0.480568 
-400.663666 -0.013626 1747.000000 983.000000 0.480576 
-413.663269 -0.014298 1786.000000 1009.000000 0.477775 
-416.996094 -0.006150 1836.000000 1029.000000 0.506201 
-422.328949 -0.007176 1883.000000 1050.000000 0.519291 
-430.328522 -0.006294 1925.000000 1072.000000 0.523661 
-444.328094 -0.012804 1967.000000 1100.000000 0.510280 
-452.994354 -0.009399 2007.000000 1122.000000 0.513180 
-463.327240 -0.010872 2051.000000 1147.000000 0.511806 
-472.659973 -0.010354 2110.000000 1176.000000 0.521175 
-475.659607 -0.006210 2146.000000 1191.000000 0.532185 
-489.992493 -0.011178 2190.000000 1220.000000 0.518632 
-497.992004 -0.007911 2238.000000 1244.000000 0.525907 
-516.325256 -0.013684 2273.000000 1274.000000 0.501100 
-537.992554 -0.019294 2304.000000 1306.000000 0.470534 
-545.993408 -0.011637 2346.000000 1328.000000 0.484372 
-563.660767 -0.014684 2380.000000 1357.000000 0.469314 
-569.995056 -0.009431 2427.000000 1379.000000 0.488987 
-574.996155 -0.007592 2481.000000 1402.000000 0.511120 
-593.663635 -0.014563 2521.000000 1434.000000 0.490438 
-602.331238 -0.011567 2567.000000 1458.000000 0.499633 
-607.999207 -0.008943 2631.000000 1485.000000 0.522425 
-610.333740 -0.005297 2690.000000 1507.000000 0.545069 
-625.001099 -0.010897 2724.000000 1533.000000 0.523813 
-628.335388 -0.005074 2771.000000 1552.000000 0.540349 
-633.336487 -0.005756 2825.000000 1575.000000 0.550220 
-637.337402 -0.005055 2870.000000 1594.000000 0.557293 
-639.005249 -0.002675 2928.000000 1615.000000 0.573869 
-650.672852 -0.007610 2974.000000 1642.000000 0.558161 
-661.340149 -0.009221 3005.000000 1663.000000 0.542435 
-671.674377 -0.011395 3049.000000 1688.000000 0.534032 
-677.341858 -0.007601 3089.000000 1707.000000 0.538562 
-691.676086 -0.011497 3133.000000 1736.000000 0.523856 
-700.343567 -0.009133 3173.000000 1758.000000 0.523753 
-719.677795 -0.016015 3217.000000 1792.000000 0.501267 
-722.678711 -0.007948 3262.000000 1810.000000 0.520891 
-730.012939 -0.007720 3306.000000 1832.000000 0.525582 
-739.013733 -0.007940 3345.000000 1854.000000 0.524202 
-750.347961 -0.008724 3389.000000 1880.000000 0.521407 
-755.682251 -0.005388 3436.000000 1901.000000 0.533967 
-762.683105 -0.006288 3478.000000 1922.000000 0.536435 
-770.350586 -0.005664 3518.000000 1943.000000 0.537245 
-784.018127 -0.011403 3561.000000 1971.000000 0.523899 
-786.685669 -0.004787 3604.000000 1988.000000 0.540373 
-796.686401 -0.008595 3640.000000 2010.000000 0.531375 
-804.354065 -0.008922 3689.000000 2034.000000 0.534966 
-813.021484 -0.009105 3726.000000 2055.000000 0.530422 
-816.022461 -0.005241 3774.000000 2074.000000 0.545767 
-832.689819 -0.013262 3808.000000 2102.000000 0.519013 
-852.690796 -0.015981 3856.000000 2138.000000 0.500478 
-865.691956 -0.014887 3913.000000 2170.000000 0.503681 
-875.692993 -0.011644 3964.000000 2197.000000 0.510738 
-885.693970 -0.008994 4012.000000 2223.000000 0.516215 
-897.361389 -0.010971 4049.000000 2247.000000 0.508873 
-906.695618 -0.010361 4093.000000 2271.000000 0.511986 
-916.030029 -0.008674 4146.000000 2298.000000 0.520655 
-933.364258 -0.013337 4190.000000 2330.000000 0.504490 
-940.031982 -0.009513 4242.000000 2354.000000 0.519120 
-947.366272 -0.006535 4289.000000 2377.000000 0.528005 
-948.700562 -0.004226 4336.000000 2394.000000 0.546592 
-948.701416 -0.002676 4378.000000 2408.000000 0.562540 
0.000000 0.000000 0.000000 0.000000 0.000000 
-7.333327 -0.003605 53.000000 25.000000 0.140140 
-1.333323 0.002819 107.000000 37.000000 0.257966 
2.333342 0.002698 166.000000 53.000000 0.354759 
1.333344 0.000052 214.000000 70.000000 0.410724 
-6.666653 -0.004055 256.000000 92.000000 0.437753 
2.333349 0.003888 319.000000 104.000000 0.508199 
12.333340 0.006313 376.000000 113.000000 0.561813 
24.333363 0.009826 439.000000 122.000000 0.613263 
29.333393 0.005443 493.000000 135.000000 0.632080 
27.666754 0.001009 536.000000 151.000000 0.629401 
18.333443 -0.006450 571.000000 172.000000 0.604140 
10.000106 -0.007495 624.000000 198.000000 0.590569 
15.000091 -0.000196 684.000000 213.000000 0.615893 
12.333408 -0.000884 736.000000 233.000000 0.615248 
20.000101 0.003522 792.000000 244.000000 0.641724 
20.000137 0.001538 849.000000 263.000000 0.642009 
16.000137 -0.000746 900.000000 284.000000 0.632310 
22.666836 0.002785 950.000000 294.000000 0.652514 
28.666874 0.004973 1010.000000 308.000000 0.667242 
37.333492 0.005647 1072.000000 320.000000 0.684702 
41.333420 0.004802 1129.000000 335.000000 0.687079 
44.333344 0.004550 1189.000000 352.000000 0.686361 
52.999931 0.007696 1251.000000 364.000000 0.702269 
56.999859 0.004878 1308.000000 379.000000 0.700395 
62.999779 0.005801 1371.000000 394.000000 0.704247 
71.999832 0.008632 1437.000000 407.000000 0.716894 
77.666626 0.006166 1487.000000 418.000000 0.719105 
85.000114 0.006070 1548.000000 431.000000 0.722787 
90.333565 0.005844 1594.000000 441.000000 0.724825 
98.333733 0.007763 1660.000000 455.000000 0.728625 
113.000565 0.012641 1725.000000 462.000000 0.753559 
118.000710 0.006622 1782.000000 476.000000 0.742608 
128.667496 0.010042 1835.000000 483.000000 0.756642 
131.333832 0.004830 1900.000000 502.000000 0.734697 
143.333572 0.009380 1951.000000 507.000000 0.754904 
152.999908 0.010415 2016.000000 519.000000 0.758116 
155.332977 0.005833 2068.000000 534.000000 0.741743 
164.332657 0.006824 2131.000000 546.000000 0.744094 
173.999039 0.009211 2187.000000 555.000000 0.753051 
186.998779 0.011719 2238.000000 559.000000 0.774169 
202.998459 0.014468 2301.000000 564.000000 0.795325 
213.998154 0.011886 2361.000000 573.000000 0.795562 
219.997879 0.008530 2415.000000 585.000000 0.782729 
233.330902 0.011510 2476.000000 592.000000 0.793777 
242.997314 0.010188 2526.000000 599.000000 0.796932 
252.663681 0.010785 2585.000000 609.000000 0.794581 
261.663666 0.011052 2636.000000 617.000000 0.795902 
270.997528 0.009720 2688.000000 625.000000 0.795411 
287.331451 0.014655 2746.000000 628.000000 0.817067 
299.332062 0.012583 2806.000000 636.000000 0.816767 
314.999420 0.014592 2874.000000 643.000000 0.824755 
327.666626 0.013091 2927.000000 648.000000 0.831235 
334.667236 0.008648 2987.000000 661.000000 0.810004 
351.001190 0.014487 3048.000000 665.000000 0.827636 
362.668457 0.012102 3107.000000 673.000000 0.825128 
372.669159 0.010764 3176.000000 686.000000 0.809876 
378.003021 0.006739 3228.000000 698.000000 0.792213 
382.336884 0.004829 3280.000000 711.000000 0.774949 
394.004150 0.008989 3339.000000 719.000000 0.782502 
406.671387 0.010743 3395.000000 725.000000 0.794390 
428.338776 0.017614 3466.000000 727.000000 0.826437 
445.339386 0.017454 3526.000000 730.000000 0.843862 
457.673431 0.014693 3596.000000 741.000000 0.831874 
476.340790 0.018290 3664.000000 745.000000 0.848543 
486.007996 0.012788 3717.000000 753.000000 0.839353 
499.008606 0.013454 3777.000000 760.000000 0.839772 
510.342499 0.012259 3832.000000 767.000000 0.837326 
524.674988 0.012887 3881.000000 769.000000 0.851559 
536.007263 0.012949 3933.000000 775.000000 0.850374 
553.339233 0.015159 4000.000000 780.000000 0.857411 
567.338013 0.014504 4060.000000 786.000000 0.858065 
579.003784 0.012133 4104.000000 789.000000 0.863301 
593.335938 0.013341 4162.000000 794.000000 0.865634 
601.001587 0.011078 4212.000000 803.000000 0.849718 
615.333557 0.012914 4279.000000 811.000000 0.846396 
629.332397 0.014145 4336.000000 816.000000 0.851383 
638.997986 0.010371 4389.000000 824.000000 0.840835 
654.996643 0.014409 4455.000000 830.000000 0.846632 
661.995361 0.009467 4518.000000 844.000000 0.819915 
674.994080 0.013338 4581.000000 852.000000 0.822416 
687.659485 0.013892 4643.000000 860.000000 0.823664 
696.991577 0.010794 4704.000000 871.000000 0.811346 
711.657043 0.012672 4763.000000 876.000000 0.823151 
726.322449 0.013316 4825.000000 882.000000 0.829535 
735.321472 0.010586 4873.000000 889.000000 0.825554 
747.653687 0.011941 4928.000000 895.000000 0.829587 
763.985718 0.014711 4992.000000 900.000000 0.840397 
783.650940 0.017587 5063.000000 904.000000 0.855815 
794.983093 0.014341 5121.000000 912.000000 0.848931 
810.315002 0.015679 5191.000000 920.000000 0.847581 
820.647095 0.010888 5252.000000 930.000000 0.833018 
833.312561 0.011792 5311.000000 937.000000 0.833193 
850.311340 0.014830 5371.000000 940.000000 0.849076 
868.309937 0.016308 5440.000000 945.000000 0.857636 
878.642090 0.013163 5498.000000 954.000000 0.845577 
889.974121 0.012199 5562.000000 964.000000 0.834399 
904.972961 0.013823 5619.000000 968.000000 0.845114 
920.638550 0.015238 5672.000000 970.000000 0.860372 
935.303894 0.015182 5737.000000 977.000000 0.858446 
952.302490 0.016699 5806.000000 983.000000 0.861912 
963.968018 0.013719 5862.000000 990.000000 0.855620 
976.300110 0.013758 5923.000000 998.000000 0.849181 
990.632324 0.014116 5978.000000 1002.000000 0.856755 
1006.297485 0.015990 6052.000000 1011.000000 0.851948 
1026.963379 0.019348 6135.000000 1018.000000 0.858266 
1038.965698 0.014779 6192.000000 1025.000000 0.852463 
1056.302002 0.017627 6265.000000 1032.000000 0.855523 
1071.971680 0.015515 6339.000000 1041.000000 0.848749 
1085.307495 0.013816 6400.000000 1048.000000 0.846613 
1096.309692 0.012176 6454.000000 1055.000000 0.842488 
1117.312622 0.017451 6526.000000 1058.000000 0.861026 
1132.981689 0.017392 6585.000000 1062.000000 0.868447 
1148.650757 0.016399 6644.000000 1066.000000 0.873848 
1164.320190 0.016753 6712.000000 1073.000000 0.870406 
1180.322998 0.016864 6781.000000 1080.000000 0.867793 
1195.325806 0.015490 6850.000000 1088.000000 0.861066 
1213.995117 0.017193 6915.000000 1091.000000 0.873308 
1229.997803 0.015827 6981.000000 1097.000000 0.872107 
1241.666626 0.012559 7034.000000 1103.000000 0.866199 
1248.335693 0.009550 7093.000000 1116.000000 0.837896 
1259.671387 0.010460 7151.000000 1124.000000 0.832862 
1276.673828 0.014755 7211.000000 1127.000000 0.849577 
1296.343018 0.017729 7273.000000 1128.000000 0.871529 
1313.345581 0.017332 7336.000000 1132.000000 0.877440 
1327.347656 0.014572 7387.000000 1135.000000 0.882113 
1349.017334 0.018293 7461.000000 1138.000000 0.893681 
1360.353027 0.013789 7519.000000 1146.000000 0.877548 
1373.355347 0.012783 7576.000000 1152.000000 0.872476 
1388.358398 0.014292 7651.000000 1162.000000 0.858763 
1402.027832 0.014779 7719.000000 1171.000000 0.851064 
1421.697266 0.018340 7787.000000 1174.000000 0.866853 
1440.366333 0.018184 7846.000000 1175.000000 0.884129 
1446.701904 0.011617 7901.000000 1187.000000 0.854278 
1465.371094 0.016671 7963.000000 1189.000000 0.870938 
1478.373535 0.014593 8023.000000 1196.000000 0.864294 
1490.709595 0.012128 8090.000000 1206.000000 0.848664 
1508.045776 0.015771 8160.000000 1212.000000 0.854932 
1528.048828 0.019457 8235.000000 1217.000000 0.865522 
1536.717529 0.011870 8285.000000 1225.000000 0.851846 
1552.053345 0.013859 8346.000000 1230.000000 0.856514 
1571.056152 0.016609 8415.000000 1234.000000 0.866923 
1589.392212 0.018102 8482.000000 1238.000000 0.874994 
1605.061279 0.016720 8541.000000 1242.000000 0.879367 
1614.397095 0.012610 8602.000000 1253.000000 0.856899 
1630.066406 0.015350 8667.000000 1259.000000 0.860658 
1650.069092 0.018893 8733.000000 1261.000000 0.877302 
1663.737915 0.014921 8786.000000 1265.000000 0.878309 
1679.406982 0.015437 8845.000000 1269.000000 0.882028 
1695.742554 0.015648 8900.000000 1271.000000 0.891754 
1708.745117 0.014672 8963.000000 1279.000000 0.879184 
1723.081055 0.014531 9027.000000 1286.000000 0.872612 
1738.750000 0.014795 9083.000000 1289.000000 0.880236 
1754.419189 0.015003 9145.000000 1294.000000 0.880146 
1764.754639 0.012794 9197.000000 1301.000000 0.869122 
1781.090332 0.014531 9255.000000 1304.000000 0.877397 
1801.426147 0.018441 9316.000000 1304.000000 0.897928 
1812.095825 0.012914 9390.000000 1318.000000 0.861852 
1833.098999 0.017032 9468.000000 1323.000000 0.870482 
1849.101440 0.015086 9528.000000 1327.000000 0.874712 
1861.770386 0.013832 9584.000000 1333.000000 0.870815 
1875.106323 0.014289 9648.000000 1341.000000 0.863025 
1893.775757 0.016692 9716.000000 1345.000000 0.872630 
1908.778320 0.014874 9779.000000 1351.000000 0.869683 
1929.447754 0.018509 9847.000000 1353.000000 0.885924 
1946.116943 0.017441 9909.000000 1357.000000 0.889102 
1965.786133 0.019152 9971.000000 1358.000000 0.904172 
1984.455566 0.019204 10039.000000 1362.000000 0.906254 
1992.457153 0.012902 10078.000000 1367.000000 0.895732 
2011.460083 0.016857 10150.000000 1372.000000 0.896883 
2028.462524 0.016727 10210.000000 1375.000000 0.901494 
2044.798340 0.016090 10271.000000 1379.000000 0.901221 
2067.793457 0.018889 10346.000000 1381.000000 0.912094 
2080.122803 0.014813 10395.000000 1385.000000 0.906786 
2095.451416 0.015322 10453.000000 1389.000000 0.905276 
2116.445801 0.019120 10522.000000 1391.000000 0.915053 
2131.440430 0.015786 10588.000000 1398.000000 0.900076 
2151.101562 0.018737 10656.000000 1401.000000 0.905836 
2173.428711 0.021040 10732.000000 1404.000000 0.912114 
2185.756836 0.015683 10796.000000 1413.000000 0.890106 
2197.752686 0.013754 10847.000000 1418.000000 0.885792 
2208.081543 0.012235 10902.000000 1426.000000 0.871624 
2219.744141 0.012310 10952.000000 1431.000000 0.870032 
2231.739746 0.011904 11006.000000 1437.000000 0.865499 
2250.734619 0.015561 11069.000000 1439.000000 0.880208 
2265.062988 0.015001 11130.000000 1445.000000 0.876526 
2280.724365 0.015143 11195.000000 1451.000000 0.874631 
2299.052734 0.017065 11256.000000 1453.000000 0.887423 
2310.381348 0.013900 11314.000000 1461.000000 0.873131 
2327.043213 0.016140 11373.000000 1464.000000 0.882235 
2345.037354 0.017587 11445.000000 1470.000000 0.880859 
2364.364990 0.018868 11515.000000 1474.000000 0.887358 
2382.025879 0.017980 11586.000000 1480.000000 0.884951 
2398.020508 0.015479 11652.000000 1486.000000 0.880900 
2413.682617 0.016069 11708.000000 1489.000000 0.887457 
2429.678223 0.016071 11762.000000 1491.000000 0.895922 
2441.340088 0.015599 11821.000000 1499.000000 0.882392 
2458.001465 0.016370 11886.000000 1504.000000 0.883815 
2474.663330 0.016164 11945.000000 1507.000000 0.890019 
