0.000000 0.000000 0.000000 0.000000 0.000000 
-11.666664 -0.008428 37.000000 24.000000 0.098611 
-27.333313 -0.013350 80.000000 54.000000 0.187241 
-34.999996 -0.009433 114.000000 73.000000 0.246779 
-38.333385 -0.006000 158.000000 91.000000 0.315780 
-41.333454 -0.005101 212.000000 112.000000 0.382813 
-49.666840 -0.007329 253.000000 134.000000 0.412546 
-54.666901 -0.005466 301.000000 155.000000 0.449621 
-54.000305 -0.001699 357.000000 173.000000 0.495421 
-60.333702 -0.005648 407.000000 196.000000 0.510652 
-65.000412 -0.005499 453.000000 216.000000 0.524791 
-74.333649 -0.007431 491.000000 238.000000 0.521936 
-84.000237 -0.007823 522.000000 258.000000 0.515704 
-93.000122 -0.009894 567.000000 282.000000 0.517347 
-103.666664 -0.011222 616.000000 309.000000 0.517122 
-99.666527 -0.001198 670.000000 323.000000 0.555297 
-108.999786 -0.005843 699.000000 342.000000 0.542812 
-112.332962 -0.003014 761.000000 366.000000 0.561769 
-117.999489 -0.003517 816.000000 390.000000 0.567173 
-125.332718 -0.006901 857.000000 411.000000 0.560810 
-135.999542 -0.007377 897.000000 435.000000 0.549839 
-140.333069 -0.006679 935.000000 452.000000 0.552909 
-142.000015 -0.005286 990.000000 472.000000 0.566794 
-142.333572 -0.002811 1034.000000 487.000000 0.579527 
-151.333832 -0.007583 1085.000000 513.000000 0.569113 
-166.667358 -0.011062 1123.000000 541.000000 0.543107 
-176.334274 -0.011106 1172.000000 567.000000 0.538846 
-181.667831 -0.007343 1216.000000 587.000000 0.545270 
-195.001373 -0.012592 1257.000000 614.000000 0.528554 
-201.334991 -0.006549 1313.000000 639.000000 0.542308 
-207.001877 -0.005729 1356.000000 659.000000 0.546763 
-204.668762 -0.000852 1399.000000 671.000000 0.569996 
-207.335663 -0.001647 1445.000000 689.000000 0.577313 
-209.002563 -0.003034 1491.000000 706.000000 0.584134 
-216.336090 -0.004833 1529.000000 726.000000 0.575308 
-218.669647 -0.003900 1573.000000 743.000000 0.581191 
-236.003159 -0.012538 1608.000000 772.000000 0.544771 
-243.336700 -0.010445 1649.000000 793.000000 0.542762 
-251.336914 -0.009928 1691.000000 815.000000 0.539894 
-259.003448 -0.008844 1743.000000 840.000000 0.543502 
-258.669586 -0.003093 1795.000000 857.000000 0.565570 
-262.002411 -0.003178 1845.000000 877.000000 0.573347 
-263.668610 -0.002905 1891.000000 894.000000 0.581673 
-270.334839 -0.004895 1934.000000 915.000000 0.575594 
-272.667694 -0.003333 1981.000000 933.000000 0.582671 
-291.667236 -0.014513 2026.000000 967.000000 0.544276 
-302.666748 -0.012259 2074.000000 994.000000 0.537644 
-310.999634 -0.010004 2118.000000 1017.000000 0.536767 
-310.665802 -0.003196 2167.000000 1033.000000 0.559518 
-319.332031 -0.009222 2210.000000 1056.000000 0.550310 
-324.664795 -0.006848 2266.000000 1080.000000 0.558363 
-326.331024 -0.003953 2309.000000 1096.000000 0.568925 
-333.997284 -0.004912 2349.000000 1117.000000 0.562967 
-344.663452 -0.006936 2398.000000 1144.000000 0.554521 
-347.662872 -0.003263 2455.000000 1166.000000 0.569029 
-352.662415 -0.005646 2500.000000 1186.000000 0.568865 
-360.328613 -0.007337 2546.000000 1209.000000 0.563063 
-369.661560 -0.010120 2584.000000 1231.000000 0.550748 
-373.661041 -0.004778 2635.000000 1252.000000 0.562043 
-372.327148 0.000436 2690.000000 1269.000000 0.585537 
-381.659973 -0.005112 2740.000000 1295.000000 0.573845 
-386.992889 -0.005639 2781.000000 1314.000000 0.571575 
-389.659119 -0.002842 2824.000000 1331.000000 0.578538 
-392.325348 -0.002195 2867.000000 1348.000000 0.583621 
-400.324799 -0.008021 2921.000000 1374.000000 0.573590 
-405.657623 -0.006610 2971.000000 1396.000000 0.573912 
-409.990570 -0.004577 3009.000000 1413.000000 0.574330 
-423.323517 -0.011234 3047.000000 1439.000000 0.549534 
-427.656342 -0.007750 3097.000000 1460.000000 0.557418 
-428.989258 -0.003470 3138.000000 1475.000000 0.568905 
-434.655426 -0.003413 3187.000000 1497.000000 0.571272 
-442.321686 -0.007346 3227.000000 1518.000000 0.562531 
-445.321136 -0.003465 3281.000000 1539.000000 0.574205 
-453.320709 -0.005057 3323.000000 1561.000000 0.566951 
-459.320251 -0.006044 3368.000000 1582.000000 0.565463 
-462.986328 -0.004632 3426.000000 1605.000000 0.574560 
-471.652618 -0.006212 3463.000000 1626.000000 0.563093 
-478.652069 -0.007177 3517.000000 1651.000000 0.562574 
-476.984863 -0.001844 3570.000000 1667.000000 0.584141 
-480.317627 -0.002032 3626.000000 1689.000000 0.589760 
-481.317139 -0.000610 3674.000000 1706.000000 0.598626 
-488.316742 -0.005382 3713.000000 1726.000000 0.586372 
-488.316223 -0.002759 3764.000000 1743.000000 0.597757 
-493.649109 -0.003717 3808.000000 1763.000000 0.592318 
-499.648438 -0.004214 3874.000000 1791.000000 0.591752 
-513.647949 -0.013276 3928.000000 1823.000000 0.562582 
-518.315552 -0.008256 3974.000000 1843.000000 0.565903 
-534.649658 -0.013869 4012.000000 1872.000000 0.536736 
-542.317261 -0.010372 4058.000000 1895.000000 0.538308 
-558.651489 -0.012233 4102.000000 1926.000000 0.520552 
-568.652283 -0.009648 4141.000000 1949.000000 0.518313 
-576.653137 -0.009000 4183.000000 1971.000000 0.521228 
-577.654236 -0.002502 4237.000000 1990.000000 0.547673 
-578.322021 -0.002188 4292.000000 2009.000000 0.566606 
-576.989807 -0.001151 4347.000000 2026.000000 0.586202 
-589.990601 -0.006823 4386.000000 2052.000000 0.563359 
-590.658264 -0.002774 4435.000000 2069.000000 0.578018 
-596.325928 -0.003265 4484.000000 2091.000000 0.577672 
-599.660278 -0.003048 4534.000000 2111.000000 0.582541 
-609.994568 -0.008306 4581.000000 2137.000000 0.566973 
-609.995605 -0.002112 4632.000000 2154.000000 0.584108 
0.000000 0.000000 0.000000 0.000000 0.000000 
-10.333336 -0.006746 41.000000 24.000000 0.109230 
-13.333344 -0.003018 89.000000 43.000000 0.215871 
-19.999994 -0.004625 141.000000 67.000000 0.300811 
-18.666630 -0.001115 190.000000 82.000000 0.372620 
-20.666605 -0.001318 229.000000 97.000000 0.414415 
-30.999914 -0.007520 267.000000 120.000000 0.431015 
-44.333294 -0.010883 308.000000 147.000000 0.441919 
-50.333355 -0.006745 356.000000 169.000000 0.471167 
-53.666744 -0.003883 400.000000 187.000000 0.496650 
-56.000145 -0.002026 453.000000 207.000000 0.524475 
-62.333546 -0.003617 506.000000 231.000000 0.536868 
-52.666954 0.004552 565.000000 241.000000 0.585724 
-39.000374 0.010330 633.000000 250.000000 0.637319 
-45.333767 0.001820 680.000000 272.000000 0.622656 
-41.000496 0.001692 729.000000 284.000000 0.637347 
-36.333900 0.003510 785.000000 298.000000 0.651671 
-28.000601 0.006655 843.000000 309.000000 0.674366 
-18.000566 0.008731 897.000000 317.000000 0.697514 
-7.000570 0.010404 954.000000 325.000000 0.719356 
-4.000566 0.005261 1002.000000 338.000000 0.713270 
-20.333893 -0.008194 1046.000000 369.000000 0.650612 
-16.333855 0.000184 1106.000000 385.000000 0.660910 
-18.667170 -0.000552 1144.000000 400.000000 0.651479 
-14.333817 0.002991 1202.000000 415.000000 0.662266 
-16.333803 0.000647 1247.000000 432.000000 0.653496 
-5.333813 0.007154 1316.000000 444.000000 0.682065 
-16.000484 -0.004819 1359.000000 469.000000 0.642159 
-11.000499 0.002223 1416.000000 483.000000 0.657229 
-9.333836 0.000713 1469.000000 499.000000 0.657588 
-14.667181 -0.003328 1519.000000 521.000000 0.639077 
-16.667181 -0.002707 1564.000000 538.000000 0.633559 
-20.000490 -0.004193 1611.000000 557.000000 0.625136 
-15.667153 -0.000250 1660.000000 569.000000 0.639648 
-9.000503 0.004013 1713.000000 580.000000 0.659294 
-15.333844 -0.003232 1760.000000 602.000000 0.636565 
-15.333857 -0.002083 1805.000000 617.000000 0.636927 
-12.000536 0.001597 1866.000000 634.000000 0.647975 
-16.667202 -0.001978 1918.000000 656.000000 0.634304 
-16.667210 -0.001543 1969.000000 673.000000 0.635198 
-17.667181 -0.000300 2014.000000 689.000000 0.634870 
-14.000525 0.001790 2067.000000 703.000000 0.646497 
-7.000536 0.006081 2115.000000 712.000000 0.667536 
-10.333877 0.000323 2159.000000 730.000000 0.653160 
-0.333877 0.006039 2204.000000 735.000000 0.680930 
-9.333877 -0.004336 2252.000000 760.000000 0.645007 
-3.000551 0.002934 2319.000000 776.000000 0.663227 
3.999449 0.004644 2379.000000 789.000000 0.677677 
7.999451 0.003952 2424.000000 800.000000 0.682866 
16.666107 0.006520 2483.000000 811.000000 0.698853 
33.332806 0.011892 2554.000000 818.000000 0.733426 
47.999401 0.013777 2610.000000 822.000000 0.760982 
57.999336 0.011712 2661.000000 829.000000 0.770119 
70.999397 0.012193 2730.000000 839.000000 0.777849 
81.332878 0.011294 2788.000000 848.000000 0.781891 
83.333023 0.004915 2845.000000 865.000000 0.755488 
85.666489 0.003054 2897.000000 880.000000 0.738596 
101.666679 0.010985 2972.000000 889.000000 0.759843 
104.666771 0.005636 3008.000000 898.000000 0.751924 
98.000214 -0.002185 3051.000000 919.000000 0.710074 
107.333672 0.004806 3100.000000 926.000000 0.725928 
118.667130 0.009295 3149.000000 931.000000 0.746295 
133.667130 0.013364 3218.000000 939.000000 0.767052 
147.333481 0.013533 3280.000000 946.000000 0.781636 
158.999817 0.011421 3345.000000 956.000000 0.783653 
171.332916 0.012564 3391.000000 959.000000 0.801152 
188.665955 0.015697 3449.000000 961.000000 0.825335 
204.998962 0.016090 3513.000000 966.000000 0.837026 
219.998611 0.015841 3582.000000 974.000000 0.838111 
235.664917 0.015465 3653.000000 982.000000 0.838750 
252.331238 0.016938 3721.000000 988.000000 0.845968 
259.331360 0.010576 3769.000000 997.000000 0.831521 
274.665253 0.014169 3824.000000 1000.000000 0.846004 
286.999115 0.013602 3876.000000 1005.000000 0.848681 
299.666321 0.011810 3929.000000 1010.000000 0.850353 
315.000305 0.014304 3993.000000 1016.000000 0.853320 
327.667511 0.012714 4046.000000 1021.000000 0.854871 
339.001404 0.013058 4101.000000 1028.000000 0.850288 
349.668610 0.011452 4154.000000 1035.000000 0.844744 
362.335907 0.012690 4216.000000 1043.000000 0.840868 
376.669861 0.014354 4277.000000 1049.000000 0.844736 
394.003845 0.016921 4341.000000 1053.000000 0.857453 
408.004456 0.015273 4401.000000 1059.000000 0.857072 
426.338501 0.017375 4471.000000 1064.000000 0.864694 
439.672424 0.014921 4529.000000 1070.000000 0.862293 
453.673004 0.014750 4586.000000 1075.000000 0.865053 
467.673584 0.014244 4643.000000 1080.000000 0.866417 
481.674194 0.014871 4703.000000 1086.000000 0.865538 
497.341400 0.014252 4756.000000 1088.000000 0.876664 
509.008575 0.012756 4806.000000 1093.000000 0.873719 
520.341309 0.012199 4861.000000 1100.000000 0.864949 
536.673279 0.014610 4928.000000 1106.000000 0.866636 
549.338989 0.013303 4975.000000 1109.000000 0.871779 
564.670898 0.014633 5045.000000 1117.000000 0.864530 
576.336426 0.013714 5101.000000 1124.000000 0.858467 
585.001953 0.011005 5157.000000 1134.000000 0.841930 
600.334106 0.013896 5215.000000 1138.000000 0.851172 
600.333008 0.004400 5269.000000 1156.000000 0.803743 
617.998291 0.013081 5337.000000 1161.000000 0.821483 
635.330261 0.016238 5404.000000 1166.000000 0.835723 
644.995667 0.011953 5466.000000 1177.000000 0.822267 
663.994263 0.016954 5535.000000 1181.000000 0.841241 
679.659668 0.016678 5597.000000 1186.000000 0.849075 
696.658325 0.017838 5663.000000 1191.000000 0.857570 
708.657104 0.013754 5723.000000 1199.000000 0.849164 
721.655884 0.013811 5783.000000 1206.000000 0.847605 
736.321472 0.014987 5836.000000 1209.000000 0.858281 
748.986938 0.013222 5895.000000 1216.000000 0.853308 
761.652466 0.012940 5951.000000 1222.000000 0.852014 
778.651123 0.016445 6017.000000 1227.000000 0.860720 
796.649841 0.017919 6080.000000 1230.000000 0.873134 
809.648499 0.013943 6146.000000 1239.000000 0.859446 
823.313965 0.014033 6205.000000 1245.000000 0.859123 
834.646240 0.011618 6257.000000 1251.000000 0.855078 
848.645142 0.013679 6311.000000 1255.000000 0.861388 
859.310486 0.011259 6376.000000 1266.000000 0.842616 
876.309204 0.014745 6439.000000 1270.000000 0.854221 
897.307861 0.018533 6505.000000 1271.000000 0.876417 
911.640076 0.015267 6560.000000 1275.000000 0.878893 
920.972351 0.012135 6612.000000 1283.000000 0.864146 
934.637573 0.013097 6683.000000 1293.000000 0.851156 
945.969849 0.011451 6735.000000 1299.000000 0.848243 
959.635254 0.013370 6797.000000 1306.000000 0.847303 
976.634033 0.015955 6857.000000 1309.000000 0.861304 
994.632690 0.017473 6923.000000 1313.000000 0.870363 
1002.964966 0.012599 6975.000000 1322.000000 0.853966 
1013.297058 0.011232 7036.000000 1332.000000 0.839691 
1029.296875 0.014183 7102.000000 1338.000000 0.845919 
1038.632202 0.010801 7151.000000 1345.000000 0.839183 
1055.634888 0.014084 7217.000000 1350.000000 0.848593 
1070.637451 0.014212 7280.000000 1356.000000 0.850420 
1089.306519 0.017149 7339.000000 1357.000000 0.870884 
1107.308838 0.016950 7396.000000 1358.000000 0.886999 
1124.311157 0.016596 7453.000000 1360.000000 0.896422 
1141.647461 0.015886 7526.000000 1367.000000 0.887608 
1151.316284 0.012296 7579.000000 1375.000000 0.871521 
1166.652222 0.014260 7643.000000 1381.000000 0.869619 
1184.988159 0.016052 7707.000000 1384.000000 0.879783 
1194.323853 0.012152 7765.000000 1394.000000 0.859481 
1213.326538 0.016055 7831.000000 1397.000000 0.872742 
1235.996216 0.020524 7905.000000 1399.000000 0.889965 
1249.665161 0.015358 7961.000000 1404.000000 0.886104 
1268.001343 0.016533 8031.000000 1409.000000 0.886911 
1282.004028 0.015798 8097.000000 1417.000000 0.876213 
1294.673340 0.013770 8162.000000 1426.000000 0.862900 
1312.009521 0.015642 8232.000000 1432.000000 0.864841 
1321.011963 0.010375 8292.000000 1443.000000 0.842744 
1334.014282 0.012258 8349.000000 1449.000000 0.844521 
1341.016724 0.008238 8409.000000 1462.000000 0.819761 
1355.685913 0.012535 8471.000000 1468.000000 0.828075 
1373.355591 0.016757 8545.000000 1475.000000 0.836702 
1388.358154 0.016118 8608.000000 1481.000000 0.842697 
1403.360596 0.014687 8668.000000 1486.000000 0.848447 
1414.362671 0.011565 8719.000000 1492.000000 0.845513 
1430.031616 0.013713 8775.000000 1495.000000 0.858106 
1445.034302 0.014546 8841.000000 1502.000000 0.856083 
1459.703369 0.014485 8900.000000 1507.000000 0.859728 
1470.705566 0.013814 8954.000000 1514.000000 0.854356 
1483.374756 0.013889 9016.000000 1522.000000 0.848614 
1502.377563 0.017497 9085.000000 1526.000000 0.861017 
1515.380005 0.014403 9145.000000 1533.000000 0.855749 
1534.716309 0.016420 9218.000000 1538.000000 0.863629 
1553.385620 0.018762 9283.000000 1541.000000 0.876852 
1570.388306 0.017574 9349.000000 1546.000000 0.878450 
1579.057251 0.010949 9405.000000 1556.000000 0.856223 
1591.392822 0.011141 9460.000000 1562.000000 0.853784 
1612.395752 0.017670 9532.000000 1565.000000 0.871136 
1629.731567 0.018098 9593.000000 1568.000000 0.881222 
1641.734253 0.014572 9659.000000 1578.000000 0.863468 
1657.403442 0.015040 9721.000000 1583.000000 0.866655 
1674.072510 0.016047 9780.000000 1586.000000 0.876313 
1685.407959 0.013231 9832.000000 1592.000000 0.870527 
1706.077515 0.018246 9903.000000 1595.000000 0.884509 
1728.413940 0.022081 9979.000000 1598.000000 0.896730 
1747.083130 0.019481 10041.000000 1600.000000 0.905771 
1760.085449 0.014970 10098.000000 1606.000000 0.895384 
1774.087891 0.013680 10158.000000 1612.000000 0.887922 
1795.091064 0.017764 10236.000000 1617.000000 0.890821 
1808.760010 0.015210 10292.000000 1622.000000 0.887050 
1826.429199 0.016316 10354.000000 1625.000000 0.894069 
1843.765015 0.015556 10415.000000 1628.000000 0.899422 
1855.767334 0.012802 10472.000000 1635.000000 0.886217 
1873.436646 0.016391 10537.000000 1639.000000 0.890250 
1891.772339 0.017914 10595.000000 1640.000000 0.903483 
1904.775024 0.014940 10661.000000 1649.000000 0.884561 
1919.110474 0.015037 10713.000000 1652.000000 0.889626 
1938.780151 0.018763 10787.000000 1657.000000 0.892467 
1952.115723 0.015852 10842.000000 1662.000000 0.888927 
1971.785034 0.018589 10907.000000 1664.000000 0.900856 
1992.787842 0.020242 10976.000000 1666.000000 0.911103 
2010.790649 0.018454 11045.000000 1671.000000 0.906541 
2025.126221 0.015987 11100.000000 1675.000000 0.903735 
2044.462646 0.017342 11176.000000 1681.000000 0.898536 
2060.126221 0.016610 11238.000000 1686.000000 0.895791 
2074.454590 0.016441 11299.000000 1692.000000 0.889226 
2091.116699 0.015663 11355.000000 1694.000000 0.897544 
2106.778809 0.015840 11411.000000 1697.000000 0.901372 
2128.439453 0.019766 11485.000000 1700.000000 0.909297 
2142.101807 0.016727 11538.000000 1704.000000 0.906130 
