0.000000 0.000000 0.000000 0.000000 0.000000 
-24.999990 -0.015146 36.000000 37.000000 0.094402 
-38.333336 -0.013362 74.000000 63.000000 0.175589 
-57.333378 -0.017441 107.000000 93.000000 0.223370 
-74.666649 -0.017158 148.000000 124.000000 0.277098 
-93.666588 -0.017242 172.000000 151.000000 0.290422 
-111.666481 -0.017740 214.000000 183.000000 0.327368 
-123.999718 -0.013151 252.000000 208.000000 0.359758 
-137.999817 -0.014402 282.000000 232.000000 0.372574 
-148.333298 -0.012223 311.000000 252.000000 0.387964 
-166.000168 -0.014715 351.000000 283.000000 0.400775 
-181.667023 -0.013618 388.000000 311.000000 0.411915 
-197.333893 -0.014192 428.000000 340.000000 0.422040 
-211.334000 -0.014566 449.000000 361.000000 0.413794 
-218.000824 -0.008213 480.000000 378.000000 0.432557 
-225.334381 -0.007856 524.000000 400.000000 0.456681 
-239.667892 -0.012258 559.000000 426.000000 0.454080 
-245.334793 -0.008229 605.000000 447.000000 0.478693 
-261.001617 -0.013915 642.000000 475.000000 0.469488 
-276.334534 -0.013253 683.000000 504.000000 0.468854 
-288.334137 -0.011693 722.000000 529.000000 0.472648 
-301.333710 -0.013073 764.000000 556.000000 0.474056 
-325.333344 -0.020369 800.000000 592.000000 0.448508 
-345.333008 -0.020300 833.000000 623.000000 0.435680 
-361.332672 -0.016975 866.000000 650.000000 0.433188 
-380.665649 -0.016748 901.000000 681.000000 0.428138 
-401.665161 -0.018709 949.000000 718.000000 0.431904 
-417.664703 -0.017491 994.000000 749.000000 0.439556 
-426.330933 -0.011525 1037.000000 772.000000 0.459178 
-441.663788 -0.013527 1084.000000 803.000000 0.463889 
-467.996704 -0.020932 1125.000000 843.000000 0.441497 
-479.329651 -0.013343 1163.000000 867.000000 0.452799 
-489.662476 -0.011248 1213.000000 894.000000 0.470795 
-510.662201 -0.017565 1240.000000 924.000000 0.445050 
-526.995789 -0.017256 1269.000000 950.000000 0.435477 
-538.329895 -0.014297 1307.000000 974.000000 0.445327 
-547.664246 -0.012261 1357.000000 1000.000000 0.466133 
-562.331970 -0.011967 1409.000000 1032.000000 0.475769 
-581.332703 -0.014054 1445.000000 1063.000000 0.462580 
-604.333435 -0.021550 1481.000000 1098.000000 0.440561 
-623.000977 -0.018687 1524.000000 1131.000000 0.440851 
-641.001648 -0.018155 1557.000000 1160.000000 0.433876 
-649.669128 -0.013289 1597.000000 1182.000000 0.451026 
-671.669739 -0.017663 1627.000000 1214.000000 0.431672 
-673.670593 -0.007334 1669.000000 1230.000000 0.465643 
-690.004639 -0.013366 1704.000000 1258.000000 0.457486 
-702.338684 -0.013427 1739.000000 1282.000000 0.458769 
-719.339478 -0.015485 1778.000000 1312.000000 0.453825 
-747.006653 -0.022110 1803.000000 1348.000000 0.417755 
-764.340942 -0.019540 1850.000000 1381.000000 0.428634 
-773.008362 -0.011306 1887.000000 1402.000000 0.446302 
-790.008911 -0.013645 1914.000000 1428.000000 0.435600 
-814.343140 -0.021413 1958.000000 1467.000000 0.425803 
-832.677185 -0.020189 1993.000000 1497.000000 0.422195 
-840.011414 -0.012625 2037.000000 1519.000000 0.448397 
-847.012329 -0.009811 2082.000000 1541.000000 0.469674 
-870.013062 -0.017622 2118.000000 1576.000000 0.447808 
-889.347168 -0.019329 2156.000000 1608.000000 0.439577 
-912.014404 -0.024949 2184.000000 1640.000000 0.417038 
-935.348511 -0.024752 2222.000000 1676.000000 0.408295 
-953.682556 -0.021766 2257.000000 1706.000000 0.407323 
-973.016724 -0.021099 2298.000000 1739.000000 0.412458 
-988.017273 -0.017993 2325.000000 1763.000000 0.410021 
-1008.351379 -0.019420 2363.000000 1796.000000 0.409134 
-1029.684570 -0.019402 2392.000000 1827.000000 0.399209 
-1040.349243 -0.012810 2441.000000 1854.000000 0.430544 
-1053.347778 -0.011444 2477.000000 1879.000000 0.438459 
-1070.346069 -0.015265 2519.000000 1910.000000 0.439745 
-1091.011353 -0.018902 2553.000000 1942.000000 0.428002 
-1113.010254 -0.021074 2580.000000 1973.000000 0.410384 
-1124.008545 -0.013941 2622.000000 1998.000000 0.431292 
-1142.340576 -0.017079 2654.000000 2027.000000 0.423836 
-1167.672729 -0.023926 2683.000000 2062.000000 0.401237 
-1183.004639 -0.017692 2718.000000 2089.000000 0.409700 
-1201.336792 -0.018213 2747.000000 2117.000000 0.404213 
-1217.001831 -0.015510 2787.000000 2146.000000 0.417087 
-1233.666748 -0.014758 2830.000000 2177.000000 0.427537 
-1256.665283 -0.021487 2866.000000 2212.000000 0.414843 
-1271.663452 -0.017970 2911.000000 2242.000000 0.428805 
-1284.661987 -0.014182 2947.000000 2267.000000 0.436025 
-1305.660156 -0.019505 2992.000000 2303.000000 0.433301 
-1323.325439 -0.017900 3026.000000 2332.000000 0.428479 
-1334.323975 -0.013342 3062.000000 2355.000000 0.439741 
-1346.655640 -0.014818 3103.000000 2381.000000 0.447814 
-1361.987549 -0.015204 3138.000000 2408.000000 0.445516 
-1377.652832 -0.017407 3172.000000 2435.000000 0.440688 
-1396.984375 -0.019769 3216.000000 2469.000000 0.438818 
-1420.316284 -0.023275 3251.000000 2504.000000 0.422198 
-1442.981934 -0.025714 3276.000000 2535.000000 0.400846 
-1467.646973 -0.021837 3316.000000 2573.000000 0.400556 
-1488.311890 -0.021993 3359.000000 2608.000000 0.406559 
-1510.643433 -0.021355 3403.000000 2645.000000 0.410155 
-1539.642334 -0.024577 3430.000000 2683.000000 0.384338 
-1550.307495 -0.015565 3467.000000 2706.000000 0.405769 
-1574.639038 -0.020195 3511.000000 2745.000000 0.406087 
-1594.637573 -0.019815 3547.000000 2777.000000 0.405880 
-1604.969238 -0.015430 3588.000000 2801.000000 0.425710 
-1620.634521 -0.016927 3622.000000 2828.000000 0.425119 
-1646.632812 -0.023572 3664.000000 2868.000000 0.414043 
-1672.631714 -0.024638 3691.000000 2903.000000 0.393343 
-1686.630371 -0.019299 3724.000000 2928.000000 0.402242 
0.000000 0.000000 0.000000 0.000000 0.000000 
-5.000001 -0.002914 45.000000 20.000000 0.120606 
-22.333326 -0.011844 80.000000 49.000000 0.186966 
-28.999969 -0.009460 117.000000 68.000000 0.251973 
-31.000010 -0.002036 168.000000 87.000000 0.335026 
-27.999971 0.000984 228.000000 104.000000 0.415268 
-18.999933 0.007145 288.000000 115.000000 0.489901 
-9.666590 0.009298 352.000000 127.000000 0.551410 
-4.999925 0.006829 396.000000 137.000000 0.580635 
3.000074 0.007362 447.000000 146.000000 0.614951 
-1.666592 0.000960 493.000000 166.000000 0.608768 
0.000075 0.000926 549.000000 183.000000 0.620610 
10.000076 0.007295 606.000000 192.000000 0.655300 
20.000092 0.007414 660.000000 200.000000 0.680616 
11.000109 -0.002866 708.000000 225.000000 0.645926 
22.333452 0.006372 778.000000 237.000000 0.677233 
24.000154 0.002520 834.000000 254.000000 0.672897 
17.333511 -0.003152 880.000000 276.000000 0.647391 
9.333503 -0.005527 922.000000 298.000000 0.624366 
11.333485 -0.001315 979.000000 315.000000 0.633755 
19.000149 0.004562 1032.000000 325.000000 0.657897 
20.666849 0.002954 1085.000000 341.000000 0.659561 
26.666887 0.005244 1145.000000 355.000000 0.673204 
23.000254 0.000929 1197.000000 376.000000 0.657413 
19.000280 -0.002213 1239.000000 394.000000 0.642882 
25.666979 0.003275 1289.000000 404.000000 0.661982 
24.667011 0.001101 1340.000000 422.000000 0.655420 
24.333717 0.000926 1402.000000 443.000000 0.652007 
29.000414 0.003930 1449.000000 454.000000 0.664612 
27.000437 -0.000349 1506.000000 475.000000 0.652929 
25.667139 -0.000828 1562.000000 495.000000 0.646886 
25.333838 -0.002072 1612.000000 512.000000 0.643542 
31.333868 0.004041 1660.000000 522.000000 0.662092 
29.333868 0.000763 1720.000000 544.000000 0.652078 
39.333824 0.006663 1771.000000 551.000000 0.679914 
54.667080 0.011597 1832.000000 556.000000 0.717171 
63.333714 0.008212 1888.000000 566.000000 0.725949 
70.000481 0.008146 1941.000000 577.000000 0.729963 
79.000633 0.008541 2001.000000 588.000000 0.737267 
84.334106 0.007291 2056.000000 601.000000 0.734013 
88.667564 0.005690 2105.000000 613.000000 0.730109 
96.667702 0.006915 2159.000000 623.000000 0.736238 
103.001167 0.006274 2211.000000 634.000000 0.736653 
112.001305 0.008761 2265.000000 643.000000 0.746189 
123.668106 0.010753 2318.000000 649.000000 0.762874 
140.334564 0.014982 2383.000000 654.000000 0.787426 
156.334244 0.016751 2446.000000 659.000000 0.806511 
177.333893 0.018772 2515.000000 661.000000 0.834715 
190.666901 0.015832 2579.000000 669.000000 0.834112 
214.333145 0.021023 2662.000000 673.000000 0.856444 
222.999527 0.013829 2718.000000 683.000000 0.840095 
234.332535 0.011842 2782.000000 693.000000 0.829648 
249.665451 0.013394 2864.000000 705.000000 0.821319 
261.998901 0.012673 2913.000000 709.000000 0.830279 
279.666199 0.015842 2975.000000 712.000000 0.847433 
293.000153 0.013633 3036.000000 719.000000 0.845651 
301.000610 0.009623 3081.000000 726.000000 0.837462 
320.334595 0.015560 3145.000000 728.000000 0.858309 
337.335266 0.016766 3211.000000 733.000000 0.864055 
349.002533 0.013540 3270.000000 741.000000 0.854763 
369.669922 0.018777 3341.000000 744.000000 0.870518 
375.337158 0.010841 3397.000000 757.000000 0.839697 
391.671173 0.014287 3464.000000 763.000000 0.846107 
410.005188 0.016126 3531.000000 767.000000 0.858801 
419.339050 0.011716 3583.000000 775.000000 0.847476 
435.339661 0.014697 3643.000000 779.000000 0.857414 
442.673553 0.008414 3698.000000 790.000000 0.834287 
456.007446 0.011792 3753.000000 795.000000 0.840687 
472.008087 0.015037 3816.000000 800.000000 0.849189 
483.675354 0.012380 3875.000000 808.000000 0.842119 
503.342773 0.017367 3949.000000 813.000000 0.854759 
518.342712 0.016169 4021.000000 822.000000 0.848684 
531.341675 0.014225 4072.000000 826.000000 0.854435 
543.007141 0.012849 4131.000000 834.000000 0.847384 
559.338928 0.015349 4207.000000 843.000000 0.844550 
572.337708 0.013471 4267.000000 850.000000 0.842651 
585.336609 0.013007 4321.000000 855.000000 0.846788 
604.001892 0.016889 4389.000000 859.000000 0.859741 
607.667419 0.008073 4445.000000 874.000000 0.822609 
616.332947 0.007826 4501.000000 884.000000 0.811806 
631.998230 0.013515 4569.000000 891.000000 0.821098 
646.663513 0.013655 4637.000000 899.000000 0.824369 
655.995728 0.010522 4692.000000 908.000000 0.816419 
672.994446 0.014467 4755.000000 912.000000 0.832764 
689.326660 0.015653 4810.000000 914.000000 0.850330 
704.325439 0.014894 4870.000000 919.000000 0.855052 
715.657532 0.012863 4931.000000 928.000000 0.844492 
726.656433 0.012246 4985.000000 935.000000 0.841041 
741.988586 0.013568 5043.000000 939.000000 0.850424 
752.654053 0.011854 5102.000000 948.000000 0.839910 
767.986206 0.014114 5160.000000 952.000000 0.850105 
780.985046 0.012339 5217.000000 958.000000 0.849333 
798.317200 0.015436 5275.000000 960.000000 0.866107 
813.315918 0.016210 5338.000000 966.000000 0.866152 
826.648132 0.015019 5393.000000 971.000000 0.867268 
827.647034 0.005936 5447.000000 988.000000 0.820551 
839.312744 0.010128 5494.000000 992.000000 0.828940 
852.978271 0.012612 5550.000000 997.000000 0.836681 
868.977112 0.014873 5607.000000 1000.000000 0.850852 
886.308960 0.016411 5680.000000 1007.000000 0.853459 
903.974243 0.018865 5748.000000 1012.000000 0.862631 
920.306274 0.016886 5812.000000 1017.000000 0.866814 
936.304932 0.016243 5878.000000 1023.000000 0.867116 
953.970276 0.017835 5943.000000 1027.000000 0.875522 
965.635620 0.013799 6008.000000 1037.000000 0.857932 
979.967651 0.014419 6072.000000 1044.000000 0.855637 
993.966248 0.014255 6141.000000 1053.000000 0.848241 
1005.298401 0.011889 6199.000000 1061.000000 0.840670 
1019.630554 0.013366 6257.000000 1066.000000 0.846469 
1036.298340 0.016299 6331.000000 1074.000000 0.848501 
1045.967285 0.010412 6387.000000 1083.000000 0.835235 
1061.969727 0.013006 6447.000000 1087.000000 0.846376 
1078.972534 0.015764 6516.000000 1093.000000 0.852363 
1093.641968 0.013173 6584.000000 1101.000000 0.846547 
1107.977783 0.013249 6645.000000 1107.000000 0.848661 
1120.979980 0.012837 6699.000000 1112.000000 0.850909 
1137.315796 0.015499 6760.000000 1116.000000 0.860121 
1151.651367 0.015442 6815.000000 1120.000000 0.866112 
1168.320679 0.016175 6880.000000 1125.000000 0.869388 
1176.656250 0.010949 6935.000000 1135.000000 0.849369 
1194.991943 0.015414 6993.000000 1136.000000 0.869549 
1214.328003 0.018722 7060.000000 1139.000000 0.881628 
1232.663940 0.018707 7124.000000 1142.000000 0.890451 
1250.000244 0.017940 7197.000000 1149.000000 0.884180 
1270.336182 0.018938 7261.000000 1150.000000 0.900768 
1289.338867 0.019215 7327.000000 1153.000000 0.906351 
1307.341431 0.018062 7390.000000 1156.000000 0.909990 
1327.677734 0.019235 7463.000000 1160.000000 0.911619 
1347.681152 0.019541 7547.000000 1168.000000 0.898725 
1364.016846 0.017168 7605.000000 1171.000000 0.902230 
1373.018555 0.012312 7647.000000 1176.000000 0.892970 
1389.354736 0.013696 7717.000000 1183.000000 0.883551 
1409.691040 0.017907 7790.000000 1187.000000 0.890833 
1426.027100 0.017924 7857.000000 1193.000000 0.887478 
1437.695923 0.013845 7910.000000 1199.000000 0.879849 
1449.697876 0.012109 7958.000000 1203.000000 0.878919 
1460.699829 0.011511 8006.000000 1208.000000 0.874849 
1486.369629 0.021242 8083.000000 1208.000000 0.900697 
1499.038452 0.015693 8136.000000 1213.000000 0.894394 
1517.374634 0.017181 8206.000000 1218.000000 0.893916 
1537.377563 0.019604 8278.000000 1222.000000 0.898979 
1554.713501 0.017557 8342.000000 1226.000000 0.899736 
1569.049316 0.015822 8403.000000 1232.000000 0.892401 
1577.051514 0.010329 8457.000000 1242.000000 0.866962 
1589.720581 0.011815 8516.000000 1249.000000 0.861465 
1605.056396 0.014314 8577.000000 1254.000000 0.865144 
1618.058716 0.013161 8634.000000 1260.000000 0.861892 
1634.394531 0.016101 8695.000000 1264.000000 0.869996 
1650.396973 0.015574 8755.000000 1268.000000 0.874919 
1666.399414 0.015880 8815.000000 1272.000000 0.880327 
1681.401611 0.015434 8869.000000 1275.000000 0.885611 
1693.070435 0.012717 8922.000000 1281.000000 0.877512 
1705.739136 0.012453 8972.000000 1285.000000 0.877981 
1720.408447 0.014798 9037.000000 1292.000000 0.872157 
1735.410889 0.015197 9097.000000 1297.000000 0.873523 
1752.746826 0.017265 9161.000000 1301.000000 0.879979 
1764.082397 0.012972 9216.000000 1308.000000 0.869849 
1780.418823 0.015304 9292.000000 1317.000000 0.861328 
1794.087646 0.013455 9345.000000 1321.000000 0.864925 
1814.424072 0.018597 9421.000000 1326.000000 0.873992 
1830.093018 0.017146 9477.000000 1329.000000 0.881441 
1841.428711 0.013290 9535.000000 1337.000000 0.868436 
1855.431030 0.012990 9592.000000 1342.000000 0.868392 
1865.100220 0.011812 9654.000000 1353.000000 0.848875 
1880.435791 0.014791 9709.000000 1356.000000 0.860497 
1896.771606 0.015596 9770.000000 1360.000000 0.868031 
1912.774170 0.015833 9833.000000 1365.000000 0.870527 
1926.776489 0.014710 9890.000000 1370.000000 0.870910 
1940.112305 0.013242 9951.000000 1377.000000 0.864150 
1957.781738 0.015845 10019.000000 1382.000000 0.869162 
1969.784058 0.012831 10076.000000 1389.000000 0.861436 
1982.453125 0.013365 10135.000000 1396.000000 0.857311 
1996.789185 0.013571 10202.000000 1404.000000 0.851869 
1999.791260 0.007913 10253.000000 1418.000000 0.819625 
2011.126709 0.009532 10305.000000 1424.000000 0.822570 
2027.796265 0.014784 10376.000000 1431.000000 0.831518 
2046.465698 0.017135 10444.000000 1435.000000 0.847427 
2065.127686 0.018566 10509.000000 1438.000000 0.862994 
2080.789551 0.017646 10568.000000 1442.000000 0.869517 
2099.784668 0.018438 10628.000000 1443.000000 0.887385 
2117.779053 0.018606 10697.000000 1448.000000 0.888944 
2132.774170 0.017089 10757.000000 1453.000000 0.887627 
2148.436035 0.015916 10816.000000 1457.000000 0.889628 
2167.096924 0.016807 10887.000000 1462.000000 0.890486 
2178.758301 0.013806 10952.000000 1472.000000 0.870192 
2183.754150 0.007720 11003.000000 1484.000000 0.840263 
2191.417236 0.008335 11047.000000 1491.000000 0.832837 
2202.079590 0.011017 11100.000000 1498.000000 0.831618 
2212.408447 0.011426 11155.000000 1506.000000 0.827414 
2222.071045 0.010736 11205.000000 1513.000000 0.824851 
2238.732178 0.014455 11273.000000 1519.000000 0.834270 
2249.393799 0.012726 11335.000000 1529.000000 0.825564 
2268.721924 0.016741 11399.000000 1531.000000 0.848425 
2283.717285 0.016119 11456.000000 1535.000000 0.856697 
2297.713379 0.014347 11504.000000 1537.000000 0.867842 
2317.374512 0.016642 11572.000000 1540.000000 0.879685 
2333.035400 0.016082 11643.000000 1548.000000 0.871418 
2345.364014 0.013867 11701.000000 1555.000000 0.864485 
2365.691650 0.016949 11771.000000 1558.000000 0.877848 
