-0.0994206 7
-0.098491 10
-0.0974823 10
-0.0964314 10
-0.095485 6
-0.0945473 10
-0.0933461 9
-0.0924563 13
-0.0916111 13
-0.0903967 8
-0.089648 13
-0.0884595 11
-0.0874169 13
-0.0866519 9
-0.085544 11
-0.0844729 9
-0.0836752 10
-0.0827939 4
-0.0813788 10
-0.0804451 8
-0.0794046 8
-0.0785258 10
-0.077428 9
-0.0763589 8
-0.0756257 14
-0.0745487 18
-0.0735035 14
-0.0725534 9
-0.0714744 12
-0.0705404 7
-0.0696288 14
-0.0683732 10
-0.0674856 14
-0.0663762 15
-0.0654673 8
-0.0645725 13
-0.0634397 5
-0.062531 18
-0.0614898 13
-0.06041 5
-0.059533 10
-0.0582577 11
-0.0574173 8
-0.0563645 10
-0.0555586 12
-0.0545083 6
-0.0536558 7
-0.0524824 14
-0.0514904 7
-0.0505155 10
-0.0497037 11
-0.0483639 10
-0.0474863 9
-0.0466126 13
-0.0454526 14
-0.0445631 14
-0.0434874 10
-0.0425193 6
-0.0414423 8
-0.0403452 11
-0.0395678 9
-0.0386311 11
-0.0375504 12
-0.0365088 8
-0.0355283 10
-0.0344384 12
-0.0335309 18
-0.0323833 7
-0.0315546 16
-0.030589 11
-0.0294353 16
-0.0285713 9
-0.0275943 13
-0.0266751 6
-0.0254426 10
-0.0245583 11
-0.0235787 9
-0.022571 8
-0.0216761 10
-0.020402 8
-0.0196405 4
-0.0184779 13
-0.0176515 12
-0.0165558 15
-0.0156441 12
-0.0145951 11
-0.0134571 6
-0.012653 13
-0.0114572 9
-0.0105347 18
-0.00954396 9
-0.00862145 13
-0.00762571 15
-0.00665057 8
-0.00567238 11
-0.00453752 12
-0.00349532 8
-0.00256775 10
-0.00147027 7
-0.000594174 10
0.000510836 9
0.00148637 3
0.00231984 8
0.00332955 14
0.00437533 9
0.00545219 8
0.00644325 14
0.00731775 9
0.00832729 9
0.00937878 11
0.0105302 8
0.0115501 4
0.0124352 11
0.0134315 10
0.014262 15
0.0155182 11
0.0163533 15
0.017269 14
0.0183858 17
0.0194965 10
0.0202928 9
0.0213 7
0.022361 13
0.0233472 10
0.0244315 17
0.0255255 15
0.0264123 9
0.027455 8
0.0284464 12
0.0293953 12
0.0304985 7
0.0316976 7
0.0323573 7
0.0334461 13
0.0343825 17
0.0354232 11
0.0365133 12
0.0372055 6
0.0384282 10
0.0393293 6
0.0404089 12
0.0416248 8
0.0423737 13
0.0433555 13
0.0444216 15
0.045587 8
0.0462886 11
0.0475008 11
0.0483605 15
0.0493227 7
0.0502216 10
0.0513493 12
0.0522287 10
0.0534967 15
0.0542833 12
0.055308 13
0.0562459 12
0.0571092 7
0.0583616 5
0.0593655 13
0.0603677 10
0.061425 11
0.0621849 11
0.0633841 8
0.0643519 8
0.0652405 8
0.0664711 8
0.0673599 14
0.06834 6
0.069251 6
0.0705275 9
0.0712734 9
0.0723247 5
0.0732182 15
0.0744078 10
0.0753046 13
0.0764782 15
0.0772755 7
0.0782996 5
0.0793388 9
0.0803526 6
0.0813132 11
0.0823436 9
0.0832326 12
0.0842707 14
0.0855745 6
0.086331 13
0.087259 14
0.0884274 12
0.0894603 12
0.0904351 13
0.0914585 9
0.0924486 9
0.0932663 8
0.0944566 6
0.0953349 12
0.0961238 11
0.0973092 10
0.098438 6
0.0993944 11
0.0998242 1
