-0.0994596 33
-0.0985332 28
-0.0974149 35
-0.0964537 22
-0.0954754 29
-0.0944109 26
-0.0934197 35
-0.0924949 40
-0.0915123 26
-0.0904809 28
-0.0893867 25
-0.0885735 19
-0.0875484 30
-0.0865406 28
-0.0854133 33
-0.0844917 28
-0.0835077 30
-0.0822888 29
-0.0814063 28
-0.0803926 38
-0.0795412 29
-0.0785213 30
-0.0774379 20
-0.0764889 38
-0.0754717 33
-0.074492 28
-0.073549 38
-0.0724354 25
-0.0714953 26
-0.0704558 27
-0.0695282 32
-0.0684895 36
-0.0674392 31
-0.0665231 33
-0.0654514 37
-0.0643494 34
-0.0635054 40
-0.0624089 39
-0.0614392 27
-0.0604796 25
-0.0595786 33
-0.0584393 26
-0.0573949 35
-0.0565865 28
-0.0554943 31
-0.0545194 24
-0.0534914 37
-0.0524371 33
-0.0514668 32
-0.0505194 23
-0.0495025 30
-0.0484137 34
-0.0475119 32
-0.0464457 33
-0.0454513 36
-0.0444874 33
-0.0434768 26
-0.0423953 31
-0.0415171 28
-0.0405904 22
-0.039548 32
-0.0384773 33
-0.0374809 33
-0.0365622 42
-0.0355554 31
-0.0345193 37
-0.0334638 33
-0.0324396 33
-0.031467 29
-0.0304742 25
-0.0294636 24
-0.0284811 35
-0.0274471 37
-0.02645 23
-0.0254868 31
-0.0244365 31
-0.0235686 41
-0.0225183 38
-0.0214692 38
-0.0205647 28
-0.0194659 24
-0.018558 34
-0.0174307 19
-0.0165189 26
-0.0155847 25
-0.0145035 32
-0.0134723 38
-0.0125316 42
-0.0114906 40
-0.0105742 27
-0.00946107 35
-0.00846685 35
-0.00739719 35
-0.00655274 33
-0.00550867 36
-0.00448706 28
-0.00349178 33
-0.00251051 25
-0.00153429 23
-0.000485208 26
0.000428669 25
0.00148776 29
0.00253206 26
0.00355588 37
0.00454156 41
0.00545446 31
0.00645928 29
0.00754779 26
0.00840621 32
0.00944362 22
0.0105833 33
0.0114389 34
0.0124662 37
0.0134082 33
0.0145783 19
0.015557 27
0.0163652 32
0.0172309 19
0.0184891 30
0.0194889 28
0.020544 27
0.0215306 39
0.0225037 24
0.0233521 33
0.0244152 35
0.025467 32
0.0264245 30
0.0274499 33
0.0284246 35
0.0294737 32
0.0304924 36
0.0315004 30
0.032517 32
0.0335035 27
0.0345425 19
0.0355054 31
0.0364571 35
0.0374921 33
0.0385087 35
0.0394237 30
0.0403897 27
0.0413922 28
0.0424671 30
0.0433579 34
0.0443429 30
0.045487 37
0.0464826 35
0.0474909 33
0.0484779 32
0.0495382 24
0.0504891 35
0.0513944 23
0.0525029 26
0.0534602 25
0.0544906 26
0.0554894 36
0.0565428 25
0.0574042 25
0.0586537 24
0.0595349 26
0.0603948 34
0.0614659 30
0.0624676 27
0.0634189 38
0.0644225 32
0.0654758 35
0.0664322 28
0.0674346 33
0.0684665 37
0.0694396 29
0.0706115 23
0.0714636 40
0.0725027 37
0.0734654 27
0.0745679 23
0.0753628 21
0.0763685 33
0.0774808 35
0.0784793 25
0.0794653 29
0.0804608 29
0.0814442 30
0.0825321 27
0.0834879 28
0.0844935 27
0.0854361 31
0.0863889 44
0.0874571 28
0.0884572 42
0.0894565 31
0.0905033 31
0.0914345 32
0.0924458 36
0.0934882 35
0.0944992 32
0.0954767 26
0.0964974 32
0.0973969 35
0.0984877 26
0.0994784 32
0 0
