-0.0995231 27
-0.0984505 29
-0.0974815 30
-0.0963921 35
-0.0955139 30
-0.0944648 35
-0.0935181 18
-0.0924506 26
-0.0913291 23
-0.0905836 27
-0.0895218 33
-0.0885141 36
-0.0875375 32
-0.0864318 28
-0.0855311 32
-0.0844641 27
-0.0834728 26
-0.0824652 33
-0.0815005 34
-0.080474 25
-0.0794419 35
-0.0785227 31
-0.0775693 32
-0.0764843 36
-0.0755172 33
-0.0745351 29
-0.0734944 34
-0.0724457 37
-0.0714962 28
-0.0705811 35
-0.069654 24
-0.0685124 29
-0.0675942 38
-0.0665307 26
-0.065467 27
-0.0643976 21
-0.0635203 31
-0.0625814 35
-0.0616471 28
-0.0605019 34
-0.059524 35
-0.0584777 26
-0.057563 36
-0.0565227 35
-0.0554528 32
-0.0545764 33
-0.0535292 27
-0.0525157 25
-0.0515749 34
-0.0505666 30
-0.0495938 33
-0.0485169 23
-0.0475847 42
-0.0466093 32
-0.0455962 23
-0.0445468 25
-0.0435135 33
-0.0426316 25
-0.0415198 30
-0.0405683 30
-0.0395521 19
-0.0384284 28
-0.0375426 41
-0.0365017 28
-0.0355565 37
-0.0344542 33
-0.0335214 25
-0.0325325 39
-0.0315998 34
-0.0305753 28
-0.0294482 29
-0.028538 33
-0.0276486 29
-0.0265077 27
-0.025524 30
-0.0244441 27
-0.0235658 37
-0.0225133 25
-0.0215755 29
-0.0205295 27
-0.0195183 21
-0.0185858 27
-0.0175469 21
-0.016546 27
-0.0154686 32
-0.0144817 26
-0.0135995 33
-0.0125805 28
-0.0115502 27
-0.0104842 26
-0.0095986 18
-0.00855369 40
-0.00768088 26
-0.0065496 34
-0.00556088 31
-0.00448987 37
-0.0035491 31
-0.00259744 29
-0.00151327 33
-0.000530989 27
0.000406487 30
0.001388 42
0.00245391 32
0.0034297 23
0.0044096 35
0.00548646 30
0.00634312 33
0.00742325 31
0.00846205 20
0.00941977 29
0.0104729 33
0.0113336 29
0.0124917 33
0.0134279 34
0.014487 38
0.0154455 40
0.0164941 29
0.0174143 36
0.0183878 41
0.0194788 34
0.0203592 31
0.0215009 35
0.0224637 25
0.0235331 25
0.0245081 28
0.0253914 47
0.0264629 28
0.0274457 32
0.0284204 32
0.0293636 32
0.0304381 31
0.03149 37
0.0324514 35
0.0333473 18
0.0344566 36
0.0355673 28
0.0365159 32
0.0374318 32
0.0385017 35
0.0394585 29
0.0404672 35
0.0414988 42
0.0423366 37
0.0434324 23
0.0444266 27
0.0455184 39
0.0464488 42
0.0474315 33
0.0484148 32
0.0494434 35
0.0503001 24
0.0514956 33
0.0523959 25
0.0533002 27
0.0543673 28
0.0553116 41
0.056403 35
0.0573822 28
0.0584524 39
0.0594257 28
0.0604662 34
0.0614684 29
0.0623736 31
0.0634883 22
0.064443 32
0.0654128 30
0.0663946 25
0.0674231 36
0.0684636 38
0.0694224 27
0.0704329 47
0.0714407 32
0.0724278 34
0.0733754 28
0.0744582 30
0.0753893 22
0.076534 19
0.0774446 31
0.0784855 29
0.0795388 22
0.0804928 26
0.0814753 34
0.0824364 30
0.083494 28
0.0844352 26
0.0854481 29
0.086369 32
0.0874872 45
0.0883626 38
0.0894827 24
0.0904431 27
0.0913368 34
0.0922927 23
0.0934074 31
0.0944517 33
0.0954005 36
0.0964162 31
0.0974146 47
0.0983899 37
0.0993571 35
0.0999075 1
