-0.0995984 12
-0.0985864 8
-0.0973589 10
-0.0964552 10
-0.095374 7
-0.094765 3
-0.0935827 15
-0.0925723 8
-0.0915973 11
-0.0905217 8
-0.0893919 9
-0.0884166 9
-0.0874894 13
-0.0866082 8
-0.085438 8
-0.0845825 9
-0.0834104 7
-0.0826455 11
-0.0813862 12
-0.0804086 10
-0.0794928 16
-0.0784536 10
-0.0773647 10
-0.0764641 11
-0.0754947 11
-0.0744839 13
-0.0734944 14
-0.0724013 16
-0.0714135 7
-0.0705782 15
-0.0694043 8
-0.0684719 8
-0.0674819 8
-0.0664635 9
-0.0653673 15
-0.0643132 15
-0.0634711 8
-0.0624809 13
-0.0615519 14
-0.060729 10
-0.0595295 13
-0.0585304 10
-0.0575798 10
-0.0564889 7
-0.0554844 7
-0.054461 13
-0.0535262 12
-0.0523855 13
-0.0516213 6
-0.0504243 8
-0.0494501 13
-0.0484807 10
-0.0474731 12
-0.0465682 14
-0.0455438 11
-0.044391 8
-0.0435173 16
-0.0424864 9
-0.0415589 13
-0.0404368 10
-0.0394555 13
-0.0383417 9
-0.0375527 13
-0.0363961 10
-0.0353954 7
-0.0343988 7
-0.0335685 12
-0.0324069 11
-0.031493 11
-0.0304878 15
-0.0294276 11
-0.0284813 9
-0.0276162 10
-0.0263666 9
-0.0254853 11
-0.02441 13
-0.0235515 16
-0.0223942 13
-0.021541 8
-0.0205493 16
-0.0195678 12
-0.0186629 12
-0.0174989 9
-0.0166411 12
-0.0155212 15
-0.0145789 9
-0.0135233 11
-0.0123834 7
-0.0114774 13
-0.0104816 13
-0.00974192 13
-0.00857976 12
-0.00764384 9
-0.00644161 13
-0.00554603 15
-0.00437811 11
-0.00365713 6
-0.0024391 15
-0.00166455 4
-0.000472907 10
0.000402334 13
0.00142901 11
0.00265253 11
0.00340641 12
0.00435246 12
0.00547892 19
0.00645565 9
0.00730571 9
0.00841669 9
0.00932937 10
0.0104225 9
0.0114609 12
0.0125336 7
0.013473 11
0.014406 6
0.0155809 12
0.0165257 11
0.0176326 4
0.0184814 7
0.019418 6
0.0205609 6
0.021328 6
0.0226186 9
0.0234063 17
0.0246834 10
0.0255393 8
0.0264775 11
0.0274761 9
0.0284282 14
0.029493 11
0.0302729 9
0.0315279 10
0.0325654 11
0.0333858 12
0.0345261 14
0.0354981 8
0.0363839 13
0.0374029 10
0.038407 10
0.0393648 11
0.0404681 4
0.0414714 14
0.042319 9
0.0435268 8
0.0444997 9
0.0454697 14
0.0465126 12
0.0475197 10
0.0482519 7
0.0492949 6
0.0504408 12
0.0514587 11
0.0525299 14
0.053574 10
0.0543377 10
0.0556249 6
0.0564172 13
0.0574195 17
0.0585795 14
0.0593501 8
0.060442 14
0.0615306 17
0.0623826 10
0.0636854 9
0.064471 8
0.0655383 12
0.0665478 11
0.0673981 9
0.0686185 7
0.0696052 10
0.0704932 12
0.0714669 9
0.072348 8
0.0735475 13
0.0743189 11
0.075581 3
0.0765089 12
0.0775356 6
0.0784034 10
0.0794842 10
0.0804947 13
0.0813833 9
0.0824888 10
0.0836685 7
0.0844411 7
0.0852936 5
0.0863986 8
0.0875263 10
0.0886068 7
0.0893925 7
0.0903876 20
0.0913022 7
0.0924045 6
0.0934662 11
0.0943302 9
0.0953602 10
0.0965221 19
0.0974737 12
0.0984753 20
0.0994868 17
0.0999618 1
