-0.841851 2
-0.832177 1
0 0
0 0
0 0
0 0
0 0
-0.775935 1
0 0
0 0
0 0
0 0
-0.733495 1
-0.725182 1
0 0
0 0
0 0
-0.684967 1
0 0
-0.669502 1
-0.657004 2
-0.646634 1
0 0
0 0
-0.620311 1
-0.614007 1
-0.604514 1
0 0
0 0
-0.579845 2
-0.56788 1
-0.562511 2
-0.553653 4
-0.542979 2
-0.5354 2
-0.521615 1
-0.518346 2
0 0
-0.49697 3
0 0
-0.479165 3
-0.470734 3
-0.46526 3
-0.449418 1
-0.448215 1
-0.434184 1
-0.426395 3
-0.418363 5
-0.4074 7
-0.395856 2
-0.388996 5
-0.381356 3
-0.373101 8
-0.363212 3
-0.355158 6
-0.346003 9
-0.337712 8
-0.328388 9
-0.317724 11
-0.309999 11
-0.300181 14
-0.291261 11
-0.281949 8
-0.274704 9
-0.261539 6
-0.255547 15
-0.246876 19
-0.237605 10
-0.228355 21
-0.219364 18
-0.211247 28
-0.202662 23
-0.192331 24
-0.183725 18
-0.175404 27
-0.165971 31
-0.157183 36
-0.148277 35
-0.139685 43
-0.130103 43
-0.121468 59
-0.111902 44
-0.102911 56
-0.0940485 80
-0.0852211 73
-0.0762345 90
-0.0673644 71
-0.0582113 75
-0.0494225 108
-0.0399883 128
-0.0309232 154
-0.0226691 183
-0.0133059 229
-0.00209476 1060
0.00356813 657
0.0135174 331
0.0225152 311
0.0314626 279
0.0404968 269
0.0494956 253
0.0582048 181
0.0667089 193
0.0760336 171
0.0853417 128
0.0944708 96
0.103107 66
0.111881 49
0.121039 57
0.129698 39
0.138517 23
0.147802 12
0.15717 10
0.16608 12
0.174735 6
0.185668 6
0.193539 4
0.204185 3
0 0
0.221147 3
0.231689 2
0.233548 1
0.243565 1
0.25753 1
0 0
0.274072 2
0 0
0 0
0.298772 3
0 0
0 0
0.327315 1
0 0
0 0
0 0
0 0
0 0
0 0
0 0
0.403405 1
0.405595 2
0.419615 2
0.427112 2
0 0
0 0
0.451723 1
0 0
0.474171 1
0 0
0 0
0 0
0.506764 2
0 0
0 0
0 0
0 0
0 0
0 0
0 0
0.577736 2
0 0
0 0
0.606332 1
0.611216 1
0 0
0 0
0 0
0 0
0.661706 1
0 0
0.678958 1
0 0
0 0
0 0
0.712442 1
0 0
0.728989 1
0 0
0 0
0 0
0 0
0 0
0 0
0 0
0 0
0.815406 1
0 0
0 0
0 0
0 0
0 0
0 0
0 0
0 0
0 0
0 0
0 0
0 0
0 0
0 0
0 0
0.951168 1
