-0.326068 1
0 0
0 0
0 0
0 0
0 0
0 0
0 0
0 0
0 0
0 0
-0.28168 2
0 0
0 0
0 0
0 0
0 0
0 0
0 0
0 0
0 0
-0.241555 4
-0.238673 4
-0.233812 2
0 0
-0.225719 2
0 0
-0.217335 4
-0.213901 9
-0.209766 3
-0.206738 3
-0.203023 4
0 0
-0.195531 4
-0.192979 1
-0.186745 7
-0.182803 6
-0.180288 5
-0.175571 6
-0.171505 7
-0.167582 8
-0.16325 6
-0.160116 11
-0.155975 10
-0.151591 3
-0.147829 14
-0.14385 8
-0.140063 9
-0.13647 8
-0.132789 15
-0.129086 5
-0.124532 11
-0.121094 21
-0.117088 16
-0.112937 15
-0.108831 7
-0.10515 21
-0.101274 12
-0.0974323 19
-0.0934235 32
-0.0895602 38
-0.0858107 28
-0.0815553 30
-0.0777985 32
-0.0740222 35
-0.0700694 41
-0.0657251 31
-0.0622342 27
-0.0581599 35
-0.0540899 45
-0.0503634 39
-0.0466209 31
-0.0423218 28
-0.0383779 33
-0.0349792 26
-0.0306059 34
-0.0268023 42
-0.022744 39
-0.0190358 30
-0.0150243 45
-0.0112713 34
-0.00742232 42
-0.00318834 48
0.000280159 58
0.0047239 40
0.00861018 37
0.0117122 30
0.0163012 28
0.0201059 26
0.0239573 28
0.0280764 24
0.0318214 27
0.035749 39
0.0400313 30
0.043373 25
0.0473112 29
0.0513951 28
0.0552611 20
0.0590748 25
0.0629277 32
0.0670697 20
0.0711619 16
0.0749095 20
0.0789106 14
0.0823014 20
0.0869336 18
0.0905072 16
0.0946514 13
0.098252 15
0.10219 9
0.105924 6
0.110893 5
0.114008 14
0.117663 16
0.122415 12
0.126137 6
0.12991 8
0.132725 9
0.137065 8
0.14225 11
0.145161 6
0.149159 4
0.153243 5
0.157118 8
0.160648 6
0.165907 7
0.168387 7
0.173037 7
0.176839 4
0.180707 4
0.184282 11
0.188801 6
0.192822 3
0.195137 3
0.199842 10
0.204123 4
0.20893 7
0.211214 4
0.215725 3
0.220383 3
0.222964 3
0.227028 8
0.231178 3
0.235411 5
0.239097 3
0.243287 4
0.246195 4
0.250624 4
0.254627 5
0 0
0.262389 4
0.266338 4
0 0
0.272698 1
0 0
0.282254 3
0.287306 2
0.289446 4
0.294006 2
0.298382 4
0 0
0.307205 1
0.308988 1
0.314666 1
0 0
0.321845 2
0 0
0.330952 1
0.331232 1
0 0
0.342034 3
0.34284 1
0.347736 1
0 0
0 0
0.361244 1
0 0
0 0
0 0
0 0
0 0
0 0
0.386699 1
0 0
0 0
0 0
0.403483 1
0 0
0 0
0 0
0 0
0 0
0 0
0 0
0.433679 1
0 0
0 0
0 0
0 0
0 0
0.456204 1
