-0.248137 1
0 0
0 0
0 0
-0.234433 1
-0.228907 1
-0.22814 1
0 0
0 0
-0.217559 1
0 0
-0.210115 2
-0.208432 6
-0.205096 2
-0.201205 2
-0.196873 1
-0.193962 2
0 0
-0.187277 1
-0.184487 6
-0.181833 9
-0.17805 4
-0.174529 3
-0.171488 1
-0.168817 3
-0.165315 6
-0.162677 6
-0.15919 6
-0.155576 4
-0.153078 5
-0.150184 8
-0.146086 9
-0.143999 3
-0.140476 3
-0.136189 11
-0.133503 7
-0.130193 12
-0.12634 9
-0.123762 12
-0.12079 12
-0.117281 18
-0.113701 13
-0.1102 8
-0.107056 14
-0.104837 9
-0.100995 17
-0.0977319 19
-0.0943236 21
-0.0916427 17
-0.0882869 21
-0.0851877 18
-0.0821566 17
-0.0786779 18
-0.0748303 10
-0.0718369 23
-0.0690358 17
-0.0651686 23
-0.0621728 36
-0.0591457 20
-0.0557916 31
-0.0525333 30
-0.0491281 32
-0.0462997 23
-0.0426648 25
-0.0395545 34
-0.0366109 25
-0.0331838 28
-0.0298046 19
-0.0268234 29
-0.0233497 29
-0.0201503 30
-0.0171529 27
-0.0135493 22
-0.0107892 31
-0.00716699 26
-0.00396949 31
-0.000672346 35
0.00215448 26
0.00568407 31
0.00917137 27
0.012272 20
0.0151173 25
0.0184468 28
0.0217743 28
0.0248718 28
0.0281711 26
0.031563 32
0.0345055 23
0.0381445 21
0.0414169 26
0.0442393 30
0.0478439 23
0.0508008 19
0.0541589 23
0.057303 29
0.0605112 23
0.0642456 14
0.0671376 22
0.0699584 20
0.0730271 18
0.0769748 16
0.079776 18
0.0831061 19
0.0861434 12
0.089509 10
0.0932065 10
0.0961335 20
0.099247 12
0.102825 19
0.105864 20
0.108755 8
0.112337 14
0.1153 14
0.11895 16
0.121951 15
0.125001 12
0.128232 11
0.131836 16
0.134592 10
0.138198 10
0.141403 8
0.144241 3
0.147999 7
0.151363 7
0.154359 6
0.157341 8
0.160258 9
0.164556 10
0.166736 6
0.1704 3
0.173678 6
0.176915 7
0.179908 6
0.183774 8
0.185773 4
0.190249 11
0.193117 5
0.196789 6
0.199221 6
0.20325 5
0.205875 4
0.208934 6
0.212687 6
0.216334 2
0.218767 2
0.222054 5
0.224717 3
0.228079 4
0.232091 2
0.235813 2
0.238908 2
0.242617 3
0.244444 4
0.247927 5
0.250741 4
0 0
0.256398 1
0.261248 1
0 0
0.267115 2
0.271009 3
0.274921 1
0.277622 7
0.281169 1
0 0
0.286495 1
0.289656 1
0.293161 1
0.297619 3
0.298411 1
0.302658 1
0.307031 1
0 0
0.312452 1
0.315726 1
0.318931 1
0.321884 3
0.324551 1
0 0
0.331042 1
0.334281 1
0.339608 1
0.341956 1
0 0
0 0
0 0
0.354877 3
0.3589 1
0 0
0.364896 1
0 0
0 0
0 0
0.377025 1
0.382051 1
0 0
0 0
0.389784 1
0 0
0 0
0.398386 1
