-0.724314 2
0 0
0 0
0 0
0 0
-0.68072 1
0 0
0 0
0 0
0 0
0 0
0 0
0 0
0 0
0 0
-0.604748 1
-0.595932 1
0 0
0 0
-0.5728 3
-0.56643 3
0 0
-0.553327 1
-0.543883 1
-0.535843 1
-0.529126 1
-0.519302 4
-0.513203 1
-0.50318 1
-0.493716 1
-0.487774 4
-0.480435 4
0 0
-0.465977 1
-0.45577 1
-0.448973 3
-0.442489 4
-0.435617 2
-0.427478 3
-0.419609 2
-0.409511 4
-0.403192 4
-0.39645 4
-0.389245 5
-0.37993 7
-0.372665 10
-0.366928 2
-0.355592 6
-0.348505 4
-0.341436 8
-0.334091 7
-0.327045 12
-0.317337 13
-0.310113 15
-0.302927 11
-0.295423 16
-0.286563 10
-0.278618 10
-0.270922 12
-0.262853 10
-0.255857 13
-0.249247 11
-0.240308 17
-0.232796 25
-0.224698 15
-0.216997 17
-0.208763 27
-0.201807 28
-0.19331 22
-0.186103 29
-0.177492 29
-0.170708 18
-0.162448 26
-0.154439 39
-0.147262 38
-0.139504 45
-0.131057 40
-0.1239 61
-0.116257 73
-0.108162 71
-0.100255 53
-0.0921773 108
-0.0850785 110
-0.0772677 116
-0.0695671 125
-0.0617991 126
-0.0536218 137
-0.0458854 164
-0.0383939 165
-0.0304678 177
-0.0228094 212
-0.015011 165
-0.00730354 248
0.000300594 474
0.00807407 322
0.0160908 261
0.0238186 290
0.0313062 313
0.039123 281
0.0469015 273
0.0547963 227
0.0625819 161
0.070518 172
0.0781293 179
0.0856767 143
0.0928495 99
0.101299 58
0.108397 21
0.116503 32
0.12474 9
0.132298 12
0.140685 6
0.146304 8
0.156286 1
0.164362 5
0.167983 1
0 0
0 0
0.193418 1
0.202207 2
0.211515 2
0.216538 2
0 0
0.235894 1
0.237673 1
0 0
0 0
0 0
0.275431 1
0.281836 2
0 0
0 0
0 0
0 0
0 0
0 0
0.333558 2
0 0
0 0
0 0
0.364753 2
0 0
0 0
0.386777 2
0 0
0 0
0 0
0 0
0 0
0 0
0.44407 1
0 0
0 0
0 0
0 0
0 0
0.48803 1
0 0
0.505399 1
0.515799 1
0 0
0 0
0 0
0.545292 1
0 0
0 0
0 0
0.576471 2
0 0
0 0
0.600865 1
0 0
0 0
0 0
0 0
0.639776 1
0 0
0 0
0.658972 1
0 0
0 0
0 0
0 0
0 0
0 0
0 0
0 0
0 0
0 0
0.750228 1
0 0
0 0
0 0
0 0
0 0
0 0
0 0
0 0
0 0
0 0
0.827998 1
