-0.0977066 1
0 0
0 0
0 0
0 0
0 0
0 0
-0.0900779 1
0 0
0 0
0 0
0 0
0 0
0 0
0 0
0 0
-0.0819937 1
0 0
-0.0793712 1
0 0
-0.0777562 1
0 0
0 0
0 0
0 0
0 0
0 0
0 0
0 0
0 0
0 0
0 0
0 0
0 0
0 0
0 0
0 0
0 0
0 0
-0.0590841 1
0 0
0 0
0 0
0 0
-0.0536924 1
0 0
0 0
0 0
0 0
0 0
0 0
0 0
0 0
0 0
0 0
0 0
0 0
0 0
0 0
0 0
0 0
0 0
-0.0366491 1
0 0
0 0
0 0
0 0
0 0
0 0
0 0
0 0
0 0
-0.0265954 1
0 0
0 0
0 0
0 0
0 0
0 0
0 0
0 0
0 0
0 0
0 0
-0.0149781 1
0 0
0 0
0 0
0 0
0 0
0 0
0 0
0 0
0 0
0 0
0 0
0 0
0 0
0 0
0 0
0 0
0 0
0 0
0 0
0 0
0 0
0.0069767 1
0 0
0 0
0 0
0 0
0 0
0 0
0.0129998 1
0 0
0 0
0 0
0 0
0 0
0 0
0 0
0 0
0 0
0 0
0 0
0 0
0 0
0 0
0 0
0 0
0 0
0 0
0 0
0 0
0 0
0 0
0 0
0 0
0 0
0 0
0 0
0 0
0 0
0 0
0 0
0 0
0 0
0 0
0 0
0 0
0 0
0 0
0 0
0 0
0 0
0 0
0 0
0 0
0 0
0 0
0.0589725 1
0 0
0 0
0.0617919 1
0 0
0 0
0 0
0 0
0.0674696 1
0 0
0 0
0 0
0 0
0 0
0 0
0 0
0 0
0 0
0 0
0 0
0 0
0 0
0 0
0 0
0 0
0 0
0 0
0.0862126 1
0 0
0 0
0 0
0 0
0 0
0 0
0 0
0 0
0 0
0 0
0.0965559 1
0 0
0.0979681 1
