-0.0995156 144
-0.0985051 146
-0.097487 147
-0.0965161 132
-0.0955297 164
-0.0944873 149
-0.0935064 138
-0.0925043 135
-0.0914628 168
-0.090486 147
-0.0894911 168
-0.0884698 138
-0.0874934 127
-0.0864641 176
-0.0855394 133
-0.08455 153
-0.0834987 148
-0.0825003 142
-0.0814824 150
-0.0804665 178
-0.0794705 115
-0.0784882 155
-0.0774734 128
-0.0764962 147
-0.0754984 138
-0.0745008 136
-0.0734907 148
-0.0724714 134
-0.07145 133
-0.070482 138
-0.0695162 154
-0.068476 135
-0.0674875 123
-0.0664843 137
-0.0654762 134
-0.064522 136
-0.0635112 152
-0.0624786 139
-0.0615357 126
-0.0605269 144
-0.0595231 143
-0.0585083 139
-0.0575028 131
-0.0564806 120
-0.0555014 149
-0.0544976 147
-0.0534981 141
-0.0525222 150
-0.0514906 133
-0.0504809 140
-0.0495165 146
-0.048472 130
-0.0475098 143
-0.0464878 160
-0.045533 135
-0.0444966 166
-0.0435243 151
-0.0425351 140
-0.0414873 149
-0.0405128 139
-0.0394773 161
-0.0385281 133
-0.0374887 141
-0.0365064 178
-0.0355445 141
-0.0345266 142
-0.0335106 144
-0.032504 146
-0.0314962 140
-0.0305184 147
-0.0295396 147
-0.0284975 147
-0.0274515 155
-0.026521 140
-0.0255057 138
-0.0245563 130
-0.0234772 136
-0.0224659 147
-0.0214973 132
-0.0204763 144
-0.019473 129
-0.0185112 152
-0.017509 134
-0.0165132 147
-0.0154509 118
-0.0145096 140
-0.0135426 146
-0.0125303 134
-0.0115443 127
-0.0104879 147
-0.00953088 129
-0.00843847 132
-0.00749526 146
-0.0065067 146
-0.00546608 142
-0.00445323 158
-0.00347749 129
-0.0024549 135
-0.00156664 132
-0.000488647 129
0.000451159 136
0.00148145 140
0.00250763 135
0.00348424 135
0.00453179 143
0.00549727 130
0.00648058 141
0.00750521 146
0.00850901 157
0.00949422 137
0.0105 129
0.0114898 144
0.0125158 163
0.0134689 152
0.0144777 139
0.0154986 131
0.0164769 131
0.0174461 136
0.0185288 133
0.0194992 138
0.0204968 149
0.021531 129
0.0224411 133
0.0234792 137
0.0244566 144
0.0255279 154
0.0264716 120
0.0274758 145
0.0285146 120
0.0295111 130
0.0304988 152
0.0315353 133
0.0325375 130
0.033508 139
0.0344646 129
0.0354955 144
0.0365649 125
0.0374622 142
0.0385219 157
0.0394519 116
0.0404866 127
0.0414861 139
0.0424567 127
0.0434983 131
0.04454 132
0.0455258 129
0.0465046 144
0.0475092 135
0.0484941 140
0.0495191 150
0.0504895 162
0.0514995 152
0.0525158 147
0.0535092 117
0.0545168 143
0.0555366 124
0.0565033 145
0.0574831 140
0.0584946 139
0.0594367 121
0.0605055 141
0.0614741 158
0.0624924 125
0.0634823 132
0.0645164 147
0.0655094 160
0.066493 149
0.0675071 130
0.0684948 128
0.0695236 117
0.0705211 139
0.0714706 148
0.0724783 129
0.0735239 161
0.0744842 146
0.075515 144
0.0764979 155
0.0775954 153
0.078509 148
0.0795106 137
0.0804779 161
0.0814905 160
0.0824941 138
0.0834942 140
0.0844796 150
0.0854697 133
0.086482 159
0.0875069 154
0.0884995 140
0.0895186 153
0.0904686 131
0.091503 153
0.0925245 128
0.0934789 153
0.0945202 150
0.0955082 138
0.0965069 138
0.0975133 161
0.0984949 142
0.0995191 130
0.0999932 1
