-0.0968824 1
-0.0950925 1
-0.0943051 2
-0.0936876 3
-0.0926818 1
-0.0915654 1
-0.0902817 2
-0.0898113 2
0 0
-0.0876164 4
-0.0864679 1
-0.0857936 4
0 0
0 0
-0.0824714 2
-0.081673 1
-0.0809046 1
-0.0800681 3
-0.0786127 1
-0.0778748 3
-0.0767596 2
-0.0754653 1
-0.0746129 2
-0.0743271 1
-0.0730337 2
0 0
0 0
-0.0702481 2
-0.0690018 1
-0.0681352 2
-0.0668523 4
-0.0657508 1
-0.0652703 2
-0.0635875 1
-0.0628975 3
0 0
-0.0615088 1
-0.0599957 2
-0.0593326 2
-0.0579221 2
-0.0569061 1
0 0
-0.0551194 1
-0.0541314 2
-0.0529709 1
-0.052401 1
-0.0515394 2
-0.0499111 1
-0.0496408 1
-0.0485623 1
-0.0474422 6
-0.0466479 2
0 0
0 0
-0.0433898 2
-0.042511 1
0 0
-0.0407139 1
-0.0397944 1
-0.0384042 2
-0.0377554 3
-0.0364438 1
0 0
-0.034594 2
0 0
-0.032909 1
-0.0312307 1
-0.0306963 3
-0.0295819 2
-0.0288968 1
-0.0279651 4
0 0
0 0
0 0
-0.0237351 2
0 0
-0.0215128 1
-0.0208813 2
-0.0201437 1
-0.0188867 3
-0.0177987 3
-0.0174073 1
-0.0160064 1
-0.0151189 1
-0.014101 3
-0.0127304 2
0 0
-0.0106586 1
-0.0104273 1
-0.00881034 1
-0.00786213 2
-0.00725484 2
-0.00605095 2
0 0
-0.00453605 3
-0.00337534 2
-0.00219575 2
0 0
-0.00029871 1
0 0
0 0
0 0
0.00400437 1
0.00440476 1
0.0055953 3
0.00684649 2
0.00751494 1
0.00823032 4
0.00990335 2
0.0103807 2
0.0116855 1
0 0
0.0133795 1
0.0147605 1
0 0
0.0163194 3
0 0
0.0181566 2
0 0
0.0204248 3
0.0207772 1
0.0221428 3
0.0234367 1
0.0239633 1
0 0
0.0265061 4
0.0274033 1
0.0283731 2
0.029045 2
0.0303759 1
0.030886 3
0.0321055 2
0.0333347 1
0 0
0 0
0.0359935 1
0 0
0 0
0.0389299 2
0.0401475 1
0.0407644 2
0.0419839 1
0 0
0.0438815 2
0 0
0.0460708 2
0 0
0.0477814 2
0.0484172 1
0.0496419 2
0.0508431 2
0 0
0 0
0.0535115 3
0 0
0.0555722 2
0 0
0.0571508 1
0.0585211 2
0.0594377 2
0 0
0.0615953 2
0 0
0.0632121 1
0 0
0 0
0.0662996 2
0.0673532 2
0.0687431 1
0 0
0.0698248 1
0 0
0 0
0.073136 1
0.0742133 2
0 0
0 0
0.0771338 2
0.078087 2
0.0789662 1
0.079875 1
0.0806768 2
0.0820816 2
0.0830617 2
0.0844482 1
0.0849155 1
0.0855592 2
0.0865498 2
0 0
0.0886878 2
0.0899688 1
0.0907909 1
0 0
0.0932813 1
0.0934906 1
0 0
0 0
0.0965122 3
0.098015 1
0.0989326 1
0.0991676 1
