-0.0996153 5
-0.098465 15
-0.0974263 3
-0.0964977 12
-0.0954882 14
-0.0944781 6
-0.0936489 10
-0.0924942 5
-0.0914879 3
-0.0904521 11
-0.0897482 11
-0.0885053 13
-0.0874977 6
-0.0864668 12
-0.0853802 10
-0.0844333 12
-0.083354 13
-0.0825016 2
-0.0815468 16
-0.0803499 7
-0.0793569 7
-0.0784918 7
-0.0773532 10
-0.0764938 8
-0.0755526 10
-0.0744061 8
-0.0733577 14
-0.0725674 13
-0.07139 10
-0.0705814 12
-0.069375 10
-0.06844 9
-0.067569 16
-0.0664751 8
-0.0655334 10
-0.0645537 12
-0.0637028 14
-0.0624386 8
-0.0614053 11
-0.0606253 10
-0.0595063 14
-0.0585748 14
-0.0577651 8
-0.0564957 15
-0.0554364 15
-0.0546212 8
-0.0536105 17
-0.0523634 4
-0.0514932 12
-0.0505649 12
-0.0496962 12
-0.0487363 5
-0.0476097 13
-0.0464919 18
-0.0455519 10
-0.0447089 8
-0.0436245 9
-0.0425344 7
-0.0415011 8
-0.0404705 9
-0.039539 13
-0.0385262 10
-0.0374523 7
-0.036638 10
-0.0355279 12
-0.0345608 6
-0.0335227 6
-0.032467 11
-0.0316241 12
-0.0304139 13
-0.0296864 9
-0.0284474 8
-0.0276259 10
-0.0266458 14
-0.0255973 12
-0.0245471 4
-0.0235403 10
-0.02236 5
-0.0216573 6
-0.0206271 10
-0.0195438 8
-0.0186273 13
-0.0175211 15
-0.0166599 17
-0.0155769 13
-0.0145525 13
-0.0135537 12
-0.01261 8
-0.0116919 13
-0.010561 12
-0.00947453 9
-0.00852172 13
-0.00760172 13
-0.00651533 10
-0.00555008 11
-0.00473684 11
-0.00349407 10
-0.00264717 13
-0.0016792 10
-0.000501448 10
0.000542337 11
0.00139903 14
0.00225837 9
0.00336843 13
0.00436806 9
0.00535257 11
0.00626387 14
0.00744558 11
0.00833264 13
0.00940097 9
0.0104604 6
0.0113604 11
0.0123308 10
0.0133975 9
0.0142022 9
0.0151581 9
0.0163483 9
0.0174609 10
0.0183344 8
0.019402 9
0.0203529 9
0.0212925 10
0.0223635 7
0.0233137 9
0.0244774 9
0.0252055 11
0.0263336 19
0.027373 11
0.0283162 15
0.0294946 9
0.030363 14
0.0313108 16
0.0323223 11
0.0331521 10
0.0342185 8
0.0353174 10
0.0361233 9
0.0373144 14
0.038269 13
0.0392567 10
0.0403661 10
0.0412115 5
0.042347 13
0.0434724 10
0.0443704 10
0.0452271 10
0.046274 7
0.047338 11
0.0482422 12
0.04932 10
0.0502379 11
0.0511358 8
0.0523569 19
0.0531609 11
0.0543519 11
0.0552165 10
0.0564736 6
0.0571962 6
0.0581379 10
0.0592284 12
0.0603227 11
0.0611605 16
0.0623623 13
0.0633557 11
0.0641911 14
0.0654153 6
0.0662934 11
0.0670165 7
0.0683927 16
0.0691075 9
0.0702881 9
0.0711679 8
0.0720813 16
0.0732504 16
0.0741955 11
0.0752659 14
0.0762915 14
0.0772043 8
0.0782279 14
0.0791352 12
0.0802027 10
0.081264 8
0.0822503 12
0.08326 13
0.0841629 12
0.0852268 15
0.0860908 13
0.0872023 9
0.0882734 8
0.0891797 10
0.0900521 14
0.0912364 12
0.0920713 8
0.0931715 15
0.0942967 7
0.0953918 10
0.0961177 9
0.0971185 9
0.0979946 5
0.0990378 13
0.0997046 1
