-0.0994558 30
-0.0984827 29
-0.0974621 36
-0.0965151 25
-0.0954601 30
-0.0944619 44
-0.0935489 34
-0.0925477 30
-0.0915685 33
-0.0904215 37
-0.0895062 23
-0.0884509 34
-0.0874489 35
-0.0864433 35
-0.0854389 40
-0.0844491 25
-0.0834759 34
-0.0824811 36
-0.0814336 38
-0.0805231 22
-0.0794245 30
-0.0784993 24
-0.0775805 37
-0.0765549 23
-0.0756427 19
-0.0744733 27
-0.0735285 37
-0.0724943 37
-0.0714491 25
-0.0704871 30
-0.0695235 27
-0.0684936 21
-0.0674916 30
-0.0665969 27
-0.0653965 36
-0.0644578 48
-0.0635045 24
-0.0624622 31
-0.0615014 25
-0.060419 38
-0.0595118 29
-0.058538 37
-0.057569 32
-0.05652 37
-0.0555314 25
-0.0544626 42
-0.0534648 36
-0.0524746 28
-0.0515468 32
-0.0505373 25
-0.0495352 30
-0.0484936 39
-0.047438 21
-0.0463518 26
-0.0454234 29
-0.0444749 34
-0.0434735 28
-0.0424943 40
-0.0414515 28
-0.0405349 28
-0.0393975 42
-0.0385238 25
-0.0375414 35
-0.0364254 42
-0.0355972 32
-0.0345187 38
-0.0335555 28
-0.0326081 38
-0.031511 33
-0.03043 30
-0.0295753 23
-0.0284184 35
-0.0274571 36
-0.0265411 37
-0.0254456 32
-0.0245295 36
-0.0234277 28
-0.0225941 30
-0.0214819 24
-0.0204937 36
-0.0195306 32
-0.0184925 30
-0.017475 36
-0.0165233 37
-0.0154667 39
-0.014535 29
-0.0134691 33
-0.0124231 35
-0.0113761 29
-0.0104973 33
-0.00950536 40
-0.00841594 24
-0.00756021 33
-0.00643239 33
-0.0055632 33
-0.00454843 29
-0.00356081 25
-0.0026426 38
-0.00146633 31
-0.000508837 27
0.000395329 30
0.00144997 22
0.00251607 26
0.00348967 24
0.00446973 29
0.00548067 31
0.00643797 33
0.00751346 26
0.00853176 27
0.00946156 22
0.0104662 12
0.0114581 37
0.0124341 34
0.013475 29
0.0145402 18
0.0154966 35
0.0164517 30
0.0175367 34
0.0185004 38
0.0195245 32
0.0204362 22
0.0215419 41
0.0225143 41
0.023508 38
0.0244867 34
0.0254964 24
0.0264602 26
0.0274916 28
0.0285125 30
0.029472 22
0.0305315 33
0.0314958 28
0.032493 32
0.0334895 32
0.0344741 31
0.0355462 19
0.0365015 33
0.0375156 35
0.0385731 31
0.0394573 41
0.0405665 23
0.041612 29
0.0425229 21
0.0435075 30
0.0444498 38
0.0455073 36
0.0464509 20
0.0474445 33
0.0485008 31
0.0495548 19
0.0505871 28
0.0514739 34
0.0524563 32
0.0534639 21
0.0544597 27
0.0554691 28
0.0565756 27
0.0574201 38
0.0585115 27
0.0594971 26
0.0604426 35
0.061409 33
0.0625762 26
0.0634679 33
0.0644665 41
0.0655541 34
0.0665132 27
0.0675043 34
0.0684579 24
0.0694994 26
0.0705081 32
0.0714859 31
0.0724284 27
0.0734915 28
0.0744512 33
0.0754925 23
0.0764826 42
0.0775368 32
0.0785154 29
0.0795036 23
0.0805125 30
0.0815035 29
0.0823775 21
0.0834687 29
0.0845574 17
0.0855006 30
0.0864383 33
0.0875183 26
0.0885069 46
0.0895095 34
0.0904496 34
0.0914735 35
0.0924379 36
0.0935035 34
0.0944546 32
0.0955223 31
0.096491 31
0.0974995 29
0.0985639 38
0.0995983 30
0.0999816 1
