-0.0995292 16
-0.0982842 9
-0.0974107 12
-0.0964296 9
-0.0954881 9
-0.0942618 3
-0.0934986 12
-0.092372 11
-0.0914939 14
-0.0905068 8
-0.0893778 9
-0.0884262 15
-0.0874887 10
-0.0866109 22
-0.085435 6
-0.08455 9
-0.0835031 17
-0.0825915 9
-0.0814845 9
-0.0803806 12
-0.0796675 9
-0.0783394 11
-0.0774022 17
-0.0764941 11
-0.0754824 13
-0.074553 10
-0.0735347 13
-0.072458 12
-0.0714578 9
-0.0705458 15
-0.0695264 7
-0.0682639 3
-0.0675664 16
-0.066418 8
-0.0655285 6
-0.0644807 10
-0.0634279 16
-0.0624359 13
-0.0613815 15
-0.0604237 15
-0.0595127 13
-0.0584614 5
-0.0574862 11
-0.0564942 8
-0.055406 12
-0.0543758 9
-0.053547 9
-0.052528 12
-0.0513813 10
-0.0505364 14
-0.049686 13
-0.0484379 9
-0.0474543 15
-0.0464856 10
-0.0455685 8
-0.0445811 9
-0.0434951 12
-0.0424663 7
-0.0415203 11
-0.0405718 8
-0.0396748 5
-0.0385123 10
-0.0375541 11
-0.0364125 14
-0.0354964 14
-0.0344371 8
-0.033462 8
-0.0325186 16
-0.0314404 11
-0.0305213 7
-0.0293826 9
-0.028418 14
-0.0275208 12
-0.0263242 9
-0.0254821 8
-0.0246347 9
-0.0234366 12
-0.0227548 8
-0.0215189 3
-0.0205584 6
-0.0194822 9
-0.0184597 10
-0.017268 3
-0.0165145 7
-0.0155933 13
-0.0145064 7
-0.0135117 11
-0.0123514 8
-0.011534 9
-0.0104581 7
-0.00956203 9
-0.0083927 9
-0.0074828 5
-0.00632469 11
-0.00562025 12
-0.00458967 11
-0.00360683 10
-0.00241838 11
-0.00140383 9
-0.000585671 10
0.000604742 9
0.0013529 5
0.00248624 14
0.00347307 14
0.00452792 10
0.00539008 10
0.00651059 5
0.00751655 12
0.0084908 15
0.00948027 16
0.0105861 9
0.0117133 7
0.0124082 8
0.0135024 11
0.0145919 14
0.0156405 11
0.0165496 10
0.0175843 12
0.0183603 12
0.0194776 15
0.0203983 6
0.0215009 10
0.0225216 12
0.0234679 5
0.0243979 3
0.0256305 10
0.0263884 14
0.0275855 8
0.0283948 10
0.0294637 15
0.030549 13
0.0314746 15
0.0325393 8
0.0334862 8
0.034655 9
0.0355871 11
0.0364384 9
0.0374289 8
0.0384029 12
0.0396114 16
0.0406764 12
0.0415428 11
0.0425138 11
0.0434352 6
0.0444539 10
0.0453702 8
0.0465772 13
0.0475145 12
0.0484407 13
0.0495135 8
0.0505231 14
0.0514093 8
0.0525747 17
0.05337 8
0.0545294 14
0.0554758 4
0.0565871 9
0.0575224 14
0.0584602 12
0.0593554 7
0.0605631 9
0.0613754 13
0.0623134 10
0.0635541 11
0.0643975 9
0.0655147 16
0.0665801 13
0.0675175 12
0.068442 13
0.0696027 5
0.0704687 10
0.0715032 11
0.0725209 9
0.0735243 16
0.0744145 8
0.0755021 12
0.0764592 12
0.0774053 10
0.0785196 9
0.0794514 11
0.0806144 10
0.0813432 9
0.0825059 12
0.083582 17
0.0845027 13
0.0854875 14
0.0866358 6
0.0875301 9
0.0885562 7
0.0896055 6
0.0905733 11
0.0914845 12
0.0923627 8
0.0933429 10
0.0945021 9
0.0954127 11
0.0963302 11
0.0974329 9
0.098417 8
0.0993807 6
0.0999913 1
