-0.099494 28
-0.0984451 41
-0.0973948 26
-0.0964923 28
-0.0955078 26
-0.0944836 31
-0.0934632 31
-0.0924519 26
-0.0914651 28
-0.0905242 25
-0.0894881 34
-0.0884668 26
-0.0874897 31
-0.0864793 25
-0.0855912 30
-0.0845197 39
-0.0834462 38
-0.0825152 27
-0.0815502 27
-0.0804899 30
-0.0795117 32
-0.0784534 27
-0.0775244 37
-0.0764735 39
-0.0755626 31
-0.0745349 27
-0.0735153 30
-0.0724621 34
-0.0714764 31
-0.0704661 31
-0.0695548 35
-0.0685201 20
-0.067426 26
-0.0665125 29
-0.0654775 30
-0.0643684 27
-0.0634912 24
-0.0625956 31
-0.0615305 35
-0.0603764 23
-0.0594821 36
-0.0585683 40
-0.0575608 27
-0.0565468 32
-0.0555186 36
-0.0544605 32
-0.05348 25
-0.0524571 21
-0.0514606 22
-0.0504442 30
-0.049553 33
-0.0484962 31
-0.0475287 26
-0.0464886 24
-0.0455116 27
-0.0445526 34
-0.0434865 24
-0.0424307 36
-0.0414769 31
-0.0405396 31
-0.0396009 26
-0.0384263 31
-0.0374735 45
-0.036469 26
-0.0355174 38
-0.0344444 27
-0.0334954 28
-0.0324849 32
-0.0315688 23
-0.0305352 29
-0.0294794 30
-0.028387 31
-0.0274967 35
-0.026511 39
-0.0254171 30
-0.0244263 36
-0.0234924 40
-0.022513 38
-0.0215684 33
-0.0205409 36
-0.0195124 30
-0.0184525 39
-0.0175791 29
-0.016469 26
-0.0154485 25
-0.0145412 29
-0.0135624 32
-0.0125233 38
-0.0114303 25
-0.0104023 21
-0.00953767 24
-0.0084831 37
-0.00745591 20
-0.00646384 39
-0.00548237 26
-0.00452768 33
-0.00348638 32
-0.00249878 30
-0.00150883 36
-0.000461855 31
0.000518214 31
0.00159286 22
0.0026309 22
0.00342185 23
0.00452928 35
0.00555106 30
0.00648026 40
0.00751027 22
0.00849313 28
0.00953829 36
0.0105503 30
0.0114674 41
0.0125061 21
0.0134367 34
0.0145398 39
0.0154973 44
0.0164751 34
0.0175575 31
0.018504 32
0.0193986 37
0.0204602 29
0.0215002 29
0.0224553 29
0.0235074 32
0.0245769 32
0.025546 35
0.0264733 32
0.0275291 23
0.0285357 33
0.0294362 25
0.0304938 25
0.0315024 30
0.0325483 36
0.0334613 36
0.0344865 31
0.0355124 29
0.0364327 35
0.0374822 30
0.0384176 40
0.0394783 28
0.0405814 31
0.041564 36
0.0425516 31
0.0435283 35
0.0444497 28
0.0454343 26
0.0465006 32
0.0475001 41
0.0484135 26
0.0495033 24
0.050529 34
0.0515909 30
0.0525003 24
0.0535196 25
0.0545809 28
0.0554851 34
0.0564261 30
0.057519 31
0.0585275 37
0.0594469 25
0.0605254 23
0.0614483 27
0.0626253 27
0.0635384 26
0.0644931 21
0.0655333 40
0.0665782 23
0.0674309 33
0.0684674 26
0.0695055 33
0.070441 21
0.0715739 33
0.0725109 31
0.0735528 25
0.0745283 23
0.0755154 31
0.0764973 24
0.0774958 34
0.0784747 38
0.0794607 38
0.0804445 32
0.0816058 33
0.0824619 37
0.0835817 30
0.0845994 19
0.0855724 46
0.0865574 35
0.087512 22
0.0884162 37
0.0894843 41
0.0904865 39
0.0915687 25
0.0925211 39
0.0935505 26
0.0946329 41
0.095572 27
0.0965395 27
0.0975759 38
0.0984534 28
0.0995422 36
0.0999946 1
