-0.764313 2
0 0
0 0
-0.731789 1
-0.721638 1
0 0
-0.706421 1
0 0
0 0
0 0
0 0
0 0
0 0
0 0
-0.63021 1
0 0
0 0
-0.607213 1
-0.592799 1
-0.585637 1
-0.574742 1
0 0
0 0
0 0
-0.541902 1
-0.53355 2
-0.522722 2
0 0
-0.508029 2
-0.496033 5
-0.48603 4
-0.47702 4
-0.468256 5
-0.457277 3
-0.450541 5
0 0
-0.43332 1
-0.422096 2
-0.411873 6
-0.402638 6
-0.394463 4
-0.384945 6
-0.377118 3
-0.366951 10
-0.356764 6
-0.348065 6
-0.339448 10
-0.33155 6
-0.320491 6
-0.311874 15
-0.301978 14
-0.292767 13
-0.283621 17
-0.275004 7
-0.264309 18
-0.255003 14
-0.247474 18
-0.237305 16
-0.228494 21
-0.218868 24
-0.210096 30
-0.200824 18
-0.19125 24
-0.182002 21
-0.173169 38
-0.163949 25
-0.154634 41
-0.14495 38
-0.136192 45
-0.126855 53
-0.117677 57
-0.108466 53
-0.0987558 64
-0.0898256 76
-0.0812798 69
-0.0720266 84
-0.062493 82
-0.0531648 106
-0.0443605 121
-0.0344003 123
-0.025556 197
-0.0160872 220
-0.00663144 423
0.000895221 1207
0.0110785 386
0.0203491 306
0.0292275 270
0.0387518 278
0.0478175 252
0.0570556 200
0.0661067 219
0.0753685 160
0.0844992 145
0.0937068 112
0.102766 71
0.112299 55
0.121881 47
0.130492 36
0.14008 30
0.148229 28
0.15831 8
0.167442 6
0.177635 4
0.18678 3
0.196723 4
0.203142 3
0.213479 2
0.222352 2
0.23324 2
0.238208 4
0.246757 1
0.259961 2
0 0
0.273723 1
0.28279 1
0.296874 2
0.304771 2
0.310531 1
0.328013 2
0.332427 1
0 0
0.352435 2
0.358368 1
0.370755 2
0 0
0.385373 1
0.397073 1
0 0
0.418348 1
0 0
0.435413 1
0 0
0.456802 1
0 0
0.475158 2
0.484433 1
0 0
0.498901 1
0 0
0 0
0 0
0 0
0 0
0 0
0 0
0 0
0.582833 1
0 0
0 0
0.610735 1
0 0
0 0
0.638447 1
0 0
0.658334 1
0 0
0 0
0 0
0 0
0 0
0.709854 1
0 0
0 0
0 0
0 0
0 0
0 0
0 0
0 0
0.7948 1
0 0
0 0
0 0
0 0
0 0
0 0
0 0
0 0
0 0
0 0
0 0
0.908049 1
0 0
0 0
0 0
0 0
0 0
0 0
0 0
0 0
0 0
0 0
0 0
0 0
0 0
0 0
0 0
0 0
0 0
0 0
1.07485 1
