-0.265096 1
0 0
0 0
-0.252404 1
0 0
0 0
0 0
0 0
0 0
0 0
-0.229866 1
-0.228603 1
-0.223002 2
0 0
0 0
0 0
-0.210709 2
0 0
-0.202912 3
-0.200336 5
-0.196983 4
-0.192814 1
-0.190215 5
-0.186722 1
-0.18368 5
-0.180157 6
-0.177338 3
-0.173496 5
-0.170475 2
-0.167172 4
-0.163805 6
-0.160663 7
-0.157608 9
-0.153569 7
-0.150234 8
-0.148262 4
-0.1443 12
-0.141016 12
-0.137146 4
-0.133499 8
-0.13096 6
-0.127776 11
-0.124343 19
-0.120095 10
-0.117724 11
-0.11438 12
-0.110706 8
-0.107306 14
-0.103996 15
-0.100928 27
-0.0975389 18
-0.0942304 9
-0.0906065 24
-0.0877179 20
-0.0839788 23
-0.0812269 18
-0.0776302 19
-0.0745492 28
-0.07091 20
-0.0677464 19
-0.0643743 17
-0.061145 23
-0.0576679 16
-0.0544964 27
-0.0510628 23
-0.0480391 23
-0.044327 28
-0.0412427 23
-0.0378536 23
-0.0346862 24
-0.0310858 29
-0.0277947 35
-0.024697 28
-0.0211422 26
-0.0177404 27
-0.0146932 34
-0.0114169 29
-0.00770417 30
-0.00446143 29
-0.00135715 47
0.00188738 47
0.00521214 23
0.00855358 29
0.0119005 31
0.0151894 18
0.0185243 28
0.0219486 23
0.0252654 26
0.0286545 27
0.0319529 25
0.0354742 28
0.038396 26
0.0418032 18
0.0450123 16
0.0489084 29
0.0514261 30
0.0550633 23
0.0587465 18
0.0615309 21
0.0648943 15
0.0678286 16
0.0716433 11
0.0748979 22
0.0784321 23
0.0816122 14
0.0845717 12
0.0881191 14
0.0914478 18
0.0944294 23
0.0980767 13
0.101335 16
0.104898 18
0.108094 16
0.111122 21
0.114957 22
0.118082 10
0.12125 15
0.125197 11
0.12821 12
0.131356 11
0.135076 12
0.13829 13
0.141483 10
0.144307 7
0.147814 14
0.15201 9
0.154429 9
0.15757 9
0.160953 11
0.164252 7
0.167269 9
0.170782 5
0.174676 6
0.177734 7
0.181517 3
0.183833 4
0.188042 5
0.191012 6
0.194108 5
0.197024 4
0.200948 5
0.204549 6
0.206973 4
0.210666 7
0.213606 2
0.217463 2
0.220259 6
0.224618 5
0.22757 1
0.231264 5
0.233781 3
0 0
0.241844 3
0.243268 3
0.247387 5
0 0
0.254111 2
0.257778 2
0.25997 2
0.263281 1
0.266548 3
0 0
0.273405 3
0.276519 2
0.281848 1
0.282858 1
0.288204 1
0.291858 3
0.292486 1
0.297162 3
0.299387 1
0 0
0 0
0.311246 2
0.312825 2
0 0
0.321666 1
0.323565 2
0 0
0.328845 1
0.334276 1
0.33616 3
0.340213 1
0 0
0.345801 1
0 0
0 0
0.357707 1
0 0
0 0
0.368319 1
0.369151 1
0.372397 1
0 0
0 0
0.383258 1
0.385104 1
0.39155 1
0 0
0 0
0.398299 1
