-0.647761 1
-0.634939 1
0 0
0 0
0 0
0 0
0 0
-0.594769 1
0 0
0 0
0 0
0 0
-0.559498 2
-0.553527 1
0 0
0 0
0 0
-0.522297 1
-0.516241 1
-0.507524 1
-0.504455 1
-0.497301 2
-0.486853 1
0 0
-0.476457 2
-0.466465 1
-0.462729 1
-0.453042 4
-0.446537 2
-0.439037 5
-0.432717 3
-0.42498 3
-0.41885 3
-0.410947 1
-0.403156 7
-0.397911 3
-0.390132 9
-0.381572 5
-0.375612 7
-0.369765 5
-0.362204 5
-0.354899 10
-0.348509 5
-0.340003 14
-0.333919 5
-0.325721 7
-0.319983 9
-0.312926 7
-0.304813 12
-0.298993 10
-0.291955 13
-0.284351 19
-0.276722 15
-0.270579 16
-0.262481 19
-0.256681 17
-0.249434 17
-0.241423 19
-0.235114 13
-0.227775 15
-0.220739 19
-0.213454 15
-0.206003 15
-0.199236 19
-0.192801 20
-0.185356 25
-0.178619 29
-0.170882 37
-0.163775 24
-0.157137 33
-0.149804 41
-0.142296 33
-0.135781 31
-0.128795 42
-0.122404 39
-0.114525 54
-0.107634 48
-0.100662 64
-0.0933144 90
-0.0865599 106
-0.0793875 98
-0.0725231 122
-0.065571 116
-0.0583433 121
-0.0510285 119
-0.0444202 109
-0.0369512 147
-0.0296965 172
-0.0226923 182
-0.0156998 170
-0.00858301 190
-0.00114863 398
0.00514533 309
0.0122963 266
0.0195445 246
0.0264843 266
0.033591 265
0.0405594 246
0.0473598 231
0.0546781 192
0.0617875 174
0.0688818 180
0.0757561 174
0.0828723 181
0.089875 111
0.096704 61
0.103804 46
0.111483 35
0.117195 24
0.124585 22
0.132085 8
0.139162 6
0.144597 4
0.153453 6
0.159277 3
0.165405 1
0.176095 2
0.181736 2
0.187637 2
0.197203 1
0 0
0 0
0 0
0.223083 1
0 0
0.235836 1
0.243644 2
0.249868 1
0 0
0.263384 1
0.276012 1
0 0
0.290723 1
0 0
0.305004 1
0 0
0.314384 1
0 0
0.328028 1
0.337244 1
0 0
0 0
0 0
0 0
0 0
0.376782 1
0.384496 1
0.393222 1
0.401615 3
0 0
0 0
0 0
0 0
0 0
0 0
0.448473 1
0.457396 2
0.464324 1
0 0
0.48062 1
0 0
0.493569 1
0.500825 1
0.509061 1
0.515382 1
0 0
0 0
0 0
0 0
0.547894 1
0.553832 1
0 0
0 0
0 0
0 0
0.592498 1
0 0
0 0
0 0
0 0
0 0
0 0
0 0
0 0
0 0
0 0
0 0
0 0
0 0
0 0
0 0
0 0
0 0
0 0
0 0
0 0
0 0
0 0
0 0
0 0
0.764189 1
