-0.304759 1
0 0
-0.294942 1
0 0
0 0
0 0
0 0
-0.277899 1
0 0
0 0
-0.268549 1
-0.263666 2
0 0
0 0
0 0
0 0
0 0
-0.241636 2
-0.238317 2
-0.234907 1
-0.230324 1
-0.226767 3
-0.225729 1
-0.220998 3
-0.218438 1
-0.213047 3
-0.209823 4
-0.205918 1
-0.202315 4
-0.200399 1
-0.195236 3
-0.19132 5
-0.187965 6
-0.184601 4
-0.180915 4
-0.177749 6
-0.173322 3
-0.171242 4
-0.166851 7
-0.162332 6
-0.159135 11
-0.155628 5
-0.15299 7
-0.148616 7
-0.145259 11
-0.141517 14
-0.137901 10
-0.134538 8
-0.130073 14
-0.12681 13
-0.123732 16
-0.119888 11
-0.116491 19
-0.112706 11
-0.108934 17
-0.105593 14
-0.102396 18
-0.0984034 14
-0.095442 20
-0.0911218 29
-0.0878387 21
-0.0840512 34
-0.080171 26
-0.0772225 26
-0.0737877 29
-0.0700747 20
-0.0659977 29
-0.0624422 21
-0.0592977 27
-0.0553218 42
-0.0522729 34
-0.0480994 23
-0.0449951 28
-0.0413581 29
-0.0376097 23
-0.0339482 36
-0.0303134 37
-0.0268854 39
-0.0231823 43
-0.0197394 38
-0.0159549 30
-0.0124659 38
-0.00874562 29
-0.00508511 41
-0.00121875 44
0.00173246 36
0.00531844 31
0.00902796 23
0.0122615 32
0.0164311 29
0.019573 27
0.0232178 25
0.0272024 34
0.0308801 28
0.0344616 30
0.0379417 30
0.04119 20
0.0442631 19
0.048541 21
0.05225 28
0.055567 24
0.0590705 26
0.0625235 17
0.0664612 22
0.0696177 27
0.0731674 15
0.0775579 25
0.0808518 15
0.0841956 20
0.0877817 11
0.0917598 16
0.095033 13
0.098916 11
0.10216 12
0.10642 8
0.109614 9
0.113436 8
0.117087 8
0.120293 11
0.124148 11
0.127109 9
0.131283 13
0.134781 10
0.138749 7
0.1415 12
0.145704 8
0.148625 9
0.152122 6
0.156163 13
0.15974 5
0.16404 10
0.166823 7
0.170459 6
0.174592 6
0.177473 9
0.181355 11
0.184816 7
0.188573 7
0.192422 1
0.195847 5
0.200305 1
0.202612 4
0.206602 3
0.209164 2
0.213787 5
0.216707 3
0.220493 2
0.223641 7
0 0
0 0
0.235495 2
0 0
0.242076 6
0.245302 1
0.249481 2
0.252921 3
0.256376 4
0.260619 4
0.262421 2
0.267209 2
0.27004 1
0.274624 5
0.277698 1
0.283066 2
0.286621 2
0 0
0.291023 1
0.294768 3
0.299934 3
0 0
0.307259 1
0.308819 1
0.313285 1
0.316506 1
0.320287 2
0.325569 3
0 0
0.331207 1
0.335854 1
0.339492 1
0 0
0.345026 1
0 0
0.352432 2
0 0
0 0
0 0
0 0
0 0
0 0
0.378429 2
0 0
0 0
0 0
0.394654 1
0 0
0.39902 1
0.405463 1
0 0
0 0
0.412651 1
