-0.0995754 18
-0.0985898 6
-0.0974929 13
-0.0965526 8
-0.095514 16
-0.0944946 12
-0.0933568 9
-0.0924478 11
-0.0915786 4
-0.0903823 12
-0.0894145 10
-0.0885744 11
-0.0874858 12
-0.086482 13
-0.0854252 15
-0.0846738 8
-0.0835662 12
-0.0824828 10
-0.0814653 6
-0.0804899 10
-0.0795068 13
-0.0785684 17
-0.0774798 10
-0.0765518 9
-0.0757069 7
-0.0744874 13
-0.0735014 10
-0.0724451 2
-0.0714382 14
-0.0705525 11
-0.069544 7
-0.0684832 14
-0.0674457 16
-0.0664877 21
-0.0654312 15
-0.0644492 10
-0.0635137 15
-0.06267 8
-0.0615341 14
-0.0606529 10
-0.0593958 6
-0.0585748 14
-0.0575538 10
-0.0564819 8
-0.0554397 9
-0.0545727 10
-0.053509 13
-0.0526356 9
-0.0515533 11
-0.0506227 12
-0.0496213 11
-0.0486678 10
-0.0476201 12
-0.0464937 10
-0.0456254 7
-0.0445583 10
-0.0435294 12
-0.0426963 3
-0.0415943 14
-0.040547 12
-0.03963 9
-0.0385305 11
-0.0375268 11
-0.0365657 13
-0.0356861 6
-0.0346068 10
-0.0337078 15
-0.0328131 8
-0.031651 4
-0.030491 12
-0.0296557 8
-0.0286712 10
-0.0276259 14
-0.0267103 11
-0.0256846 12
-0.0245344 15
-0.0235659 11
-0.022511 9
-0.0216797 7
-0.0208063 10
-0.0197799 8
-0.0186403 13
-0.0176411 13
-0.0166239 8
-0.015459 5
-0.0146306 11
-0.0138265 7
-0.0126616 11
-0.0116673 16
-0.0106747 12
-0.00980598 7
-0.00872564 12
-0.00777679 12
-0.00665508 13
-0.00566392 14
-0.00441312 5
-0.00380974 12
-0.00267319 6
-0.00171738 11
-0.000662367 6
0.000285572 11
0.00126855 7
0.00223133 11
0.00334395 8
0.00435346 16
0.00523202 17
0.00609259 4
0.00725316 8
0.00840347 6
0.00917197 13
0.0102556 12
0.0113556 13
0.0121714 8
0.0132731 6
0.0141136 9
0.0152081 10
0.0162425 13
0.0173034 11
0.0182009 9
0.0192027 9
0.020354 13
0.0212781 10
0.0223038 7
0.0231149 8
0.0242844 12
0.0253606 6
0.026248 6
0.0270775 6
0.0282252 15
0.0291989 8
0.0301644 15
0.031133 9
0.0322176 10
0.033264 10
0.0343461 15
0.0351607 9
0.0363215 14
0.0373031 16
0.0380907 8
0.0391861 7
0.0403332 13
0.0411538 16
0.0420183 10
0.0432773 5
0.0441001 6
0.0453015 15
0.0461533 6
0.047164 14
0.0482974 12
0.0491528 14
0.0501106 9
0.0510949 8
0.0521051 10
0.0532038 10
0.0538755 11
0.0551741 11
0.0562449 12
0.0571683 10
0.0579406 4
0.0591792 13
0.0602055 11
0.061141 14
0.0621235 10
0.0631186 10
0.0640257 8
0.0650638 11
0.0662376 13
0.0669854 4
0.0680653 9
0.0691311 15
0.0700638 12
0.0711421 13
0.0722602 9
0.0730189 14
0.0740217 9
0.0750204 13
0.0759531 10
0.0771839 9
0.0779808 4
0.0791106 8
0.0801573 14
0.0810506 7
0.0821925 13
0.0831114 5
0.0841415 2
0.0849519 18
0.0861323 17
0.0870399 10
0.087987 12
0.0889476 10
0.0901649 6
0.0910063 9
0.0921418 7
0.0930527 12
0.0940356 9
0.0951349 9
0.0960033 10
0.0970302 5
0.0981221 13
0.0989385 8
0.0995346 1
