-0.0995287 27
-0.0984482 38
-0.0974674 29
-0.0964704 35
-0.0953692 29
-0.0943791 30
-0.0934205 38
-0.0924294 31
-0.0913197 33
-0.0905251 30
-0.089381 33
-0.0883201 31
-0.0873908 32
-0.0864039 28
-0.0854053 25
-0.084493 30
-0.0833951 33
-0.0824564 26
-0.0813297 33
-0.0803972 29
-0.0794337 37
-0.0785592 24
-0.0774626 31
-0.0764337 39
-0.0754606 30
-0.0744993 29
-0.0735658 18
-0.072448 26
-0.0714229 30
-0.0704029 18
-0.0694641 31
-0.0684919 30
-0.0674081 39
-0.0664878 21
-0.0654526 26
-0.0644783 31
-0.0633172 42
-0.0624239 36
-0.0614994 27
-0.0605125 37
-0.0594949 30
-0.0583732 38
-0.0574441 24
-0.0563756 31
-0.0555427 16
-0.0545021 37
-0.053351 32
-0.0524621 25
-0.0514645 32
-0.0504993 23
-0.0494569 21
-0.048375 31
-0.0475191 33
-0.0465198 34
-0.0454212 34
-0.0444621 39
-0.0434171 32
-0.0425272 29
-0.0414079 24
-0.0404616 38
-0.039465 27
-0.0384991 35
-0.0373934 46
-0.0364415 23
-0.0354938 26
-0.0344451 23
-0.0335065 44
-0.0324484 30
-0.0315062 43
-0.0304379 36
-0.0295056 28
-0.02835 35
-0.027489 30
-0.0264833 34
-0.0254636 34
-0.0244897 26
-0.0235044 35
-0.0224472 31
-0.0214859 34
-0.0204529 28
-0.0194787 25
-0.0184932 23
-0.0175994 32
-0.0164524 23
-0.0154348 31
-0.014412 33
-0.013442 31
-0.0123865 36
-0.0114806 31
-0.0104286 31
-0.00947087 37
-0.00836049 35
-0.00745521 36
-0.00650632 32
-0.005533 31
-0.0045358 39
-0.00336883 32
-0.0023436 34
-0.0015096 25
-0.000424702 28
0.000505998 36
0.00158296 36
0.00247508 29
0.00357336 36
0.00455041 26
0.005475 24
0.00653877 29
0.00752303 33
0.00850116 27
0.00953402 28
0.0104554 34
0.0115438 36
0.0124666 28
0.0135364 45
0.0145234 38
0.0155876 32
0.016566 29
0.0174616 25
0.0185501 32
0.0195596 31
0.0204389 35
0.0215022 25
0.0224927 27
0.0234341 34
0.0244323 18
0.0254655 25
0.0265488 30
0.0275335 32
0.0285494 47
0.0294886 32
0.0305866 30
0.0314621 30
0.0324805 33
0.0334819 37
0.0345077 35
0.0354679 23
0.0364043 26
0.0374725 29
0.038448 27
0.0394334 26
0.0404772 30
0.0414045 33
0.0425028 39
0.0434731 37
0.0444906 31
0.0454116 27
0.0464964 33
0.0474548 22
0.0485162 26
0.0496257 30
0.0505077 29
0.0514648 46
0.0524623 24
0.053468 30
0.0544686 25
0.0554414 28
0.0565707 22
0.057559 32
0.0585867 23
0.0594992 31
0.060444 28
0.0615363 28
0.0624669 31
0.0634575 31
0.0645248 34
0.0655257 35
0.0665967 27
0.0674589 40
0.0684704 21
0.0693947 22
0.0704972 32
0.0715807 26
0.0725575 38
0.0734417 36
0.0745593 34
0.0755433 24
0.0764933 27
0.0774972 20
0.0785108 32
0.0795292 25
0.0805382 33
0.0814326 27
0.0825221 21
0.0834335 35
0.0844911 33
0.0854844 40
0.086431 39
0.0874642 24
0.0884511 32
0.089422 30
0.0905122 32
0.0915495 32
0.092447 20
0.0934531 27
0.0944557 29
0.0954429 32
0.0964322 25
0.0974508 40
0.0985838 32
0.0994798 38
0.0999867 1
