-0.0995312 11
-0.0984685 15
-0.0975927 12
-0.0965286 8
-0.0955294 11
-0.0943678 9
-0.0936485 17
-0.0925208 16
-0.0915195 12
-0.0904501 12
-0.0894798 9
-0.0885961 11
-0.0873804 9
-0.086567 7
-0.0854654 10
-0.0845401 4
-0.0834705 14
-0.0825924 10
-0.081471 8
-0.0803893 14
-0.0795353 6
-0.0785565 11
-0.0774033 11
-0.0767594 8
-0.0755886 15
-0.074484 8
-0.0734716 14
-0.0725223 16
-0.071317 4
-0.0706431 14
-0.0694861 12
-0.0685423 6
-0.0675345 10
-0.0666345 9
-0.0656147 8
-0.0643739 8
-0.0635499 15
-0.0624801 10
-0.0616683 8
-0.0604002 17
-0.0595337 11
-0.0584788 10
-0.0575305 3
-0.0564951 16
-0.0554489 8
-0.0542649 14
-0.0535774 8
-0.0525464 8
-0.0515205 12
-0.050576 13
-0.0496311 11
-0.0485283 13
-0.0474509 14
-0.0464084 10
-0.0455894 12
-0.0445281 9
-0.043522 8
-0.0424812 8
-0.0414992 9
-0.0405587 12
-0.0397199 8
-0.0385758 7
-0.0375116 9
-0.0365958 10
-0.0354683 10
-0.0343954 17
-0.0336541 14
-0.0326036 9
-0.0312421 3
-0.0305814 11
-0.029455 9
-0.0284986 11
-0.0275614 12
-0.0265974 10
-0.0256165 12
-0.0244966 17
-0.0233346 4
-0.0225221 13
-0.021674 8
-0.0205272 9
-0.019555 10
-0.0185742 9
-0.0177424 5
-0.0166688 9
-0.0154479 8
-0.0146815 8
-0.0135929 15
-0.0124529 15
-0.011576 12
-0.0105248 5
-0.00938359 15
-0.00845999 10
-0.00742559 5
-0.00659147 12
-0.00560429 9
-0.00452414 14
-0.00343719 14
-0.00254915 20
-0.00157141 9
-0.000587796 12
0.00053465 6
0.00142351 14
0.00252898 9
0.00348421 11
0.0044529 12
0.00549091 12
0.00648171 13
0.00748563 10
0.00849915 10
0.00954186 15
0.0105743 8
0.0113729 12
0.0124754 10
0.0133864 10
0.0145389 15
0.0155479 8
0.0165028 17
0.0175037 5
0.018414 12
0.0194096 12
0.0205207 8
0.0213522 15
0.0224112 10
0.0235739 11
0.0243411 16
0.0255714 11
0.0264259 5
0.0272698 11
0.0284021 7
0.029433 7
0.0303463 10
0.031617 9
0.0324654 8
0.0333842 11
0.0343377 2
0.0353464 20
0.0364646 12
0.0374675 9
0.0385001 16
0.0393781 13
0.0403568 7
0.041645 7
0.0425041 7
0.0433725 18
0.0442246 5
0.0453756 10
0.0463584 12
0.0473799 6
0.0482506 8
0.0494854 12
0.0503656 14
0.0515014 10
0.0525152 9
0.0533152 11
0.0544041 13
0.0554659 7
0.0563251 14
0.0574394 15
0.0582026 11
0.0594347 10
0.0603276 8
0.0614013 11
0.0624885 14
0.0634881 7
0.0645544 10
0.0651705 7
0.0665459 11
0.0673199 6
0.0683279 6
0.0693624 12
0.0705142 8
0.0713931 14
0.0724694 13
0.0733802 10
0.0743118 7
0.0753477 12
0.0765967 13
0.0775075 12
0.0784144 14
0.0795105 7
0.0805666 5
0.0815626 9
0.0823598 11
0.0833728 10
0.084475 10
0.0853495 9
0.0865206 8
0.0872576 11
0.0883244 13
0.0894473 11
0.0904524 12
0.0911075 10
0.0925732 13
0.0934259 14
0.0943813 12
0.0953145 10
0.0963866 17
0.097416 8
0.09836 12
0.0993096 9
0.0999137 1
