-0.0995381 27
-0.0984418 34
-0.0974866 26
-0.0964104 30
-0.095443 25
-0.0945416 26
-0.0933773 25
-0.0924547 35
-0.0914687 36
-0.0904321 34
-0.0894096 25
-0.0885005 24
-0.0874261 27
-0.0864076 30
-0.0854087 33
-0.084436 31
-0.0834937 33
-0.0824766 30
-0.0815817 32
-0.0804659 34
-0.0794995 29
-0.0785117 38
-0.077467 35
-0.0764875 37
-0.0753572 30
-0.0744261 28
-0.0734944 23
-0.072409 30
-0.0714958 38
-0.0705579 29
-0.0694954 29
-0.0684892 31
-0.0674496 36
-0.0665692 30
-0.0655029 25
-0.0643526 29
-0.0635316 35
-0.0624696 38
-0.061433 28
-0.0604985 29
-0.0594603 28
-0.0585654 27
-0.0574658 25
-0.0564698 26
-0.0554655 27
-0.0544807 32
-0.0535034 30
-0.0525486 35
-0.0515634 22
-0.0505294 20
-0.0494974 46
-0.0484867 25
-0.0475485 28
-0.0465647 35
-0.0455454 35
-0.0445433 27
-0.0435593 29
-0.0425773 33
-0.041562 24
-0.0404726 24
-0.039444 32
-0.0385064 37
-0.037486 30
-0.0364982 39
-0.0354686 46
-0.0344722 35
-0.0335645 30
-0.0325758 32
-0.0315691 31
-0.0305034 37
-0.0294982 27
-0.028488 36
-0.027532 30
-0.0265232 37
-0.0255901 31
-0.024553 30
-0.0234675 25
-0.0224772 31
-0.0215019 23
-0.0205313 30
-0.0195239 35
-0.0185392 29
-0.0174897 35
-0.0165415 27
-0.0154471 24
-0.0145159 36
-0.013475 27
-0.01259 32
-0.0114426 37
-0.0104525 27
-0.00942383 38
-0.00839631 35
-0.00755616 34
-0.00655083 30
-0.00555098 24
-0.00448086 45
-0.00357361 25
-0.00241862 31
-0.0014833 23
-0.000555156 33
0.00047157 30
0.00145688 28
0.00262724 26
0.00345378 32
0.00440401 28
0.00548242 35
0.00652793 34
0.00741964 26
0.00846843 32
0.00946351 41
0.0105033 25
0.011527 26
0.0125122 33
0.0134283 36
0.0144656 29
0.0153975 27
0.0164649 33
0.0176278 24
0.0183752 30
0.0194411 41
0.0205209 40
0.0214416 41
0.0225264 31
0.0235298 29
0.0245688 30
0.0254647 40
0.026409 28
0.0274344 32
0.0285492 41
0.0294836 25
0.0305944 27
0.0315149 27
0.0324266 34
0.0334152 31
0.0344399 32
0.0354792 30
0.0365537 21
0.0375193 40
0.0385137 25
0.0395284 37
0.0404536 26
0.0415023 30
0.0424586 27
0.0434829 29
0.0445106 33
0.045513 24
0.0464934 27
0.0474598 32
0.0485572 33
0.0494872 29
0.0504417 36
0.0515628 27
0.0525241 47
0.053514 35
0.0544088 27
0.0555078 24
0.0564081 30
0.0574291 37
0.0583512 37
0.0594802 34
0.0604936 29
0.0614546 28
0.0624797 32
0.0635225 29
0.0643765 24
0.065416 39
0.0663619 41
0.0674865 37
0.0684167 35
0.0693767 27
0.0704507 37
0.0714586 34
0.0725447 30
0.0734931 14
0.0744411 37
0.0754714 33
0.0764026 33
0.077542 27
0.0784351 30
0.0793905 27
0.0804477 33
0.0813892 26
0.0825217 38
0.0834588 29
0.084575 35
0.0854409 23
0.0864597 28
0.0874524 34
0.0884449 25
0.0894998 32
0.0903677 29
0.0914471 40
0.0925584 30
0.0933945 25
0.0944319 27
0.0954492 20
0.0965223 25
0.0974818 34
0.0985056 28
0.0995085 31
0.0999524 1
