-0.45284 1
0 0
0 0
0 0
0 0
0 0
0 0
0 0
0 0
0 0
0 0
0 0
0 0
0 0
0 0
0 0
0 0
0 0
0 0
-0.365932 1
0 0
0 0
0 0
0 0
0 0
0 0
0 0
0 0
0 0
0 0
-0.31296 1
-0.30978 1
-0.304044 1
0 0
0 0
0 0
-0.285328 1
-0.281513 3
-0.27969 2
0 0
-0.270852 2
-0.265278 2
-0.260563 2
-0.254404 2
-0.250853 3
-0.246883 2
-0.242542 2
-0.239199 2
-0.232536 4
-0.22865 3
-0.224206 5
-0.220562 2
-0.215306 3
-0.211014 4
-0.206484 3
-0.200647 7
-0.19597 4
-0.192401 6
-0.187515 2
-0.183048 12
-0.178204 14
-0.174714 9
-0.16927 8
-0.164901 9
-0.160889 6
-0.155374 10
-0.150829 10
-0.14784 13
-0.142302 22
-0.137576 15
-0.133178 17
-0.129172 13
-0.123941 15
-0.119583 20
-0.115221 35
-0.110713 34
-0.106098 41
-0.101484 40
-0.0971189 42
-0.0922496 59
-0.0879186 63
-0.083113 62
-0.0788539 85
-0.0743712 89
-0.0699783 100
-0.0649254 116
-0.0610276 154
-0.0564413 152
-0.0516658 191
-0.0472442 195
-0.0425959 253
-0.0381219 269
-0.0334567 330
-0.0289831 321
-0.0245481 481
-0.0198474 606
-0.0154041 783
-0.0108846 924
-0.00632887 1010
-0.000422297 7635
0.00190181 1725
0.00709761 697
0.0115692 551
0.0162055 477
0.0207997 384
0.0253962 293
0.0298016 265
0.0343315 256
0.0388946 218
0.0433203 208
0.0479296 167
0.0525027 153
0.0567679 157
0.0616166 144
0.0661992 102
0.070354 105
0.0752833 64
0.079731 66
0.0840539 59
0.0888287 54
0.0934878 53
0.0979665 30
0.102227 42
0.107012 29
0.111738 20
0.115997 23
0.12027 21
0.124897 15
0.129618 20
0.133927 17
0.139446 14
0.14284 19
0.148057 16
0.152276 22
0.156704 20
0.160621 10
0.165912 14
0.17021 13
0.175003 10
0.179312 13
0.183773 10
0.187839 8
0.193523 7
0.198219 5
0.201024 5
0.205834 5
0.210262 2
0.216412 1
0.220225 5
0.224441 3
0.229224 2
0.2328 2
0.238485 5
0.242141 2
0.248459 2
0.253533 1
0.257647 3
0.260743 3
0.264603 1
0.271397 1
0.274999 3
0 0
0 0
0.288563 1
0.291934 2
0.296247 2
0 0
0 0
0 0
0 0
0 0
0.323878 3
0 0
0.33399 2
0 0
0 0
0.345855 2
0.35089 1
0 0
0 0
0 0
0.369265 1
0 0
0 0
0 0
0 0
0 0
0 0
0.402425 1
0 0
0 0
0 0
0 0
0 0
0 0
0 0
0 0
0 0
0 0
0.449106 1
