-0.913004 1
0 0
0 0
0 0
0 0
-0.869485 1
0 0
0 0
0 0
-0.836599 1
0 0
0 0
0 0
0 0
0 0
0 0
0 0
-0.768781 1
0 0
0 0
0 0
0 0
-0.730685 2
0 0
0 0
-0.705246 1
0 0
-0.688049 1
0 0
-0.672335 1
0 0
0 0
0 0
0 0
0 0
0 0
0 0
0 0
0 0
0 0
0 0
-0.577323 1
0 0
0 0
0 0
-0.54147 1
0 0
0 0
-0.516632 2
0 0
0 0
0 0
-0.490691 1
-0.47779 1
0 0
-0.465411 3
-0.457666 1
-0.44683 1
0 0
0 0
0 0
0 0
-0.408875 1
-0.399371 1
-0.388868 1
-0.381306 4
-0.375303 1
-0.361679 1
0 0
0 0
-0.337319 1
0 0
-0.322198 2
-0.316247 3
-0.310155 4
-0.298018 1
-0.291881 3
-0.283065 4
-0.276555 3
-0.266142 5
-0.259819 8
-0.250453 3
-0.243675 3
-0.235112 5
-0.224826 5
-0.219721 6
-0.210794 7
-0.201451 12
-0.194785 11
-0.187341 13
-0.178252 14
-0.170923 11
-0.161083 18
-0.154562 24
-0.146103 27
-0.13754 17
-0.129227 21
-0.121212 32
-0.113811 44
-0.106018 29
-0.0969981 43
-0.0891647 52
-0.0808767 62
-0.0735089 65
-0.0647008 80
-0.057229 87
-0.0485954 86
-0.0405897 104
-0.0322118 102
-0.0240919 122
-0.0163201 124
-0.00812282 118
0.000153518 290
0.00781736 100
0.0160785 90
0.0243753 59
0.0324102 53
0.0396708 34
0.0485559 42
0.057424 42
0.0644444 40
0.0734143 24
0.0813625 31
0.0891942 31
0.0981566 18
0.104247 19
0.113242 22
0.121843 11
0.129963 18
0.137982 15
0.146472 12
0.153218 12
0.162389 8
0.171967 8
0.176761 7
0.185212 6
0.194597 9
0.202527 11
0.211605 6
0.219867 7
0.226505 2
0.235195 4
0.244691 6
0.251138 5
0.259177 3
0.267519 5
0.275742 6
0.282351 4
0.290239 2
0.299337 2
0.309084 5
0.315216 3
0.324131 3
0.331718 1
0.340696 3
0.349337 1
0.354853 1
0.365047 1
0.372945 2
0.381376 6
0.387585 3
0.396877 2
0.404055 3
0.41284 2
0.421794 1
0.429867 5
0.438117 5
0 0
0.454176 8
0.462866 4
0.471244 2
0.481237 1
0 0
0.49567 3
0.500643 2
0 0
0.517023 3
0.525987 2
0.535695 1
0.541196 3
0.551257 1
0.560071 3
0 0
0.576374 1
0.587108 1
0.591305 1
0.598639 1
0.604978 1
0.619056 1
0.622396 1
0.633366 2
0.642942 1
0.649611 1
0 0
0.664091 1
0.670548 2
0 0
0.688447 1
0 0
0.701931 1
