-0.740278 1
0 0
0 0
-0.716057 1
0 0
0 0
0 0
0 0
0 0
-0.674591 1
-0.664684 1
0 0
0 0
-0.649045 1
0 0
0 0
0 0
-0.61961 1
0 0
0 0
-0.596118 1
0 0
0 0
0 0
0 0
-0.560067 1
0 0
0 0
0 0
0 0
0 0
-0.522079 4
-0.515633 2
-0.506049 2
-0.502535 2
-0.492023 1
-0.488976 2
-0.481362 1
-0.473315 3
-0.464321 1
-0.461201 1
-0.451636 3
-0.445708 2
-0.435199 1
-0.430738 3
-0.424727 5
-0.417947 3
-0.412365 4
-0.403355 3
-0.395568 5
-0.390966 2
-0.383554 4
-0.377248 5
-0.368784 8
-0.362668 4
-0.355158 7
-0.348483 4
-0.340067 4
-0.333852 6
-0.327458 6
-0.320822 10
-0.313457 8
-0.306219 16
-0.299394 13
-0.292023 14
-0.286225 6
-0.278739 17
-0.272044 17
-0.264385 8
-0.257563 21
-0.251297 15
-0.244466 16
-0.236856 20
-0.229961 14
-0.222752 24
-0.217126 18
-0.209138 25
-0.201789 14
-0.195085 27
-0.188084 17
-0.182073 26
-0.174992 26
-0.168078 31
-0.16063 38
-0.154007 28
-0.147008 34
-0.140557 35
-0.133582 26
-0.125942 43
-0.119628 60
-0.112048 59
-0.105309 45
-0.0986023 41
-0.0912242 87
-0.0850323 89
-0.0773482 104
-0.0709605 126
-0.0639202 121
-0.0568663 105
-0.0493976 117
-0.0430104 127
-0.036029 128
-0.029322 130
-0.0221725 187
-0.0151859 213
-0.00821991 275
-0.000906746 430
0.00555773 295
0.0125078 263
0.0194421 269
0.0260106 208
0.0337395 169
0.0402239 191
0.0469035 212
0.0539582 196
0.0610621 185
0.0679181 184
0.0748141 191
0.0817989 144
0.0886977 122
0.0954462 64
0.102201 44
0.109292 34
0.116513 34
0.124084 21
0.130528 29
0.137514 17
0.143505 16
0.151452 6
0.157474 5
0.166851 5
0.17052 4
0.179464 2
0.186895 5
0.191891 6
0.199286 3
0.205705 2
0.213857 4
0.218798 6
0.227472 2
0.234202 5
0.239573 1
0.250795 1
0.253423 2
0 0
0.270591 2
0.276301 2
0.280318 2
0 0
0 0
0.302829 1
0.314014 1
0.315739 1
0.326036 2
0.332377 2
0.34099 2
0.346955 1
0.349699 1
0 0
0 0
0.372766 2
0.382653 1
0 0
0.393051 1
0.400207 2
0.410852 1
0.411697 1
0.425219 1
0 0
0 0
0.440954 1
0.448953 1
0.455577 2
0 0
0.469862 1
0.480667 1
0.484051 1
0 0
0.496554 1
0 0
0.511523 1
0 0
0 0
0 0
0.539307 1
0 0
0 0
0 0
0.564991 1
0 0
0 0
0.588128 1
0 0
0 0
0.606723 1
0 0
0 0
0 0
0 0
0 0
0.647219 1
