-0.424332 1
0 0
0 0
0 0
0 0
0 0
0 0
0 0
0 0
0 0
0 0
0 0
0 0
0 0
0 0
0 0
0 0
-0.32636 1
0 0
0 0
0 0
-0.302607 1
0 0
0 0
0 0
0 0
0 0
0 0
0 0
0 0
0 0
0 0
-0.24215 1
-0.234318 1
-0.2292 2
0 0
0 0
-0.210115 1
-0.206523 1
-0.201047 2
-0.194534 1
0 0
0 0
-0.180238 1
0 0
0 0
-0.163191 1
-0.156059 1
0 0
-0.142874 1
0 0
0 0
0 0
0 0
0 0
0 0
-0.108239 1
-0.0987105 2
-0.0941721 3
0 0
-0.0851932 1
0 0
-0.0719662 1
0 0
-0.0597329 2
0 0
-0.0491458 1
-0.0427239 1
-0.0394071 1
0 0
-0.0280221 2
0 0
-0.015551 1
0 0
0 0
0.00332375 1
0 0
0.0123915 2
0 0
0 0
0.0281839 1
0.0360465 1
0 0
0.0466617 1
0 0
0.0555979 1
0 0
0.0702046 1
0.0762608 2
0.0799039 2
0 0
0.0900024 1
0 0
0 0
0 0
0.113921 1
0.120673 1
0.12443 1
0 0
0 0
0.140612 1
0 0
0 0
0 0
0.168079 1
0.170836 2
0.175652 2
0.182664 1
0.188733 1
0 0
0 0
0.204075 1
0 0
0 0
0 0
0 0
0 0
0 0
0 0
0 0
0 0
0 0
0 0
0 0
0 0
0 0
0 0
0.295722 1
0 0
0 0
0 0
0 0
0.324767 1
0 0
0 0
0 0
0 0
0 0
0 0
0.361449 1
0 0
0 0
0 0
0 0
0.388525 1
0 0
0 0
0 0
0 0
0 0
0 0
0 0
0 0
0 0
0 0
0 0
0 0
0 0
0 0
0.475492 1
0 0
0 0
0 0
0 0
0 0
0 0
0.514282 1
0 0
0 0
0 0
0.540501 1
0 0
0 0
0 0
0 0
0 0
0 0
0 0
0 0
0 0
0 0
0 0
0 0
0 0
0 0
0 0
0 0
0 0
0 0
0 0
0 0
0 0
0 0
0 0
0 0
0 0
0.686034 1
0 0
0 0
0 0
0.704204 1
