-0.31439 2
0 0
0 0
-0.298411 1
0 0
0 0
0 0
0 0
0 0
0 0
0 0
0 0
-0.265255 3
-0.259833 1
-0.256405 2
-0.252249 1
0 0
-0.243464 1
-0.238751 2
-0.234148 1
-0.231421 4
0 0
0 0
-0.219862 1
-0.215204 3
-0.210749 4
-0.207317 3
-0.202652 5
-0.198908 7
-0.194111 8
-0.191533 5
-0.186682 2
-0.18309 4
-0.179145 8
-0.175147 12
-0.170402 6
-0.16648 5
-0.162426 9
-0.15849 10
-0.153889 14
-0.150246 9
-0.147262 19
-0.143213 12
-0.138306 11
-0.134138 11
-0.130298 14
-0.126337 14
-0.122395 8
-0.118342 25
-0.113795 13
-0.110334 12
-0.106218 18
-0.102426 19
-0.0976629 23
-0.0939907 15
-0.0896847 14
-0.0859139 29
-0.0818504 22
-0.0778129 26
-0.073466 23
-0.0694115 20
-0.0655473 28
-0.0616283 28
-0.057557 22
-0.0537502 28
-0.0493985 27
-0.0454499 23
-0.0416964 27
-0.0372778 25
-0.0325999 16
-0.0294354 21
-0.0252827 22
-0.0213335 33
-0.0170879 39
-0.0130861 27
-0.00905546 39
-0.00526696 36
-0.000719365 40
0.00349791 28
0.00741308 34
0.0112803 45
0.0153243 37
0.0193556 31
0.023685 42
0.0278491 29
0.0314938 24
0.0351546 20
0.039583 25
0.0437445 33
0.0479051 32
0.0514947 22
0.0559775 26
0.059908 24
0.0634504 18
0.0674921 32
0.07177 30
0.0760254 29
0.0800467 21
0.0843435 27
0.0883214 20
0.0921511 19
0.0966935 24
0.100175 14
0.104339 26
0.10858 15
0.113045 17
0.116537 16
0.12011 15
0.124421 16
0.128314 15
0.133431 17
0.136862 14
0.140641 13
0.144918 18
0.148984 20
0.152449 10
0.156928 10
0.161097 10
0.164907 8
0.169042 10
0.173326 13
0.17731 9
0.18144 16
0.185536 7
0.189971 5
0.193145 4
0.197952 5
0.201913 4
0.205376 9
0.20987 7
0.214467 5
0.217739 7
0.223031 2
0.225261 6
0.229999 8
0.234538 5
0.23642 1
0.241567 5
0.246017 4
0.249414 3
0.254772 5
0.259242 3
0.261918 3
0.266537 4
0.270747 4
0.273279 3
0.278208 1
0.282954 3
0.286733 1
0.291115 2
0.294297 1
0.298924 2
0.303893 1
0.307358 1
0.310957 1
0.314137 3
0 0
0 0
0 0
0 0
0.335004 3
0 0
0.343972 4
0.345405 1
0 0
0 0
0.360196 1
0.362244 1
0.366637 2
0 0
0 0
0 0
0 0
0 0
0 0
0 0
0 0
0.403674 2
0 0
0.412459 2
0 0
0 0
0 0
0.429396 1
0 0
0 0
0 0
0 0
0 0
0 0
0 0
0 0
0 0
0 0
0 0
0 0
0 0
0 0
0 0
0.49182 1
0.495096 1
