-0.248875 96
-0.246197 81
-0.243784 107
-0.241365 104
-0.238618 93
-0.236208 108
-0.233725 115
-0.231356 127
-0.228702 112
-0.226243 91
-0.223597 106
-0.221248 110
-0.218712 96
-0.216187 104
-0.213571 104
-0.211211 119
-0.208651 107
-0.206407 90
-0.203676 91
-0.201328 119
-0.198749 93
-0.196234 106
-0.19371 86
-0.19128 98
-0.188686 111
-0.18613 89
-0.183587 89
-0.181153 111
-0.178655 102
-0.17608 102
-0.173762 127
-0.171346 102
-0.168706 107
-0.166138 104
-0.16372 92
-0.161294 109
-0.158815 116
-0.156242 87
-0.153623 101
-0.151254 108
-0.148756 112
-0.146172 114
-0.143696 94
-0.141229 98
-0.138734 107
-0.136282 100
-0.133699 108
-0.131193 107
-0.128672 101
-0.126152 102
-0.123611 92
-0.121219 114
-0.11879 110
-0.116135 101
-0.113807 102
-0.111196 112
-0.108833 126
-0.106291 111
-0.103753 101
-0.10135 99
-0.098799 105
-0.0963596 130
-0.093678 104
-0.0913149 100
-0.0887354 118
-0.0862928 110
-0.0837974 104
-0.0811561 117
-0.0787272 98
-0.0762493 103
-0.073672 99
-0.0712577 116
-0.068773 110
-0.0661119 73
-0.0639616 110
-0.0613834 116
-0.0587178 106
-0.0563125 88
-0.0536613 105
-0.0513601 91
-0.0487665 99
-0.0463687 108
-0.0436868 102
-0.0413743 111
-0.0387484 100
-0.0361512 89
-0.0337333 109
-0.0312406 100
-0.0286904 96
-0.0264057 85
-0.0239326 92
-0.0212257 101
-0.0187307 112
-0.0162069 115
-0.0137159 98
-0.0111159 101
-0.00880194 87
-0.00621505 95
-0.00379825 97
-0.00117668 105
0.00132129 99
0.00366595 108
0.00634709 105
0.00873616 103
0.0112776 104
0.0136535 115
0.0161729 126
0.0187327 121
0.0212685 110
0.0238179 95
0.0262564 86
0.0287981 115
0.031174 103
0.0336398 114
0.0362207 115
0.038765 128
0.0412735 88
0.0436988 101
0.0462582 125
0.0487547 103
0.0512508 112
0.0537496 108
0.0562368 74
0.058852 108
0.0612152 84
0.0637257 87
0.0662749 107
0.068733 112
0.0712619 112
0.0736321 107
0.0763792 100
0.0787005 113
0.0812014 100
0.0838467 97
0.0863065 121
0.0887513 96
0.0911693 100
0.0937929 121
0.0961165 101
0.0988675 109
0.101297 105
0.103644 111
0.106236 114
0.108844 81
0.11127 129
0.113866 105
0.116191 94
0.118847 94
0.121091 110
0.123689 104
0.126335 105
0.128704 123
0.131313 101
0.133857 109
0.136273 105
0.138759 102
0.14129 115
0.143759 97
0.14622 84
0.148848 113
0.151404 121
0.153749 120
0.156315 111
0.158789 97
0.16123 96
0.163618 115
0.166171 112
0.16881 95
0.171284 123
0.173646 107
0.17614 117
0.178629 91
0.181139 99
0.183716 122
0.186243 118
0.188675 113
0.191318 106
0.193846 95
0.196302 110
0.198859 121
0.201343 106
0.203849 116
0.20617 104
0.20864 102
0.211377 92
0.21368 127
0.216112 126
0.218672 102
0.221263 89
0.223856 99
0.226415 111
0.228788 110
0.231237 124
0.23369 113
0.236237 119
0.238829 82
0.241172 104
0.243747 98
0.24625 98
0.248774 110
0.25 1
