-0.00993491 2
-0.00983123 3
-0.00974753 2
0 0
-0.00953291 4
-0.00942112 2
-0.00932927 2
-0.00923392 4
-0.00915279 4
-0.00902325 1
-0.00889085 2
-0.00883034 4
-0.00875008 3
-0.00864465 3
-0.00854517 4
-0.00842725 2
-0.00830683 2
-0.00824222 7
-0.00811603 2
-0.00799447 1
-0.00793983 2
-0.00786693 3
-0.00775655 2
0 0
-0.00751895 3
-0.00743252 4
-0.00734022 1
-0.00719843 1
-0.00713155 7
-0.00703257 2
-0.0069284 2
-0.00683787 2
-0.00672748 3
-0.00664878 3
-0.00655022 5
-0.00641587 2
-0.00633505 4
-0.00625901 1
-0.00613486 3
0 0
-0.00592692 4
-0.00579212 1
-0.00573868 3
-0.00562446 3
-0.00552701 4
-0.00544981 1
-0.0053438 2
-0.00524957 4
-0.00514304 4
-0.00507214 2
-0.00493263 1
-0.00483201 6
-0.00473423 2
-0.00461328 2
-0.00457028 2
-0.00445319 2
-0.00432328 2
-0.0042823 1
-0.00414883 5
-0.00405522 5
-0.00393405 3
-0.00384294 2
-0.00374662 2
-0.00359978 2
-0.00353673 7
-0.00345621 6
-0.00334241 4
-0.00320758 1
-0.00315962 1
-0.00304106 3
-0.00292878 3
0 0
0 0
-0.00264229 3
-0.00254731 4
-0.00242461 3
-0.00235162 2
0 0
-0.00215376 5
-0.00203054 2
0 0
-0.0018384 1
-0.0017354 4
-0.00168241 2
0 0
-0.00146745 5
-0.00133176 3
-0.00123323 7
-0.00111569 2
-0.00103955 5
-0.000952253 4
-0.000851745 2
-0.000739556 4
-0.000601965 2
-0.000522584 1
0 0
-0.000320676 2
-0.000253932 4
-0.00018143 2
-5.87727e-05 3
2.3529e-05 2
0.000139416 3
0 0
0.000312071 1
0.000436419 5
0.000584025 3
0.000634782 2
0.000749353 2
0.000864247 3
0.000992995 1
0.00103986 5
0.00112049 3
0.0012316 4
0.0013518 4
0.00143637 4
0.00157391 1
0.00168586 3
0.00173143 2
0.00186972 3
0.00194347 6
0 0
0.00218854 1
0.00226252 1
0.00235272 5
0.00244227 4
0.00251864 3
0.00264489 5
0.00271124 2
0.0028788 3
0.00296529 1
0.00305329 2
0.00313179 1
0.0032235 2
0.00337214 2
0.00340162 1
0.00351603 2
0.00364663 1
0.00377917 3
0.00383999 4
0.00394312 2
0.00403364 2
0 0
0.00424532 6
0.00436414 1
0.00443706 3
0.00458286 1
0.00464538 5
0 0
0.00486845 4
0.0049562 4
0.00502267 3
0 0
0.00527679 1
0.0053738 1
0 0
0.00556571 1
0.00564021 2
0.00575083 5
0.00583684 2
0.00594825 4
0 0
0.00612629 4
0.00623131 3
0.00634824 2
0.0064411 2
0.00650925 1
0.00663632 4
0.00670242 1
0.00683079 3
0.00694449 2
0 0
0.00717261 2
0.00723057 1
0.00732038 2
0.00743282 4
0.0075409 3
0.00766866 3
0.00775065 2
0.0078394 4
0.00791259 1
0.0080496 3
0.00814156 2
0.00824154 2
0.00834716 2
0.00844273 2
0.00854596 3
0.00862814 5
0.00873997 3
0.00886196 2
0.00891715 2
0.00904148 1
0.00916367 6
0.00920705 3
0 0
0.00941123 3
0.00953189 3
0.00962611 6
0.00972998 1
0.00983818 2
0.0099628 1
0.00998594 1
