-0.0995072 316
-0.0984935 307
-0.0974948 281
-0.0965201 282
-0.0954968 293
-0.0945012 294
-0.0935288 294
-0.0924731 297
-0.091482 294
-0.0904973 291
-0.0895216 266
-0.0885112 257
-0.0875397 314
-0.0864915 293
-0.0855009 291
-0.0845093 299
-0.0834904 266
-0.0825208 285
-0.0814962 277
-0.0804805 296
-0.079533 282
-0.0784794 290
-0.0775205 293
-0.0764854 330
-0.0755049 284
-0.0744725 306
-0.0735111 275
-0.0724781 299
-0.071493 291
-0.0704958 304
-0.0695059 301
-0.0684927 292
-0.0675275 266
-0.0664893 299
-0.0655027 292
-0.0644972 281
-0.063491 276
-0.0625155 269
-0.0614874 259
-0.0604767 328
-0.0595031 291
-0.0584926 265
-0.0575093 284
-0.0564918 277
-0.0555212 285
-0.0545063 293
-0.0535334 287
-0.0524998 286
-0.051487 292
-0.0505125 287
-0.0494839 288
-0.0485147 291
-0.0474647 275
-0.0465186 282
-0.045499 279
-0.0444831 296
-0.0435297 321
-0.0425132 296
-0.0414882 292
-0.0405187 280
-0.0395081 288
-0.0384906 300
-0.0374769 294
-0.0365105 325
-0.0354974 262
-0.0345143 289
-0.0334896 310
-0.032511 274
-0.0314843 266
-0.0304846 278
-0.02952 273
-0.0285114 269
-0.0275072 298
-0.026501 307
-0.0255116 305
-0.0244634 302
-0.0235072 289
-0.0225348 276
-0.0215068 257
-0.0204967 294
-0.0194976 273
-0.0185241 290
-0.0175199 281
-0.0165045 292
-0.0154884 297
-0.0144908 279
-0.0135101 287
-0.0124651 304
-0.0114993 330
-0.0104854 297
-0.00949014 277
-0.00850691 280
-0.0075285 312
-0.00650044 254
-0.00548146 313
-0.00448535 285
-0.00351397 265
-0.00247506 298
-0.00150934 267
-0.000506224 305
0.000532337 275
0.00150238 264
0.0024987 274
0.00353594 284
0.00452678 302
0.00548357 282
0.00650901 277
0.00749624 252
0.00849166 295
0.00949081 271
0.0104776 290
0.0115021 278
0.0125033 299
0.0134894 283
0.0144893 263
0.0155034 290
0.0164883 259
0.0175015 279
0.0185252 278
0.0194941 308
0.020513 292
0.0214896 261
0.0224936 276
0.023522 292
0.0244914 262
0.0255006 282
0.0265031 294
0.0275195 291
0.0285217 310
0.0295052 293
0.0304822 266
0.031502 277
0.0325161 279
0.0335068 271
0.0345174 298
0.0355022 284
0.0365076 271
0.0375052 282
0.038501 294
0.0394923 292
0.040477 328
0.0414957 282
0.0424951 292
0.0435079 283
0.0444953 270
0.0454986 278
0.0465096 282
0.0475045 281
0.0484632 296
0.0494938 300
0.0504861 298
0.0514991 290
0.0524979 272
0.0534937 274
0.054535 250
0.0554927 303
0.0564998 300
0.0574941 280
0.0584913 324
0.0594841 295
0.0605198 282
0.0614893 332
0.0624571 285
0.0635034 281
0.0645117 293
0.0654724 270
0.0665109 253
0.0674917 282
0.0684914 285
0.0694627 296
0.0704799 273
0.0714731 290
0.0724912 269
0.0734865 290
0.0744802 289
0.0755343 240
0.0765041 286
0.0775069 295
0.0785127 289
0.0794646 300
0.080492 298
0.081481 297
0.0825015 281
0.0834874 266
0.0844845 285
0.0854985 264
0.0865128 301
0.0874682 279
0.0884932 294
0.0894944 309
0.0904885 276
0.091517 269
0.0924823 271
0.0934857 301
0.0944932 238
0.0954825 269
0.0964876 316
0.0974885 295
0.0985086 313
0.0994599 281
0 0
