-0.00994866 132
-0.00985365 150
-0.00975399 136
-0.00964921 145
-0.00954959 141
-0.00945436 138
-0.00934766 159
-0.00924931 137
-0.00914951 132
-0.00905233 116
-0.00895253 146
-0.00885107 121
-0.00875429 122
-0.00865146 178
-0.00855231 139
-0.00844876 135
-0.00834835 147
-0.00825231 136
-0.0081486 128
-0.00804962 153
-0.00795001 108
-0.00785288 152
-0.0077557 153
-0.00764777 125
-0.00754703 130
-0.00744937 131
-0.00735183 141
-0.00724926 145
-0.00714897 141
-0.00705358 123
-0.00695105 140
-0.00685282 146
-0.00675033 155
-0.00665285 130
-0.00655098 154
-0.00644981 139
-0.0063514 137
-0.00624548 130
-0.00615416 140
-0.00604839 125
-0.0059524 161
-0.00585325 132
-0.00575076 147
-0.00564971 159
-0.00555117 151
-0.00545037 160
-0.0053541 123
-0.00525481 159
-0.00514973 131
-0.00504686 125
-0.00494481 139
-0.00485199 137
-0.00475191 143
-0.00464797 148
-0.00455039 163
-0.00444965 130
-0.00435587 143
-0.00424874 147
-0.00415462 148
-0.004049 119
-0.00394836 150
-0.00385195 142
-0.00375031 140
-0.00364822 141
-0.00355045 128
-0.00345084 155
-0.00335075 139
-0.00324927 134
-0.00315282 127
-0.00304743 105
-0.00294748 159
-0.00284838 139
-0.00274704 155
-0.00265287 136
-0.00254921 123
-0.002451 115
-0.00235198 147
-0.00224998 134
-0.00214977 132
-0.00204876 132
-0.00195141 163
-0.0018517 141
-0.00175036 127
-0.0016512 168
-0.0015468 146
-0.00144862 135
-0.0013479 154
-0.00124752 144
-0.00114689 132
-0.00104889 139
-0.000950229 154
-0.000848983 130
-0.000750931 143
-0.000646296 131
-0.000549752 146
-0.000449603 130
-0.000354346 140
-0.000247427 140
-0.000150275 138
-5.08967e-05 149
5.11447e-05 150
0.000147828 180
0.000246196 153
0.00035589 121
0.000450495 140
0.000548989 155
0.00065462 128
0.000746794 139
0.000849608 129
0.000952306 170
0.00104892 149
0.00114945 159
0.00124634 143
0.00135178 145
0.00145281 150
0.00154965 139
0.00165061 136
0.00175227 133
0.00184754 148
0.00195522 146
0.00204818 143
0.00214771 162
0.00224278 121
0.00234726 156
0.00245143 136
0.002551 126
0.00265032 140
0.00275029 139
0.00285 137
0.00294974 154
0.00305155 137
0.00315305 139
0.00324982 137
0.00335146 142
0.00345036 142
0.00355117 151
0.00364883 181
0.00374789 142
0.00385177 136
0.00394969 147
0.00405365 143
0.00415398 143
0.00425525 147
0.00435037 132
0.0044507 131
0.0045521 131
0.0046479 138
0.00474855 142
0.00484873 142
0.00494954 131
0.00504791 149
0.00514814 140
0.00525051 145
0.00534842 143
0.00545149 149
0.00554714 140
0.00565049 164
0.00574425 130
0.00584867 135
0.00595267 122
0.00604887 155
0.00614873 140
0.00624948 148
0.00635082 148
0.00644722 140
0.00654962 153
0.0066517 136
0.00675133 149
0.00684819 131
0.00695248 131
0.00705599 130
0.00715221 137
0.00724864 133
0.00734774 135
0.00744932 146
0.00754981 156
0.00764858 130
0.00775041 135
0.00785223 125
0.00794986 134
0.00805144 145
0.00814711 152
0.00824917 141
0.00835208 167
0.0084489 149
0.00854874 136
0.00865358 146
0.00874749 129
0.0088524 127
0.00894892 135
0.00905377 133
0.00914491 152
0.00925028 160
0.00935088 150
0.00944738 144
0.00955243 167
0.00965293 142
0.00975056 132
0.009851 136
0.009947 158
0.00999976 1
