-0.00995102 142
-0.00984965 152
-0.00975112 135
-0.00965006 138
-0.0095502 162
-0.00944555 157
-0.009346 149
-0.00924668 146
-0.00914922 162
-0.0090487 146
-0.00895111 119
-0.00885064 128
-0.00875201 162
-0.00865379 141
-0.00855193 148
-0.00845353 155
-0.00835148 145
-0.00825225 130
-0.00815235 131
-0.00804887 140
-0.00795052 134
-0.00785079 161
-0.00775151 156
-0.00764913 123
-0.00754979 154
-0.00744658 144
-0.00735228 136
-0.00725119 167
-0.00715178 140
-0.00705059 152
-0.0069509 120
-0.00685265 142
-0.00674646 148
-0.00665201 123
-0.00654625 142
-0.00645369 130
-0.00634595 138
-0.00624825 143
-0.00615141 148
-0.00604845 148
-0.00595384 158
-0.00585014 161
-0.00575278 152
-0.0056492 157
-0.00555138 135
-0.00544858 152
-0.0053479 131
-0.00525546 154
-0.00514877 140
-0.00504877 156
-0.00494761 161
-0.00484817 131
-0.00474999 130
-0.00464845 133
-0.00454706 143
-0.00444908 148
-0.0043494 163
-0.00424934 151
-0.00414917 179
-0.00404711 123
-0.00395044 144
-0.00384718 143
-0.00374973 146
-0.00365177 158
-0.0035492 142
-0.00345174 167
-0.00335342 152
-0.00325142 131
-0.00315072 137
-0.00304902 146
-0.0029494 138
-0.00284978 140
-0.00274739 151
-0.00265293 144
-0.00254898 145
-0.00245345 157
-0.00235027 148
-0.00225077 162
-0.0021484 161
-0.00204778 155
-0.0019489 162
-0.00185101 150
-0.00174994 139
-0.00165359 136
-0.00155231 134
-0.00145288 138
-0.00135007 146
-0.00124864 153
-0.00115509 161
-0.00105263 153
-0.000950971 146
-0.000850362 148
-0.000749805 138
-0.000656207 154
-0.000551046 141
-0.000452298 149
-0.000351682 129
-0.000250133 149
-0.000152432 153
-4.75771e-05 158
4.91418e-05 171
0.000147973 140
0.000247185 152
0.000351952 145
0.000447232 144
0.000550179 145
0.000651805 140
0.00075026 145
0.000845183 139
0.000943569 138
0.00104896 139
0.00115338 155
0.00124955 142
0.00134745 151
0.00144762 153
0.00154976 148
0.00164697 151
0.00175159 152
0.00184785 146
0.00194847 134
0.00204831 145
0.00214854 160
0.00224873 156
0.00234409 139
0.00244781 151
0.00254849 127
0.00264959 141
0.00274927 131
0.00285242 130
0.00295068 153
0.00304742 153
0.00314674 142
0.00325081 140
0.00334592 163
0.00344732 137
0.00354812 131
0.00364927 154
0.0037484 164
0.00384727 154
0.00394915 145
0.00404603 142
0.00415031 138
0.00424787 143
0.00434875 146
0.00444966 135
0.00454833 131
0.00465082 143
0.00475087 126
0.00484737 155
0.00495011 138
0.00505052 159
0.00514722 147
0.00525182 146
0.00534818 142
0.00544756 129
0.00554789 144
0.00565101 137
0.00574775 150
0.00584709 136
0.00595064 142
0.00604922 114
0.00614739 146
0.00624567 132
0.00634958 150
0.00644695 154
0.00654971 161
0.00664824 151
0.00675166 115
0.00684983 146
0.00695144 145
0.0070496 143
0.00714707 139
0.00724509 146
0.00735097 145
0.00744796 158
0.00755435 137
0.00765118 151
0.007748 147
0.00784847 135
0.00795314 150
0.00804677 155
0.00814737 135
0.00825041 153
0.00835065 134
0.00844871 148
0.00854954 153
0.00864896 161
0.0087507 153
0.00884474 147
0.0089514 131
0.00905039 150
0.00915061 163
0.00924671 153
0.00934928 126
0.00945388 148
0.00955057 145
0.00964672 163
0.00974963 150
0.00984798 147
0.00994931 151
0.00999882 1
