-0.0995746 10
-0.0983227 6
-0.0973248 13
-0.0964464 17
-0.0954837 3
-0.0944558 8
-0.0933217 11
-0.0926111 6
-0.0914616 9
-0.0905005 14
-0.0895384 17
-0.0885366 9
-0.0873999 15
-0.0864409 10
-0.085427 15
-0.0844618 17
-0.0835091 11
-0.0823837 12
-0.081493 12
-0.0805332 10
-0.0793685 12
-0.0784668 12
-0.077438 8
-0.0765778 12
-0.0755018 6
-0.0745359 8
-0.0735385 7
-0.0723472 6
-0.0714898 10
-0.0704508 8
-0.0695659 15
-0.0684634 13
-0.0673888 10
-0.066362 12
-0.0652241 5
-0.0645254 15
-0.0635133 16
-0.0625489 14
-0.0615773 9
-0.0606339 10
-0.0593922 9
-0.0585293 9
-0.0575334 8
-0.056448 6
-0.0554632 12
-0.05453 9
-0.0534408 8
-0.0524255 8
-0.0513652 13
-0.0502559 7
-0.0493459 11
-0.0486285 9
-0.0474981 7
-0.0464208 10
-0.0454657 14
-0.0445413 11
-0.0436261 12
-0.0425446 8
-0.041315 19
-0.0406012 9
-0.0393289 9
-0.0385024 8
-0.0376319 5
-0.0366718 16
-0.0354832 11
-0.0345504 12
-0.0335909 3
-0.0324127 11
-0.0312661 6
-0.0305278 11
-0.0294971 13
-0.0285661 13
-0.0276381 12
-0.0265799 7
-0.0256188 10
-0.0244469 10
-0.0234385 9
-0.0224802 9
-0.0214488 8
-0.0204559 7
-0.0195755 8
-0.0185382 11
-0.0176924 11
-0.0167353 11
-0.0154775 12
-0.0146446 9
-0.0134428 9
-0.0125449 9
-0.0114651 11
-0.0104858 15
-0.00967944 10
-0.00844375 15
-0.0074709 12
-0.00645524 9
-0.00555892 15
-0.00451957 9
-0.00346523 15
-0.00256992 9
-0.00156277 11
-0.000433843 8
0.000523958 11
0.0013988 13
0.00260704 6
0.00333155 5
0.00441256 9
0.005519 12
0.00645233 16
0.00744557 11
0.00851155 8
0.00948309 10
0.0103639 10
0.0115144 15
0.0126466 6
0.0133692 10
0.014464 16
0.0152933 8
0.0163988 8
0.0175443 11
0.0184725 15
0.0194841 14
0.0204869 5
0.0214941 9
0.0224735 8
0.0235053 7
0.0245169 17
0.0255462 12
0.0263436 11
0.0273803 13
0.0284055 12
0.0293636 7
0.0304041 6
0.0315682 6
0.03241 12
0.0333918 13
0.034434 12
0.0354726 14
0.0364765 12
0.0373928 9
0.0385013 13
0.0392079 5
0.040466 13
0.0415224 16
0.042472 19
0.0434437 17
0.0442582 8
0.0454596 14
0.0464702 12
0.0474134 22
0.0486712 10
0.0493464 11
0.0504749 7
0.0514137 13
0.0524583 7
0.0535641 7
0.0544314 7
0.0555352 14
0.0564871 13
0.057229 4
0.0586224 8
0.0594219 10
0.0604363 10
0.0613585 11
0.0624318 9
0.0634917 6
0.0644749 18
0.0654803 10
0.066346 5
0.0674864 20
0.068357 10
0.0695167 11
0.0703826 12
0.0714098 10
0.0725016 6
0.073435 12
0.0743022 7
0.0753679 14
0.0764437 9
0.0774477 14
0.0784661 12
0.0797771 7
0.0803293 6
0.0813687 20
0.0824774 9
0.0834948 16
0.0845123 9
0.0855311 13
0.0864462 6
0.0873893 13
0.0884716 7
0.0894995 7
0.0903913 7
0.0914718 10
0.0923116 8
0.0933022 12
0.0945841 14
0.0955222 13
0.0963892 8
0.0975793 8
0.0983587 14
0.0995569 8
0.0999488 1
