-0.298223 1
0 0
0 0
0 0
0 0
0 0
0 0
0 0
0 0
0 0
0 0
-0.254005 2
-0.249595 2
0 0
-0.243546 3
-0.240222 1
-0.234509 1
-0.230354 1
0 0
-0.225071 1
0 0
-0.216281 1
-0.212421 1
0 0
0 0
-0.199982 1
-0.197426 3
-0.193854 2
0 0
-0.186053 2
-0.182226 7
-0.17668 2
-0.174729 6
-0.170147 2
-0.167037 8
-0.161458 3
-0.159509 2
-0.155914 2
-0.151461 4
-0.148402 3
-0.144305 10
-0.140235 9
-0.136197 13
-0.133106 8
-0.128309 8
-0.124895 19
-0.12125 17
-0.117328 25
-0.113743 21
-0.109701 30
-0.105779 37
-0.102011 33
-0.0983768 65
-0.0947003 68
-0.0909076 88
-0.0869665 96
-0.083093 92
-0.0792857 85
-0.0755729 86
-0.0720272 97
-0.068095 116
-0.0641866 110
-0.060354 102
-0.0565248 101
-0.052756 106
-0.0490423 99
-0.0452344 104
-0.0413374 115
-0.037398 106
-0.0336689 83
-0.0301446 87
-0.026069 100
-0.0221593 100
-0.0183794 118
-0.0145319 139
-0.0107947 135
-0.00695539 126
-0.00317979 144
0.000485562 193
0.00444483 137
0.0081813 114
0.0121908 141
0.0156566 133
0.0196359 127
0.0234265 105
0.0271737 90
0.0312435 100
0.0347427 93
0.0386552 116
0.0424326 112
0.0462999 106
0.0501428 115
0.0539177 112
0.0576525 118
0.0615759 102
0.0653741 98
0.0689403 112
0.072889 113
0.0766994 89
0.0807265 87
0.0843827 97
0.088238 92
0.0918345 76
0.0959 80
0.0991778 52
0.103372 28
0.10671 31
0.110653 21
0.114997 20
0.118138 18
0.122108 15
0.126721 15
0.130212 8
0.133631 9
0.137485 11
0.140869 8
0.145013 13
0.148919 6
0.152787 10
0.156906 3
0.160572 4
0.162829 1
0.167864 4
0.171231 5
0.176818 2
0.178832 4
0.182517 2
0.1877 3
0.189553 1
0.193806 3
0.200363 1
0.201551 1
0.207143 1
0.209586 3
0.213524 1
0 0
0.220448 1
0.225205 3
0.227261 1
0.233708 2
0.234762 1
0 0
0 0
0.247998 1
0.251334 2
0.255056 1
0 0
0.262109 1
0.268267 1
0.272187 1
0 0
0.27731 1
0 0
0 0
0 0
0 0
0.29751 1
0 0
0.304534 1
0 0
0 0
0 0
0 0
0 0
0 0
0.331432 1
0.334268 1
0 0
0 0
0 0
0 0
0 0
0 0
0 0
0 0
0 0
0 0
0 0
0 0
0 0
0 0
0 0
0 0
0 0
0 0
0 0
0.411089 2
0 0
0 0
0 0
0 0
0 0
0 0
0 0
0 0
0 0
0 0
0 0
0 0
0 0
0.463066 1
