-0.414749 1
0 0
0 0
0 0
0 0
0 0
-0.389085 1
0 0
0 0
0 0
0 0
0 0
-0.360621 1
0 0
0 0
-0.347684 1
-0.345808 1
0 0
0 0
0 0
0 0
0 0
0 0
0 0
-0.312612 1
0 0
0 0
0 0
0 0
0 0
-0.287393 1
0 0
-0.277959 1
0 0
0 0
-0.263284 1
0 0
0 0
-0.251255 2
-0.247756 2
-0.242948 1
0 0
-0.236379 1
-0.227983 1
-0.226275 2
0 0
-0.216119 3
0 0
-0.208261 3
0 0
-0.202009 1
-0.19624 3
-0.191711 1
-0.189429 1
-0.181525 1
-0.179888 1
-0.175774 4
0 0
-0.165101 2
-0.163653 3
-0.158364 3
-0.154172 3
-0.14905 3
-0.145879 4
-0.140879 7
-0.136763 3
-0.133268 6
-0.128631 3
-0.123371 10
-0.120325 8
-0.115124 17
-0.110987 8
-0.10684 8
-0.10319 15
-0.0990011 21
-0.0947579 28
-0.0897894 30
-0.0858285 30
-0.0815105 38
-0.0773775 37
-0.07299 40
-0.0690173 40
-0.0646195 44
-0.0601384 49
-0.0558818 30
-0.0517261 31
-0.0474035 40
-0.0433012 32
-0.0390916 27
-0.0348535 33
-0.0308013 33
-0.0263397 24
-0.0221477 39
-0.0178696 49
-0.0138071 47
-0.00941528 48
-0.00518132 44
-0.000577104 69
0.00327213 40
0.00770269 54
0.0120717 51
0.0159739 52
0.0203188 48
0.0243928 33
0.0284508 24
0.0329165 23
0.0375159 35
0.0418289 28
0.046025 38
0.0500583 34
0.0544883 35
0.0584835 40
0.0627652 40
0.0671189 26
0.071022 28
0.0756198 37
0.0796211 39
0.0843838 26
0.0883867 37
0.0924965 31
0.0968931 37
0.100829 25
0.104784 12
0.109851 15
0.112993 10
0.117828 12
0.122314 17
0.126472 11
0.130502 4
0.135474 10
0.139485 9
0.143409 14
0.147384 2
0.153519 2
0.155963 3
0.160296 7
0.16446 3
0.169013 3
0.17475 2
0.177253 2
0.182614 4
0.185957 4
0.189386 3
0.193881 1
0.2 2
0.202782 2
0.207341 3
0.213223 2
0.213782 1
0 0
0 0
0 0
0.23408 1
0.238933 1
0.242593 3
0.24535 1
0.250042 3
0.254533 1
0 0
0.26195 1
0 0
0 0
0.273937 1
0 0
0 0
0.288481 2
0 0
0 0
0 0
0 0
0 0
0 0
0 0
0.3218 1
0 0
0 0
0 0
0 0
0 0
0 0
0 0
0 0
0 0
0 0
0 0
0 0
0 0
0 0
0 0
0 0
0 0
0 0
0 0
0 0
0.411575 1
0 0
0 0
0 0
0 0
0 0
0.434206 1
