-0.786074 1
0 0
-0.772027 1
0 0
0 0
-0.746577 1
0 0
0 0
0 0
0 0
0 0
0 0
0 0
-0.699403 1
0 0
0 0
0 0
-0.667967 1
0 0
0 0
0 0
0 0
0 0
0 0
0 0
0 0
0 0
-0.605329 1
0 0
0 0
0 0
0 0
0 0
0 0
-0.556332 1
0 0
0 0
-0.533417 1
0 0
0 0
0 0
0 0
0 0
0 0
0 0
0 0
0 0
0 0
-0.462653 1
0 0
0 0
0 0
0 0
0 0
-0.421903 1
0 0
-0.408596 1
0 0
0 0
0 0
0 0
0 0
0 0
0 0
0 0
0 0
0 0
0 0
0 0
0 0
0 0
-0.30877 1
-0.301522 1
0 0
0 0
-0.283366 1
0 0
0 0
0 0
-0.253428 1
0 0
-0.241587 1
0 0
0 0
0 0
0 0
0 0
0 0
0 0
0 0
0 0
0 0
0 0
-0.162045 2
0 0
0 0
0 0
0 0
0 0
-0.122433 1
0 0
0 0
-0.103462 1
0 0
-0.0882145 1
0 0
0 0
-0.0700143 2
0 0
0 0
-0.0505465 1
-0.0428355 1
0 0
0 0
-0.0240043 1
-0.018538 2
-0.00790356 3
0 0
0.0031059 1
0.0109588 3
0.0150212 3
0 0
0.0331866 1
0 0
0.0431792 2
0.0518703 1
0.0572159 2
0 0
0 0
0 0
0.0839095 2
0.0894523 1
0.0950441 1
0.105056 1
0.108409 1
0.114002 1
0.122783 2
0.132628 1
0.137809 1
0 0
0 0
0 0
0 0
0 0
0.178729 1
0 0
0 0
0.194253 1
0 0
0 0
0 0
0 0
0.230643 1
0 0
0.245061 1
0 0
0 0
0 0
0.267325 1
0 0
0 0
0 0
0 0
0 0
0 0
0 0
0 0
0 0
0 0
0 0
0 0
0 0
0 0
0 0
0 0
0 0
0 0
0 0
0 0
0.40946 1
0 0
0 0
0 0
0.434098 1
0 0
0 0
0.454211 2
0 0
0 0
0 0
0 0
0 0
0 0
0 0
0 0
0 0
0 0
0 0
0.536611 1
0 0
0.546312 1
