-0.75742 1
0 0
0 0
0 0
0 0
-0.705241 2
0 0
0 0
0 0
0 0
0 0
0 0
-0.64246 1
-0.638204 1
0 0
0 0
0 0
-0.604751 1
-0.597177 1
-0.586186 1
-0.575388 1
0 0
-0.559543 1
0 0
0 0
0 0
0 0
-0.513274 3
-0.503405 1
0 0
-0.486245 2
-0.481006 1
-0.472144 1
-0.459983 2
-0.448869 3
-0.44188 3
-0.436426 2
-0.423277 2
-0.415188 2
-0.407962 5
-0.397632 3
-0.388564 4
-0.381621 7
-0.373532 10
-0.36344 7
-0.35503 5
-0.345851 5
-0.337936 8
-0.328709 9
-0.320211 8
-0.310813 11
-0.30248 5
-0.291868 11
-0.282758 10
-0.274215 8
-0.267181 15
-0.255941 9
-0.247705 11
-0.238749 11
-0.231022 17
-0.221876 23
-0.213073 17
-0.204107 19
-0.195269 19
-0.186739 27
-0.178058 32
-0.167566 31
-0.160155 32
-0.151411 35
-0.142818 38
-0.13417 40
-0.124148 61
-0.1156 54
-0.107178 55
-0.0982276 72
-0.0893361 56
-0.0804492 62
-0.0710871 80
-0.0628965 84
-0.0538711 108
-0.0447912 127
-0.0360666 135
-0.0274554 168
-0.0182043 209
-0.00918485 359
-0.00032247 1318
0.00776989 443
0.0168709 313
0.0258767 318
0.0346937 278
0.0432213 274
0.052129 223
0.0609885 169
0.0694306 176
0.078685 96
0.0876258 94
0.0968635 64
0.105071 52
0.11366 50
0.122494 24
0.13129 22
0.139128 16
0.147261 9
0.156921 6
0.169337 4
0.176457 3
0 0
0.193491 8
0.204381 2
0.213416 2
0.221538 1
0.227594 3
0.237651 4
0.24408 1
0.256086 2
0 0
0.274195 1
0.280352 4
0.294454 1
0 0
0.309655 2
0.318675 1
0.325795 2
0.336622 1
0.343414 1
0.356753 2
0.365647 1
0.368206 1
0.383079 1
0.389024 1
0 0
0.405351 2
0.416894 2
0 0
0 0
0 0
0.451898 1
0.461963 1
0 0
0.473964 1
0 0
0 0
0.506227 3
0 0
0 0
0.530347 1
0.535301 1
0 0
0 0
0.568008 2
0.576043 3
0 0
0 0
0.598873 1
0 0
0 0
0 0
0 0
0 0
0 0
0 0
0.668142 1
0 0
0 0
0 0
0 0
0 0
0 0
0 0
0 0
0 0
0.763406 1
0.765292 1
0 0
0.787291 1
0 0
0 0
0.815797 1
0 0
0 0
0.83819 2
0 0
0 0
0 0
0 0
0 0
0 0
0 0
0 0
0 0
0.93161 1
0 0
0 0
0 0
0 0
0 0
0 0
0 0
0 0
0 0
1.01231 1
