-0.632012 2
0 0
0 0
0 0
0 0
0 0
-0.594181 1
0 0
-0.578635 1
0 0
0 0
-0.56098 1
0 0
-0.551284 1
0 0
0 0
-0.533472 2
-0.527963 1
-0.521328 1
0 0
0 0
0 0
-0.498204 1
-0.489112 1
-0.481432 2
0 0
-0.470354 2
-0.466451 2
-0.46137 1
-0.453069 4
-0.444383 1
-0.443945 1
-0.434528 3
-0.428376 2
-0.423605 3
-0.416389 5
-0.410222 3
-0.405294 3
-0.395813 1
-0.393164 4
-0.385289 3
-0.381827 3
-0.373165 7
-0.367128 3
-0.360762 4
-0.356532 5
-0.351291 5
-0.34411 5
-0.337244 6
-0.332047 8
-0.324565 6
-0.31912 9
-0.311928 6
-0.306825 8
-0.300494 13
-0.29307 7
-0.288135 6
-0.28314 11
-0.27524 12
-0.270148 15
-0.263381 14
-0.257508 10
-0.252107 12
-0.245145 12
-0.239989 9
-0.234543 11
-0.227659 10
-0.22024 10
-0.215242 20
-0.209419 24
-0.203578 12
-0.196961 22
-0.190614 28
-0.184235 23
-0.178581 20
-0.172398 22
-0.166172 23
-0.160315 32
-0.153796 29
-0.148399 38
-0.142095 45
-0.135688 36
-0.12974 48
-0.123744 50
-0.117744 47
-0.111521 47
-0.105144 53
-0.0992728 41
-0.0926486 85
-0.0868821 96
-0.0808218 103
-0.0745829 100
-0.0686043 90
-0.0629452 96
-0.0564768 113
-0.0502754 104
-0.044409 112
-0.0380514 115
-0.0322533 144
-0.0259888 162
-0.0198233 168
-0.0138218 188
-0.00757994 184
-0.000885582 428
0.00453189 227
0.0108998 222
0.0167813 207
0.0228071 205
0.0291457 214
0.0351305 209
0.0411064 214
0.0471716 195
0.0532593 165
0.0593635 153
0.065677 142
0.0717004 153
0.0777255 137
0.0836525 104
0.0898141 124
0.0961961 63
0.102248 40
0.108673 32
0.114025 22
0.120975 10
0.125718 10
0.133825 8
0.138498 3
0.145376 3
0.152809 3
0.156339 4
0.162911 1
0.172302 1
0.175043 3
0.18025 4
0.185655 2
0 0
0.200914 2
0.205859 2
0 0
0.216817 1
0.225757 1
0.231342 2
0.237432 1
0 0
0.248507 1
0 0
0.261987 1
0.267672 4
0 0
0.279054 3
0 0
0.290233 1
0 0
0 0
0 0
0 0
0.323082 1
0 0
0.333534 2
0.342394 2
0.345265 1
0 0
0.359974 1
0 0
0 0
0 0
0.385397 1
0.388255 1
0.398413 1
0 0
0.404843 1
0 0
0.422001 1
0 0
0.431724 1
0 0
0 0
0 0
0.455413 1
0.461905 2
0 0
0.475817 1
0 0
0 0
0 0
0 0
0 0
0 0
0 0
0 0
0 0
0 0
0 0
0 0
0 0
0 0
0 0
0 0
0 0
0 0
0.587817 1
