-0.277558 1
0 0
0 0
0 0
0 0
0 0
0 0
0 0
0 0
0 0
0 0
0 0
0 0
0 0
-0.21986 1
-0.216553 1
-0.210265 3
-0.206943 2
0 0
0 0
-0.196481 3
-0.192013 2
-0.187226 4
-0.185046 1
-0.178878 3
-0.173675 1
-0.170645 2
-0.167581 4
-0.163665 5
-0.160132 4
-0.156243 8
-0.151893 9
-0.1474 12
-0.14382 8
-0.139564 14
-0.135816 13
-0.131347 5
-0.127192 11
-0.123338 16
-0.119793 11
-0.115498 16
-0.11109 10
-0.107404 22
-0.103391 17
-0.0997241 19
-0.0957386 19
-0.0914825 24
-0.0874538 26
-0.0832132 25
-0.0796249 35
-0.0754734 29
-0.0714199 37
-0.0675823 26
-0.0638307 25
-0.0594426 28
-0.0551766 32
-0.0516437 33
-0.0474919 32
-0.0435396 32
-0.0394482 28
-0.0356976 41
-0.0315306 32
-0.027483 39
-0.0238077 32
-0.0197617 39
-0.0154227 36
-0.0115355 23
-0.00722159 54
-0.00375996 36
0.000334993 37
0.00415042 37
0.00850194 27
0.0126039 36
0.0162933 34
0.0205102 36
0.0247232 40
0.0280923 23
0.0326257 39
0.0361387 32
0.0402504 30
0.044292 29
0.0483812 27
0.0522996 34
0.0562475 26
0.0604046 27
0.0644756 32
0.0686131 37
0.0726591 38
0.0767302 25
0.0801092 28
0.0840895 22
0.0885408 17
0.0927972 17
0.0963132 20
0.100603 22
0.104364 18
0.107885 16
0.112596 20
0.116246 17
0.120615 11
0.124501 15
0.128596 13
0.13305 8
0.136638 6
0.140278 10
0.144734 13
0.147954 10
0.152736 7
0.157254 11
0.159675 6
0.164615 4
0.168079 7
0.173147 10
0.175845 8
0.180396 7
0.185094 8
0.188522 8
0.192895 9
0.195217 5
0.199901 4
0.20486 6
0.207887 6
0.211898 4
0.21658 1
0.220847 1
0.223704 2
0.229757 3
0.231892 5
0.236951 1
0.239305 3
0.244313 2
0.248211 3
0.25354 2
0.256921 2
0.25907 4
0.263258 2
0 0
0.27194 2
0.278276 1
0 0
0.285046 2
0.288565 2
0.293934 1
0.297466 1
0 0
0 0
0.307191 1
0.313288 1
0 0
0.319797 1
0.323688 1
0 0
0 0
0 0
0.340085 1
0.345216 1
0 0
0 0
0.355973 1
0 0
0 0
0 0
0 0
0 0
0 0
0 0
0.387281 1
0 0
0 0
0 0
0 0
0 0
0 0
0 0
0 0
0 0
0 0
0 0
0 0
0 0
0 0
0 0
0 0
0 0
0.462303 1
0 0
0 0
0 0
0 0
0 0
0 0
0 0
0 0
0 0
0 0
0 0
0 0
0 0
0 0
0 0
0.522408 1
