-0.301445 1
0 0
-0.288266 1
0 0
0 0
-0.274811 1
-0.272228 1
0 0
-0.264831 1
0 0
-0.254499 2
-0.250516 3
-0.246474 1
0 0
0 0
-0.232197 3
-0.226746 3
-0.223014 2
-0.217842 3
-0.213756 3
-0.209823 2
-0.205483 4
-0.20041 4
-0.195622 5
-0.191968 4
-0.187565 3
-0.18225 3
-0.178431 5
-0.173588 5
0 0
-0.164188 8
-0.159867 7
-0.155362 11
-0.151017 6
-0.147043 4
-0.141493 9
-0.136766 8
-0.132516 7
-0.128142 15
-0.123936 13
-0.119498 12
-0.11524 16
-0.109628 11
-0.105909 17
-0.10132 17
-0.0968758 33
-0.0926183 46
-0.0877508 33
-0.0835853 48
-0.0790418 41
-0.0748393 36
-0.0699158 37
-0.0655645 47
-0.0610474 36
-0.0564401 40
-0.0518916 37
-0.0477795 39
-0.0428787 44
-0.0383296 41
-0.034057 37
-0.0295298 49
-0.0252529 38
-0.020298 30
-0.0155895 44
-0.0113312 35
-0.007103 55
-0.00247787 44
0.00125061 64
0.00671678 44
0.0108358 42
0.015514 43
0.0200993 40
0.0242204 47
0.0289125 44
0.0336971 36
0.0381512 32
0.0426471 36
0.0465062 36
0.0515618 32
0.0564262 37
0.0602763 32
0.0647434 25
0.0693318 29
0.0738904 37
0.0783735 26
0.0827169 15
0.0873476 25
0.0915014 22
0.0959222 15
0.10091 10
0.105829 9
0.109979 16
0.114337 12
0.119166 10
0.123035 8
0.127566 9
0.13262 10
0.136764 7
0.140948 8
0.145406 6
0.150435 12
0.155075 3
0.159393 9
0.163171 11
0.168557 7
0.171635 4
0.177838 9
0.182144 6
0.185771 5
0.190816 5
0.194684 2
0.199414 3
0.204299 4
0.209005 2
0.212932 2
0.215816 2
0.222786 3
0.226302 3
0.231206 5
0.23557 3
0.239802 3
0.243457 2
0.24877 3
0.254003 5
0.257056 3
0 0
0.266399 3
0 0
0.276437 6
0.278736 1
0 0
0.289389 2
0 0
0 0
0.302853 1
0 0
0 0
0 0
0.320227 1
0 0
0 0
0 0
0.339282 2
0.342476 2
0 0
0 0
0 0
0 0
0 0
0 0
0 0
0 0
0 0
0 0
0 0
0.399101 1
0 0
0 0
0 0
0 0
0 0
0 0
0 0
0 0
0 0
0 0
0 0
0 0
0 0
0 0
0 0
0.468502 1
0 0
0 0
0 0
0 0
0 0
0 0
0 0
0 0
0 0
0 0
0 0
0 0
0 0
0 0
0 0
0 0
0 0
0 0
0 0
0 0
0 0
0 0
0 0
0 0
0 0
0 0
0 0
0 0
0.597623 1
