-0.649087 1
0 0
0 0
0 0
0 0
0 0
0 0
-0.597695 1
-0.586727 1
0 0
0 0
0 0
0 0
-0.554936 1
-0.540991 1
0 0
0 0
0 0
-0.514431 2
-0.510818 1
-0.497667 1
0 0
-0.48635 2
0 0
-0.469932 2
-0.465192 1
-0.455551 2
-0.450111 2
-0.442808 1
-0.432733 1
-0.427776 5
-0.420626 6
-0.415426 3
-0.405991 6
-0.400537 7
-0.391499 7
-0.386497 4
-0.377894 5
-0.37015 10
-0.362845 9
-0.356484 8
-0.348534 5
-0.340342 4
-0.332624 6
-0.327234 11
-0.318971 10
-0.313058 13
-0.305456 13
-0.297451 9
-0.290995 18
-0.283828 13
-0.275436 10
-0.269758 15
-0.261845 15
-0.254309 16
-0.246886 17
-0.239785 16
-0.233293 20
-0.225269 22
-0.218307 22
-0.211345 21
-0.203583 18
-0.19581 16
-0.189159 21
-0.182624 22
-0.17567 25
-0.167726 29
-0.159967 35
-0.152975 37
-0.145803 34
-0.138197 41
-0.131457 38
-0.124466 40
-0.11722 43
-0.109847 60
-0.102617 77
-0.0951888 76
-0.0880994 113
-0.0811367 105
-0.0730774 101
-0.0664987 135
-0.0591827 115
-0.0517733 133
-0.0442305 126
-0.0372464 145
-0.0297895 120
-0.0227658 164
-0.015472 210
-0.00827643 234
-0.000654986 432
0.00599638 269
0.0134066 280
0.0204423 253
0.0273192 232
0.035139 223
0.0423214 198
0.0494309 225
0.0568166 161
0.0640527 195
0.0709551 162
0.0784915 187
0.0856857 147
0.0924002 101
0.100007 69
0.106967 62
0.114074 49
0.121573 32
0.129291 25
0.136454 13
0.143489 17
0.149736 12
0.157992 10
0.165512 6
0.172385 9
0.179661 11
0.186675 7
0.193875 5
0.202459 9
0.210529 3
0.215219 5
0.224332 3
0.229128 1
0 0
0 0
0.253063 2
0.25617 1
0.267175 5
0.275862 3
0.280604 1
0.288419 2
0.295135 3
0.303111 2
0.312245 2
0.318097 3
0 0
0 0
0 0
0 0
0 0
0.357713 2
0 0
0.374073 1
0.38113 1
0 0
0 0
0.406396 2
0.408193 1
0.419673 2
0.426208 2
0 0
0.441902 2
0 0
0.453209 1
0.461013 1
0 0
0 0
0 0
0.488793 1
0.499404 1
0.504997 2
0 0
0.517833 1
0 0
0.534995 1
0.545154 1
0 0
0 0
0 0
0 0
0 0
0.58203 1
0 0
0 0
0.606411 1
0.611582 1
0 0
0 0
0 0
0 0
0 0
0.659699 1
0.66344 1
0 0
0 0
0 0
0 0
0 0
0 0
0 0
0 0
0 0
0 0
0 0
0 0
0 0
0 0
0 0
0 0
0 0
0.798768 1
0 0
