-0.73186 1
-0.721148 1
0 0
0 0
0 0
0 0
0 0
0 0
0 0
0 0
0 0
0 0
0 0
-0.631919 1
0 0
0 0
0 0
0 0
0 0
0 0
0 0
0 0
0 0
0 0
0 0
0 0
0 0
0 0
0 0
-0.518418 1
0 0
0 0
0 0
0 0
0 0
0 0
0 0
0 0
0 0
0 0
0 0
0 0
0 0
0 0
0 0
0 0
0 0
0 0
0 0
0 0
0 0
0 0
0 0
-0.344727 1
0 0
0 0
0 0
0 0
0 0
0 0
0 0
-0.286427 1
-0.274122 1
0 0
0 0
-0.254926 1
-0.248666 1
0 0
0 0
0 0
0 0
-0.208662 1
0 0
0 0
-0.185953 1
0 0
-0.175735 1
-0.16352 1
-0.15763 2
-0.151577 2
-0.143078 2
-0.134023 1
0 0
0 0
-0.11405 1
-0.106189 1
0 0
-0.0968289 1
-0.0889179 1
0 0
-0.0713676 2
0 0
-0.0575875 2
-0.0494937 3
-0.0456222 1
0 0
-0.0281419 3
-0.0214816 2
-0.0150489 1
0 0
0 0
0.00994779 2
0 0
0.0230447 3
0.0323201 1
0 0
0.0478347 1
0 0
0.0565447 2
0 0
0 0
0 0
0.0872884 1
0 0
0 0
0 0
0.11493 1
0.127362 1
0 0
0 0
0.150696 1
0 0
0.160039 1
0 0
0.177722 2
0.182899 1
0.190513 1
0 0
0 0
0 0
0 0
0.227002 1
0 0
0 0
0.24593 1
0.258058 1
0 0
0 0
0 0
0 0
0 0
0 0
0 0
0 0
0 0
0.327935 2
0.336604 1
0 0
0.35055 1
0 0
0 0
0 0
0 0
0 0
0 0
0 0
0 0
0.419786 1
0 0
0 0
0 0
0 0
0 0
0 0
0 0
0 0
0 0
0 0
0 0
0 0
0 0
0 0
0 0
0 0
0 0
0 0
0 0
0 0
0.567402 1
0 0
0 0
0 0
0 0
0 0
0 0
0 0
0 0
0 0
0 0
0 0
0 0
0 0
0 0
0 0
0 0
0 0
0 0
0 0
0 0
0 0
0.727152 1
