-0.379884 1
0 0
0 0
0 0
0 0
0 0
0 0
-0.346852 1
0 0
0 0
0 0
0 0
0 0
0 0
0 0
0 0
0 0
-0.308592 1
-0.301793 1
-0.299821 1
0 0
0 0
0 0
0 0
0 0
-0.273464 1
-0.267473 1
-0.266789 1
-0.262785 1
0 0
-0.252473 4
-0.248353 2
-0.245301 2
-0.239587 2
-0.236298 3
-0.230318 1
-0.225788 1
-0.224253 2
-0.21835 2
-0.215216 3
-0.209316 2
-0.207137 5
-0.202964 4
-0.198345 7
-0.194646 9
-0.190295 4
-0.18683 7
-0.181736 7
-0.178518 8
-0.173863 16
-0.169879 4
-0.165322 14
-0.161064 14
-0.157464 9
-0.153135 9
-0.148619 12
-0.144316 6
-0.140319 9
-0.135393 8
-0.131798 12
-0.12792 14
-0.122809 22
-0.119147 23
-0.114936 11
-0.11128 30
-0.106785 23
-0.10287 23
-0.0985672 23
-0.0941683 30
-0.0898694 22
-0.0855626 22
-0.0817811 17
-0.0776213 21
-0.0739321 28
-0.0690936 31
-0.0647669 21
-0.0606663 27
-0.0568868 20
-0.0524968 25
-0.0485818 27
-0.0444536 31
-0.0400774 29
-0.0356908 35
-0.0318235 29
-0.0274191 29
-0.0234617 28
-0.019159 33
-0.0152498 36
-0.0107365 40
-0.00691376 37
-0.00250147 31
0.00144459 36
0.00587949 36
0.00967951 24
0.0137744 28
0.0182419 33
0.0226307 29
0.0268198 31
0.03114 28
0.0352803 26
0.0388972 30
0.0426566 17
0.0475768 25
0.0517154 30
0.0564872 22
0.0595141 26
0.0640943 31
0.0683033 33
0.0721316 22
0.0768662 24
0.0810877 22
0.0849025 15
0.0893609 17
0.0937366 16
0.0980573 21
0.101225 22
0.106107 21
0.109925 20
0.114205 24
0.118792 16
0.122741 19
0.126457 17
0.130696 17
0.13534 11
0.139542 16
0.143442 12
0.147601 12
0.151622 19
0.156594 12
0.160751 8
0.164179 10
0.168653 7
0.172454 16
0.177413 7
0.181358 6
0.185406 7
0.189316 9
0.193428 5
0.196885 6
0.202376 8
0.206087 6
0.20978 8
0.215089 4
0.217851 4
0.222292 4
0.227975 4
0.232077 6
0 0
0.240269 2
0.244147 5
0.246828 3
0.252017 6
0.256385 4
0.260726 1
0.264439 5
0.26834 4
0.273109 4
0.277192 4
0.281201 2
0.28398 3
0.288481 2
0.291478 1
0.297985 6
0.302874 4
0.305622 5
0.310564 1
0 0
0.317206 2
0.323113 2
0 0
0 0
0.337208 2
0.339917 1
0.344905 2
0 0
0.351864 1
0 0
0 0
0.36455 2
0.36708 1
0.374728 1
0.37748 1
0 0
0 0
0 0
0 0
0 0
0.401312 1
0 0
0 0
0 0
0.41699 1
0 0
0 0
0 0
0 0
0 0
0 0
0 0
0 0
0.454055 1
