-0.914462 1
0 0
0 0
0 0
0 0
0 0
0 0
0 0
-0.843673 1
0 0
0 0
0 0
-0.810992 1
0 0
0 0
-0.788673 1
0 0
-0.769705 1
-0.757657 1
0 0
-0.747322 1
0 0
0 0
-0.721606 1
0 0
0 0
0 0
0 0
-0.681193 2
0 0
0 0
0 0
-0.645856 1
0 0
0 0
0 0
0 0
0 0
0 0
-0.585623 2
-0.577667 1
0 0
0 0
0 0
0 0
0 0
0 0
-0.517798 1
0 0
0 0
0 0
0 0
0 0
0 0
0 0
0 0
-0.444351 2
-0.433327 1
0 0
-0.420275 1
0 0
0 0
0 0
0 0
-0.380211 1
-0.370177 2
0 0
-0.352067 1
-0.347711 1
0 0
-0.329193 1
-0.320342 1
-0.310187 2
-0.304832 3
0 0
-0.28756 1
-0.277231 6
-0.270131 3
-0.259429 4
-0.251514 9
-0.245045 5
-0.237016 9
-0.227397 8
-0.219656 5
-0.210839 9
-0.203829 9
-0.196405 10
-0.186863 13
-0.178427 13
-0.169276 17
-0.161031 10
-0.153655 28
-0.145197 28
-0.136757 23
-0.127186 37
-0.120585 36
-0.111797 32
-0.102945 37
-0.0947662 50
-0.0864471 60
-0.0783121 60
-0.0698934 78
-0.0618629 88
-0.0536774 95
-0.0451826 124
-0.0365963 113
-0.0283698 114
-0.0202004 133
-0.0115694 131
-0.00381392 150
0.00454005 145
0.0127742 99
0.0207232 76
0.0305877 67
0.0380499 52
0.0463733 55
0.0544541 33
0.0623933 30
0.0707091 33
0.0787726 27
0.0875855 26
0.0963624 24
0.105108 15
0.113262 17
0.121316 16
0.129471 19
0.137674 18
0.145952 14
0.153762 15
0.162533 20
0.171782 20
0.178775 14
0.188717 2
0.196215 4
0.204545 8
0.213507 3
0.220339 8
0.228943 7
0.236688 1
0.245938 4
0.252537 6
0.26155 5
0.269399 2
0.277535 4
0.290981 3
0.297601 1
0.304055 2
0.312647 2
0.322209 4
0.331393 1
0.339278 5
0.346385 6
0.352825 5
0.364755 2
0.368152 5
0.379495 3
0.388364 5
0.394017 3
0.403927 4
0.412558 3
0 0
0.428062 4
0.436184 2
0.443391 1
0.453916 6
0.462706 1
0.471103 3
0.476037 1
0.487778 2
0.493169 1
0.506718 1
0.513724 1
0.520693 1
0.528589 2
0.535652 2
0.547853 1
0.552343 2
0 0
0 0
0.579869 2
0.586228 2
0 0
0.605592 2
0.616042 1
0.623105 2
0 0
0 0
0 0
0.652825 1
0.664684 2
0.6714 3
0 0
0 0
0 0
0 0
0 0
0 0
0 0
0.733198 1
0.741014 1
