-0.324978 1
-0.31845 1
0 0
-0.309807 1
-0.305457 3
0 0
-0.297464 1
0 0
-0.288293 1
0 0
-0.282561 1
0 0
0 0
-0.268825 4
-0.266399 1
-0.262004 1
-0.255391 2
-0.252186 5
0 0
0 0
-0.239081 4
-0.235412 7
-0.230857 6
0 0
-0.223129 2
-0.216392 1
-0.212965 2
-0.211201 1
-0.205937 5
-0.201123 6
-0.197604 3
-0.192707 9
-0.188879 5
-0.185038 7
-0.179849 6
-0.176604 13
-0.171816 16
-0.168056 11
-0.164121 18
-0.159879 15
-0.155257 12
-0.151783 21
-0.147225 17
-0.14319 27
-0.138541 18
-0.135307 22
-0.13038 28
-0.12642 30
-0.122119 27
-0.117967 35
-0.11389 36
-0.109595 53
-0.105644 58
-0.10151 60
-0.0974259 60
-0.0931549 65
-0.088691 87
-0.0847153 83
-0.0804846 95
-0.0764316 86
-0.0723075 122
-0.0676396 97
-0.0635776 151
-0.0595202 171
-0.0553597 190
-0.0512174 216
-0.0469984 296
-0.0427603 331
-0.0386228 388
-0.034408 449
-0.0302548 528
-0.0261043 697
-0.0219055 828
-0.0177491 997
-0.0135518 1100
-0.00930959 1395
-0.0052495 1506
-0.00106485 1518
0.0030781 1374
0.00721652 1165
0.0114001 878
0.0155681 669
0.0197441 568
0.0239117 498
0.0280381 404
0.03235 368
0.0365272 315
0.0407438 293
0.0449319 262
0.0491447 223
0.0531843 198
0.057506 163
0.0614571 169
0.0657037 144
0.0699961 120
0.0741066 112
0.0785358 91
0.0828073 79
0.0866031 74
0.0911263 71
0.0949026 54
0.0993044 51
0.103357 60
0.107636 42
0.111791 38
0.115775 41
0.120034 46
0.124158 24
0.128448 26
0.132526 32
0.136601 25
0.141173 18
0.145033 15
0.149799 14
0.153673 16
0.157949 13
0.162081 12
0.16619 14
0.17021 8
0.174554 15
0.1787 7
0.183118 15
0.187068 7
0.190431 7
0.195451 8
0.19939 9
0.204928 3
0.207965 8
0.212095 7
0.217121 4
0.220426 5
0.224278 5
0.229412 4
0.234218 1
0.237831 2
0.239891 2
0.246809 1
0.249005 3
0.253851 1
0.258118 4
0 0
0.266741 1
0.269144 2
0.274903 1
0.277802 1
0.28255 2
0 0
0.290441 1
0.295564 2
0.29829 4
0.304124 2
0 0
0.313881 1
0.317031 1
0 0
0.3244 3
0.33068 1
0 0
0 0
0 0
0.346252 1
0 0
0.353403 1
0 0
0 0
0 0
0 0
0 0
0 0
0 0
0 0
0.392326 1
0 0
0.399037 1
0 0
0.408495 1
0 0
0 0
0 0
0 0
0 0
0 0
0 0
0 0
0 0
0 0
0 0
0 0
0 0
0 0
0 0
0 0
0 0
0 0
0 0
0 0
0 0
0 0
0 0
0.506753 1
