0.000000 0.000000 0.000000 0.000000 0.000000 
-57.333336 -0.037132 11.000000 61.000000 0.046357 
-95.333305 -0.038492 32.000000 106.000000 0.122604 
-154.333359 -0.049601 47.000000 170.000000 0.147360 
-204.333420 -0.048807 59.000000 224.000000 0.157528 
-256.666809 -0.050110 73.000000 281.000000 0.169347 
-295.333282 -0.044257 92.000000 326.000000 0.201579 
-333.999908 -0.038777 96.000000 366.000000 0.180185 
-380.333069 -0.047173 113.000000 418.000000 0.196138 
-428.332947 -0.048118 125.000000 470.000000 0.194099 
-484.332825 -0.051134 137.000000 530.000000 0.186297 
-523.666199 -0.042624 151.000000 574.000000 0.200687 
-569.666565 -0.042670 169.000000 626.000000 0.219929 
-608.000305 -0.038375 189.000000 671.000000 0.244061 
-655.334106 -0.044446 212.000000 726.000000 0.260558 
-706.334473 -0.049994 230.000000 783.000000 0.251742 
-763.001465 -0.052240 246.000000 845.000000 0.238494 
-819.335144 -0.053923 263.000000 907.000000 0.231287 
-865.002197 -0.050172 282.000000 959.000000 0.242768 
-892.335999 -0.035313 305.000000 994.000000 0.283955 
-944.002991 -0.045497 321.000000 1051.000000 0.262306 
-987.336670 -0.045135 338.000000 1100.000000 0.261293 
-1027.336914 -0.042491 353.000000 1145.000000 0.257468 
-1081.336060 -0.051548 374.000000 1206.000000 0.259064 
-1130.335205 -0.050158 395.000000 1262.000000 0.264174 
-1179.001343 -0.049664 408.000000 1315.000000 0.244842 
-1233.334229 -0.053914 419.000000 1373.000000 0.218474 
-1282.000244 -0.049975 435.000000 1427.000000 0.222575 
-1342.999634 -0.057053 450.000000 1493.000000 0.211011 
-1387.665527 -0.049893 469.000000 1544.000000 0.227953 
-1431.998169 -0.045751 486.000000 1594.000000 0.237006 
-1489.664307 -0.054469 499.000000 1656.000000 0.214637 
-1533.330078 -0.049642 521.000000 1707.000000 0.239757 
-1580.996094 -0.047706 537.000000 1760.000000 0.235720 
-1627.995361 -0.046964 555.000000 1813.000000 0.242775 
-1676.661499 -0.048591 568.000000 1866.000000 0.228362 
-1717.327515 -0.046486 584.000000 1912.000000 0.235061 
-1765.993408 -0.048714 603.000000 1967.000000 0.240680 
-1808.992920 -0.044160 615.000000 2014.000000 0.230650 
-1848.992432 -0.041162 627.000000 2058.000000 0.227046 
-1888.991943 -0.040158 639.000000 2102.000000 0.223544 
-1939.991455 -0.046146 651.000000 2157.000000 0.212288 
-1985.323975 -0.047418 671.000000 2209.000000 0.231162 
-2024.323486 -0.043018 683.000000 2252.000000 0.227854 
-2076.323730 -0.048866 698.000000 2309.000000 0.220952 
-2118.325195 -0.041629 716.000000 2357.000000 0.239776 
-2164.326660 -0.046291 734.000000 2409.000000 0.241669 
-2216.660645 -0.047803 742.000000 2464.000000 0.211750 
-2261.328613 -0.046392 758.000000 2514.000000 0.221091 
-2322.329834 -0.057674 773.000000 2580.000000 0.209508 
-2360.998291 -0.046959 795.000000 2626.000000 0.241342 
-2393.666504 -0.035968 814.000000 2665.000000 0.265251 
-2437.001465 -0.041206 834.000000 2715.000000 0.271093 
-2480.002686 -0.044058 849.000000 2763.000000 0.260581 
-2523.670166 -0.043946 859.000000 2810.000000 0.238502 
-2559.004639 -0.038176 873.000000 2850.000000 0.243803 
-2619.672119 -0.050874 883.000000 2914.000000 0.210696 
-2673.673584 -0.052264 901.000000 2974.000000 0.217936 
-2723.008057 -0.052225 915.000000 3028.000000 0.213240 
-2774.676025 -0.050818 931.000000 3085.000000 0.216671 
-2823.677246 -0.051589 946.000000 3139.000000 0.214680 
-2870.678711 -0.046084 964.000000 3192.000000 0.230121 
-2918.012939 -0.046819 975.000000 3243.000000 0.218593 
-2963.347900 -0.046840 995.000000 3295.000000 0.236130 
-3016.015869 -0.048074 1011.000000 3353.000000 0.234179 
-3068.350342 -0.048790 1025.000000 3410.000000 0.222477 
-3110.685059 -0.044560 1042.000000 3458.000000 0.234538 
-3164.019775 -0.046358 1059.000000 3517.000000 0.233704 
-3219.354248 -0.052130 1073.000000 3577.000000 0.219313 
-3281.022461 -0.055927 1092.000000 3645.000000 0.220781 
-3334.690430 -0.054893 1108.000000 3704.000000 0.218946 
-3382.024902 -0.049306 1122.000000 3756.000000 0.219142 
-3426.692139 -0.044801 1129.000000 3803.000000 0.198996 
-3482.026855 -0.053593 1146.000000 3864.000000 0.206074 
-3529.028076 -0.047963 1161.000000 3916.000000 0.212511 
-3579.362793 -0.048941 1178.000000 3972.000000 0.220062 
-3637.364014 -0.055600 1193.000000 4035.000000 0.209064 
-3687.698730 -0.053505 1210.000000 4091.000000 0.215711 
-3734.700195 -0.050649 1228.000000 4144.000000 0.226107 
-3773.367676 -0.040751 1238.000000 4186.000000 0.218958 
-3818.703125 -0.043293 1264.000000 4240.000000 0.253910 
-3853.704346 -0.036688 1279.000000 4280.000000 0.259035 
-3906.038330 -0.045806 1287.000000 4335.000000 0.223525 
-3958.040039 -0.049409 1308.000000 4394.000000 0.236493 
-4009.374512 -0.048047 1322.000000 4450.000000 0.229575 
-4059.709229 -0.049151 1339.000000 4506.000000 0.231750 
-4109.708984 -0.049396 1357.000000 4562.000000 0.237985 
-4158.373047 -0.050305 1373.000000 4616.000000 0.234526 
-4194.370605 -0.040912 1388.000000 4657.000000 0.243509 
-4242.700684 -0.044117 1408.000000 4712.000000 0.250994 
-4291.364746 -0.048090 1424.000000 4766.000000 0.243755 
-4328.361816 -0.041981 1442.000000 4809.000000 0.257815 
-4382.358887 -0.050209 1460.000000 4869.000000 0.247625 
-4420.687988 -0.047244 1486.000000 4916.000000 0.277901 
-4449.018555 -0.035964 1503.000000 4950.000000 0.289638 
-4487.682129 -0.037455 1522.000000 4995.000000 0.292074 
-4544.680176 -0.049779 1534.000000 5056.000000 0.252058 
-4592.010742 -0.048497 1551.000000 5109.000000 0.247068 
-4640.675293 -0.048937 1564.000000 5162.000000 0.231143 
-4682.006348 -0.044283 1578.000000 5208.000000 0.232428 
-4730.670410 -0.046884 1594.000000 5262.000000 0.232170 
0.000000 0.000000 0.000000 0.000000 0.000000 
-15.333332 -0.010773 35.000000 27.000000 0.148381 
-28.999985 -0.013872 81.000000 56.000000 0.291365 
-40.666691 -0.011441 115.000000 79.000000 0.368988 
-38.666756 -0.003525 166.000000 94.000000 0.481929 
-46.000141 -0.005142 207.000000 115.000000 0.531434 
-47.666866 -0.002590 253.000000 132.000000 0.585576 
-56.333591 -0.006307 299.000000 156.000000 0.607025 
-58.000317 -0.001195 348.000000 174.000000 0.645986 
-51.667053 0.004037 403.000000 186.000000 0.696466 
-65.333778 -0.008640 449.000000 215.000000 0.667552 
-63.667027 -0.002019 493.000000 228.000000 0.694029 
-63.333706 -0.000341 545.000000 245.000000 0.711851 
-59.667027 0.003437 604.000000 261.000000 0.737808 
-56.333759 0.003214 656.000000 275.000000 0.752288 
-54.333828 0.002065 710.000000 291.000000 0.757055 
-52.000561 0.002493 762.000000 306.000000 0.762975 
-50.000622 0.001450 810.000000 320.000000 0.764873 
-47.667351 0.000961 859.000000 334.000000 0.766883 
-59.667400 -0.005860 898.000000 359.000000 0.725825 
-59.000809 -0.001241 957.000000 378.000000 0.736490 
-60.667522 -0.000163 1003.000000 395.000000 0.736839 
-53.667587 0.004434 1054.000000 405.000000 0.763236 
-49.667648 0.005181 1102.000000 417.000000 0.774626 
-58.001045 -0.002248 1152.000000 442.000000 0.742915 
-62.334431 -0.002845 1199.000000 462.000000 0.732508 
-65.667809 -0.004132 1237.000000 478.000000 0.724260 
-60.334499 0.000493 1289.000000 490.000000 0.746384 
-53.334572 0.005525 1346.000000 502.000000 0.771149 
-58.667961 -0.001109 1390.000000 522.000000 0.748350 
-50.334702 0.005205 1448.000000 533.000000 0.776798 
-45.001427 0.005533 1494.000000 543.000000 0.788257 
-40.668156 0.003777 1543.000000 555.000000 0.790837 
-30.334843 0.006844 1598.000000 563.000000 0.810788 
-28.334803 0.003061 1661.000000 582.000000 0.794977 
-29.001432 0.001862 1722.000000 603.000000 0.779941 
-27.001398 0.002171 1776.000000 619.000000 0.777565 
-18.668030 0.005781 1831.000000 629.000000 0.795844 
-10.668028 0.007260 1885.000000 639.000000 0.809330 
-8.001372 0.004566 1926.000000 650.000000 0.804751 
-4.001365 0.004635 1977.000000 663.000000 0.803037 
7.331970 0.008770 2029.000000 669.000000 0.826095 
10.998627 0.005646 2076.000000 681.000000 0.818656 
17.331949 0.005707 2122.000000 690.000000 0.822809 
21.665319 0.004386 2180.000000 705.000000 0.813067 
22.998684 0.002161 2229.000000 720.000000 0.799369 
37.998680 0.010562 2286.000000 724.000000 0.835295 
44.665283 0.007745 2336.000000 734.000000 0.833837 
57.331867 0.010716 2401.000000 743.000000 0.847278 
59.998466 0.006353 2454.000000 758.000000 0.828817 
68.998505 0.008153 2508.000000 767.000000 0.836654 
80.998650 0.010394 2565.000000 774.000000 0.851040 
82.665443 0.003859 2615.000000 789.000000 0.826454 
87.998909 0.004157 2667.000000 801.000000 0.821618 
94.332390 0.005349 2725.000000 814.000000 0.819858 
105.999199 0.008388 2781.000000 821.000000 0.837284 
110.332672 0.006699 2836.000000 835.000000 0.826907 
117.999466 0.007042 2886.000000 844.000000 0.831446 
121.999588 0.005407 2934.000000 856.000000 0.824395 
113.666367 -0.002419 2978.000000 879.000000 0.777487 
112.999817 -0.002345 3024.000000 895.000000 0.766240 
127.999954 0.009175 3078.000000 898.000000 0.812001 
133.666351 0.005977 3131.000000 910.000000 0.811033 
144.999390 0.008840 3189.000000 918.000000 0.829608 
158.332413 0.010767 3250.000000 925.000000 0.847842 
163.665512 0.007388 3296.000000 935.000000 0.841511 
170.665237 0.007575 3350.000000 946.000000 0.839242 
182.998245 0.010300 3414.000000 955.000000 0.849150 
185.664642 0.006680 3467.000000 970.000000 0.830988 
197.664337 0.009466 3527.000000 978.000000 0.844563 
210.997375 0.011405 3585.000000 984.000000 0.860316 
217.330414 0.008884 3643.000000 997.000000 0.848559 
227.996780 0.009637 3702.000000 1006.000000 0.853227 
237.663147 0.010101 3761.000000 1016.000000 0.854727 
241.329529 0.005565 3817.000000 1031.000000 0.833908 
251.995895 0.009609 3876.000000 1040.000000 0.843921 
264.329590 0.011058 3940.000000 1049.000000 0.853488 
270.330109 0.008767 3991.000000 1060.000000 0.846969 
279.330658 0.008481 4045.000000 1069.000000 0.849211 
287.997864 0.008267 4098.000000 1078.000000 0.850147 
297.998352 0.008866 4146.000000 1084.000000 0.858085 
309.332184 0.010396 4195.000000 1089.000000 0.869529 
320.332703 0.010579 4246.000000 1095.000000 0.875464 
328.666626 0.009937 4304.000000 1106.000000 0.866242 
335.667175 0.009078 4358.000000 1117.000000 0.858109 
341.667786 0.007024 4418.000000 1131.000000 0.843365 
343.668427 0.003413 4481.000000 1150.000000 0.817009 
346.335693 0.003585 4540.000000 1167.000000 0.805241 
353.002930 0.005147 4596.000000 1179.000000 0.809926 
366.670105 0.010995 4646.000000 1182.000000 0.841507 
377.670746 0.012496 4709.000000 1192.000000 0.850793 
389.671387 0.012106 4772.000000 1201.000000 0.857773 
403.005310 0.012296 4830.000000 1207.000000 0.869806 
412.672577 0.009864 4889.000000 1217.000000 0.863612 
420.006470 0.009263 4944.000000 1228.000000 0.856193 
427.340363 0.008591 4999.000000 1239.000000 0.850108 
437.007568 0.008994 5052.000000 1247.000000 0.854400 
441.674622 0.006168 5090.000000 1255.000000 0.848812 
449.675110 0.007107 5138.000000 1263.000000 0.850578 
454.342438 0.005816 5203.000000 1280.000000 0.831533 
469.009735 0.012223 5265.000000 1286.000000 0.854763 
