0.000000 0.000000 0.000000 0.000000 0.000000 
0.000000 0.000000 0.000000 0.000000 0.000000 
-9.000001 -0.005120 36.000000 21.000000 0.157672 
-35.333344 -0.018650 74.000000 60.000000 0.264557 
-44.666729 -0.012804 115.000000 83.000000 0.367752 
-59.666779 -0.014738 154.000000 111.000000 0.428120 
-81.333427 -0.019546 182.000000 142.000000 0.438915 
-151.666809 -0.050874 196.000000 217.000000 0.340351 
-161.666977 -0.023525 229.000000 238.000000 0.405811 
-171.000595 -0.013437 285.000000 266.000000 0.498010 
-172.667465 -0.006166 325.000000 281.000000 0.553086 
-185.667740 -0.010346 379.000000 312.000000 0.581685 
-194.001297 -0.008358 423.000000 335.000000 0.604477 
-206.001511 -0.012229 465.000000 361.000000 0.606030 
-217.001755 -0.011479 513.000000 388.000000 0.615867 
-232.001923 -0.012346 546.000000 414.000000 0.602771 
-267.335236 -0.027510 566.000000 456.000000 0.526077 
-269.668121 -0.012517 610.000000 473.000000 0.576211 
-279.667725 -0.010452 649.000000 496.000000 0.591521 
-299.000610 -0.016486 693.000000 530.000000 0.581689 
-305.666748 -0.008536 745.000000 554.000000 0.617430 
-339.666504 -0.025583 769.000000 596.000000 0.545706 
-345.666077 -0.012147 811.000000 616.000000 0.582745 
-362.665680 -0.014603 850.000000 646.000000 0.578314 
-378.665283 -0.015403 889.000000 675.000000 0.576598 
-395.998138 -0.014603 936.000000 708.000000 0.584410 
-416.997772 -0.019381 972.000000 741.000000 0.566025 
-461.664276 -0.035164 988.000000 791.000000 0.474592 
-479.330536 -0.023900 1028.000000 822.000000 0.502246 
-489.996704 -0.015436 1077.000000 849.000000 0.547572 
-496.996277 -0.010540 1119.000000 870.000000 0.578999 
-503.995789 -0.006805 1167.000000 893.000000 0.610885 
-513.995728 -0.008827 1224.000000 922.000000 0.628978 
-519.663147 -0.006627 1261.000000 940.000000 0.639709 
-524.997437 -0.005391 1308.000000 961.000000 0.655028 
-536.998291 -0.010780 1350.000000 987.000000 0.642436 
-531.999329 -0.000628 1401.000000 999.000000 0.687848 
-536.000305 -0.002378 1449.000000 1019.000000 0.693423 
-573.667419 -0.023850 1471.000000 1064.000000 0.589578 
-596.334595 -0.024384 1496.000000 1095.000000 0.554317 
-621.335144 -0.025400 1523.000000 1129.000000 0.523999 
-630.002686 -0.016147 1566.000000 1152.000000 0.558314 
-624.337219 -0.003412 1625.000000 1166.000000 0.632976 
-638.338074 -0.008440 1667.000000 1194.000000 0.626176 
-639.005615 -0.003519 1710.000000 1209.000000 0.655437 
-635.340027 0.000172 1763.000000 1223.000000 0.692327 
-645.674255 -0.005097 1807.000000 1248.000000 0.678795 
-643.008667 -0.000247 1860.000000 1263.000000 0.707972 
-644.343018 -0.000619 1910.000000 1281.000000 0.716477 
-645.677307 -0.000429 1957.000000 1298.000000 0.722614 
-655.678162 -0.006242 1999.000000 1322.000000 0.698501 
-697.011902 -0.027915 2019.000000 1370.000000 0.582489 
-692.346191 -0.007694 2066.000000 1381.000000 0.639295 
-703.347046 -0.009917 2108.000000 1406.000000 0.635655 
-714.014587 -0.011516 2151.000000 1431.000000 0.632974 
-716.015564 -0.005545 2199.000000 1449.000000 0.659624 
-718.683167 -0.003857 2245.000000 1467.000000 0.675735 
-713.684265 0.002127 2299.000000 1480.000000 0.713242 
-712.685364 0.002073 2353.000000 1497.000000 0.728325 
-707.686523 0.004123 2410.000000 1511.000000 0.750789 
-710.354187 0.000145 2459.000000 1530.000000 0.742370 
-714.688416 -0.003144 2503.000000 1549.000000 0.729836 
-746.022400 -0.018904 2535.000000 1591.000000 0.640080 
-762.023193 -0.015584 2574.000000 1620.000000 0.623533 
-776.690674 -0.015446 2614.000000 1648.000000 0.612779 
-770.025024 -0.001663 2664.000000 1658.000000 0.669589 
-767.692566 0.001256 2707.000000 1670.000000 0.697033 
-769.026855 0.001799 2754.000000 1687.000000 0.710974 
-780.694458 -0.005967 2800.000000 1714.000000 0.687478 
-779.695618 -0.000473 2857.000000 1732.000000 0.712524 
-783.029785 -0.004086 2898.000000 1749.000000 0.708707 
-781.030823 -0.000092 2949.000000 1764.000000 0.726941 
-779.364990 0.000352 2990.000000 1776.000000 0.736956 
-774.699158 0.003537 3031.000000 1785.000000 0.755717 
-767.033508 0.006238 3081.000000 1794.000000 0.778906 
-758.701233 0.007779 3133.000000 1803.000000 0.798527 
-767.368774 -0.002376 3176.000000 1826.000000 0.757215 
-758.036499 0.005135 3228.000000 1834.000000 0.785838 
-749.371155 0.006878 3293.000000 1847.000000 0.799943 
-747.705505 0.004430 3343.000000 1862.000000 0.792745 
-739.706604 0.006233 3397.000000 1872.000000 0.805988 
-723.041443 0.012845 3471.000000 1880.000000 0.838437 
-719.042358 0.007214 3516.000000 1891.000000 0.830071 
-707.043762 0.010032 3585.000000 1902.000000 0.840866 
-693.711609 0.011024 3643.000000 1908.000000 0.857236 
-686.712646 0.009157 3694.000000 1918.000000 0.852653 
-678.380554 0.010367 3755.000000 1930.000000 0.850298 
-678.714966 0.002990 3808.000000 1948.000000 0.817985 
-673.382690 0.003578 3860.000000 1960.000000 0.814765 
-661.717285 0.007854 3922.000000 1969.000000 0.831320 
-652.718445 0.008646 3979.000000 1979.000000 0.837472 
-648.052917 0.006047 4035.000000 1993.000000 0.826348 
-645.054138 0.004186 4095.000000 2010.000000 0.811635 
-630.721985 0.010242 4153.000000 2015.000000 0.841028 
-619.056274 0.011383 4200.000000 2019.000000 0.858865 
-610.057434 0.009691 4257.000000 2029.000000 0.856317 
-604.391846 0.007516 4310.000000 2041.000000 0.845568 
-592.059692 0.010504 4368.000000 2048.000000 0.859461 
-589.727478 0.005318 4423.000000 2064.000000 0.834220 
-578.395203 0.009175 4475.000000 2070.000000 0.850237 
-563.396606 0.013116 4544.000000 2078.000000 0.865107 
-553.730896 0.011511 4591.000000 2084.000000 0.870392 
-546.731934 0.008552 4642.000000 2094.000000 0.860846 
-550.066162 0.001621 4686.000000 2112.000000 0.821643 
-540.067566 0.006584 4755.000000 2125.000000 0.827852 
-533.068665 0.006355 4809.000000 2136.000000 0.828203 
-517.403503 0.012246 4883.000000 2145.000000 0.849587 
-503.070404 0.014247 4953.000000 2154.000000 0.862427 
-491.069733 0.012821 5019.000000 2164.000000 0.863820 
-476.735748 0.014058 5083.000000 2171.000000 0.876011 
-466.401917 0.011258 5132.000000 2177.000000 0.879233 
-461.401337 0.007410 5189.000000 2191.000000 0.856800 
-452.400696 0.007455 5252.000000 2203.000000 0.849827 
-437.733368 0.012568 5317.000000 2210.000000 0.866220 
-430.732849 0.009773 5368.000000 2220.000000 0.859335 
-414.732208 0.013502 5431.000000 2225.000000 0.877996 
-403.731537 0.011506 5497.000000 2236.000000 0.870266 
-397.731110 0.009416 5539.000000 2244.000000 0.865536 
-383.730591 0.011808 5590.000000 2247.000000 0.883803 
-372.063354 0.011687 5646.000000 2254.000000 0.885688 
-355.729279 0.014889 5719.000000 2262.000000 0.890685 
-343.395355 0.013905 5777.000000 2269.000000 0.891833 
-331.728119 0.012848 5833.000000 2276.000000 0.891287 
-318.060883 0.013166 5889.000000 2281.000000 0.897460 
-302.060303 0.015453 5946.000000 2284.000000 0.911278 
-290.726288 0.013439 6013.000000 2295.000000 0.895645 
-277.059021 0.013264 6072.000000 2301.000000 0.898763 
-267.725128 0.010471 6127.000000 2310.000000 0.888224 
-255.391296 0.010960 6182.000000 2316.000000 0.891750 
-240.724976 0.012380 6250.000000 2324.000000 0.891497 
-227.391937 0.011970 6308.000000 2330.000000 0.894481 
-214.392288 0.013475 6377.000000 2340.000000 0.889409 
-212.059204 0.005539 6426.000000 2354.000000 0.857587 
-201.392807 0.008886 6479.000000 2361.000000 0.864258 
-183.059830 0.015007 6549.000000 2366.000000 0.886631 
-168.393463 0.014649 6608.000000 2371.000000 0.896232 
-156.727081 0.012945 6664.000000 2378.000000 0.894223 
-148.727341 0.009791 6715.000000 2387.000000 0.882832 
-137.727631 0.011683 6772.000000 2395.000000 0.883494 
-125.727791 0.011353 6823.000000 2400.000000 0.889818 
-113.061012 0.012839 6867.000000 2402.000000 0.904016 
-99.394173 0.012825 6935.000000 2411.000000 0.896635 
-84.727341 0.014538 7000.000000 2418.000000 0.898720 
-71.060516 0.015257 7062.000000 2425.000000 0.901026 
-57.393799 0.014273 7121.000000 2431.000000 0.903873 
-44.060547 0.013481 7185.000000 2439.000000 0.898237 
-25.727249 0.017045 7246.000000 2441.000000 0.917021 
-10.060570 0.015710 7302.000000 2444.000000 0.924556 
3.272765 0.013640 7381.000000 2457.000000 0.898551 
14.939425 0.013158 7434.000000 2463.000000 0.899301 
29.272789 0.014320 7492.000000 2468.000000 0.905707 
41.939400 0.012578 7554.000000 2476.000000 0.899207 
56.272663 0.013104 7609.000000 2480.000000 0.906964 
65.272644 0.010543 7663.000000 2489.000000 0.893339 
72.272781 0.007551 7717.000000 2500.000000 0.874579 
78.606209 0.007284 7754.000000 2506.000000 0.872491 
86.273010 0.007721 7807.000000 2516.000000 0.864644 
95.273193 0.009398 7879.000000 2531.000000 0.853943 
101.939995 0.007495 7932.000000 2542.000000 0.846662 
108.606796 0.006876 7985.000000 2553.000000 0.841438 
115.273598 0.007401 8038.000000 2564.000000 0.838777 
126.607071 0.009828 8096.000000 2572.000000 0.850739 
136.940140 0.008583 8154.000000 2581.000000 0.852974 
149.273163 0.010685 8215.000000 2589.000000 0.861131 
159.272888 0.010187 8269.000000 2597.000000 0.863508 
174.605911 0.012201 8330.000000 2602.000000 0.878665 
191.272278 0.014605 8389.000000 2605.000000 0.897402 
196.272018 0.008609 8440.000000 2617.000000 0.873719 
211.271667 0.013179 8509.000000 2625.000000 0.882196 
221.604736 0.012475 8561.000000 2632.000000 0.883136 
237.604401 0.014849 8627.000000 2638.000000 0.894173 
248.604111 0.011564 8684.000000 2646.000000 0.887738 
260.604187 0.011727 8744.000000 2654.000000 0.886158 
271.938141 0.012237 8805.000000 2663.000000 0.883500 
286.605408 0.013764 8864.000000 2668.000000 0.893713 
298.606140 0.013374 8936.000000 2680.000000 0.882037 
307.273407 0.010811 8995.000000 2691.000000 0.871323 
308.940582 0.004710 9045.000000 2706.000000 0.842401 
320.607788 0.009347 9098.000000 2712.000000 0.857324 
333.275024 0.011751 9154.000000 2718.000000 0.870085 
339.275543 0.008203 9205.000000 2729.000000 0.857308 
345.609406 0.006769 9257.000000 2740.000000 0.848009 
356.943329 0.010267 9315.000000 2748.000000 0.857927 
361.943939 0.006456 9375.000000 2763.000000 0.839485 
374.944611 0.009885 9441.000000 2772.000000 0.851362 
384.611847 0.009155 9497.000000 2781.000000 0.853088 
392.945740 0.008181 9552.000000 2791.000000 0.850104 
403.613007 0.009171 9611.000000 2800.000000 0.854112 
409.613617 0.006587 9671.000000 2814.000000 0.839574 
424.614227 0.010884 9731.000000 2819.000000 0.861043 
435.281555 0.009118 9796.000000 2830.000000 0.855897 
443.282074 0.008854 9847.000000 2839.000000 0.855173 
457.616058 0.012951 9911.000000 2846.000000 0.870646 
470.283295 0.011970 9967.000000 2852.000000 0.878662 
481.617218 0.011456 10025.000000 2860.000000 0.878586 
494.951141 0.012717 10083.000000 2866.000000 0.886808 
507.618378 0.013301 10139.000000 2872.000000 0.892533 
514.617859 0.008264 10184.000000 2880.000000 0.880827 
529.283447 0.012305 10237.000000 2883.000000 0.897086 
540.615601 0.011273 10295.000000 2891.000000 0.891054 
