-0.435113 1
-0.428246 1
0 0
0 0
0 0
0 0
0 0
0 0
0 0
0 0
0 0
0 0
0 0
0 0
0 0
0 0
0 0
0 0
0 0
0 0
0 0
-0.335907 1
0 0
-0.327691 1
0 0
0 0
0 0
0 0
0 0
0 0
0 0
0 0
-0.28466 1
0 0
-0.276346 2
-0.27293 1
0 0
0 0
-0.258276 2
0 0
0 0
-0.243218 1
0 0
-0.233436 1
-0.229905 1
-0.224297 1
-0.218968 1
0 0
-0.210362 2
-0.207812 1
0 0
0 0
-0.19277 1
-0.186225 2
-0.182973 4
-0.179334 2
-0.175111 4
-0.169109 5
-0.164769 4
-0.160314 2
-0.15514 6
-0.152156 2
-0.144779 2
-0.142636 6
-0.13811 5
-0.132069 9
-0.127957 5
-0.12269 6
-0.118946 8
-0.114151 7
-0.109713 13
-0.104948 19
-0.100224 19
-0.0959047 45
-0.0913417 33
-0.0863753 28
-0.0819788 46
-0.077174 35
-0.0724829 38
-0.0678236 40
-0.0635793 42
-0.0589026 32
-0.0542029 29
-0.0494504 47
-0.0446425 43
-0.0403762 42
-0.0353021 45
-0.0315261 37
-0.026623 21
-0.0217569 48
-0.0173921 63
-0.0127546 53
-0.0084187 52
-0.00335926 47
0.000846247 72
0.00561312 50
0.0103662 39
0.0147765 42
0.0198228 41
0.0237935 40
0.0286824 28
0.0338243 40
0.0382309 38
0.0427776 39
0.0474529 44
0.052008 43
0.0563663 43
0.0609233 34
0.0656843 35
0.0700796 34
0.0749676 37
0.0793297 36
0.0841461 34
0.0887259 29
0.0939044 29
0.0976559 40
0.102579 25
0.106924 24
0.11169 14
0.116885 17
0.121932 12
0.126354 4
0.130855 10
0.134548 8
0.138996 11
0.14387 5
0.149111 7
0.152909 2
0.158561 7
0.162376 6
0.167659 6
0.171251 6
0.176281 3
0.179157 1
0.185862 4
0.188799 3
0.19572 1
0.199822 2
0.202373 1
0.208352 2
0.211458 1
0 0
0.222231 2
0 0
0.231341 2
0 0
0 0
0.247075 2
0.252322 1
0.255933 2
0 0
0.264921 1
0.268778 1
0 0
0.280289 1
0.283941 1
0.288217 1
0 0
0 0
0 0
0 0
0 0
0 0
0 0
0 0
0.32765 1
0 0
0 0
0 0
0 0
0 0
0 0
0 0
0 0
0 0
0 0
0 0
0 0
0 0
0 0
0 0
0 0
0 0
0 0
0 0
0 0
0 0
0 0
0 0
0 0
0 0
0 0
0 0
0 0
0 0
0 0
0 0
0 0
0 0
0 0
0.488231 1
