-0.797926 1
0 0
0 0
0 0
0 0
0 0
-0.748286 1
0 0
0 0
0 0
0 0
0 0
0 0
0 0
0 0
0 0
0 0
0 0
-0.664214 1
0 0
-0.652535 2
-0.641806 1
0 0
0 0
0 0
0 0
0 0
0 0
0 0
0 0
0 0
0 0
0 0
0 0
-0.546118 1
0 0
0 0
0 0
0 0
0 0
0 0
0 0
0 0
-0.482255 1
0 0
0 0
0 0
0 0
0 0
0 0
0 0
0 0
0 0
0 0
0 0
0 0
0 0
-0.38063 1
0 0
0 0
0 0
0 0
0 0
0 0
-0.330018 2
0 0
-0.319978 1
0 0
0 0
0 0
0 0
-0.278408 1
0 0
0 0
0 0
0 0
0 0
0 0
0 0
0 0
0 0
0 0
0 0
0 0
0 0
0 0
0 0
0 0
-0.159626 1
0 0
-0.145826 1
0 0
0 0
-0.121403 2
0 0
-0.105507 1
0 0
0 0
-0.0878984 1
-0.0777265 2
0 0
0 0
-0.0571184 1
-0.0487997 1
-0.0412703 1
0 0
-0.02966 1
-0.0213319 1
-0.0155714 2
-0.00649265 2
0.00419909 1
0.00711923 2
0.0126938 1
0.0254479 1
0.0336316 1
0.0401716 2
0.0478405 1
0.0514184 2
0 0
0.0660292 3
0 0
0 0
0.0892718 1
0.0950692 1
0 0
0.111236 1
0.114638 1
0 0
0.132454 2
0 0
0 0
0.153715 2
0 0
0 0
0 0
0 0
0.186658 1
0 0
0 0
0 0
0 0
0.228619 1
0.232353 2
0 0
0 0
0.25132 1
0.26426 1
0 0
0 0
0 0
0.29244 2
0.29714 1
0 0
0 0
0 0
0 0
0 0
0 0
0 0
0 0
0 0
0.372344 1
0 0
0 0
0 0
0 0
0 0
0 0
0.417809 1
0 0
0 0
0 0
0 0
0 0
0 0
0 0
0 0
0 0
0 0
0 0
0 0
0 0
0 0
0 0
0 0
0 0
0 0
0.558914 1
0 0
0 0
0 0
0 0
0.595968 1
0 0
0 0
0 0
0 0
0 0
0 0
0 0
0.649136 1
