-0.277461 1
-0.271134 1
0 0
0 0
-0.261514 1
0 0
0 0
-0.251814 1
-0.247161 1
-0.245107 1
0 0
0 0
0 0
0 0
-0.225098 2
-0.221969 1
-0.219203 1
0 0
0 0
-0.208468 4
-0.203827 3
-0.201347 1
0 0
-0.192731 1
-0.190388 1
0 0
-0.18449 1
-0.181662 2
-0.176313 1
-0.172227 3
-0.169684 6
-0.165891 3
-0.161671 2
-0.159287 4
-0.156415 5
-0.152122 7
-0.148684 14
-0.145473 4
-0.142033 4
-0.137582 7
-0.134331 8
-0.130278 10
-0.128171 3
-0.123075 18
-0.120453 21
-0.116844 23
-0.113202 25
-0.109221 28
-0.105957 25
-0.102625 27
-0.098826 58
-0.0955116 52
-0.0919712 63
-0.088344 90
-0.0845742 74
-0.0812488 87
-0.0776931 93
-0.0742244 99
-0.0707254 105
-0.067183 100
-0.0636866 113
-0.0600119 97
-0.0564901 96
-0.0530082 116
-0.0493706 113
-0.0460027 117
-0.0424864 93
-0.0386617 106
-0.035217 92
-0.0317549 92
-0.0281515 72
-0.0247436 91
-0.0211789 111
-0.0175512 111
-0.014148 131
-0.0105957 107
-0.00694073 114
-0.00370755 144
-0.000117882 164
0.00358511 122
0.00710179 131
0.0107562 112
0.0142842 123
0.0177277 107
0.0213443 105
0.024646 90
0.0283645 72
0.0320179 75
0.0355232 118
0.0389251 89
0.0425809 103
0.0459498 111
0.049501 97
0.052893 97
0.0566291 99
0.0601496 108
0.0635614 87
0.0672549 104
0.0709453 100
0.0741859 92
0.0777302 95
0.0811722 87
0.0850005 90
0.0882736 95
0.0918607 82
0.0954413 59
0.0988858 46
0.102329 33
0.10619 36
0.109321 18
0.113247 21
0.116678 14
0.120236 17
0.123488 14
0.12702 5
0.130942 7
0.134018 6
0.137906 8
0.14181 8
0.145288 9
0.149164 2
0.151145 4
0.155081 3
0.158588 7
0.162379 4
0.164952 5
0.170072 4
0.172831 4
0.176499 6
0.179031 2
0.183489 2
0.187611 3
0.190996 6
0.193675 1
0 0
0.201554 3
0.205174 1
0.209251 3
0 0
0.214333 1
0 0
0.222996 1
0.227762 1
0 0
0.2321 1
0 0
0 0
0 0
0.246658 3
0 0
0 0
0.258677 1
0.26119 1
0.263583 1
0 0
0 0
0 0
0.278163 1
0 0
0 0
0 0
0 0
0.297684 1
0.301312 1
0 0
0 0
0 0
0.315018 1
0.31669 1
0 0
0 0
0 0
0 0
0 0
0.33898 1
0 0
0 0
0 0
0 0
0 0
0 0
0.365616 1
0 0
0 0
0 0
0.379818 1
0 0
0 0
0 0
0 0
0 0
0 0
0 0
0 0
0 0
0 0
0.418036 1
0 0
0 0
0 0
0.429503 1
