-0.0975835 1
0 0
0 0
-0.0948321 1
0 0
0 0
0 0
0 0
0 0
0 0
0 0
0 0
0 0
0 0
0 0
0 0
0 0
0 0
0 0
0 0
0 0
0 0
0 0
-0.077012 1
0 0
0 0
0 0
-0.0738635 1
0 0
-0.0716618 1
0 0
0 0
0 0
0 0
0 0
0 0
0 0
0 0
0 0
-0.0633176 1
0 0
0 0
0 0
0 0
0 0
0 0
0 0
0 0
0 0
0 0
0 0
0 0
0 0
0 0
0 0
0 0
0 0
0 0
0 0
0 0
0 0
0 0
0 0
0 0
-0.041068 1
0 0
0 0
0 0
-0.036979 1
0 0
0 0
0 0
0 0
0 0
0 0
0 0
0 0
0 0
0 0
0 0
0 0
0 0
0 0
0 0
0 0
-0.0224098 1
0 0
0 0
0 0
-0.0191808 1
0 0
-0.0170192 1
0 0
0 0
-0.0149236 1
0 0
0 0
-0.0122382 1
0 0
0 0
0 0
0 0
0 0
-0.00656504 1
0 0
0 0
0 0
0 0
0 0
0 0
0 0
0 0
0 0
0 0
0 0
0.00369492 1
0 0
0 0
0 0
0 0
0 0
0 0
0.0100295 1
0 0
0 0
0 0
0 0
0.0147624 1
0 0
0 0
0 0
0 0
0 0
0 0
0 0
0 0
0 0
0 0
0 0
0 0
0 0
0 0
0.0280023 1
0 0
0 0
0 0
0 0
0 0
0 0
0.0341294 1
0.0342223 1
0 0
0.0363686 1
0 0
0.0384694 1
0 0
0 0
0.0403657 1
0 0
0 0
0 0
0 0
0 0
0 0
0 0
0 0
0 0
0 0
0 0
0 0
0 0
0 0
0 0
0 0
0 0
0 0
0 0
0 0
0 0
0 0
0 0
0 0
0.0629064 1
0 0
0 0
0 0
0 0
0 0
0.0680489 1
0 0
0 0
0 0
0 0
0.0725147 1
0 0
0 0
0 0
0 0
0 0
0.078088 1
0 0
