-0.0985532 2
-0.0977226 1
-0.0962257 3
-0.0952487 3
-0.0943923 2
-0.0934485 1
-0.0925 1
-0.0911543 1
0 0
0 0
-0.0885134 4
-0.0874488 3
-0.0865377 2
-0.0856271 1
-0.0849942 4
-0.0839387 1
-0.0823887 1
-0.0818998 2
0 0
-0.0794521 1
-0.0787222 2
-0.0780754 1
-0.076958 2
-0.0754306 1
0 0
0 0
-0.0730539 2
-0.0719115 1
-0.0706442 1
0 0
0 0
-0.0681885 2
-0.0676282 1
-0.0660837 2
-0.0654808 1
-0.0646039 1
0 0
-0.0623555 2
-0.0614115 3
-0.0602198 1
-0.0593916 2
-0.0583949 2
-0.0573752 2
0 0
-0.0557249 2
-0.0543606 2
-0.0537173 2
-0.0524577 4
0 0
-0.0509663 1
0 0
-0.0488211 1
-0.0479512 1
-0.0463365 1
-0.0457727 1
0 0
-0.0434813 1
0 0
-0.0417397 1
0 0
-0.0399233 2
-0.0390688 2
-0.0379594 2
-0.0372872 1
0 0
0 0
-0.0343956 1
-0.0328718 1
-0.0320733 2
-0.0308768 1
0 0
0 0
0 0
-0.0273855 4
-0.0264789 2
-0.0255089 1
-0.0243082 4
-0.0231569 2
-0.0223042 2
0 0
0 0
-0.019218 1
-0.0184342 2
-0.0174559 1
-0.0165848 2
0 0
-0.0144561 3
-0.0134206 4
0 0
0 0
-0.0107959 3
0 0
-0.00859718 3
-0.00788096 3
0 0
-0.00624922 1
-0.00499231 4
0 0
-0.00294521 2
0 0
-0.00056963 1
0 0
0 0
0.00227577 1
0.00294658 2
0.00370856 3
0.0051059 1
0 0
0.00710404 1
0.00733012 1
0.00853885 2
0.00950004 2
0.0106931 4
0.0119861 2
0 0
0.0134916 3
0 0
0 0
0.0169298 2
0.0173153 1
0.0184606 5
0.0194122 2
0.020248 1
0.0216785 2
0.0220287 1
0.0231756 1
0.0246054 1
0.0249643 1
0 0
0.0272103 4
0.0280973 3
0 0
0 0
0 0
0.0319237 1
0 0
0 0
0.0353662 1
0 0
0 0
0.0380189 1
0.0388588 1
0.0398156 1
0.040823 2
0.0414128 2
0.0429399 1
0.0437667 2
0.0451962 1
0 0
0.0466232 2
0.0475032 1
0.0482322 2
0.0491347 1
0 0
0.0519119 2
0.0526966 3
0.0533868 5
0 0
0.0557538 3
0.0565896 1
0.0569084 1
0 0
0.0590879 1
0.0602173 2
0 0
0 0
0.0633999 2
0 0
0.0647664 1
0.0660601 3
0 0
0.067811 1
0.0691418 3
0 0
0.0705877 1
0.0716139 2
0.0727488 2
0.0736845 2
0 0
0.075669 3
0.0768733 1
0.0776228 2
0.0788099 4
0.0798201 4
0.0810731 2
0.0817122 2
0.082293 2
0.0837219 1
0 0
0.0858267 1
0 0
0 0
0.0887269 2
0 0
0 0
0 0
0.0926682 1
0 0
0.0940357 1
0.0954999 1
0.0957801 1
