-0.0996603 3
-0.0989206 2
-0.0975352 6
-0.0964599 6
-0.0956155 7
0 0
-0.0935122 4
-0.0925363 2
-0.0911302 1
-0.0900935 2
0 0
-0.0883475 2
-0.087098 2
-0.0865309 4
-0.0857299 6
-0.0847771 4
-0.0833847 7
-0.0825092 2
-0.0814416 3
-0.0806488 3
-0.0795743 5
-0.0783741 2
-0.0776169 4
-0.0764906 3
-0.0756896 4
-0.0747727 2
-0.0738313 1
-0.0725249 3
-0.071373 6
-0.0702586 3
-0.0699082 2
-0.0685443 3
-0.0677101 5
-0.0662567 3
-0.0654569 1
-0.0644554 1
-0.0636557 3
-0.0624937 4
-0.0615079 6
-0.0605702 4
-0.0597083 4
-0.0590387 2
-0.0576008 3
-0.0565159 3
-0.0557156 5
-0.0543263 2
-0.0534174 3
0 0
-0.0513441 5
-0.0505877 3
-0.0496321 2
-0.0487378 3
-0.0474797 3
-0.0466254 4
-0.0456074 3
-0.0445583 1
-0.0436557 6
-0.0426681 3
-0.041727 3
-0.0405821 6
-0.0397543 2
-0.0387683 4
-0.0376725 4
-0.0365619 3
-0.0356618 3
0 0
-0.0337289 3
-0.0325501 2
-0.0315294 1
-0.0307799 4
-0.0293835 3
0 0
-0.0277545 2
-0.0262529 1
-0.0255574 4
-0.0248834 2
-0.0238328 3
-0.0228739 2
-0.0212443 1
-0.020511 2
-0.0197091 4
-0.0189313 5
-0.0179478 4
-0.0164585 3
0 0
-0.014508 1
-0.0138313 6
-0.0126855 3
-0.0113513 2
-0.0108466 3
-0.00941809 1
-0.00877159 2
-0.00803856 3
-0.00643206 2
-0.00567823 2
-0.00474566 2
-0.00394523 2
-0.00249122 3
-0.001909 3
-0.000590228 5
0.000242066 7
0.0013627 7
0.0023869 2
0 0
0.00418211 3
0.00510423 3
0.00614942 4
0.00713267 2
0.00834612 3
0.00911012 1
0.010146 5
0.0111682 5
0.0121156 5
0.0130655 3
0.0142269 2
0.014969 1
0.0161075 4
0.0170824 2
0.0181436 3
0.0192406 3
0.0205438 1
0.0210234 2
0.0223842 2
0.0234359 3
0.0241356 3
0.024732 1
0.0261264 4
0.0271295 4
0.028497 1
0.0291549 2
0.0302706 4
0.0313558 2
0.0319748 6
0.0330816 3
0.0339293 4
0.0351248 4
0 0
0.0373379 2
0.0379889 2
0.0390466 4
0.0401956 3
0 0
0.0421177 2
0.0426633 1
0.0441183 3
0.0453332 3
0.046142 3
0.0466224 1
0.048077 1
0.0491786 2
0.0501507 4
0.0510396 2
0.0520106 4
0.0533967 2
0.0541457 2
0.055009 6
0 0
0.0571394 4
0.0580144 4
0.0590375 1
0.0600462 4
0 0
0.0620817 1
0.0630513 1
0.0644469 1
0.0650725 4
0.066093 3
0.0671375 6
0.06837 1
0.0693049 3
0 0
0.0708706 3
0.0724988 2
0.0729924 7
0.0741588 8
0.075047 3
0.0759052 2
0.0771123 7
0.0781201 2
0.078877 2
0.080117 2
0.080985 3
0.0822952 2
0.083127 4
0.0837419 3
0 0
0.085977 1
0.0869104 1
0.0882949 2
0 0
0.0899804 5
0.0911326 4
0.0919255 3
0.0931093 1
0.0940661 4
0.0953365 1
0.096213 6
0.0969255 2
0.0982349 1
0.0990331 6
0.0994811 1
