-0.342281 2
0 0
0 0
0 0
0 0
-0.320216 1
0 0
0 0
0 0
-0.30604 1
0 0
0 0
0 0
0 0
0 0
0 0
-0.278998 1
-0.275636 1
0 0
0 0
-0.264058 1
-0.261676 2
0 0
0 0
0 0
-0.2448 1
0 0
-0.238615 2
0 0
-0.23019 1
-0.224011 1
-0.220546 1
0 0
-0.213741 2
-0.210034 1
-0.205956 4
-0.20427 2
-0.199751 4
-0.19603 2
-0.190197 1
-0.188122 3
-0.183453 4
-0.17891 2
-0.175187 1
-0.172039 3
-0.168062 3
-0.165361 4
-0.160191 6
-0.156733 10
-0.15248 4
-0.149102 3
-0.145187 12
-0.141234 5
-0.13754 12
-0.133662 13
-0.129761 19
-0.126217 22
-0.12287 11
-0.11877 18
-0.11478 33
-0.110902 24
-0.107284 34
-0.103241 43
-0.0990453 60
-0.0953352 70
-0.0916158 71
-0.0878185 96
-0.0840302 86
-0.0803381 89
-0.0762347 99
-0.0724383 86
-0.0686411 110
-0.0649324 99
-0.060784 103
-0.0570798 123
-0.0533256 107
-0.0495455 107
-0.0456735 104
-0.0417687 114
-0.0380151 88
-0.0340561 111
-0.0304253 75
-0.0264272 89
-0.0227442 131
-0.0189109 130
-0.014995 123
-0.0110859 121
-0.00741222 127
-0.00337556 124
0.000232262 168
0.00417001 121
0.00790781 144
0.0118813 107
0.0156053 140
0.0194839 124
0.02331 110
0.0272499 76
0.0310971 97
0.0348131 92
0.0386318 101
0.0425641 110
0.0462849 99
0.0502287 114
0.0539668 101
0.0576639 111
0.0615759 120
0.0655256 105
0.0694073 119
0.0732793 111
0.0770751 103
0.0808613 94
0.0845828 117
0.0883428 94
0.0923372 72
0.0962627 76
0.0997418 61
0.103887 44
0.107448 31
0.111573 35
0.115274 16
0.11912 15
0.122817 19
0.126711 7
0.129851 7
0.135177 8
0.13868 5
0.143063 9
0.14629 1
0.149816 6
0.153826 3
0.15772 8
0.161636 5
0.1655 5
0.169171 3
0.173298 4
0.17739 5
0.179915 4
0.185042 1
0.186787 2
0.192904 4
0.1958 2
0.199412 2
0.201643 1
0.20681 7
0.210928 2
0.21546 4
0.219197 3
0.222032 3
0 0
0 0
0.234001 1
0.237709 4
0.242171 2
0 0
0 0
0.253636 2
0.255481 1
0 0
0.266368 1
0.269223 1
0 0
0 0
0 0
0 0
0 0
0 0
0 0
0 0
0 0
0.30617 2
0 0
0.31606 1
0 0
0 0
0 0
0 0
0 0
0.337317 1
0 0
0 0
0 0
0.352438 1
0.357149 1
0 0
0.362985 1
0 0
0 0
0 0
0 0
0 0
0 0
0 0
0 0
0.39762 1
0 0
0.405477 2
0 0
0 0
0 0
0 0
0.424019 1
