-0.988766 1
0 0
0 0
0 0
0 0
0 0
0 0
0 0
0 0
0 0
0 0
0 0
0 0
0 0
0 0
0 0
0 0
0 0
0 0
0 0
0 0
0 0
0 0
0 0
0 0
0 0
-0.765956 1
0 0
0 0
0 0
-0.737761 1
0 0
0 0
0 0
0 0
0 0
0 0
-0.680748 1
0 0
0 0
-0.652752 1
0 0
0 0
0 0
0 0
0 0
0 0
-0.593172 1
0 0
0 0
-0.570752 1
0 0
-0.554977 1
0 0
0 0
0 0
0 0
-0.508422 1
0 0
-0.492993 1
0 0
0 0
0 0
0 0
0 0
0 0
0 0
0 0
0 0
0 0
0 0
-0.392179 1
0 0
0 0
0 0
-0.358452 1
0 0
-0.346941 1
-0.337293 1
0 0
0 0
-0.313728 2
-0.306269 1
0 0
0 0
0 0
0 0
0 0
0 0
0 0
-0.238042 1
0 0
-0.222948 1
0 0
0 0
-0.193755 1
0 0
0 0
0 0
0 0
0 0
0 0
0 0
0 0
0 0
0 0
0 0
-0.0941677 1
-0.0840104 3
-0.0822794 1
0 0
-0.0617596 3
0 0
-0.04629 2
0 0
0 0
0 0
0 0
-0.00238764 1
0.00575491 2
0 0
0 0
0.0264077 1
0.0411831 1
0 0
0.054329 3
0 0
0.0704555 3
0.0759543 2
0.0896724 2
0.0927466 2
0.103202 2
0 0
0.124873 1
0.125262 1
0.134145 1
0 0
0.153264 1
0.16419 2
0 0
0 0
0 0
0.196852 1
0.206403 1
0 0
0 0
0 0
0.239973 1
0.241847 1
0 0
0 0
0 0
0 0
0 0
0.297138 1
0 0
0 0
0 0
0 0
0 0
0 0
0 0
0 0
0 0
0.376135 1
0 0
0 0
0 0
0 0
0.420079 1
0.426959 2
0 0
0 0
0.456509 1
0 0
0 0
0 0
0 0
0 0
0 0
0 0
0 0
0 0
0 0
0 0
0 0
0 0
0 0
0 0
0 0
0 0
0 0
0 0
0 0
0 0
0 0
0 0
0 0
0 0
0 0
0.673413 1
