-0.473393 1
0 0
0 0
0 0
0 0
0 0
0 0
0 0
0 0
0 0
0 0
0 0
0 0
0 0
-0.403948 1
0 0
0 0
0 0
0 0
0 0
0 0
-0.369599 1
0 0
0 0
-0.35812 1
-0.352551 1
0 0
0 0
0 0
0 0
-0.326561 1
0 0
-0.318727 1
0 0
0 0
0 0
0 0
-0.29243 1
0 0
0 0
-0.280934 2
0 0
-0.269772 1
0 0
0 0
-0.257077 1
-0.248366 1
-0.247668 1
-0.240723 1
-0.236215 1
-0.231907 1
-0.226463 3
-0.223649 1
-0.217942 1
0 0
-0.20563 2
0 0
0 0
-0.191676 1
-0.187225 4
0 0
-0.177692 4
-0.173079 2
-0.167663 2
-0.163488 3
-0.157105 4
-0.156093 1
-0.15036 5
-0.144557 8
-0.139569 8
-0.135445 6
-0.130227 5
-0.125895 7
-0.120789 9
-0.115662 12
-0.11102 8
-0.105487 10
-0.101481 25
-0.0964212 26
-0.0918207 29
-0.0865309 24
-0.0820898 37
-0.0775659 43
-0.0723511 40
-0.0675366 38
-0.0625228 42
-0.0582313 40
-0.0530071 38
-0.0483481 46
-0.0436503 39
-0.0391716 49
-0.0341043 39
-0.0290169 28
-0.0243693 40
-0.0195167 54
-0.0149961 51
-0.0105253 46
-0.00515547 56
-0.000438187 80
0.0040506 48
0.00915306 52
0.0138102 57
0.0184454 36
0.023755 32
0.0280792 38
0.0334702 32
0.0380282 32
0.0424398 34
0.0475283 48
0.0522491 46
0.0573272 36
0.0618416 35
0.066901 52
0.0717254 46
0.0763554 58
0.0811088 42
0.0855051 40
0.0906502 36
0.0955975 37
0.100321 22
0.104915 23
0.109583 20
0.114946 14
0.119287 16
0.124404 13
0.12867 5
0.133648 14
0.138705 4
0.142865 2
0.147829 3
0.153526 6
0.157342 7
0.163076 2
0.167386 6
0.170943 4
0.17795 5
0 0
0.187231 5
0.190018 1
0 0
0.20115 7
0.205115 2
0 0
0 0
0.220551 1
0.224337 4
0.229518 1
0.2351 3
0 0
0.244166 1
0 0
0.254537 3
0.25944 2
0 0
0.268536 3
0.27374 2
0.276871 2
0.281188 1
0 0
0 0
0 0
0.304027 1
0.306144 1
0 0
0 0
0 0
0 0
0 0
0 0
0 0
0 0
0.350699 1
0 0
0 0
0 0
0 0
0 0
0 0
0.384248 1
0 0
0 0
0 0
0 0
0 0
0 0
0 0
0 0
0 0
0 0
0 0
0 0
0 0
0 0
0 0
0 0
0.464059 1
0 0
0 0
0 0
0 0
0.486702 1
