-0.248675 110
-0.246188 121
-0.243626 101
-0.241289 118
-0.238653 102
-0.236234 109
-0.233762 93
-0.23121 105
-0.22868 108
-0.226087 101
-0.223779 106
-0.221192 130
-0.21866 104
-0.216209 94
-0.213653 91
-0.211227 105
-0.208752 111
-0.206158 85
-0.203567 108
-0.201182 110
-0.198676 100
-0.196299 101
-0.193601 98
-0.191182 100
-0.188675 117
-0.18621 90
-0.183634 108
-0.181214 110
-0.178649 106
-0.176128 71
-0.173766 109
-0.171245 104
-0.168784 85
-0.166243 100
-0.163767 119
-0.161222 129
-0.158639 90
-0.156263 90
-0.153692 94
-0.151102 102
-0.148698 104
-0.146185 100
-0.14371 111
-0.141146 108
-0.138668 99
-0.136159 106
-0.133713 99
-0.131312 106
-0.128765 95
-0.126321 108
-0.123886 121
-0.121147 110
-0.118685 98
-0.116199 127
-0.113639 111
-0.111122 109
-0.108699 104
-0.106172 122
-0.103699 109
-0.101124 90
-0.098663 102
-0.0961304 105
-0.0937406 103
-0.0912451 107
-0.0886961 94
-0.0861774 108
-0.0837502 119
-0.0812999 93
-0.0788039 120
-0.076352 95
-0.0737896 94
-0.071226 114
-0.0687323 122
-0.0661544 81
-0.0636863 103
-0.0611851 108
-0.0586922 106
-0.0561909 101
-0.053651 120
-0.0512807 109
-0.0487377 126
-0.0463012 105
-0.0436718 114
-0.0412376 107
-0.0388119 111
-0.0363317 101
-0.0336592 101
-0.0312743 93
-0.0287076 92
-0.0262798 124
-0.0237088 115
-0.0211924 100
-0.0186492 100
-0.0161439 93
-0.013757 114
-0.0112151 110
-0.00876048 109
-0.00609923 109
-0.00392028 115
-0.00114526 101
0.00129853 100
0.00367999 94
0.00625653 93
0.00878972 121
0.0112655 113
0.0137384 104
0.0162973 103
0.0189364 94
0.0212193 110
0.0238502 112
0.0263421 85
0.0286549 104
0.0312118 119
0.0338357 99
0.0362265 102
0.0387907 88
0.0412765 96
0.0437023 108
0.0462217 114
0.048908 103
0.0512129 105
0.0538105 115
0.0562491 112
0.0587172 116
0.0612548 96
0.0637877 100
0.0662255 102
0.0688286 113
0.0712917 104
0.0738083 106
0.0763035 110
0.0786387 117
0.0812187 106
0.0837688 96
0.0862083 100
0.0887907 86
0.0912068 108
0.0936568 115
0.0962093 95
0.0986759 131
0.101343 98
0.103788 111
0.10612 100
0.10876 112
0.111255 95
0.113842 103
0.116349 100
0.118846 95
0.121353 107
0.123896 91
0.12628 96
0.128772 102
0.131237 103
0.133816 103
0.136448 112
0.138748 100
0.141246 99
0.143615 111
0.14622 119
0.148829 100
0.151251 80
0.153831 103
0.156378 76
0.158632 96
0.161206 111
0.163745 104
0.16615 116
0.168802 108
0.171206 107
0.173761 85
0.176195 103
0.178819 118
0.181217 112
0.183798 93
0.186246 104
0.188648 106
0.19113 112
0.193796 104
0.196226 97
0.198679 105
0.201296 107
0.20376 95
0.206298 137
0.208765 117
0.211135 81
0.2137 113
0.216219 101
0.218797 96
0.221285 118
0.2237 104
0.226138 98
0.228779 92
0.231263 91
0.233659 78
0.236289 93
0.23882 89
0.241321 105
0.243832 88
0.246214 100
0.24873 105
0.249995 1
