-0.248662 66
-0.246162 65
-0.243783 55
-0.241267 63
-0.238615 75
-0.236219 83
-0.233772 57
-0.231243 71
-0.228793 79
-0.226202 61
-0.223632 66
-0.221183 68
-0.21858 73
-0.216309 65
-0.213576 60
-0.211159 66
-0.208517 70
-0.206163 77
-0.203735 56
-0.201131 64
-0.198451 66
-0.19601 71
-0.193799 62
-0.191312 75
-0.188546 63
-0.18601 55
-0.183669 72
-0.181202 65
-0.178544 53
-0.176141 74
-0.173822 69
-0.171157 67
-0.168515 66
-0.166008 58
-0.163592 78
-0.16115 59
-0.158619 65
-0.156293 64
-0.153624 60
-0.151054 52
-0.148699 59
-0.146232 66
-0.143657 76
-0.141239 70
-0.138693 78
-0.136003 58
-0.13368 72
-0.131175 53
-0.12867 66
-0.126169 54
-0.123588 70
-0.121139 71
-0.118723 60
-0.116221 64
-0.113845 57
-0.111099 63
-0.108671 65
-0.106251 72
-0.103615 51
-0.101205 58
-0.0984971 63
-0.0961851 55
-0.0937563 59
-0.091234 73
-0.0886345 70
-0.0861763 70
-0.0836188 54
-0.0811115 60
-0.0788093 53
-0.0762839 76
-0.0736671 61
-0.0712008 53
-0.0686237 63
-0.0663213 58
-0.063869 58
-0.0611541 57
-0.0587507 64
-0.0563572 55
-0.0537708 68
-0.0511554 69
-0.0486771 67
-0.046102 52
-0.0435837 63
-0.0410874 64
-0.0388429 63
-0.036158 65
-0.0337269 55
-0.0313309 58
-0.0287951 64
-0.0261763 74
-0.0237466 62
-0.0212793 55
-0.0186408 67
-0.016024 55
-0.0137546 55
-0.0114218 71
-0.00885943 67
-0.00622882 65
-0.00370939 70
-0.00117069 63
0.00120668 69
0.00378816 56
0.00616851 59
0.00874562 76
0.0112566 62
0.0138587 64
0.0164172 56
0.0188192 75
0.0213679 74
0.023813 66
0.0262894 67
0.0286817 67
0.0312967 52
0.0338443 72
0.0361835 65
0.03863 62
0.0412655 68
0.0438691 55
0.046325 69
0.0485781 64
0.0511696 69
0.0536634 51
0.0562449 74
0.0587773 66
0.0612985 58
0.0639472 63
0.0660593 38
0.0687201 59
0.0715487 56
0.0738296 65
0.0763533 78
0.0787182 66
0.0811944 62
0.0837063 52
0.0862689 68
0.0886913 72
0.091319 74
0.0936728 71
0.0961987 70
0.0987329 72
0.101199 60
0.10361 65
0.106315 80
0.1087 71
0.111149 67
0.11387 85
0.116171 74
0.118665 60
0.121222 55
0.123918 72
0.126057 54
0.128866 71
0.131241 60
0.133584 55
0.136341 60
0.138595 54
0.141324 77
0.143607 64
0.146017 56
0.148629 62
0.151228 69
0.153708 70
0.156135 71
0.158626 71
0.161228 65
0.163841 60
0.16623 70
0.168707 61
0.171219 80
0.17365 51
0.176248 76
0.178823 52
0.181185 56
0.183788 77
0.186169 50
0.188885 55
0.191085 62
0.193635 48
0.196254 71
0.198777 60
0.201261 56
0.2037 69
0.206166 55
0.20879 71
0.211297 55
0.213531 58
0.216246 59
0.218698 60
0.221144 76
0.223692 58
0.226139 71
0.228649 76
0.231199 63
0.233592 67
0.236133 65
0.238627 67
0.241378 66
0.243651 59
0.24621 57
0.248746 71
0.249942 1
