-0.248666 74
-0.246166 65
-0.243744 61
-0.241229 67
-0.238696 82
-0.236257 65
-0.233702 62
-0.231247 59
-0.228797 57
-0.226163 76
-0.223689 61
-0.221184 64
-0.218763 64
-0.216337 66
-0.213863 71
-0.211241 63
-0.208854 72
-0.206347 55
-0.203713 55
-0.201228 65
-0.198861 68
-0.196134 62
-0.193805 71
-0.19125 77
-0.188823 64
-0.186263 78
-0.183767 61
-0.181348 74
-0.178664 60
-0.176384 63
-0.173806 76
-0.171275 69
-0.168703 51
-0.166196 58
-0.163805 69
-0.161253 78
-0.158803 58
-0.156337 53
-0.15392 68
-0.151278 58
-0.148767 78
-0.146139 68
-0.143915 59
-0.141304 75
-0.138829 83
-0.136266 65
-0.133682 73
-0.131331 74
-0.128683 55
-0.126215 70
-0.123782 72
-0.121175 58
-0.118845 79
-0.116249 65
-0.113655 50
-0.111306 65
-0.108595 64
-0.10626 68
-0.103735 74
-0.101038 64
-0.0987176 69
-0.0961488 74
-0.0937016 60
-0.0911905 56
-0.0887821 64
-0.0863653 71
-0.0837793 58
-0.0814295 60
-0.07875 60
-0.0762902 65
-0.073815 72
-0.0713362 63
-0.0686439 75
-0.0661825 77
-0.0638979 69
-0.0612428 53
-0.0587689 49
-0.0563852 55
-0.0538678 75
-0.0512166 66
-0.0490638 55
-0.046209 54
-0.0436376 79
-0.0411 76
-0.0387279 68
-0.0364911 69
-0.0337245 66
-0.0313285 62
-0.0288995 72
-0.0263208 74
-0.0236627 48
-0.0211217 92
-0.0188422 71
-0.0161865 64
-0.0136881 46
-0.0113277 62
-0.00882055 68
-0.00622071 65
-0.00376573 62
-0.00120846 58
0.00120265 68
0.00369157 63
0.00613366 66
0.00853405 56
0.0112222 62
0.0138351 60
0.0163442 57
0.0186136 56
0.0213183 66
0.0237053 71
0.0262465 55
0.0287633 71
0.031174 85
0.0336065 64
0.0362621 64
0.0386113 68
0.0413166 59
0.0437284 61
0.0461483 66
0.0488591 72
0.0513947 60
0.0535576 72
0.0562835 63
0.0585793 66
0.0611114 58
0.0637681 53
0.0663055 59
0.0686924 52
0.0713074 80
0.073788 63
0.0762115 59
0.0786976 57
0.0811883 71
0.0837102 77
0.0861929 58
0.0888842 72
0.0911282 73
0.0938121 58
0.0961972 57
0.0988308 74
0.101128 74
0.103738 62
0.106208 72
0.108853 55
0.111289 52
0.113813 86
0.116527 61
0.118704 54
0.121402 56
0.123704 53
0.126196 64
0.128769 59
0.131224 64
0.133581 65
0.136101 67
0.13876 64
0.141203 63
0.143669 58
0.14631 63
0.148654 57
0.151172 81
0.153572 66
0.156323 64
0.158672 66
0.161385 64
0.163705 67
0.166327 69
0.168678 65
0.171183 75
0.17371 62
0.176223 61
0.178602 59
0.18134 65
0.183774 62
0.186261 63
0.188641 53
0.191235 66
0.193622 70
0.196253 65
0.198823 71
0.201308 67
0.203846 65
0.206303 76
0.208575 62
0.211035 62
0.213833 72
0.216134 74
0.218658 61
0.221193 69
0.223856 60
0.22609 54
0.228889 64
0.231286 70
0.233655 67
0.236269 77
0.238832 76
0.241366 76
0.243624 68
0.246291 71
0.248757 48
0.249989 1
