-0.0994761 23
-0.0983648 24
-0.0975163 33
-0.0963965 35
-0.0953802 28
-0.0944815 26
-0.0934432 35
-0.0923946 24
-0.0914722 21
-0.0904929 39
-0.0893986 43
-0.0884604 32
-0.0876054 26
-0.0864301 27
-0.0854487 31
-0.0844092 25
-0.0834065 22
-0.0823688 24
-0.0814026 32
-0.0804601 25
-0.0794274 30
-0.078431 29
-0.077471 35
-0.0764244 31
-0.0754484 28
-0.0744504 30
-0.0734097 23
-0.0724296 30
-0.0715493 21
-0.070474 32
-0.0694553 37
-0.0683864 41
-0.0674403 34
-0.0664321 30
-0.0654546 39
-0.0644369 35
-0.0634915 37
-0.0625191 36
-0.0614995 26
-0.0604982 43
-0.0594725 27
-0.058506 36
-0.0574734 31
-0.0564729 35
-0.0554356 31
-0.0545321 30
-0.0535238 33
-0.0524747 34
-0.0514534 36
-0.0505135 35
-0.0494076 36
-0.0484722 31
-0.0474552 27
-0.0464226 39
-0.0454675 27
-0.0444329 30
-0.0435243 28
-0.0425674 29
-0.0414657 36
-0.0404873 25
-0.0394938 32
-0.0384792 33
-0.0374583 29
-0.0364845 32
-0.0354896 27
-0.0345309 29
-0.033456 32
-0.032497 29
-0.0314783 32
-0.0304786 39
-0.0294778 31
-0.0285155 31
-0.0275048 34
-0.0265157 25
-0.0254228 30
-0.0244246 22
-0.0234494 32
-0.0224603 34
-0.0214642 42
-0.020515 36
-0.0194729 25
-0.0184843 33
-0.0175214 31
-0.0164506 28
-0.0155742 27
-0.0145337 29
-0.0134282 25
-0.0125238 29
-0.0115413 42
-0.0105282 30
-0.00955503 35
-0.00845517 36
-0.00750887 25
-0.00650128 38
-0.00546796 28
-0.00441978 34
-0.00346464 32
-0.00251412 20
-0.00159687 32
-0.000474234 27
0.000456685 39
0.00143195 29
0.00252468 34
0.00361016 22
0.0044329 31
0.00549384 21
0.00650871 33
0.00744846 25
0.00843421 31
0.00953145 38
0.0105379 27
0.011456 27
0.0125486 30
0.0135655 32
0.014439 30
0.0154443 30
0.0165036 31
0.0174542 33
0.0184916 41
0.0195839 23
0.0204841 25
0.0214821 39
0.0225082 28
0.0233464 32
0.0244369 37
0.0254705 27
0.0264387 41
0.027401 34
0.0283848 28
0.0294297 34
0.0304811 24
0.0314163 37
0.0324611 33
0.0334278 32
0.0344687 28
0.0354257 26
0.036468 35
0.0374304 31
0.038414 30
0.0393918 26
0.0404585 38
0.0414504 23
0.0425004 29
0.0434271 27
0.0444941 32
0.045345 32
0.0464974 28
0.0473177 29
0.0484222 34
0.0494447 26
0.0505159 29
0.0514282 29
0.052449 37
0.0534318 35
0.0544382 32
0.0554431 26
0.0564298 33
0.057351 34
0.0584374 25
0.0594171 33
0.060487 30
0.0615232 27
0.0624349 29
0.0634198 39
0.0644202 30
0.0654223 27
0.0663708 29
0.0674433 27
0.0682837 21
0.0694297 39
0.0703192 36
0.0714798 27
0.072395 33
0.0734283 25
0.0744762 42
0.0753017 26
0.0764246 37
0.0774391 41
0.0784738 30
0.079445 31
0.0803154 43
0.0814869 27
0.0823762 30
0.0833203 30
0.0845053 25
0.0854714 29
0.0864879 32
0.0874739 33
0.0884156 23
0.0894146 35
0.0903702 31
0.0914299 31
0.0924841 28
0.0934123 25
0.0943678 27
0.0953886 31
0.0964348 29
0.0974931 19
0.098506 20
0.0994009 29
0.0998928 1
