-0.0994689 18
-0.0985412 11
-0.0974825 18
-0.0964623 13
-0.0954017 8
-0.0943695 18
-0.0934696 11
-0.0924528 9
-0.0914986 9
-0.090602 6
-0.0895805 11
-0.0885492 8
-0.0873875 11
-0.0864926 10
-0.0854413 10
-0.0845721 13
-0.0835967 7
-0.0825835 13
-0.081426 14
-0.0804643 6
-0.0794959 8
-0.0782543 5
-0.0775468 10
-0.076577 7
-0.0754803 11
-0.0745133 10
-0.0735717 12
-0.072511 13
-0.0714143 14
-0.0704438 13
-0.0693182 7
-0.0685637 12
-0.0675129 9
-0.0663543 9
-0.0655911 15
-0.0643602 9
-0.063372 5
-0.0625475 9
-0.0614085 8
-0.0604637 14
-0.0592373 5
-0.0584856 9
-0.0575084 10
-0.0563841 2
-0.0557015 6
-0.0546526 12
-0.0535218 10
-0.0526319 11
-0.0515859 10
-0.0504376 18
-0.0494697 13
-0.0484944 10
-0.0475399 9
-0.0463522 14
-0.0456649 7
-0.0446837 9
-0.0434869 15
-0.0425193 12
-0.0412633 8
-0.0404188 10
-0.0396782 10
-0.0385614 8
-0.0376167 10
-0.0366142 12
-0.0355904 13
-0.034566 6
-0.0334467 15
-0.0324753 8
-0.0315038 5
-0.0305737 10
-0.0294897 12
-0.0285031 19
-0.0273968 6
-0.0265455 11
-0.0254805 12
-0.0245153 12
-0.0233644 16
-0.0225212 13
-0.0214119 14
-0.0205238 10
-0.0193004 14
-0.0185027 16
-0.0174263 9
-0.0164506 9
-0.015468 13
-0.0146033 16
-0.0136155 8
-0.0127421 13
-0.0114505 15
-0.0107811 8
-0.00964232 11
-0.00845615 9
-0.0076728 9
-0.00666878 8
-0.00572436 12
-0.00455474 10
-0.00332638 11
-0.00262658 10
-0.00159959 10
-0.00037905 8
0.000579719 9
0.00152475 15
0.00253475 16
0.00367544 8
0.0045992 12
0.00545366 13
0.00632988 8
0.00759821 7
0.00843067 12
0.00942928 6
0.0102094 1
0.0114003 8
0.0122806 8
0.0134676 13
0.0144307 10
0.0154751 13
0.0165646 11
0.0174747 14
0.0182302 9
0.0195723 16
0.0205129 9
0.0215782 12
0.0224123 8
0.0232561 10
0.024451 15
0.0253942 12
0.0265633 9
0.027494 11
0.0285382 15
0.0294979 6
0.0304537 12
0.0313599 5
0.0325568 9
0.0336309 13
0.0343771 4
0.0354936 13
0.0366671 16
0.0375109 7
0.038475 10
0.0397192 8
0.0405439 6
0.0412182 9
0.0424276 16
0.0434507 12
0.0446022 11
0.0453006 11
0.0463553 12
0.047577 12
0.0485172 9
0.0496034 13
0.0504155 8
0.0514705 11
0.052589 9
0.0536646 15
0.0545184 9
0.0555576 14
0.0565664 12
0.0575878 12
0.058462 8
0.059521 9
0.0605088 13
0.0615652 7
0.0626211 8
0.0634534 10
0.0645641 7
0.0653829 4
0.0664358 9
0.0674853 11
0.0686026 7
0.0696051 8
0.0702609 5
0.0717271 6
0.0724729 13
0.0735667 12
0.0745382 14
0.0753933 8
0.0764 6
0.0775122 9
0.0785494 10
0.0793952 10
0.080657 15
0.081545 5
0.0824605 10
0.0833009 12
0.0844172 9
0.0853594 8
0.0865343 4
0.087432 13
0.0885532 10
0.0895034 10
0.0905881 14
0.0916494 10
0.0924051 7
0.0934992 14
0.094533 10
0.0954554 10
0.0964465 7
0.0974294 15
0.0986127 12
0.0994967 11
0.0999935 1
