-0.0994797 11
-0.0982932 5
-0.0973063 13
-0.0963161 15
-0.0953887 10
-0.0941337 5
-0.0932487 6
-0.0924241 15
-0.0913649 5
-0.0903704 13
-0.0893504 13
-0.088466 9
-0.0873026 10
-0.0863458 15
-0.0853973 14
-0.0845421 7
-0.0833033 6
-0.0825144 10
-0.0816132 10
-0.0804142 13
-0.0793843 14
-0.0783866 10
-0.0774349 12
-0.0763391 11
-0.0754827 11
-0.0742879 12
-0.0734317 13
-0.072517 9
-0.0714392 11
-0.0704651 6
-0.0694215 10
-0.0684722 5
-0.0674526 10
-0.0664651 5
-0.0654605 10
-0.0643247 14
-0.063473 11
-0.0624884 13
-0.061485 8
-0.0605195 14
-0.0595381 13
-0.0583847 12
-0.05751 10
-0.0564645 8
-0.0552605 9
-0.0545735 11
-0.053336 11
-0.0524378 13
-0.0512748 7
-0.0502727 8
-0.0494452 14
-0.0484074 11
-0.0473439 9
-0.0464731 15
-0.045306 9
-0.0442424 8
-0.0435667 8
-0.0423645 10
-0.0415675 9
-0.0403366 6
-0.0394916 11
-0.0385763 6
-0.0373418 12
-0.0363335 10
-0.0352498 6
-0.0344509 14
-0.0336025 15
-0.0323801 17
-0.0314301 13
-0.030488 8
-0.0295253 13
-0.0284785 12
-0.0273553 9
-0.0264277 11
-0.0255179 12
-0.0242248 8
-0.023465 9
-0.0227549 4
-0.0215675 16
-0.0205286 8
-0.0194646 14
-0.0185341 8
-0.0174143 14
-0.0163922 6
-0.0154679 5
-0.0145764 8
-0.0134822 17
-0.012504 14
-0.0115932 6
-0.0105479 18
-0.00945883 18
-0.00841067 8
-0.00753164 10
-0.00647056 6
-0.00545264 5
-0.0045565 13
-0.00357844 11
-0.00257033 8
-0.00144494 10
-0.000540991 11
0.000446976 15
0.00167711 10
0.00232315 14
0.00358964 8
0.00455447 20
0.00551187 7
0.00643742 9
0.00754596 10
0.00847789 13
0.00941686 14
0.0105169 16
0.0114187 6
0.0124033 8
0.0135923 8
0.0146569 6
0.0155438 8
0.0166671 15
0.0174618 7
0.0184782 10
0.0196547 7
0.0204003 13
0.0212772 8
0.0224134 13
0.0233454 12
0.0244019 13
0.0253635 8
0.0264949 5
0.0274834 14
0.0284794 11
0.0294973 17
0.0305527 6
0.0314091 17
0.0325668 15
0.0334984 8
0.0346016 12
0.0354439 15
0.0364182 12
0.0375507 15
0.0385139 11
0.0394559 8
0.0404925 22
0.0412615 9
0.0424841 13
0.0433948 11
0.0446394 11
0.0454298 11
0.0463721 15
0.0472398 7
0.0484577 7
0.0496037 11
0.0504918 8
0.0514681 11
0.0523756 12
0.053545 9
0.0544668 9
0.055579 8
0.05651 14
0.0572261 10
0.0582511 10
0.0592757 6
0.0604738 5
0.0613306 10
0.0623685 13
0.0633258 12
0.0644379 8
0.0653131 7
0.0664191 16
0.0674788 8
0.0684413 6
0.0694544 13
0.0704039 6
0.0715136 18
0.0724487 10
0.0735515 7
0.0745193 7
0.0753584 8
0.0764328 5
0.0774168 14
0.0783734 15
0.0794689 11
0.0804248 3
0.0814104 11
0.0823446 9
0.0835348 12
0.0842755 11
0.0854497 12
0.0863265 11
0.0873953 14
0.0884217 9
0.0895799 8
0.0903885 13
0.0913513 10
0.0925474 18
0.0934468 13
0.0944363 4
0.0953714 11
0.0963994 12
0.0974914 10
0.0982744 10
0.0993024 14
0.0998782 1
