-0.0994897 33
-0.0985691 36
-0.0974471 33
-0.0964004 30
-0.0954385 30
-0.0943564 25
-0.0935501 38
-0.0924189 30
-0.0914971 32
-0.0905078 36
-0.0894855 38
-0.0884261 30
-0.0875682 29
-0.0865172 30
-0.0854858 31
-0.0843542 37
-0.0835172 33
-0.0824558 37
-0.0814515 30
-0.0803987 28
-0.0794316 31
-0.0785182 17
-0.0773548 23
-0.0765242 35
-0.0754235 35
-0.0745667 34
-0.0735192 19
-0.072456 31
-0.0714136 29
-0.0704659 34
-0.0695122 31
-0.0685453 26
-0.0674919 26
-0.0664103 38
-0.0653247 36
-0.0644849 29
-0.0634596 43
-0.0624836 19
-0.0614704 34
-0.0605153 21
-0.0595397 30
-0.0584196 25
-0.0574593 27
-0.0565373 23
-0.0554974 28
-0.054433 31
-0.0534529 29
-0.0525449 32
-0.0513693 22
-0.0504029 26
-0.0495009 29
-0.0484455 37
-0.0474082 28
-0.0464755 28
-0.0454401 39
-0.0444763 24
-0.0434788 31
-0.0425268 22
-0.0414769 33
-0.0405028 35
-0.0395035 32
-0.0384346 39
-0.0374309 33
-0.0365542 30
-0.0354699 41
-0.0344876 33
-0.033432 24
-0.0324389 35
-0.031409 27
-0.0304964 39
-0.0294937 37
-0.0284473 32
-0.0274097 30
-0.0265138 32
-0.0254018 35
-0.0244784 37
-0.0234713 26
-0.0224043 31
-0.0215466 32
-0.0205023 35
-0.0196063 20
-0.0184514 17
-0.0175252 30
-0.0165036 31
-0.0155268 22
-0.014483 30
-0.0136507 24
-0.0125436 31
-0.0115488 24
-0.0104657 34
-0.00940855 33
-0.00847674 31
-0.00746219 31
-0.00644827 24
-0.00559858 25
-0.00443198 32
-0.00359205 39
-0.00240945 26
-0.00157578 35
-0.000430474 32
0.000404188 43
0.00155694 24
0.00251157 30
0.00348955 32
0.00447056 39
0.00552196 34
0.00641981 34
0.00756499 29
0.00857123 30
0.00952419 46
0.010458 30
0.0115329 37
0.012544 28
0.0134998 33
0.0144682 40
0.0154654 33
0.0165849 25
0.0175203 36
0.0184526 34
0.0194787 24
0.0205104 29
0.0214413 30
0.0224951 26
0.0234984 21
0.0244728 29
0.0255148 26
0.0265171 35
0.0274728 33
0.0286087 26
0.0294073 27
0.0305277 43
0.0314675 30
0.0325123 24
0.0335841 35
0.0344455 33
0.035525 26
0.0364446 36
0.0374799 32
0.0385187 23
0.0394531 30
0.040459 24
0.0415249 34
0.0423664 25
0.0435125 19
0.044496 26
0.0454723 26
0.0464491 25
0.0474468 30
0.0484228 31
0.049458 29
0.0504195 31
0.0514233 39
0.0525543 27
0.053473 28
0.054476 32
0.0554133 32
0.0564475 33
0.0575036 38
0.0584857 35
0.059504 28
0.0604223 41
0.0615054 40
0.0624298 30
0.0634672 35
0.0645659 33
0.0654034 30
0.066434 36
0.0675148 24
0.0684875 32
0.0694724 38
0.0704121 33
0.0714885 26
0.0723083 23
0.0734286 41
0.0744577 26
0.0754727 35
0.0764699 26
0.0774699 41
0.0785008 26
0.0795226 37
0.0804702 30
0.0814133 34
0.0824128 24
0.0834684 39
0.0844072 36
0.0854925 27
0.0863964 32
0.0874327 25
0.0884174 35
0.0894381 27
0.0904882 42
0.0914752 24
0.0924098 36
0.0935267 34
0.0944865 28
0.0954507 31
0.0965065 31
0.097453 30
0.0984519 32
0.0994515 30
0.0999382 1
