-0.384774 1
0 0
0 0
0 0
0 0
0 0
0 0
-0.341635 1
-0.340485 1
0 0
0 0
0 0
-0.315269 1
-0.31107 1
0 0
0 0
-0.293808 1
0 0
-0.282923 1
0 0
-0.272812 2
0 0
-0.259672 1
-0.255979 1
-0.249122 2
-0.246048 1
-0.237868 3
-0.23388 2
0 0
0 0
-0.21553 1
-0.212243 2
-0.20509 4
-0.201688 2
0 0
-0.18984 4
-0.182649 2
-0.177676 2
0 0
-0.166941 6
-0.160884 4
-0.156199 2
-0.150588 2
-0.145099 2
-0.140192 5
-0.132429 6
-0.127474 6
-0.122089 12
-0.116843 7
-0.110854 12
-0.105423 11
-0.100373 18
-0.0952514 36
-0.0893573 46
-0.0838491 51
-0.0785345 56
-0.0723425 60
-0.0671901 58
-0.0618898 49
-0.0556784 52
-0.0505059 53
-0.0453098 42
-0.0390235 46
-0.0342791 36
-0.02886 36
-0.0231079 51
-0.017671 51
-0.0118633 64
-0.00648267 50
-0.000871555 81
0.00477224 49
0.0102218 61
0.0155645 71
0.020897 42
0.0263991 36
0.0325537 38
0.0377497 47
0.0431655 58
0.0479577 37
0.0542054 55
0.0601354 60
0.0654236 44
0.0706084 46
0.0759962 43
0.0818828 46
0.0871841 54
0.0929949 53
0.0983411 31
0.103783 18
0.109481 10
0.115799 16
0.120436 14
0.127137 11
0.131002 14
0.137024 6
0.141883 3
0.148831 10
0.15173 4
0.158911 7
0.164805 5
0.168583 3
0.175866 3
0.182564 2
0.186529 4
0.191684 3
0.196853 1
0 0
0.20942 2
0.21512 5
0.219105 2
0.224856 3
0.232695 1
0.235853 1
0 0
0.246772 4
0.255473 1
0.259876 1
0 0
0 0
0 0
0.281322 1
0 0
0 0
0.294601 1
0 0
0.3078 2
0 0
0 0
0.322511 1
0 0
0 0
0 0
0.344665 1
0 0
0.355592 1
0 0
0 0
0 0
0 0
0 0
0 0
0 0
0 0
0 0
0 0
0 0
0 0
0 0
0 0
0 0
0 0
0 0
0 0
0 0
0 0
0 0
0 0
0 0
0 0
0 0
0 0
0 0
0 0
0 0
0 0
0 0
0 0
0 0
0 0
0 0
0 0
0 0
0 0
0 0
0 0
0 0
0 0
0 0
0 0
0 0
0 0
0 0
0 0
0 0
0 0
0 0
0 0
0 0
0 0
0 0
0 0
0 0
0 0
0 0
0 0
0 0
0 0
0 0
0 0
0.719727 1
0 0
