-0.307234 1
0 0
0 0
0 0
0 0
0 0
0 0
0 0
0 0
0 0
0 0
0 0
0 0
0 0
0 0
0 0
-0.240531 1
-0.23823 1
0 0
0 0
0 0
-0.221755 1
-0.220392 1
-0.215173 3
-0.210925 5
-0.205727 2
-0.204442 2
-0.199623 2
-0.194484 1
-0.192583 2
-0.188957 3
-0.18339 2
-0.179168 4
-0.174117 1
-0.171763 2
-0.167846 4
-0.163454 4
-0.158422 2
-0.156269 8
-0.152308 6
-0.14792 5
-0.144607 4
-0.139564 13
-0.135614 12
-0.132446 13
-0.128088 18
-0.124486 14
-0.120482 20
-0.116644 34
-0.112613 30
-0.108793 31
-0.104875 46
-0.100701 41
-0.0970536 70
-0.093014 76
-0.0890347 107
-0.0852585 96
-0.0809322 77
-0.077301 113
-0.0733247 91
-0.0693326 95
-0.0656511 121
-0.0616508 132
-0.0577495 107
-0.0537467 128
-0.0497038 97
-0.045869 121
-0.0418134 92
-0.0380046 97
-0.0342472 100
-0.0305015 79
-0.0259182 96
-0.0225184 116
-0.0184111 124
-0.0145127 151
-0.0105179 155
-0.00653596 134
-0.00274645 158
0.00101302 181
0.00519178 135
0.00913247 132
0.0130753 141
0.0167334 129
0.0209053 123
0.0246688 109
0.0285888 91
0.0327511 95
0.036755 102
0.0404541 100
0.0443986 93
0.0483178 91
0.0522164 126
0.0561096 111
0.0602758 100
0.0643056 111
0.0679215 117
0.0718934 112
0.0758269 96
0.079665 93
0.0839489 89
0.0876268 99
0.0915446 88
0.0956994 80
0.0992489 58
0.103112 27
0.107286 29
0.111239 21
0.114813 14
0.119073 19
0.123064 18
0.127571 15
0.131074 13
0.135498 8
0.138508 5
0.142298 18
0.146833 7
0.150418 7
0.155061 7
0.15875 4
0.162272 2
0.165988 4
0.170452 3
0.174624 3
0.178567 6
0 0
0.185938 4
0.189524 4
0.195568 1
0.196507 2
0.201266 2
0.206478 3
0 0
0.213542 1
0.217712 1
0.221882 2
0.224146 3
0.229054 1
0.233022 1
0.236955 2
0.241748 1
0 0
0 0
0 0
0 0
0 0
0 0
0 0
0 0
0 0
0 0
0.282516 1
0.288493 2
0.291441 1
0.294052 1
0 0
0 0
0 0
0.312261 2
0 0
0 0
0.323616 1
0 0
0 0
0 0
0 0
0 0
0 0
0 0
0 0
0 0
0 0
0 0
0 0
0 0
0 0
0 0
0 0
0 0
0 0
0 0
0 0
0.407607 1
0.408419 1
0 0
0 0
0 0
0.425306 1
0 0
0 0
0 0
0 0
0 0
0 0
0 0
0 0
0 0
0 0
0 0
0 0
0 0
0.478658 1
