-1.07502 1
0 0
0 0
0 0
0 0
0 0
0 0
0 0
0 0
0 0
0 0
0 0
0 0
0 0
0 0
0 0
0 0
0 0
0 0
0 0
0 0
0 0
0 0
0 0
0 0
0 0
0 0
0 0
0 0
0 0
0 0
-0.799379 1
-0.787776 1
0 0
0 0
0 0
0 0
0 0
0 0
0 0
0 0
0 0
0 0
0 0
0 0
0 0
0 0
0 0
0 0
0 0
-0.623948 1
0 0
0 0
-0.603388 1
0 0
0 0
0 0
0 0
0 0
-0.548989 1
0 0
0 0
0 0
0 0
0 0
0 0
0 0
-0.478688 1
0 0
0 0
0 0
0 0
0 0
0 0
0 0
0 0
0 0
0 0
-0.38338 1
-0.369854 2
0 0
-0.357195 1
0 0
0 0
0 0
0 0
0 0
0 0
0 0
0 0
0 0
0 0
-0.255929 1
0 0
-0.239849 2
0 0
0 0
0 0
-0.200218 1
0 0
-0.185988 1
0 0
0 0
-0.155015 1
0 0
0 0
0 0
-0.119405 1
-0.115992 1
-0.108197 1
-0.0960582 1
-0.0849407 2
-0.0809711 1
-0.074265 2
-0.0643312 1
-0.0493392 1
-0.0406551 2
-0.0326865 2
-0.025767 1
-0.0198435 2
-0.00426553 2
0 0
0.00952386 2
0.016045 3
0 0
0 0
0 0
0.0500549 1
0.0597255 3
0.0740218 1
0.0805633 3
0 0
0.0956578 2
0 0
0.116516 1
0 0
0 0
0 0
0.15142 1
0 0
0.173051 1
0 0
0.183916 1
0.193329 1
0 0
0 0
0 0
0 0
0 0
0 0
0 0
0 0
0.271112 1
0.282189 1
0 0
0.297692 1
0.310472 1
0 0
0 0
0 0
0 0
0 0
0 0
0 0
0 0
0.390789 1
0 0
0 0
0.418803 1
0 0
0 0
0 0
0 0
0 0
0 0
0 0
0 0
0 0
0 0
0 0
0 0
0 0
0 0
0.54493 1
0 0
0 0
0 0
0 0
0 0
0 0
0 0
0.619175 1
0 0
0 0
0 0
0 0
0 0
0 0
0 0
0 0
0.695313 1
