-0.098369 2
-0.0972751 1
-0.0965642 1
0 0
-0.0943221 2
-0.0931314 2
-0.0924812 1
-0.091378 1
-0.0905392 1
-0.0891426 1
-0.0886528 1
-0.0873379 2
-0.0862976 2
-0.0857171 1
0 0
-0.0834131 2
-0.0820944 3
-0.0811101 2
0 0
-0.0794259 2
-0.0783767 1
-0.0770631 2
-0.0760303 2
-0.0756116 1
-0.0745005 3
-0.0728629 1
-0.0725662 1
0 0
-0.0705621 3
-0.0691881 4
0 0
-0.0673319 1
-0.0661269 1
0 0
-0.0641889 2
-0.0633416 1
-0.0625561 3
-0.0616316 2
-0.0601857 1
0 0
-0.0584893 2
-0.0572865 2
-0.0560983 1
-0.0555629 2
-0.0545508 2
-0.0539249 1
-0.0521367 1
0 0
-0.0508465 1
-0.0492404 2
-0.048317 3
0 0
-0.0464775 2
-0.045361 2
-0.0447151 1
-0.0434189 1
-0.042641 1
-0.0414784 1
-0.0404047 1
-0.039508 2
0 0
0 0
-0.0361184 1
-0.035333 2
0 0
-0.0335074 4
0 0
-0.0316394 1
-0.0308652 2
-0.0292362 1
-0.0285181 4
-0.0276911 1
-0.0265573 2
-0.0257271 1
-0.0242919 2
-0.0240827 1
-0.0226146 3
0 0
0 0
-0.019367 1
-0.01888 2
-0.0174755 2
0 0
0 0
-0.0145296 1
-0.0138907 1
-0.0127364 4
-0.0118215 1
-0.010369 1
-0.0097768 3
0 0
-0.00788363 1
-0.00669237 4
-0.00594964 2
-0.00483117 1
-0.0040918 2
-0.0027801 3
0 0
-0.00037682 1
0.00056625 1
0 0
0.00189836 2
0 0
0.00405579 2
0.0055028 3
0.00646855 2
0.00704629 3
0.00760847 1
0 0
0.0104601 1
0 0
0 0
0 0
0.014425 1
0.0151607 1
0.0162704 2
0.0173657 1
0.0180061 1
0 0
0.019633 1
0 0
0.0217362 2
0.0233352 1
0.0239963 3
0 0
0.0262468 2
0.0269436 1
0.0277562 4
0.0293257 2
0 0
0.0306146 2
0.0320959 4
0.0328913 1
0.0339148 3
0.0350722 1
0.0359724 2
0.0364438 1
0 0
0.0388779 2
0.0399575 3
0.0407446 1
0.0414091 1
0.0431019 1
0.0437673 2
0 0
0.046055 2
0.0468325 1
0.0480277 1
0 0
0.0495315 1
0.0510432 3
0 0
0 0
0.0541498 2
0.0547979 1
0 0
0.0567784 1
0.0578187 4
0.0591367 1
0.0597079 2
0.0605131 2
0.0619464 1
0 0
0.0633654 1
0 0
0.065942 1
0.0668769 1
0 0
0 0
0.0695375 2
0.0706327 2
0.0718494 1
0.0723287 1
0 0
0.0744299 2
0.0753759 1
0.0764635 1
0.0775339 1
0 0
0 0
0 0
0 0
0.0825621 3
0.0837085 3
0.0844314 2
0.085585 1
0 0
0.0871054 1
0.0882952 1
0.0897541 1
0.0907544 2
0.0911583 2
0 0
0.0933404 1
0.0948245 2
0.0956604 2
0.0962231 4
0.0975623 1
0 0
0.0999446 1
0.099976 1
