-0.0978004 2
-0.0965438 1
-0.0958889 5
-0.0945386 4
0 0
-0.0930348 2
-0.091687 2
-0.0905274 2
-0.0900303 2
-0.0888251 1
-0.0879339 1
0 0
-0.0857912 3
-0.0847287 3
-0.0832636 1
-0.0828575 5
-0.0817222 1
-0.0808957 4
0 0
-0.0790933 1
-0.0778975 1
-0.076556 3
-0.0756272 3
0 0
-0.0734577 1
0 0
-0.0720795 1
0 0
-0.0696974 2
-0.0689067 2
-0.0682777 1
-0.0672358 1
0 0
-0.0648435 2
-0.0640401 2
0 0
-0.0619599 2
-0.0607334 2
-0.0601493 2
-0.0594108 1
0 0
-0.0570488 2
-0.0559242 1
-0.0550151 2
-0.0538273 1
-0.0532727 1
-0.0517838 2
-0.0511943 2
0 0
-0.0495583 1
-0.0480585 2
0 0
-0.046202 3
-0.0455951 1
-0.0442967 1
-0.042866 2
-0.0424254 3
-0.0411873 3
0 0
-0.0393231 3
-0.0380703 2
0 0
-0.0363578 2
-0.0353492 1
-0.0338167 1
-0.0334599 1
-0.0319623 2
0 0
-0.0298095 1
-0.0296066 2
0 0
-0.0273254 3
0 0
0 0
-0.0240573 1
0 0
0 0
0 0
-0.0206148 2
0 0
-0.0188225 1
-0.0177844 1
-0.016514 2
-0.0153356 3
-0.014289 3
0 0
-0.0126168 1
0 0
-0.0107244 1
-0.0092402 3
0 0
-0.00734593 2
-0.00607906 1
-0.00594608 1
-0.0048732 1
0 0
-0.00243147 4
0 0
-0.0006375 2
0.000465125 2
0.00127789 2
0.00287952 1
0 0
0.00423852 3
0 0
0.00625092 6
0.00699072 1
0.00814242 5
0.0092466 2
0.0103443 5
0 0
0.0127547 1
0.0131621 4
0.0142842 3
0.0153942 3
0.0158557 1
0 0
0.0185022 4
0.0190397 1
0.0202124 3
0.0214431 1
0.0221425 4
0 0
0.024174 1
0 0
0.0259924 2
0.0276028 1
0 0
0.0293259 2
0.029744 2
0.031315 3
0.0320881 2
0.0328472 2
0.0338625 1
0.0354411 1
0 0
0.0375391 1
0 0
0.038938 5
0.0396083 2
0.0409603 2
0 0
0.0429929 2
0.0435563 1
0.0446286 1
0 0
0.0465433 1
0.0480106 1
0.0489654 1
0.0500601 1
0 0
0.0519958 3
0.0530608 1
0.0537761 2
0.0552639 1
0 0
0.0567293 2
0.0573969 1
0.0589652 2
0.0600145 1
0.0610799 2
0.0616124 2
0.0628646 2
0 0
0.0650531 2
0 0
0.0668496 3
0.067933 1
0.0687342 2
0.0697858 2
0.0704514 1
0.0717099 4
0.0729906 2
0.073684 2
0 0
0.0756839 2
0.0765915 2
0.0774208 1
0 0
0 0
0.0806766 2
0.0813871 4
0.0825387 2
0 0
0.0850407 1
0.0853299 1
0 0
0 0
0 0
0 0
0.090658 1
0.0915062 2
0.0923882 1
0 0
0.0942132 1
0 0
0.0963746 1
0.0975287 1
0 0
0.0999304 1
0 0
