-0.483227 1
0 0
0 0
-0.462647 1
0 0
0 0
0 0
0 0
0 0
0 0
0 0
-0.420212 1
0 0
0 0
-0.407271 1
-0.399699 3
-0.395003 1
0 0
-0.382293 1
0 0
0 0
-0.367569 3
-0.362283 1
-0.355754 2
-0.353483 2
-0.34466 1
-0.339991 4
-0.336111 2
-0.330642 6
-0.325054 2
-0.319679 6
-0.313837 5
0 0
-0.303705 4
-0.298942 3
-0.292727 10
-0.28649 6
-0.281084 7
-0.277092 6
-0.270676 7
-0.266505 7
-0.261791 10
-0.255411 11
-0.250074 11
-0.244484 15
-0.23913 15
-0.233773 13
-0.228499 11
-0.223085 10
-0.217451 16
-0.212379 17
-0.207062 16
-0.200911 17
-0.196411 20
-0.190163 18
-0.185317 29
-0.180116 27
-0.175053 34
-0.169226 36
-0.164014 27
-0.158293 26
-0.153609 16
-0.148094 31
-0.142766 31
-0.137476 22
-0.132223 26
-0.125851 19
-0.120996 47
-0.115555 38
-0.110541 46
-0.104854 59
-0.0990282 71
-0.0942132 57
-0.0887352 64
-0.0832916 83
-0.0780971 73
-0.0725834 102
-0.0675182 137
-0.0621687 185
-0.0566579 127
-0.0510379 118
-0.0456798 132
-0.0404484 126
-0.0351798 143
-0.0298006 134
-0.0241142 204
-0.0188718 246
-0.0137367 324
-0.00825917 350
-0.00218527 681
0.000259293 6205
0.00773866 435
0.0131338 391
0.0184861 265
0.0237133 196
0.0289704 170
0.0346284 153
0.0400514 105
0.0449434 125
0.0509134 82
0.0560211 94
0.0613003 89
0.0669028 55
0.0722032 44
0.0773644 28
0.0826254 31
0.0880267 30
0.0932879 22
0.0986251 20
0.103804 10
0.109179 10
0.115712 11
0.120698 9
0.126037 9
0.131274 9
0.136069 8
0.142393 5
0.146957 9
0.151521 5
0.15675 3
0.163844 4
0.168008 5
0.174671 10
0.180218 4
0.185107 4
0.189703 2
0.196629 1
0.200303 3
0.206627 2
0.210411 3
0.216176 2
0 0
0 0
0.233071 2
0.239337 1
0.245378 1
0 0
0.254568 1
0 0
0.264751 1
0 0
0 0
0.279498 2
0.284911 1
0 0
0 0
0 0
0 0
0 0
0 0
0 0
0.327609 1
0.334588 1
0 0
0 0
0 0
0.35584 3
0 0
0.369107 1
0 0
0 0
0 0
0.388628 1
0 0
0 0
0 0
0 0
0 0
0 0
0 0
0 0
0 0
0 0
0 0
0 0
0 0
0 0
0 0
0 0
0 0
0 0
0.488213 1
0 0
0 0
0 0
0 0
0 0
0 0
0 0
0 0
0 0
0 0
0 0
0 0
0 0
0 0
0 0
0 0
0 0
0.584669 1
