-0.339919 2
0 0
0 0
0 0
-0.321224 2
-0.318957 1
0 0
0 0
-0.30508 1
-0.300989 1
0 0
0 0
0 0
-0.286264 4
-0.280595 1
0 0
0 0
-0.268114 1
-0.267213 1
0 0
-0.257708 1
-0.253098 1
-0.249385 2
-0.245394 3
-0.241839 3
-0.237798 3
0 0
-0.230187 2
-0.225804 3
-0.222196 1
-0.21801 6
-0.214249 5
-0.210129 4
-0.205472 6
-0.201996 7
-0.198093 4
-0.193845 7
-0.190082 7
-0.185636 9
-0.182249 5
-0.177848 5
-0.174034 13
-0.169865 9
-0.165008 6
-0.162061 13
-0.157907 15
-0.153286 13
-0.150506 7
-0.145512 22
-0.141915 12
-0.1379 23
-0.133333 16
-0.129788 18
-0.126221 12
-0.121394 35
-0.117721 39
-0.113423 30
-0.109459 41
-0.105473 49
-0.10145 34
-0.0977658 42
-0.0936829 48
-0.089882 38
-0.085572 63
-0.0817524 63
-0.0777704 65
-0.0735982 77
-0.0697441 90
-0.0654617 108
-0.0619087 111
-0.0576981 113
-0.0535267 130
-0.0496543 166
-0.0457308 161
-0.0415439 181
-0.0375892 201
-0.0336167 172
-0.0297109 219
-0.0254796 340
-0.0214971 405
-0.0175394 527
-0.0135904 597
-0.00963315 721
-0.00549219 926
-0.000396783 8016
0.00174508 1570
0.00627308 646
0.0103734 552
0.0143204 502
0.0182848 430
0.0223711 289
0.02628 273
0.030404 248
0.0343683 205
0.0383773 214
0.0423521 179
0.04635 159
0.0504793 182
0.0546181 149
0.0584781 131
0.0625767 117
0.0662622 101
0.0705618 87
0.0745391 75
0.0785797 67
0.0822682 75
0.0867928 67
0.0906576 49
0.0943195 35
0.0985248 52
0.102383 42
0.106596 26
0.110563 20
0.114707 23
0.118119 25
0.122415 16
0.126248 22
0.130987 15
0.134607 21
0.138542 23
0.142853 12
0.146572 16
0.150483 12
0.154208 18
0.158729 7
0.163088 13
0.166646 6
0.170864 10
0.174567 11
0.178257 8
0.182501 11
0.186401 5
0.191211 4
0.194817 8
0.198324 8
0.201795 6
0.207223 2
0.210373 5
0.214796 6
0.219689 1
0.221807 1
0.225943 4
0.231692 1
0.235449 2
0.238436 3
0.243454 3
0.244834 2
0.250213 3
0.253987 3
0.256821 1
0.262223 2
0.265423 1
0.269957 2
0 0
0.278242 1
0.281334 1
0 0
0.29196 1
0.296523 1
0 0
0.303353 2
0 0
0.309638 1
0 0
0 0
0 0
0 0
0.329545 1
0.334584 3
0.339447 1
0 0
0 0
0.350278 1
0 0
0 0
0.364279 1
0 0
0 0
0 0
0.378245 2
0.384568 1
0.387301 2
0.389799 1
0 0
0 0
0 0
0 0
0 0
0 0
0 0
0.422318 1
0 0
0 0
0 0
0 0
0 0
0 0
0 0
0.452854 1
0.45684 1
