-0.874109 1
-0.854762 1
0 0
0 0
-0.819355 3
-0.801817 2
-0.78909 2
0 0
0 0
0 0
0 0
0 0
0 0
0 0
0 0
0 0
0 0
0 0
-0.635558 1
0 0
0 0
-0.600181 1
0 0
0 0
0 0
0 0
0 0
0 0
0 0
0 0
0 0
0 0
0 0
0 0
0 0
-0.418754 1
-0.414126 1
-0.397673 2
-0.390652 1
-0.372166 3
-0.359265 1
-0.352684 2
-0.33491 5
0 0
-0.312223 5
-0.296027 6
-0.291079 1
-0.271647 10
-0.258334 8
-0.252034 1
-0.234979 4
-0.220155 9
-0.208764 12
-0.195203 8
-0.183433 18
-0.171154 17
-0.158824 10
-0.144262 13
-0.133446 13
-0.119885 20
-0.10815 29
-0.0950908 21
-0.0826091 21
-0.0691035 28
-0.0583264 24
-0.0452858 32
-0.0319568 14
-0.0194552 17
-0.00266688 35
0.0031852 11
0.0161436 4
0.034425 3
0.0399982 1
0.0584829 3
0.0708715 3
0.081885 3
0.0962891 2
0.105637 1
0 0
0.136564 1
0 0
0.159556 2
0.173053 1
0.184226 1
0.19376 1
0.212031 1
0.219338 1
0.234913 2
0.243942 1
0.262507 2
0.273615 1
0.281698 1
0.297877 3
0.311348 1
0 0
0.338548 1
0.347477 2
0.358837 4
0.374489 2
0.389405 2
0 0
0 0
0.424229 2
0.435542 2
0.452767 2
0.462847 4
0 0
0 0
0.503329 1
0 0
0 0
0 0
0 0
0.565016 1
0.573911 2
0.594397 2
0 0
0 0
0 0
0 0
0 0
0.664286 2
0.672768 1
0 0
0 0
0.71025 1
0 0
0 0
0 0
0.76806 2
0 0
0 0
0.801355 2
0 0
0.824625 1
0.844238 1
0.855114 2
0 0
0.878235 1
0 0
0 0
0 0
0 0
0 0
0 0
0 0
0.97946 2
0 0
1.01315 1
1.02178 1
0 0
0 0
0 0
0 0
0 0
0 0
1.11289 1
0 0
1.13632 1
1.14405 1
1.15314 1
0 0
1.19037 1
0 0
0 0
0 0
0 0
1.24864 1
0 0
0 0
0 0
0 0
0 0
1.31771 1
0 0
1.34297 1
1.36227 1
0 0
1.38294 1
0 0
0 0
0 0
1.43601 1
0 0
0 0
0 0
1.48813 1
0 0
0 0
0 0
0 0
0 0
0 0
0 0
0 0
0 0
0 0
0 0
0 0
1.64694 1
