-0.437655 1
0 0
0 0
0 0
-0.412781 1
0 0
0 0
0 0
0 0
0 0
-0.372315 1
0 0
0 0
0 0
0 0
0 0
0 0
0 0
0 0
0 0
0 0
-0.305903 1
0 0
0 0
-0.286344 1
0 0
0 0
0 0
-0.266016 2
0 0
0 0
0 0
-0.239991 1
0 0
0 0
-0.221455 2
0 0
-0.211721 1
-0.202557 1
0 0
0 0
0 0
-0.180064 1
0 0
0 0
-0.162052 1
0 0
-0.149869 2
0 0
0 0
0 0
-0.125431 1
-0.120804 1
0 0
0 0
0 0
-0.097495 2
0 0
-0.08103 1
0 0
-0.070305 3
0 0
0 0
-0.051465 1
-0.0443991 1
-0.0386894 1
0 0
-0.0292068 1
-0.0206673 1
0 0
0 0
0 0
0.000571064 2
0.00738259 1
0.0121008 1
0.020528 1
0 0
0.0318039 3
0 0
0.0444484 2
0 0
0 0
0.0591022 1
0.0663879 2
0 0
0.0825001 1
0 0
0 0
0.100238 1
0.102295 2
0 0
0 0
0 0
0.126399 1
0.13474 1
0.140342 1
0 0
0 0
0.158314 1
0 0
0.171068 1
0.178881 1
0.185487 1
0 0
0 0
0 0
0.210097 1
0.215837 1
0.220673 1
0 0
0.232941 1
0.236681 1
0 0
0.246924 1
0 0
0.26225 1
0 0
0 0
0 0
0 0
0.289686 1
0 0
0.302568 1
0.310368 1
0 0
0 0
0 0
0 0
0 0
0 0
0 0
0.356864 1
0 0
0 0
0 0
0 0
0 0
0 0
0 0
0 0
0 0
0 0
0 0
0 0
0 0
0 0
0 0
0 0
0 0
0 0
0 0
0 0
0.487565 1
0 0
0 0
0 0
0 0
0 0
0 0
0 0
0 0
0 0
0 0
0 0
0 0
0 0
0 0
0 0
0 0
0 0
0 0
0 0
0 0
0 0
0 0
0 0
0 0
0 0
0 0
0 0
0 0
0 0
0 0
0 0
0 0
0 0
0 0
0 0
0 0
0 0
0 0
0 0
0 0
0 0
0 0
0 0
0 0
0 0
0 0
0 0
0.773897 1
