-0.773309 1
0 0
0 0
0 0
0 0
0 0
0 0
0 0
-0.703852 1
0 0
0 0
0 0
-0.674154 1
0 0
0 0
-0.64742 1
0 0
0 0
0 0
-0.618447 1
0 0
-0.594917 1
-0.588632 1
0 0
-0.570253 1
-0.566835 2
0 0
-0.550067 2
0 0
-0.535269 1
-0.525517 1
0 0
-0.506556 3
-0.500534 3
-0.491513 6
-0.483706 1
-0.473924 2
-0.465507 1
-0.456655 2
-0.45219 2
-0.444988 3
-0.435165 3
-0.428976 3
-0.419231 6
-0.411844 3
-0.40132 7
-0.394012 4
-0.383918 3
-0.377941 4
-0.368401 9
-0.361471 6
-0.353486 9
-0.345634 9
-0.337166 9
-0.329284 11
-0.319282 10
-0.312466 14
-0.305253 13
-0.296709 5
-0.287919 11
-0.280521 8
-0.272434 11
-0.264714 10
-0.256365 13
-0.24713 21
-0.240736 15
-0.232381 26
-0.223279 13
-0.21522 21
-0.207067 28
-0.198476 37
-0.190698 21
-0.182118 34
-0.175004 27
-0.165408 34
-0.157249 38
-0.149629 47
-0.142056 41
-0.133119 38
-0.125423 62
-0.117453 57
-0.109006 63
-0.100862 66
-0.0919201 106
-0.0851348 124
-0.0766361 147
-0.0683254 130
-0.0603315 124
-0.0520972 130
-0.0442695 168
-0.0356439 166
-0.0270077 163
-0.0194802 243
-0.0112522 270
-0.0020696 437
0.0049092 305
0.0131139 300
0.0210538 294
0.0290581 230
0.0375955 266
0.0458383 237
0.0535085 219
0.0616299 220
0.0699644 189
0.0782351 187
0.0863589 156
0.0941782 110
0.102628 71
0.110257 56
0.11806 28
0.126367 24
0.134798 13
0.143474 15
0.151913 12
0.160233 10
0.167859 10
0.176737 4
0.185662 5
0.193001 8
0.201285 7
0.209164 5
0.21593 2
0.225531 4
0.233747 2
0.243712 2
0.250546 2
0.256603 2
0.266468 1
0.270665 4
0.28182 1
0.291042 3
0.298466 1
0.305732 1
0.311272 1
0.32536 1
0 0
0.33689 1
0 0
0 0
0.362681 1
0.370487 1
0 0
0.390321 1
0 0
0.401444 1
0.413887 2
0 0
0 0
0 0
0 0
0 0
0.463428 1
0 0
0.479065 1
0 0
0.496373 1
0 0
0 0
0 0
0.523768 2
0 0
0 0
0 0
0 0
0 0
0 0
0.581388 2
0 0
0 0
0.604301 1
0.615042 1
0 0
0.631133 1
0 0
0 0
0 0
0 0
0 0
0 0
0 0
0 0
0.704591 1
0 0
0.723557 1
0 0
0 0
0 0
0 0
0 0
0 0
0.78023 1
0 0
0 0
0 0
0 0
0 0
0 0
0 0
0 0
0 0
0.85649 1
