-0.357961 1
0 0
0 0
0 0
0 0
0 0
0 0
0 0
0 0
0 0
0 0
0 0
0 0
0 0
-0.301333 1
0 0
0 0
-0.289739 1
0 0
0 0
-0.275154 2
-0.273701 1
0 0
-0.263654 1
-0.260396 3
-0.255558 2
-0.253771 4
0 0
0 0
0 0
0 0
-0.231162 1
-0.227959 1
-0.226612 1
-0.221261 2
-0.217241 5
-0.213887 5
-0.209 4
-0.204503 4
-0.200848 2
-0.196541 3
-0.192621 5
-0.188549 5
-0.184925 9
-0.181135 2
-0.176884 8
-0.172994 6
-0.168958 3
-0.165233 6
-0.160398 3
-0.15711 9
-0.153213 12
-0.149273 4
-0.144889 5
-0.140812 10
-0.136984 12
-0.133415 18
-0.12909 10
-0.12513 16
-0.121396 11
-0.117189 12
-0.113571 18
-0.109059 11
-0.105213 10
-0.10092 23
-0.0975465 21
-0.0932326 23
-0.0891708 15
-0.0850751 33
-0.0815474 20
-0.0772315 25
-0.0734566 17
-0.0695255 29
-0.0654851 28
-0.0618228 30
-0.0579583 27
-0.0530988 26
-0.0499395 26
-0.0459644 29
-0.0419376 37
-0.0377814 35
-0.0339661 35
-0.0303321 21
-0.0261019 31
-0.0218164 29
-0.017638 32
-0.0140524 21
-0.0101143 26
-0.00626902 33
-0.00180373 33
0.0018228 62
0.00577155 43
0.00978528 37
0.0142167 34
0.0178147 36
0.0216863 30
0.0261871 26
0.0300863 24
0.0339544 26
0.0377288 32
0.0414998 26
0.0461282 24
0.0496274 26
0.0540118 17
0.0572024 31
0.0618692 22
0.0657476 18
0.0697133 20
0.0739591 18
0.0775292 27
0.0813332 12
0.0856314 19
0.0893072 18
0.0934145 17
0.097583 17
0.101174 18
0.105426 20
0.109371 29
0.113558 17
0.117017 13
0.121088 23
0.125007 23
0.129205 12
0.133491 10
0.13736 13
0.141253 12
0.145181 12
0.148656 15
0.152807 6
0.156698 9
0.161315 13
0.165525 13
0.168732 12
0.173232 12
0.17832 1
0.18192 4
0.185347 7
0.189088 16
0.192981 8
0.197209 10
0.200608 6
0.205172 5
0.208486 9
0.213009 4
0.21616 3
0.221148 3
0.224711 11
0.229605 5
0.232413 7
0.23679 5
0.240808 3
0.24447 5
0.24892 3
0.252404 4
0.256547 5
0.260269 3
0.265361 5
0.268602 3
0.272865 5
0.277112 1
0.279917 4
0.283455 1
0.287767 4
0.291771 1
0.297659 2
0.299039 2
0 0
0.308115 1
0.312219 2
0.316084 2
0.321294 1
0.324444 2
0.328546 1
0 0
0.335497 4
0.340542 1
0.343653 1
0.347557 1
0.352902 1
0 0
0.361371 1
0.362557 1
0.368761 1
0 0
0.375207 1
0 0
0 0
0 0
0 0
0.395454 1
0 0
0.404581 1
0.40618 1
0 0
0.41451 1
0 0
0 0
0 0
0 0
0.436916 1
0.437496 1
