-0.28926 1
-0.284855 2
0 0
0 0
0 0
0 0
0 0
-0.266338 1
-0.264252 2
0 0
0 0
-0.256468 2
-0.254445 1
-0.248894 1
0 0
-0.244201 3
-0.24167 1
-0.239687 1
-0.235085 3
-0.232324 5
-0.230301 3
-0.227684 2
-0.224286 5
-0.220275 2
-0.219203 4
-0.215741 3
-0.21247 2
-0.210525 1
-0.206552 4
-0.203734 10
-0.200746 7
-0.197408 5
-0.195336 9
-0.192291 7
-0.189321 6
-0.186734 5
-0.183006 5
-0.181027 9
-0.176924 11
-0.17483 13
-0.172328 4
-0.168384 13
-0.165891 13
-0.163422 19
-0.159802 7
-0.156609 7
-0.154336 14
-0.151714 17
-0.148422 11
-0.145545 13
-0.142628 27
-0.13977 14
-0.137187 21
-0.133731 12
-0.131195 18
-0.127856 26
-0.125255 28
-0.122516 22
-0.11941 32
-0.116599 36
-0.113992 25
-0.110942 34
-0.107911 40
-0.104776 54
-0.101884 47
-0.0992759 77
-0.096253 116
-0.0933982 163
-0.0904877 192
-0.087665 267
-0.0847151 303
-0.0818155 369
-0.0789691 355
-0.0760623 323
-0.0731562 349
-0.0702951 391
-0.0673024 373
-0.064399 396
-0.061582 311
-0.058632 332
-0.0557524 389
-0.0527702 349
-0.0499282 354
-0.0470683 412
-0.0441491 390
-0.0412659 384
-0.0382544 413
-0.0354201 370
-0.0324187 429
-0.0296261 480
-0.0267215 431
-0.0238218 428
-0.0209755 444
-0.0180134 442
-0.0150803 403
-0.0121744 415
-0.00933242 409
-0.00646753 473
-0.00352319 554
-0.000118624 2595
0.00230167 485
0.0051558 430
0.00801541 434
0.0110755 391
0.0138053 408
0.016753 416
0.0196448 411
0.0226085 423
0.0255702 402
0.0283158 467
0.0312242 442
0.0342122 368
0.0370729 437
0.0399954 393
0.0429419 393
0.0458592 386
0.0487289 361
0.0516195 388
0.0545126 335
0.0573873 327
0.0601749 287
0.0632991 370
0.066146 359
0.0690036 368
0.0718778 348
0.0748154 345
0.077733 341
0.0805765 362
0.083475 325
0.0863997 286
0.0891609 225
0.0921573 145
0.0950907 107
0.0980765 78
0.100878 53
0.103585 43
0.10666 36
0.109667 39
0.112285 21
0.115444 25
0.118434 23
0.121283 21
0.124128 26
0.127276 21
0.129736 14
0.132716 21
0.13542 16
0.138513 18
0.141444 19
0.144424 12
0.147438 24
0.150143 10
0.153022 14
0.155798 9
0.159271 10
0.161461 11
0.164769 10
0.167604 11
0.170581 12
0.17348 6
0.17638 8
0.179185 10
0.181984 8
0.185456 9
0.188389 4
0.190723 5
0.193706 6
0.196359 3
0.199038 7
0.202284 5
0 0
0.20846 5
0.21118 5
0.213961 6
0.217637 4
0.219768 3
0.222518 5
0.225205 2
0.228448 2
0.231939 1
0.234574 3
0.23703 2
0.239832 3
0 0
0.245528 3
0.248492 3
0.251858 1
0 0
0 0
0 0
0 0
0 0
0 0
0.271071 1
0.275837 1
0 0
0 0
0.282659 1
0 0
0.290945 1
0 0
