-1.30414 1
0 0
0 0
0 0
0 0
0 0
-1.2446 1
0 0
0 0
0 0
0 0
0 0
0 0
0 0
0 0
-1.15598 1
0 0
0 0
0 0
0 0
0 0
0 0
-1.08362 1
0 0
0 0
0 0
-1.04371 1
0 0
0 0
0 0
-1.01085 1
0 0
0 0
0 0
0 0
0 0
0 0
0 0
-0.933662 1
0 0
0 0
0 0
0 0
0 0
0 0
-0.858461 1
0 0
0 0
0 0
0 0
0 0
0 0
0 0
0 0
0 0
0 0
0 0
0 0
0 0
0 0
0 0
0 0
0 0
0 0
-0.676452 1
0 0
-0.663049 1
0 0
0 0
-0.62538 1
0 0
0 0
0 0
-0.585797 1
0 0
-0.568833 1
-0.560347 1
0 0
0 0
0 0
0 0
0 0
0 0
0 0
0 0
-0.474856 2
0 0
0 0
-0.442007 1
0 0
-0.428249 1
-0.417425 1
0 0
0 0
-0.389647 1
-0.379649 2
0 0
0 0
-0.351231 1
0 0
0 0
0 0
0 0
0 0
0 0
0 0
0 0
-0.256548 1
-0.250715 1
0 0
0 0
0 0
0 0
0 0
0 0
0 0
0 0
0 0
0 0
0 0
0 0
-0.122866 1
-0.110026 1
0 0
-0.0944345 1
-0.0864011 4
-0.0736859 4
-0.0638146 6
-0.055525 2
-0.0457302 3
-0.0360325 13
-0.0259943 11
-0.0170075 14
-0.00722093 18
0.00125469 56
0.0118348 23
0.0222879 18
0.031113 15
0.040282 10
0.050922 8
0.060094 9
0.0704204 7
0.0784195 3
0.0862748 1
0.0982074 3
0.107223 2
0 0
0 0
0 0
0.152699 1
0 0
0 0
0.175348 1
0 0
0 0
0 0
0 0
0 0
0 0
0 0
0.256843 1
0 0
0 0
0 0
0 0
0 0
0 0
0 0
0 0
0 0
0 0
0 0
0 0
0 0
0 0
0 0
0.411438 1
0 0
0 0
0 0
0 0
0 0
0 0
0 0
0 0
0.501564 1
0 0
0 0
0 0
0 0
0 0
0 0
0 0
0 0
0 0
0 0
0 0
0 0
0 0
0 0
0.638483 1
