-0.477812 1
0 0
0 0
0 0
0 0
0 0
0 0
0 0
0 0
0 0
0 0
0 0
0 0
0 0
0 0
0 0
0 0
0 0
0 0
0 0
0 0
0 0
0 0
0 0
0 0
-0.368376 1
0 0
0 0
0 0
0 0
0 0
0 0
0 0
0 0
0 0
0 0
-0.320214 1
0 0
-0.309643 1
0 0
-0.300594 1
-0.296872 1
0 0
0 0
-0.283173 1
-0.281901 1
0 0
0 0
0 0
0 0
0 0
0 0
0 0
-0.245778 1
0 0
0 0
0 0
0 0
0 0
0 0
-0.213586 1
0 0
-0.208404 1
-0.202467 5
-0.197556 2
-0.191904 2
-0.187921 2
-0.185087 5
-0.178475 1
-0.177049 4
-0.172089 5
-0.168369 4
-0.162642 2
-0.160349 1
-0.154489 7
-0.149726 7
-0.145998 12
-0.141368 15
-0.136203 8
-0.132897 10
-0.12836 21
-0.124106 16
-0.118819 18
-0.115119 26
-0.110987 39
-0.106303 40
-0.102277 42
-0.0978762 88
-0.0935514 79
-0.0890543 94
-0.0848996 89
-0.0804969 100
-0.07609 116
-0.0719362 136
-0.0673821 119
-0.0631157 112
-0.0587608 120
-0.0545021 120
-0.0502755 110
-0.0458283 126
-0.0413786 127
-0.0369661 130
-0.0328685 99
-0.0283883 101
-0.0239346 136
-0.0196846 129
-0.0155162 148
-0.0111971 137
-0.00690874 147
-0.00233188 185
0.00151934 196
0.00631858 147
0.0106996 145
0.0148696 151
0.0191111 142
0.0237719 118
0.0278721 92
0.0322555 118
0.0368278 127
0.0413454 130
0.0454549 123
0.0497127 105
0.0540292 131
0.0584003 111
0.0625812 124
0.0671129 124
0.0714471 104
0.0757339 121
0.0798849 107
0.0845501 116
0.0885903 85
0.0930093 103
0.0974741 87
0.101514 50
0.106121 26
0.110727 28
0.114756 24
0.119335 25
0.123471 18
0.128017 10
0.132164 7
0.136185 6
0.141185 9
0.145859 9
0.149217 4
0.154441 5
0.158188 9
0.162315 4
0.166813 3
0.171727 3
0.175052 1
0.179873 7
0.183562 2
0.189996 3
0.192491 1
0.197383 2
0 0
0.206954 5
0 0
0.21657 2
0.220415 1
0.223402 3
0.226297 1
0.23157 2
0 0
0.24065 1
0.245599 1
0 0
0 0
0 0
0.261639 1
0.26821 1
0 0
0.275987 1
0.279584 1
0.284982 2
0.288242 1
0 0
0 0
0 0
0 0
0 0
0.316311 1
0 0
0 0
0 0
0 0
0 0
0 0
0.344328 1
0 0
0 0
0 0
0.364283 1
0 0
0 0
0 0
0.37817 1
0 0
0 0
0.390561 1
