-1.09106 1
0 0
0 0
0 0
0 0
0 0
0 0
0 0
0 0
0 0
0 0
0 0
0 0
0 0
0 0
0 0
0 0
0 0
0 0
0 0
0 0
0 0
0 0
0 0
0 0
0 0
0 0
0 0
0 0
0 0
0 0
0 0
0 0
0 0
0 0
0 0
0 0
0 0
0 0
0 0
0 0
0 0
0 0
-0.724397 1
0 0
0 0
0 0
-0.696944 2
0 0
0 0
0 0
0 0
0 0
0 0
0 0
0 0
0 0
0 0
0 0
0 0
0 0
0 0
0 0
0 0
-0.555022 1
0 0
0 0
-0.52734 1
0 0
0 0
0 0
0 0
0 0
0 0
0 0
0 0
0 0
0 0
-0.43576 2
0 0
-0.421625 1
0 0
0 0
0 0
0 0
0 0
0 0
0 0
0 0
0 0
-0.336968 1
0 0
0 0
-0.306102 1
0 0
0 0
-0.283725 3
0 0
0 0
0 0
-0.254455 1
0 0
0 0
0 0
0 0
-0.212571 1
0 0
0 0
0 0
0 0
0 0
0 0
-0.150387 1
-0.144879 1
-0.135751 1
-0.121208 1
0 0
0 0
-0.0968385 2
-0.0883092 1
-0.0848623 2
0 0
-0.0648432 1
-0.0603424 1
-0.0468887 2
-0.0406028 1
0 0
-0.0255745 1
-0.0143908 2
0 0
0 0
0 0
0.0184198 3
0 0
0 0
0.0459711 1
0.0508417 2
0.0592711 4
0.0686185 1
0.0764315 1
0.0873432 1
0.0921252 2
0.0999968 1
0.109754 2
0.114523 1
0.124689 1
0 0
0 0
0 0
0 0
0.167539 2
0 0
0 0
0 0
0 0
0.209325 1
0 0
0 0
0.238419 1
0 0
0 0
0 0
0 0
0 0
0.283089 2
0 0
0 0
0.313605 1
0 0
0 0
0.335175 1
0 0
0.355465 1
0 0
0 0
0 0
0.381945 1
0 0
0 0
0 0
0 0
0 0
0 0
0.446724 1
0 0
0 0
0 0
0 0
0 0
0 0
0 0
0 0
0 0
0 0
0 0
0 0
0.550399 1
0 0
0 0
0 0
0.581627 1
