-0.488528 1
0 0
-0.476006 1
0 0
0 0
0 0
-0.456993 1
0 0
0 0
0 0
0 0
0 0
0 0
0 0
0 0
0 0
0 0
0 0
0 0
0 0
0 0
0 0
0 0
0 0
0 0
0 0
0 0
0 0
-0.355631 1
0 0
0 0
0 0
0 0
0 0
0 0
0 0
0 0
-0.313341 1
0 0
-0.30446 1
0 0
-0.294192 1
-0.291129 1
0 0
0 0
0 0
-0.270915 1
0 0
0 0
-0.259816 1
0 0
0 0
-0.245342 2
-0.240484 1
-0.236055 1
-0.22989 1
0 0
0 0
0 0
0 0
0 0
-0.201972 2
-0.199961 1
0 0
-0.188787 2
-0.184398 3
0 0
-0.173464 1
0 0
0 0
-0.161464 5
-0.156195 2
-0.152924 3
-0.147643 3
-0.142566 4
-0.137599 1
-0.133164 7
-0.128894 8
-0.124213 6
-0.11972 9
-0.11572 3
-0.109646 9
-0.105623 15
-0.101441 22
-0.0963292 22
-0.0917533 36
-0.0873625 28
-0.0822963 41
-0.0776815 28
-0.0738142 38
-0.0687149 61
-0.0643978 47
-0.0598393 48
-0.0550517 51
-0.0502255 37
-0.0454321 41
-0.0409195 37
-0.03636 40
-0.0317942 33
-0.0271353 38
-0.0226627 52
-0.0179689 43
-0.0136328 57
-0.00847441 46
-0.00423547 37
0.000561377 66
0.00509152 55
0.00985453 41
0.0148979 52
0.0194161 39
0.0238153 34
0.0284552 32
0.0336334 40
0.0380934 53
0.0426252 51
0.0467307 46
0.0514696 43
0.0562447 37
0.0609643 46
0.065814 38
0.0703573 28
0.0747682 33
0.0797379 37
0.0840311 36
0.0888387 44
0.093434 27
0.0979185 36
0.10275 12
0.107165 18
0.111957 19
0.116729 12
0.120604 14
0.125419 10
0.130492 10
0.13465 4
0.13995 4
0.144166 13
0.14926 6
0.155029 5
0.157696 7
0.162554 10
0.167311 3
0.170707 2
0.176942 3
0.181639 2
0.186178 4
0 0
0.194064 2
0.200714 1
0 0
0.208976 2
0 0
0.218457 2
0.223249 4
0.228041 1
0.231874 1
0.236708 1
0.239748 1
0 0
0.250699 2
0.25749 1
0 0
0.264756 1
0 0
0 0
0 0
0 0
0 0
0 0
0 0
0 0
0 0
0 0
0 0
0 0
0.325994 1
0 0
0 0
0.338712 1
0 0
0 0
0.352691 1
0 0
0.362994 1
0.365775 1
0 0
0 0
0 0
0 0
0 0
0 0
0 0
0.405064 1
0 0
0 0
0 0
0 0
0 0
0 0
0 0
0.439026 1
