0.000000 0.000000 0.000000 0.000000 0.000000 
0.000000 0.000000 0.000000 0.000000 0.000000 
-17.333328 -0.010346 35.000000 29.000000 0.093671 
-21.666630 -0.006917 85.000000 50.000000 0.204608 
-27.666605 -0.005899 124.000000 69.000000 0.271334 
-28.999907 -0.003339 174.000000 87.000000 0.346456 
-31.333227 -0.002348 224.000000 106.000000 0.404383 
-36.666569 -0.004533 265.000000 125.000000 0.435139 
-44.999950 -0.006911 303.000000 146.000000 0.451968 
-49.666664 -0.006663 340.000000 163.000000 0.471428 
-52.666718 -0.004937 382.000000 180.000000 0.494865 
-58.333439 -0.003952 425.000000 200.000000 0.510439 
-62.333492 -0.004504 467.000000 218.000000 0.523674 
-67.333450 -0.004362 509.000000 237.000000 0.533137 
-83.666687 -0.012868 547.000000 266.000000 0.511520 
-93.333260 -0.009998 584.000000 288.000000 0.510386 
-99.333145 -0.009490 629.000000 309.000000 0.519494 
-105.999702 -0.007695 672.000000 330.000000 0.526133 
-108.666229 -0.003386 727.000000 351.000000 0.547564 
-111.666100 -0.002213 778.000000 371.000000 0.561406 
-108.665962 0.001206 832.000000 386.000000 0.587156 
-117.665863 -0.006098 871.000000 408.000000 0.571733 
-132.332504 -0.011968 905.000000 434.000000 0.543842 
-135.999420 -0.006892 954.000000 454.000000 0.555084 
-139.999680 -0.004969 1005.000000 475.000000 0.563984 
-139.666580 -0.002155 1051.000000 490.000000 0.579606 
-149.000107 -0.005604 1089.000000 512.000000 0.566424 
-158.666992 -0.007630 1132.000000 536.000000 0.556503 
-155.667236 -0.000501 1180.000000 549.000000 0.582162 
-160.667465 -0.002923 1225.000000 569.000000 0.580779 
-161.667679 -0.001030 1267.000000 584.000000 0.589858 
-166.001236 -0.002091 1311.000000 603.000000 0.589064 
-167.668167 -0.002157 1363.000000 622.000000 0.595837 
-172.001694 -0.003733 1401.000000 639.000000 0.591902 
-169.668625 -0.000448 1453.000000 654.000000 0.609024 
-171.668884 -0.002590 1504.000000 673.000000 0.609523 
-162.335892 0.005782 1571.000000 686.000000 0.645061 
-171.336075 -0.004597 1607.000000 707.000000 0.617467 
-172.336334 -0.003266 1658.000000 725.000000 0.618981 
-186.336548 -0.012501 1700.000000 753.000000 0.582367 
-202.670074 -0.014974 1738.000000 782.000000 0.549396 
-201.336990 -0.004332 1787.000000 797.000000 0.572091 
-205.003937 -0.003432 1842.000000 819.000000 0.579244 
-207.004181 -0.003623 1890.000000 837.000000 0.585545 
-209.004471 -0.003441 1947.000000 858.000000 0.592806 
-208.338058 -0.001213 1997.000000 874.000000 0.604553 
-207.671661 0.000478 2050.000000 891.000000 0.615310 
-209.671860 -0.001384 2089.000000 906.000000 0.613980 
-212.672104 -0.000723 2137.000000 925.000000 0.613243 
-207.339035 0.003346 2189.000000 937.000000 0.634353 
-216.005890 -0.004228 2226.000000 958.000000 0.611137 
-217.006088 -0.001154 2265.000000 972.000000 0.614587 
-217.339661 0.000644 2312.000000 988.000000 0.620739 
-216.339874 0.000895 2354.000000 1001.000000 0.627522 
-209.006790 0.005503 2403.000000 1010.000000 0.652054 
-211.673706 0.001743 2452.000000 1029.000000 0.644038 
-213.673996 -0.000680 2509.000000 1050.000000 0.638024 
-223.007568 -0.007082 2556.000000 1075.000000 0.611711 
-216.341141 0.002635 2603.000000 1084.000000 0.637862 
-217.008041 0.001933 2649.000000 1100.000000 0.638282 
-215.341644 0.001322 2702.000000 1116.000000 0.643541 
-212.008575 0.003269 2754.000000 1130.000000 0.653641 
-212.675461 0.001020 2797.000000 1145.000000 0.649913 
-211.009048 0.000980 2847.000000 1160.000000 0.652620 
-203.342651 0.005677 2900.000000 1170.000000 0.672999 
-206.009537 0.000216 2943.000000 1187.000000 0.659417 
-205.343170 -0.000438 3002.000000 1206.000000 0.656262 
-210.676727 -0.002584 3046.000000 1226.000000 0.638973 
-210.677002 -0.001921 3100.000000 1244.000000 0.638694 
-216.010590 -0.002528 3150.000000 1266.000000 0.626474 
-210.677582 0.002750 3214.000000 1282.000000 0.645868 
-204.344513 0.004169 3266.000000 1293.000000 0.663253 
-196.344833 0.006814 3329.000000 1306.000000 0.681790 
-189.678406 0.006757 3376.000000 1315.000000 0.694789 
-179.678680 0.009435 3430.000000 1323.000000 0.714718 
-176.345535 0.004784 3467.000000 1332.000000 0.713612 
-166.679184 0.008676 3529.000000 1343.000000 0.726937 
-154.012772 0.011102 3579.000000 1347.000000 0.751042 
-133.346497 0.016775 3656.000000 1352.000000 0.784203 
-130.680023 0.006917 3697.000000 1363.000000 0.768097 
-120.013321 0.008968 3744.000000 1368.000000 0.780384 
-114.013199 0.007063 3792.000000 1378.000000 0.773555 
-95.013008 0.014435 3867.000000 1384.000000 0.797554 
-93.679550 0.005827 3916.000000 1399.000000 0.770150 
-77.012718 0.011977 3981.000000 1404.000000 0.792330 
-61.679264 0.014576 4039.000000 1408.000000 0.810841 
-53.345997 0.010617 4091.000000 1417.000000 0.804354 
-44.346062 0.009890 4142.000000 1425.000000 0.802665 
-27.679443 0.014308 4213.000000 1432.000000 0.814530 
-17.346071 0.011651 4274.000000 1442.000000 0.808725 
-5.346076 0.011370 4334.000000 1450.000000 0.810547 
8.653926 0.013159 4388.000000 1454.000000 0.823810 
17.987263 0.010043 4452.000000 1466.000000 0.809372 
35.987286 0.015475 4521.000000 1471.000000 0.827107 
50.320538 0.015857 4585.000000 1478.000000 0.831740 
66.987160 0.016031 4647.000000 1482.000000 0.845087 
86.320663 0.018901 4714.000000 1485.000000 0.862367 
91.320824 0.011137 4777.000000 1501.000000 0.825725 
105.987656 0.013206 4842.000000 1508.000000 0.830141 
113.654488 0.009735 4907.000000 1522.000000 0.807992 
130.987930 0.014667 4986.000000 1531.000000 0.816392 
142.654297 0.013256 5045.000000 1539.000000 0.816728 
156.653961 0.013195 5111.000000 1547.000000 0.819625 
168.987015 0.012598 5166.000000 1553.000000 0.824648 
183.320023 0.013393 5230.000000 1560.000000 0.828493 
198.653061 0.014252 5288.000000 1564.000000 0.840607 
202.652817 0.007514 5336.000000 1576.000000 0.815348 
210.652527 0.007053 5393.000000 1587.000000 0.802706 
225.318802 0.012191 5470.000000 1598.000000 0.804209 
234.651871 0.010507 5522.000000 1606.000000 0.802875 
245.318314 0.011434 5566.000000 1610.000000 0.812689 
255.318008 0.010367 5626.000000 1620.000000 0.806336 
268.985229 0.012644 5685.000000 1626.000000 0.815290 
291.319397 0.019349 5767.000000 1631.000000 0.837945 
302.320007 0.013335 5827.000000 1640.000000 0.829137 
317.320618 0.014256 5887.000000 1645.000000 0.838352 
321.654510 0.008337 5942.000000 1659.000000 0.810075 
338.988403 0.013575 5997.000000 1660.000000 0.834839 
354.989075 0.015444 6063.000000 1666.000000 0.842806 
368.989685 0.015661 6123.000000 1672.000000 0.846008 
382.323547 0.014851 6175.000000 1676.000000 0.853129 
392.990814 0.012573 6234.000000 1685.000000 0.842933 
408.324707 0.013673 6289.000000 1688.000000 0.854606 
423.658752 0.014679 6359.000000 1696.000000 0.851569 
438.992676 0.015476 6417.000000 1700.000000 0.860386 
450.326630 0.012470 6478.000000 1709.000000 0.848147 
468.993988 0.016593 6546.000000 1713.000000 0.860151 
480.661224 0.013493 6602.000000 1720.000000 0.854349 
500.328552 0.017444 6667.000000 1722.000000 0.872417 
519.328552 0.018476 6733.000000 1725.000000 0.883960 
532.660767 0.015164 6788.000000 1730.000000 0.881097 
548.659485 0.016263 6851.000000 1735.000000 0.881988 
554.658447 0.010089 6902.000000 1746.000000 0.854691 
574.323730 0.015802 6970.000000 1749.000000 0.869430 
590.655823 0.015550 7031.000000 1753.000000 0.874830 
605.988098 0.015161 7083.000000 1755.000000 0.884764 
617.986694 0.012186 7152.000000 1766.000000 0.861899 
623.652161 0.007589 7211.000000 1780.000000 0.829239 
638.984314 0.012551 7269.000000 1784.000000 0.840597 
654.983215 0.013879 7323.000000 1786.000000 0.855907 
670.982056 0.015343 7380.000000 1789.000000 0.866309 
683.314270 0.012864 7435.000000 1795.000000 0.862500 
694.646301 0.012423 7499.000000 1805.000000 0.848415 
711.311768 0.015384 7558.000000 1808.000000 0.861538 
723.310669 0.013673 7612.000000 1814.000000 0.858759 
737.309387 0.013029 7675.000000 1821.000000 0.854909 
754.974670 0.015753 7743.000000 1826.000000 0.862068 
766.640198 0.012754 7799.000000 1833.000000 0.855500 
787.638916 0.018286 7862.000000 1833.000000 0.880419 
798.971130 0.013205 7917.000000 1840.000000 0.869647 
814.303345 0.014843 7972.000000 1843.000000 0.878319 
830.302185 0.015520 8029.000000 1846.000000 0.885141 
852.300659 0.019070 8104.000000 1849.000000 0.896416 
870.299316 0.018636 8170.000000 1853.000000 0.899178 
882.965088 0.014971 8214.000000 1855.000000 0.903036 
904.296936 0.019209 8287.000000 1858.000000 0.909376 
920.295654 0.016727 8350.000000 1863.000000 0.904286 
938.294373 0.017346 8413.000000 1866.000000 0.907902 
953.626465 0.017413 8474.000000 1871.000000 0.904265 
967.958557 0.016231 8535.000000 1877.000000 0.896417 
977.957397 0.011599 8592.000000 1886.000000 0.875087 
994.955933 0.014869 8664.000000 1893.000000 0.871515 
1006.621338 0.013476 8726.000000 1902.000000 0.858772 
1018.620178 0.012630 8783.000000 1909.000000 0.853065 
1040.288818 0.018009 8857.000000 1912.000000 0.871020 
1060.291504 0.019325 8923.000000 1914.000000 0.885625 
1080.627686 0.020051 8993.000000 1917.000000 0.895262 
1094.630249 0.016343 9056.000000 1924.000000 0.885186 
1104.299194 0.013114 9112.000000 1933.000000 0.868085 
1120.635132 0.015430 9176.000000 1938.000000 0.870870 
1139.304443 0.017953 9241.000000 1941.000000 0.882114 
1152.973511 0.015594 9300.000000 1947.000000 0.877289 
1165.975586 0.014364 9351.000000 1951.000000 0.878492 
1181.977783 0.014923 9405.000000 1953.000000 0.888389 
1193.979980 0.012015 9459.000000 1959.000000 0.879720 
1210.982422 0.015605 9519.000000 1962.000000 0.887462 
1225.318237 0.015158 9580.000000 1968.000000 0.882269 
1239.654175 0.015061 9644.000000 1975.000000 0.874920 
1256.323608 0.016007 9712.000000 1981.000000 0.874859 
1273.659546 0.017264 9776.000000 1985.000000 0.880676 
1291.328369 0.017359 9829.000000 1985.000000 0.898242 
1307.331055 0.017040 9895.000000 1991.000000 0.892217 
1324.000732 0.016171 9969.000000 1999.000000 0.881185 
1345.336792 0.020228 10036.000000 2000.000000 0.899222 
1359.005859 0.016366 10095.000000 2006.000000 0.891144 
1370.008179 0.013705 10152.000000 2014.000000 0.875873 
1382.010376 0.013400 10206.000000 2020.000000 0.870851 
1402.013184 0.017384 10275.000000 2023.000000 0.883259 
1418.348999 0.016348 10336.000000 2027.000000 0.886562 
1433.685059 0.015762 10403.000000 2034.000000 0.879119 
1454.020996 0.018419 10467.000000 2035.000000 0.896098 
1471.357056 0.017428 10534.000000 2040.000000 0.894775 
1490.359741 0.018492 10600.000000 2043.000000 0.901261 
1504.362061 0.015876 10657.000000 2048.000000 0.895903 
1521.364624 0.015721 10720.000000 2052.000000 0.896496 
1540.367065 0.017506 10780.000000 2053.000000 0.909555 
1557.036255 0.017254 10842.000000 2057.000000 0.908451 
1570.705322 0.015289 10901.000000 2063.000000 0.899020 
1589.374756 0.017334 10969.000000 2067.000000 0.900977 
1605.043945 0.016270 11031.000000 2072.000000 0.897333 
1624.380615 0.018571 11113.000000 2080.000000 0.888000 
1639.716309 0.016073 11171.000000 2084.000000 0.889409 
1657.052612 0.016859 11244.000000 2091.000000 0.883627 
1673.388062 0.015986 11296.000000 2092.000000 0.896031 
1693.057861 0.017696 11373.000000 2098.000000 0.892505 
1706.060425 0.014449 11436.000000 2106.000000 0.878407 
1726.396362 0.018359 11500.000000 2107.000000 0.895928 
1739.731689 0.015019 11549.000000 2110.000000 0.897607 
1755.067383 0.014332 11607.000000 2114.000000 0.897113 
1769.069702 0.013934 11664.000000 2119.000000 0.893189 
1781.072632 0.012589 11736.000000 2131.000000 0.866487 
1798.074951 0.015524 11793.000000 2133.000000 0.879573 
1817.411499 0.017235 11872.000000 2140.000000 0.876318 
1834.747559 0.017379 11939.000000 2145.000000 0.878958 
1851.416626 0.016324 11998.000000 2148.000000 0.885834 
1866.752441 0.015771 12059.000000 2153.000000 0.884664 
1887.422363 0.019125 12139.000000 2159.000000 0.886124 
1895.758423 0.012418 12206.000000 2173.000000 0.851717 
1915.760986 0.016481 12269.000000 2174.000000 0.873065 
1933.763794 0.018055 12338.000000 2179.000000 0.877895 
1943.766235 0.012529 12398.000000 2189.000000 0.857518 
1958.102295 0.014491 12465.000000 2197.000000 0.853501 
1975.105103 0.017021 12534.000000 2203.000000 0.858161 
1988.107056 0.014354 12582.000000 2206.000000 0.864924 
2008.109863 0.018776 12651.000000 2209.000000 0.879098 
2021.112061 0.015451 12705.000000 2214.000000 0.876803 
2038.781128 0.017000 12764.000000 2216.000000 0.889248 
2054.446289 0.015211 12823.000000 2220.000000 0.889714 
2069.108643 0.014830 12876.000000 2223.000000 0.893554 
2089.435791 0.018292 12952.000000 2228.000000 0.895062 
2102.765137 0.014799 13001.000000 2231.000000 0.896473 
2117.760498 0.015665 13058.000000 2235.000000 0.896760 
2136.088135 0.017968 13128.000000 2240.000000 0.896406 
2158.082275 0.019555 13200.000000 2242.000000 0.908127 
2173.076904 0.016903 13266.000000 2249.000000 0.896151 
2186.072998 0.014315 13314.000000 2252.000000 0.897298 
2200.400879 0.013585 13381.000000 2260.000000 0.882612 
2222.061768 0.017702 13452.000000 2262.000000 0.896297 
2240.723145 0.017663 13517.000000 2265.000000 0.902251 
2258.050781 0.017515 13587.000000 2271.000000 0.897017 
2270.046387 0.014348 13641.000000 2277.000000 0.887871 
2287.708252 0.017128 13700.000000 2279.000000 0.898307 
2304.703369 0.016974 13760.000000 2282.000000 0.902623 
2314.365479 0.013284 13816.000000 2291.000000 0.882069 
2328.360840 0.013316 13873.000000 2296.000000 0.879770 
2341.689453 0.014276 13931.000000 2302.000000 0.875223 
2356.350830 0.015815 13996.000000 2309.000000 0.870911 
2377.678711 0.019661 14063.000000 2310.000000 0.890788 
2390.340576 0.016132 14122.000000 2317.000000 0.880965 
2401.668701 0.013608 14186.000000 2327.000000 0.862379 
2417.996094 0.014798 14259.000000 2335.000000 0.857270 
2431.658203 0.013633 14315.000000 2340.000000 0.859112 
2442.987305 0.012626 14367.000000 2346.000000 0.855516 
2447.650146 0.007865 14414.000000 2357.000000 0.831347 
2459.312988 0.011088 14461.000000 2361.000000 0.838532 
2479.307861 0.016595 14524.000000 2362.000000 0.862090 
2488.303955 0.012475 14572.000000 2369.000000 0.852967 
2503.966064 0.014811 14628.000000 2372.000000 0.864226 
2511.628906 0.010589 14675.000000 2380.000000 0.850216 
2535.289062 0.017847 14755.000000 2383.000000 0.869734 
2551.950684 0.017400 14817.000000 2387.000000 0.875821 
2567.946045 0.016504 14874.000000 2390.000000 0.883687 
2582.274414 0.014293 14935.000000 2396.000000 0.878193 
2599.935791 0.016471 15000.000000 2400.000000 0.883970 
2613.931396 0.015344 15054.000000 2404.000000 0.885402 
2631.259277 0.016884 15121.000000 2409.000000 0.885880 
2648.587158 0.017150 15188.000000 2414.000000 0.886768 
2663.915527 0.016361 15249.000000 2419.000000 0.885595 
2682.909912 0.018357 15318.000000 2423.000000 0.891277 
2704.570801 0.021076 15389.000000 2425.000000 0.904519 
2719.898438 0.016763 15459.000000 2433.000000 0.889471 
2740.892822 0.019208 15528.000000 2435.000000 0.901478 
2755.554688 0.016836 15587.000000 2440.000000 0.897154 
2770.216309 0.016268 15649.000000 2446.000000 0.890482 
2781.879150 0.012326 15696.000000 2450.000000 0.887408 
2801.207031 0.015747 15763.000000 2453.000000 0.895407 
2822.534912 0.018614 15830.000000 2454.000000 0.910524 
2837.863037 0.016691 15894.000000 2460.000000 0.901564 
2856.190186 0.017250 15970.000000 2467.000000 0.893640 
2876.517822 0.019047 16040.000000 2470.000000 0.901668 
2889.846436 0.015283 16098.000000 2476.000000 0.892443 
2910.174072 0.018470 16168.000000 2479.000000 0.901070 
2926.835938 0.017286 16227.000000 2482.000000 0.904324 
2942.164307 0.016225 16288.000000 2487.000000 0.899734 
2957.159424 0.015805 16348.000000 2492.000000 0.896081 
2970.487549 0.014592 16412.000000 2500.000000 0.882126 
2987.482178 0.015838 16478.000000 2505.000000 0.883186 
3004.476807 0.016066 16544.000000 2510.000000 0.883580 
3023.138672 0.017045 16603.000000 2511.000000 0.898009 
3042.132812 0.018518 16675.000000 2516.000000 0.898092 
3059.794189 0.018369 16740.000000 2520.000000 0.900518 
3081.122314 0.021214 16804.000000 2520.000000 0.917920 
3097.783691 0.019216 16869.000000 2525.000000 0.912991 
3114.111816 0.016961 16933.000000 2530.000000 0.907197 
3129.772949 0.015841 17001.000000 2537.000000 0.895379 
3142.434570 0.013646 17063.000000 2545.000000 0.879929 
3157.762695 0.015303 17127.000000 2551.000000 0.877798 
3172.091553 0.015293 17182.000000 2555.000000 0.880208 
3187.753418 0.015073 17241.000000 2559.000000 0.883361 
3200.748779 0.013122 17298.000000 2565.000000 0.876722 
