0.000000 0.000000 0.000000 0.000000 0.000000 
0.000000 0.000000 0.000000 0.000000 0.000000 
-8.333331 -0.004038 41.000000 22.000000 0.111015 
-17.666666 -0.006903 79.000000 44.000000 0.191784 
-21.999971 -0.006054 123.000000 63.000000 0.270319 
-38.999973 -0.012262 165.000000 94.000000 0.314463 
-49.000019 -0.013073 201.000000 116.000000 0.348092 
-56.666744 -0.007791 247.000000 139.000000 0.394369 
-78.333389 -0.017738 272.000000 169.000000 0.381422 
-79.666595 -0.006923 322.000000 187.000000 0.433903 
-100.333145 -0.015423 368.000000 223.000000 0.433832 
-110.333023 -0.012338 416.000000 249.000000 0.455711 
-117.999557 -0.008317 468.000000 274.000000 0.480208 
-147.999603 -0.022334 501.000000 315.000000 0.438469 
-151.333115 -0.011799 536.000000 330.000000 0.461105 
-159.000000 -0.010729 579.000000 352.000000 0.476560 
-163.000259 -0.005601 630.000000 373.000000 0.503781 
-172.000488 -0.006954 675.000000 397.000000 0.510478 
-176.334030 -0.005658 716.000000 415.000000 0.523016 
-187.000946 -0.009256 765.000000 442.000000 0.522083 
-187.334503 -0.003389 809.000000 457.000000 0.544055 
-197.668030 -0.008302 847.000000 480.000000 0.534130 
-198.668259 -0.004395 892.000000 496.000000 0.551685 
-199.001801 -0.000985 933.000000 510.000000 0.567310 
-212.335358 -0.007828 977.000000 538.000000 0.548780 
-245.668884 -0.021519 1015.000000 584.000000 0.487577 
-255.669113 -0.013541 1060.000000 609.000000 0.495707 
-266.335388 -0.012310 1100.000000 633.000000 0.496756 
-262.001587 -0.002280 1146.000000 644.000000 0.534656 
-267.667847 -0.005612 1186.000000 663.000000 0.538161 
-265.000702 0.000599 1233.000000 676.000000 0.566288 
-270.666992 -0.004137 1270.000000 694.000000 0.562883 
-269.333191 0.000318 1316.000000 708.000000 0.582633 
-265.332672 0.002427 1367.000000 721.000000 0.605816 
-271.998810 -0.002523 1419.000000 745.000000 0.596772 
-277.665039 -0.004932 1462.000000 765.000000 0.589599 
-281.997986 -0.004355 1500.000000 782.000000 0.587008 
-279.997406 -0.001768 1557.000000 799.000000 0.603700 
-291.330292 -0.006864 1601.000000 825.000000 0.581944 
-285.329803 0.002591 1649.000000 835.000000 0.611710 
-296.662689 -0.006763 1693.000000 861.000000 0.586291 
-304.328979 -0.008485 1730.000000 881.000000 0.573859 
-299.328339 0.000042 1793.000000 897.000000 0.604065 
-312.994568 -0.010817 1836.000000 925.000000 0.571908 
-320.994110 -0.010017 1881.000000 948.000000 0.563755 
-314.993500 -0.000136 1941.000000 962.000000 0.597921 
-316.659668 -0.000824 1990.000000 980.000000 0.602837 
-311.325775 0.002902 2045.000000 993.000000 0.626318 
-318.658661 -0.003462 2089.000000 1015.000000 0.608955 
-313.324799 0.001208 2141.000000 1027.000000 0.630167 
-317.990906 -0.004880 2196.000000 1050.000000 0.617233 
-322.657104 -0.003236 2242.000000 1070.000000 0.610623 
-314.656586 0.003429 2293.000000 1079.000000 0.639035 
-304.989288 0.008068 2355.000000 1090.000000 0.668116 
-302.655396 0.004743 2410.000000 1106.000000 0.669481 
-303.654846 0.001035 2464.000000 1125.000000 0.660282 
-307.987762 -0.000214 2505.000000 1143.000000 0.646176 
-318.320587 -0.005718 2555.000000 1170.000000 0.617212 
-321.320160 -0.004650 2597.000000 1187.000000 0.612648 
-322.986298 -0.002958 2649.000000 1206.000000 0.614191 
-311.985748 0.006126 2703.000000 1213.000000 0.651626 
-305.318420 0.006142 2768.000000 1228.000000 0.667853 
-292.651154 0.011161 2827.000000 1235.000000 0.700134 
-280.317200 0.012265 2888.000000 1243.000000 0.724346 
-276.649933 0.007120 2947.000000 1259.000000 0.716722 
-269.649353 0.006536 3004.000000 1271.000000 0.720866 
-258.315399 0.009349 3065.000000 1280.000000 0.737125 
-243.648911 0.012863 3127.000000 1286.000000 0.761157 
-231.982529 0.013019 3183.000000 1293.000000 0.774688 
-222.982834 0.011059 3243.000000 1304.000000 0.773753 
-217.649796 0.007188 3301.000000 1318.000000 0.760133 
-207.316803 0.008795 3368.000000 1330.000000 0.762208 
-195.317108 0.011190 3428.000000 1338.000000 0.773532 
-182.317368 0.011580 3479.000000 1342.000000 0.790744 
-168.651062 0.012975 3550.000000 1352.000000 0.795354 
-152.984741 0.015086 3618.000000 1359.000000 0.808452 
-139.985077 0.013925 3684.000000 1368.000000 0.810077 
-126.985352 0.013562 3744.000000 1375.000000 0.816005 
-114.651871 0.012394 3802.000000 1382.000000 0.818991 
-100.318413 0.013453 3851.000000 1384.000000 0.835840 
-86.318237 0.013928 3920.000000 1393.000000 0.832490 
-72.984749 0.013531 3981.000000 1400.000000 0.834035 
-61.317959 0.012734 4046.000000 1410.000000 0.826452 
-46.318039 0.014003 4109.000000 1416.000000 0.833350 
-29.318100 0.015928 4184.000000 1424.000000 0.836747 
-12.984746 0.014832 4245.000000 1428.000000 0.847642 
-0.984751 0.013301 4302.000000 1435.000000 0.844454 
14.015244 0.014611 4359.000000 1439.000000 0.853451 
35.015251 0.018027 4437.000000 1444.000000 0.864047 
45.681854 0.013067 4487.000000 1450.000000 0.858271 
60.015110 0.013893 4548.000000 1456.000000 0.858704 
72.681870 0.012788 4613.000000 1465.000000 0.848264 
83.682022 0.011240 4673.000000 1474.000000 0.837877 
103.348862 0.016455 4741.000000 1477.000000 0.855753 
108.348991 0.008306 4792.000000 1489.000000 0.828460 
123.349144 0.011829 4852.000000 1494.000000 0.836590 
137.015625 0.012567 4908.000000 1499.000000 0.841895 
146.682037 0.010977 4958.000000 1506.000000 0.837493 
159.015015 0.011861 5028.000000 1517.000000 0.827276 
172.014725 0.012655 5085.000000 1523.000000 0.831486 
183.347824 0.011930 5131.000000 1527.000000 0.837812 
197.347504 0.012530 5194.000000 1534.000000 0.838109 
210.680527 0.013720 5255.000000 1541.000000 0.838876 
223.680191 0.014081 5321.000000 1550.000000 0.834591 
239.013184 0.014283 5388.000000 1557.000000 0.837414 
254.012817 0.015500 5460.000000 1566.000000 0.835889 
269.346619 0.014493 5515.000000 1569.000000 0.848463 
279.680420 0.012606 5561.000000 1574.000000 0.848865 
299.681152 0.017512 5633.000000 1578.000000 0.863609 
309.348328 0.012511 5683.000000 1585.000000 0.854670 
323.015625 0.013881 5745.000000 1592.000000 0.853360 
338.016205 0.014661 5802.000000 1596.000000 0.860770 
347.350098 0.009595 5857.000000 1605.000000 0.844722 
361.683990 0.013391 5912.000000 1609.000000 0.852976 
375.351196 0.013024 5965.000000 1613.000000 0.858302 
396.685303 0.017981 6041.000000 1617.000000 0.871646 
412.352570 0.017423 6100.000000 1621.000000 0.876566 
431.019989 0.017540 6174.000000 1627.000000 0.877258 
443.687256 0.014019 6233.000000 1634.000000 0.868577 
449.687683 0.008494 6275.000000 1642.000000 0.851246 
456.354828 0.008013 6322.000000 1651.000000 0.835836 
470.022064 0.011503 6378.000000 1656.000000 0.841520 
478.355957 0.009058 6433.000000 1666.000000 0.826566 
493.023132 0.012239 6483.000000 1668.000000 0.843101 
509.357086 0.015040 6544.000000 1672.000000 0.853606 
523.023071 0.014655 6600.000000 1677.000000 0.857167 
539.688354 0.015758 6668.000000 1683.000000 0.859784 
554.353821 0.014276 6727.000000 1688.000000 0.862023 
565.019409 0.011573 6780.000000 1695.000000 0.853869 
579.351318 0.013334 6850.000000 1704.000000 0.846928 
595.349976 0.014772 6916.000000 1710.000000 0.851010 
612.682007 0.016593 6980.000000 1714.000000 0.861347 
626.014099 0.015632 7041.000000 1721.000000 0.857476 
643.346130 0.016220 7105.000000 1725.000000 0.866448 
655.678528 0.013785 7151.000000 1728.000000 0.871681 
674.343933 0.017006 7213.000000 1730.000000 0.885403 
690.009338 0.016030 7275.000000 1735.000000 0.884248 
705.674683 0.015761 7340.000000 1741.000000 0.880146 
720.006897 0.014429 7395.000000 1745.000000 0.881475 
735.338989 0.014205 7456.000000 1750.000000 0.880624 
752.337708 0.015954 7519.000000 1754.000000 0.884189 
768.336487 0.015835 7579.000000 1758.000000 0.886941 
794.001526 0.021865 7659.000000 1759.000000 0.907000 
811.333679 0.018848 7717.000000 1761.000000 0.913328 
830.998901 0.019050 7788.000000 1765.000000 0.913563 
849.997559 0.020122 7854.000000 1768.000000 0.917363 
861.996521 0.015640 7905.000000 1773.000000 0.908282 
879.995239 0.017085 7968.000000 1776.000000 0.911615 
902.660400 0.020801 8042.000000 1778.000000 0.920687 
912.992432 0.014845 8106.000000 1789.000000 0.889909 
931.657654 0.016932 8177.000000 1794.000000 0.890478 
947.656433 0.016575 8237.000000 1798.000000 0.892634 
963.988647 0.017385 8292.000000 1800.000000 0.901285 
977.320618 0.014402 8359.000000 1809.000000 0.882175 
994.652771 0.015586 8417.000000 1811.000000 0.892711 
1002.318481 0.010424 8464.000000 1819.000000 0.873591 
1010.984009 0.009837 8520.000000 1829.000000 0.853984 
1031.317139 0.017019 8593.000000 1833.000000 0.867996 
1052.653198 0.019054 8660.000000 1834.000000 0.887811 
1069.322632 0.017713 8728.000000 1840.000000 0.884471 
1078.991455 0.012254 8781.000000 1848.000000 0.869514 
1096.994385 0.015092 8853.000000 1854.000000 0.870190 
1119.997437 0.020362 8928.000000 1856.000000 0.888606 
1138.333252 0.019083 8989.000000 1858.000000 0.899015 
1153.002075 0.016153 9042.000000 1861.000000 0.901149 
1172.338135 0.018109 9109.000000 1864.000000 0.906934 
1186.340820 0.015480 9175.000000 1872.000000 0.891441 
1207.676880 0.020183 9242.000000 1873.000000 0.907453 
1223.012695 0.017882 9303.000000 1878.000000 0.902516 
1230.347900 0.012693 9349.000000 1886.000000 0.882961 
1248.017090 0.016621 9411.000000 1889.000000 0.891127 
1262.352783 0.015040 9469.000000 1894.000000 0.887776 
1279.355469 0.016492 9535.000000 1899.000000 0.888164 
1294.024536 0.014519 9594.000000 1904.000000 0.885530 
1314.360962 0.018251 9670.000000 1909.000000 0.889400 
1324.030151 0.012615 9732.000000 1920.000000 0.863901 
1341.699219 0.015408 9791.000000 1922.000000 0.877654 
1361.035645 0.017618 9867.000000 1928.000000 0.879377 
1383.705444 0.019648 9944.000000 1931.000000 0.892042 
1402.374634 0.019506 10006.000000 1933.000000 0.902524 
1422.377319 0.019503 10072.000000 1935.000000 0.912192 
1439.713257 0.016393 10136.000000 1939.000000 0.909492 
1454.715454 0.015383 10190.000000 1942.000000 0.910167 
1468.050781 0.013721 10239.000000 1945.000000 0.909701 
1486.720093 0.018258 10304.000000 1948.000000 0.914055 
1501.388916 0.016565 10357.000000 1951.000000 0.914378 
1521.391846 0.018640 10429.000000 1955.000000 0.913853 
1545.061646 0.022032 10506.000000 1957.000000 0.924170 
1560.397095 0.017727 10558.000000 1959.000000 0.926458 
1574.399048 0.015511 10606.000000 1961.000000 0.927585 
1593.068237 0.018327 10668.000000 1963.000000 0.931984 
1610.404297 0.016526 10735.000000 1968.000000 0.922426 
1625.406738 0.014421 10795.000000 1973.000000 0.913623 
1633.741821 0.009508 10838.000000 1979.000000 0.897822 
1647.077393 0.011679 10893.000000 1984.000000 0.892554 
1664.080322 0.014124 10965.000000 1991.000000 0.885138 
1682.082886 0.016381 11028.000000 1994.000000 0.892443 
1699.418579 0.017546 11086.000000 1996.000000 0.901974 
1714.754761 0.014573 11156.000000 2004.000000 0.886602 
1735.091187 0.017904 11232.000000 2009.000000 0.889430 
1755.760376 0.019832 11294.000000 2009.000000 0.908223 
1771.096069 0.017549 11352.000000 2013.000000 0.906495 
1789.432251 0.018283 11422.000000 2018.000000 0.904244 
1799.434204 0.012951 11470.000000 2024.000000 0.891656 
1820.770508 0.017641 11543.000000 2027.000000 0.900494 
1834.106201 0.014942 11601.000000 2033.000000 0.891583 
1852.775269 0.016210 11660.000000 2034.000000 0.904826 
1871.444580 0.017481 11725.000000 2037.000000 0.909189 
1887.447266 0.016350 11791.000000 2043.000000 0.900945 
1907.116699 0.018071 11859.000000 2046.000000 0.906215 
1921.119019 0.014923 11916.000000 2051.000000 0.899147 
1934.454590 0.014547 11971.000000 2056.000000 0.894634 
1948.456665 0.014042 12022.000000 2059.000000 0.897439 
1962.458618 0.013472 12070.000000 2061.000000 0.902446 
1978.461060 0.015362 12130.000000 2065.000000 0.902239 
1992.129883 0.014174 12183.000000 2069.000000 0.899929 
2012.465942 0.017807 12250.000000 2071.000000 0.909280 
2032.802002 0.019365 12317.000000 2073.000000 0.917229 
2047.137695 0.015837 12375.000000 2078.000000 0.909779 
2064.466064 0.016671 12439.000000 2082.000000 0.908985 
2087.125977 0.020117 12522.000000 2087.000000 0.907861 
2101.788818 0.016552 12569.000000 2088.000000 0.915961 
2122.782471 0.018461 12647.000000 2093.000000 0.912531 
2140.444580 0.017849 12703.000000 2094.000000 0.921931 
2152.106689 0.013094 12759.000000 2101.000000 0.904258 
2166.768311 0.014114 12821.000000 2107.000000 0.896428 
2179.429932 0.012923 12883.000000 2115.000000 0.881955 
2194.424072 0.014390 12955.000000 2124.000000 0.870034 
2214.418701 0.018535 13021.000000 2126.000000 0.885616 
2226.747559 0.014781 13076.000000 2132.000000 0.878449 
2243.742920 0.016216 13133.000000 2134.000000 0.889230 
2257.405273 0.013983 13186.000000 2138.000000 0.888434 
2276.399902 0.016809 13252.000000 2141.000000 0.895908 
2298.394287 0.020139 13321.000000 2142.000000 0.911557 
2312.056396 0.015995 13377.000000 2147.000000 0.904261 
2330.717285 0.018225 13448.000000 2152.000000 0.903365 
2348.712158 0.018439 13511.000000 2155.000000 0.907618 
2363.707520 0.016229 13568.000000 2159.000000 0.905738 
2382.702148 0.018263 13634.000000 2162.000000 0.910343 
2399.364014 0.017427 13693.000000 2165.000000 0.912434 
2412.358887 0.013659 13756.000000 2173.000000 0.893518 
2426.354004 0.014051 13816.000000 2179.000000 0.886631 
2445.348389 0.016457 13885.000000 2183.000000 0.891029 
2462.676514 0.016762 13949.000000 2187.000000 0.893318 
2480.004150 0.017164 14019.000000 2193.000000 0.889654 
2491.332275 0.013499 14083.000000 2203.000000 0.868929 
2507.661133 0.015802 14138.000000 2205.000000 0.880840 
2524.322510 0.015371 14203.000000 2210.000000 0.880910 
2540.651367 0.015587 14258.000000 2212.000000 0.890630 
2559.645996 0.018043 14324.000000 2215.000000 0.898409 
2575.974365 0.017183 14385.000000 2219.000000 0.899331 
2591.968262 0.016228 14460.000000 2228.000000 0.883208 
2606.630371 0.015164 14516.000000 2232.000000 0.884397 
2621.625244 0.015936 14579.000000 2238.000000 0.880881 
2635.620850 0.014804 14633.000000 2242.000000 0.882709 
2638.282959 0.008002 14689.000000 2258.000000 0.838184 
2655.277832 0.014321 14752.000000 2262.000000 0.851530 
2675.605225 0.018051 14825.000000 2266.000000 0.864651 
2685.934082 0.012888 14880.000000 2274.000000 0.853421 
2699.928711 0.014326 14946.000000 2282.000000 0.849205 
2709.591553 0.010523 14993.000000 2288.000000 0.844142 
2724.919434 0.013626 15060.000000 2295.000000 0.845878 
2738.581055 0.012917 15122.000000 2302.000000 0.844464 
2751.909668 0.012411 15180.000000 2308.000000 0.845396 
2763.238281 0.011450 15238.000000 2316.000000 0.839221 
2776.900146 0.012189 15297.000000 2322.000000 0.841882 
2790.561768 0.012515 15359.000000 2329.000000 0.841277 
2807.557129 0.016007 15416.000000 2331.000000 0.858504 
2814.885986 0.010316 15471.000000 2342.000000 0.836959 
2828.881592 0.012842 15525.000000 2346.000000 0.845710 
2835.211670 0.009449 15565.000000 2353.000000 0.835875 
2855.539307 0.015347 15635.000000 2356.000000 0.854718 
2871.867676 0.016440 15696.000000 2360.000000 0.864028 
2895.861084 0.021215 15777.000000 2363.000000 0.881443 
2910.855469 0.017969 15846.000000 2371.000000 0.872368 
2929.849854 0.019520 15915.000000 2375.000000 0.880810 
2947.844727 0.017477 15978.000000 2378.000000 0.888864 
2962.840332 0.015605 16032.000000 2381.000000 0.892778 
2970.836426 0.011141 16080.000000 2389.000000 0.874575 
2984.165039 0.013144 16138.000000 2395.000000 0.870827 
2999.826660 0.014087 16200.000000 2400.000000 0.872145 
3014.488281 0.014766 16262.000000 2406.000000 0.869843 
3034.150146 0.017765 16321.000000 2406.000000 0.890986 
3048.811768 0.016520 16383.000000 2412.000000 0.885580 
3060.474121 0.014919 16436.000000 2418.000000 0.878803 
3076.801270 0.016259 16512.000000 2427.000000 0.869279 
3089.463867 0.013854 16562.000000 2431.000000 0.870875 
3101.126221 0.011297 16615.000000 2437.000000 0.864564 
3117.121338 0.014064 16675.000000 2441.000000 0.870771 
3128.117676 0.012791 16720.000000 2445.000000 0.870921 
3142.780273 0.013776 16770.000000 2447.000000 0.880777 
3164.107910 0.017884 16840.000000 2449.000000 0.895137 
3183.768555 0.019370 16914.000000 2454.000000 0.895873 
3196.430664 0.014983 16970.000000 2460.000000 0.887501 
3208.426270 0.013743 17024.000000 2466.000000 0.880102 
3226.088623 0.015991 17077.000000 2466.000000 0.897752 
3238.751221 0.013065 17127.000000 2470.000000 0.894706 
3259.078857 0.018118 17197.000000 2473.000000 0.902683 
3270.074463 0.013821 17251.000000 2480.000000 0.888633 
3289.402588 0.017380 17315.000000 2482.000000 0.900070 
