0.000000 0.000000 0.000000 0.000000 0.000000 
0.000000 0.000000 0.000000 0.000000 0.000000 
0.333333 -0.000409 52.000000 17.000000 0.138035 
-3.000000 -0.002185 105.000000 38.000000 0.245968 
-8.333332 -0.005501 143.000000 56.000000 0.302358 
-6.333329 -0.000367 191.000000 70.000000 0.374194 
-19.666656 -0.007588 226.000000 95.000000 0.392238 
-29.333298 -0.009207 266.000000 118.000000 0.416629 
-44.333332 -0.013355 296.000000 143.000000 0.416549 
-49.000046 -0.007793 333.000000 160.000000 0.443088 
-44.333443 -0.000488 383.000000 172.000000 0.494024 
-46.333508 -0.002414 434.000000 191.000000 0.520055 
-56.333565 -0.006608 479.000000 216.000000 0.520262 
-79.666893 -0.018877 511.000000 250.000000 0.480770 
-88.666809 -0.012760 544.000000 270.000000 0.484014 
-94.000038 -0.008386 585.000000 289.000000 0.498869 
-96.666603 -0.004943 625.000000 305.000000 0.517167 
-101.666512 -0.004874 661.000000 322.000000 0.524431 
-123.999748 -0.016054 699.000000 357.000000 0.490114 
-144.333221 -0.018207 737.000000 390.000000 0.470786 
-151.666733 -0.010331 772.000000 409.000000 0.481629 
-167.666901 -0.013266 805.000000 436.000000 0.470256 
-177.000412 -0.009757 840.000000 457.000000 0.476570 
-190.333969 -0.012093 884.000000 485.000000 0.478483 
-189.334244 -0.002755 938.000000 502.000000 0.518605 
-199.667770 -0.006907 976.000000 525.000000 0.515021 
-209.001358 -0.009526 1026.000000 551.000000 0.518578 
-217.668182 -0.008197 1057.000000 570.000000 0.514618 
-220.001724 -0.005601 1098.000000 586.000000 0.530011 
-233.001999 -0.010513 1152.000000 617.000000 0.524418 
-240.668884 -0.008986 1195.000000 639.000000 0.527419 
-243.002411 -0.004794 1233.000000 654.000000 0.540268 
-242.002625 -0.001293 1275.000000 667.000000 0.560679 
-241.336197 0.000463 1322.000000 682.000000 0.578907 
-244.336472 0.000049 1376.000000 703.000000 0.587606 
-249.336716 -0.002838 1424.000000 724.000000 0.585674 
-245.670334 0.002486 1480.000000 739.000000 0.610099 
-248.003922 -0.001230 1530.000000 758.000000 0.609733 
-249.004166 -0.001458 1578.000000 775.000000 0.613233 
-256.337433 -0.003787 1628.000000 799.000000 0.600952 
-257.670471 -0.002209 1675.000000 816.000000 0.605433 
-259.669891 -0.002473 1732.000000 837.000000 0.608226 
-252.003159 0.003281 1791.000000 849.000000 0.636889 
-246.336700 0.004514 1832.000000 857.000000 0.654259 
-246.336960 -0.000474 1883.000000 874.000000 0.649659 
-259.003754 -0.010264 1920.000000 899.000000 0.609937 
-261.669922 -0.005534 1969.000000 918.000000 0.609179 
-256.669373 0.001753 2026.000000 932.000000 0.631670 
-248.669632 0.005780 2089.000000 945.000000 0.656955 
-249.669922 0.001890 2146.000000 965.000000 0.651445 
-247.670212 0.002375 2203.000000 982.000000 0.655432 
-242.003784 0.004569 2250.000000 992.000000 0.669997 
-242.003998 0.002315 2292.000000 1006.000000 0.665759 
-239.004272 0.003018 2346.000000 1021.000000 0.669578 
-233.004578 0.003488 2406.000000 1035.000000 0.678864 
-227.671478 0.003519 2452.000000 1045.000000 0.687261 
-223.671707 0.003613 2497.000000 1056.000000 0.691004 
-230.671921 -0.002976 2539.000000 1077.000000 0.660402 
-241.338837 -0.008946 2588.000000 1104.000000 0.625298 
-239.672455 -0.002647 2644.000000 1121.000000 0.633484 
-243.006027 -0.001993 2691.000000 1140.000000 0.626319 
-240.006302 0.000684 2745.000000 1155.000000 0.637643 
-244.339859 -0.002863 2789.000000 1174.000000 0.625696 
-239.006836 0.001039 2850.000000 1189.000000 0.642994 
-235.007080 0.002489 2898.000000 1201.000000 0.653964 
-219.340744 0.010664 2963.000000 1207.000000 0.696282 
-207.674377 0.011699 3022.000000 1215.000000 0.720156 
-198.674683 0.010735 3082.000000 1226.000000 0.730286 
-184.008377 0.012625 3153.000000 1235.000000 0.751404 
-166.342026 0.016623 3215.000000 1238.000000 0.783215 
-155.008972 0.013442 3270.000000 1245.000000 0.790819 
-140.342651 0.014385 3338.000000 1253.000000 0.801019 
-132.009613 0.011346 3396.000000 1264.000000 0.793233 
-125.343079 0.009065 3440.000000 1272.000000 0.789400 
-113.009575 0.011162 3507.000000 1282.000000 0.791785 
-101.009453 0.011847 3555.000000 1286.000000 0.805280 
-91.009315 0.010356 3609.000000 1294.000000 0.804105 
-81.342499 0.009642 3668.000000 1304.000000 0.798583 
-68.675697 0.011765 3721.000000 1309.000000 0.810055 
-48.675732 0.016158 3790.000000 1312.000000 0.833770 
-37.009136 0.013498 3846.000000 1319.000000 0.833050 
-29.675837 0.009842 3892.000000 1327.000000 0.823605 
-18.342466 0.011199 3950.000000 1335.000000 0.821989 
0.990865 0.016732 4008.000000 1335.000000 0.850458 
12.990864 0.015199 4068.000000 1343.000000 0.845459 
24.324213 0.013109 4117.000000 1348.000000 0.847187 
33.990883 0.010196 4158.000000 1352.000000 0.848482 
46.990810 0.011808 4215.000000 1358.000000 0.848983 
58.657406 0.010118 4271.000000 1365.000000 0.843917 
69.324097 0.010273 4327.000000 1373.000000 0.836971 
78.990906 0.009602 4383.000000 1382.000000 0.827275 
91.324409 0.012020 4450.000000 1392.000000 0.822648 
103.991219 0.012089 4506.000000 1398.000000 0.827219 
121.658043 0.015087 4568.000000 1401.000000 0.844932 
131.658035 0.011801 4631.000000 1412.000000 0.830184 
146.991074 0.014963 4689.000000 1416.000000 0.842378 
164.657394 0.016801 4757.000000 1421.000000 0.852823 
174.323746 0.012796 4819.000000 1432.000000 0.836259 
187.990067 0.012190 4887.000000 1441.000000 0.831319 
199.656464 0.011114 4940.000000 1447.000000 0.832364 
209.989563 0.011326 4986.000000 1452.000000 0.834888 
222.322632 0.013223 5038.000000 1457.000000 0.839824 
237.988953 0.015644 5106.000000 1464.000000 0.843510 
253.321976 0.015703 5167.000000 1469.000000 0.850777 
268.322357 0.015651 5236.000000 1477.000000 0.848550 
279.989716 0.013653 5304.000000 1488.000000 0.835257 
294.656982 0.014548 5363.000000 1493.000000 0.843440 
305.657623 0.011891 5426.000000 1503.000000 0.831746 
323.991699 0.015804 5499.000000 1509.000000 0.842170 
337.325562 0.013614 5551.000000 1513.000000 0.848758 
350.326294 0.013832 5623.000000 1524.000000 0.836945 
357.660156 0.009963 5675.000000 1534.000000 0.822341 
370.994110 0.011809 5736.000000 1541.000000 0.825383 
375.994568 0.007148 5781.000000 1551.000000 0.808952 
387.328430 0.009668 5833.000000 1557.000000 0.813397 
400.328979 0.011425 5887.000000 1562.000000 0.822312 
414.329590 0.013152 5947.000000 1568.000000 0.828871 
428.663483 0.013675 6002.000000 1572.000000 0.839037 
446.664154 0.016041 6068.000000 1576.000000 0.851640 
462.664764 0.015744 6128.000000 1580.000000 0.860100 
476.665436 0.014461 6194.000000 1588.000000 0.853535 
485.666016 0.008941 6251.000000 1598.000000 0.835736 
498.999969 0.010936 6312.000000 1605.000000 0.835563 
513.666992 0.013612 6374.000000 1611.000000 0.840662 
526.332520 0.013415 6430.000000 1617.000000 0.842587 
540.997742 0.015105 6501.000000 1626.000000 0.839576 
558.996460 0.016936 6564.000000 1629.000000 0.855326 
573.328552 0.015805 6625.000000 1635.000000 0.856915 
583.327454 0.011893 6679.000000 1643.000000 0.846652 
598.993103 0.014410 6729.000000 1644.000000 0.864281 
609.992065 0.012115 6780.000000 1650.000000 0.859798 
624.324158 0.013455 6841.000000 1656.000000 0.859387 
643.322815 0.017228 6907.000000 1659.000000 0.872878 
647.321594 0.009723 6967.000000 1675.000000 0.832400 
665.320374 0.014887 7027.000000 1677.000000 0.852453 
681.319092 0.015471 7090.000000 1682.000000 0.858671 
699.984375 0.018104 7158.000000 1686.000000 0.869150 
717.649719 0.017541 7223.000000 1690.000000 0.876021 
732.981934 0.015793 7278.000000 1693.000000 0.882405 
752.314026 0.017380 7339.000000 1694.000000 0.897793 
768.979309 0.016393 7407.000000 1700.000000 0.892291 
785.644836 0.016700 7463.000000 1702.000000 0.900867 
800.976868 0.016204 7527.000000 1708.000000 0.893367 
819.975464 0.017797 7596.000000 1712.000000 0.896197 
838.974060 0.018094 7665.000000 1716.000000 0.899067 
849.306335 0.013262 7717.000000 1723.000000 0.884768 
868.971375 0.017661 7797.000000 1730.000000 0.881492 
879.636963 0.012643 7850.000000 1737.000000 0.869720 
897.302368 0.015691 7912.000000 1740.000000 0.879718 
912.634521 0.014913 7970.000000 1744.000000 0.882345 
923.966614 0.012478 8031.000000 1753.000000 0.865636 
944.298645 0.017438 8095.000000 1754.000000 0.885354 
959.630554 0.016811 8165.000000 1762.000000 0.876587 
974.296082 0.016238 8221.000000 1766.000000 0.879402 
993.627991 0.018628 8291.000000 1770.000000 0.886767 
1011.959778 0.018090 8367.000000 1777.000000 0.881470 
1027.625854 0.017080 8435.000000 1784.000000 0.876412 
1041.628296 0.016684 8495.000000 1790.000000 0.874122 
1054.630493 0.014141 8549.000000 1795.000000 0.872331 
1067.966064 0.013101 8604.000000 1800.000000 0.871104 
1082.635498 0.013669 8672.000000 1808.000000 0.862712 
1096.971313 0.014181 8733.000000 1814.000000 0.862174 
1106.640259 0.011653 8789.000000 1823.000000 0.848352 
1120.976196 0.014317 8853.000000 1830.000000 0.848465 
1138.311890 0.016217 8911.000000 1832.000000 0.864921 
1155.314453 0.016742 8974.000000 1836.000000 0.871922 
1173.983765 0.017552 9039.000000 1839.000000 0.883056 
1185.652832 0.014386 9098.000000 1847.000000 0.870494 
1202.655273 0.015866 9158.000000 1850.000000 0.879996 
1219.657959 0.016492 9224.000000 1855.000000 0.881157 
1234.660278 0.016186 9281.000000 1859.000000 0.883909 
1247.995850 0.014174 9336.000000 1864.000000 0.881298 
1264.331665 0.015089 9397.000000 1868.000000 0.884459 
1281.667480 0.016492 9458.000000 1871.000000 0.891175 
1296.003174 0.015579 9516.000000 1876.000000 0.888302 
1313.672363 0.017569 9578.000000 1879.000000 0.895449 
1331.008423 0.017897 9645.000000 1884.000000 0.894678 
1344.343750 0.015630 9694.000000 1887.000000 0.896922 
1363.013184 0.016839 9762.000000 1891.000000 0.898676 
1378.682007 0.016984 9815.000000 1893.000000 0.905334 
1398.351318 0.018282 9880.000000 1895.000000 0.913520 
1413.020508 0.016307 9942.000000 1901.000000 0.903692 
1425.689819 0.013554 10007.000000 1910.000000 0.883668 
1443.359375 0.016274 10078.000000 1916.000000 0.882214 
1456.694946 0.014700 10133.000000 1921.000000 0.880113 
1472.363892 0.015709 10189.000000 1924.000000 0.886810 
1490.033325 0.016519 10257.000000 1929.000000 0.887183 
1506.368896 0.017046 10312.000000 1931.000000 0.895909 
1520.704712 0.014509 10373.000000 1937.000000 0.887779 
1534.707153 0.013958 10433.000000 1943.000000 0.881682 
1549.709473 0.014579 10490.000000 1947.000000 0.883770 
1565.045288 0.015046 10551.000000 1952.000000 0.883273 
1575.047363 0.010203 10602.000000 1959.000000 0.869540 
1591.382935 0.013800 10657.000000 1961.000000 0.880818 
1609.719238 0.016937 10730.000000 1967.000000 0.880701 
1631.722412 0.020270 10808.000000 1971.000000 0.888916 
1639.391235 0.012170 10861.000000 1981.000000 0.864318 
1661.727661 0.018293 10937.000000 1984.000000 0.879835 
1680.397339 0.017981 11011.000000 1990.000000 0.879625 
1695.732910 0.016224 11066.000000 1993.000000 0.885857 
1720.736084 0.022358 11144.000000 1994.000000 0.905967 
1733.405151 0.015728 11203.000000 2001.000000 0.891886 
1741.740479 0.011123 11252.000000 2009.000000 0.873803 
1755.742920 0.012840 11312.000000 2015.000000 0.870601 
1777.746216 0.018399 11393.000000 2020.000000 0.878851 
1786.748657 0.012815 11453.000000 2031.000000 0.855599 
1799.750977 0.013382 11510.000000 2037.000000 0.854976 
1817.086914 0.016059 11574.000000 2041.000000 0.864615 
1828.422974 0.012586 11641.000000 2052.000000 0.845984 
1847.092041 0.016701 11700.000000 2053.000000 0.867319 
1862.761230 0.015973 11762.000000 2058.000000 0.870020 
1880.763794 0.018031 11825.000000 2061.000000 0.881044 
1891.765503 0.013145 11867.000000 2064.000000 0.882436 
1908.102051 0.016437 11946.000000 2074.000000 0.870114 
1919.104004 0.013125 11994.000000 2079.000000 0.867605 
1937.106567 0.016400 12057.000000 2082.000000 0.879001 
1947.775757 0.012206 12119.000000 2092.000000 0.859330 
1962.444824 0.014256 12178.000000 2097.000000 0.862517 
1980.114380 0.016398 12249.000000 2103.000000 0.865484 
1993.783325 0.014296 12305.000000 2108.000000 0.865906 
2009.118652 0.014573 12354.000000 2109.000000 0.879976 
2030.454590 0.018716 12418.000000 2109.000000 0.900972 
2044.457153 0.015914 12481.000000 2116.000000 0.889281 
2059.786621 0.015502 12545.000000 2122.000000 0.884268 
2070.782471 0.012710 12596.000000 2128.000000 0.876085 
2082.444580 0.012473 12652.000000 2135.000000 0.867928 
2096.772705 0.013296 12716.000000 2142.000000 0.863863 
2115.101074 0.016433 12777.000000 2144.000000 0.878809 
2135.094727 0.019056 12855.000000 2150.000000 0.881354 
2145.756348 0.013162 12917.000000 2160.000000 0.860775 
2161.418213 0.014306 12976.000000 2164.000000 0.867521 
2179.080078 0.016326 13035.000000 2166.000000 0.881460 
2195.074707 0.016480 13101.000000 2172.000000 0.879064 
2207.736816 0.013597 13157.000000 2178.000000 0.872534 
2223.398193 0.014697 13222.000000 2184.000000 0.870815 
2241.392090 0.016134 13297.000000 2191.000000 0.868907 
2252.720703 0.012940 13355.000000 2199.000000 0.858114 
2262.716553 0.011791 13406.000000 2206.000000 0.851150 
2281.710693 0.017111 13478.000000 2211.000000 0.861385 
2299.704834 0.017293 13550.000000 2217.000000 0.864554 
2318.699219 0.018665 13619.000000 2221.000000 0.874720 
2336.693848 0.018149 13685.000000 2225.000000 0.881258 
2352.022217 0.016314 13746.000000 2230.000000 0.881346 
2363.018555 0.012769 13791.000000 2234.000000 0.879421 
2376.679443 0.012550 13862.000000 2244.000000 0.862012 
2391.340820 0.014743 13927.000000 2251.000000 0.859775 
2408.334961 0.017135 13999.000000 2258.000000 0.860735 
2422.329590 0.015713 14065.000000 2266.000000 0.855448 
2439.324707 0.016380 14125.000000 2269.000000 0.867438 
2454.320312 0.014993 14179.000000 2272.000000 0.875134 
2472.981445 0.016462 14247.000000 2276.000000 0.881631 
2486.976807 0.015096 14304.000000 2281.000000 0.880709 
2500.305908 0.012585 14356.000000 2285.000000 0.880563 
2515.634277 0.015156 14417.000000 2290.000000 0.881026 
2538.627930 0.020780 14495.000000 2293.000000 0.894107 
2554.290039 0.017369 14551.000000 2296.000000 0.897908 
2571.618164 0.017238 14615.000000 2300.000000 0.899268 
2583.946533 0.014247 14676.000000 2308.000000 0.883279 
2597.275391 0.013645 14731.000000 2313.000000 0.880707 
2614.269531 0.014567 14803.000000 2320.000000 0.874805 
2621.931885 0.009800 14856.000000 2330.000000 0.852560 
2634.259766 0.011737 14923.000000 2340.000000 0.841213 
2648.921875 0.014443 14979.000000 2344.000000 0.851627 
2665.917236 0.015554 15036.000000 2346.000000 0.867035 
2686.577881 0.018198 15110.000000 2350.000000 0.877383 
2697.906982 0.014213 15162.000000 2356.000000 0.871078 
2707.569580 0.010498 15212.000000 2363.000000 0.859914 
2723.564453 0.013805 15275.000000 2368.000000 0.864081 
2740.225830 0.014815 15340.000000 2373.000000 0.867572 
2754.554443 0.014955 15398.000000 2378.000000 0.869095 
2769.550049 0.014640 15452.000000 2381.000000 0.876133 
2779.545898 0.011355 15503.000000 2388.000000 0.864975 
2801.206543 0.018552 15577.000000 2391.000000 0.880302 
2816.535156 0.016826 15635.000000 2395.000000 0.883717 
2834.862549 0.018786 15708.000000 2401.000000 0.883674 
2849.857666 0.015931 15768.000000 2406.000000 0.882827 
2868.184570 0.016903 15847.000000 2414.000000 0.875721 
2888.844971 0.019419 15924.000000 2419.000000 0.881004 
2909.506592 0.020507 15986.000000 2419.000000 0.901228 
2928.834229 0.019316 16056.000000 2423.000000 0.903539 
2940.497070 0.015058 16103.000000 2427.000000 0.899498 
2957.158691 0.015963 16165.000000 2431.000000 0.899804 
2973.486084 0.014912 16238.000000 2439.000000 0.884988 
2981.481934 0.011113 16289.000000 2448.000000 0.864906 
2996.810303 0.013262 16350.000000 2453.000000 0.866710 
3009.805664 0.013410 16407.000000 2459.000000 0.864152 
3026.133789 0.015689 16471.000000 2464.000000 0.868379 
3040.462646 0.014967 16526.000000 2468.000000 0.873210 
3051.791748 0.012012 16578.000000 2474.000000 0.866621 
3063.454346 0.011829 16628.000000 2479.000000 0.864896 
3084.781738 0.016937 16701.000000 2482.000000 0.878939 
3099.443604 0.015172 16760.000000 2487.000000 0.878109 
3116.104980 0.016804 16825.000000 2492.000000 0.880341 
3136.765869 0.020004 16896.000000 2495.000000 0.891777 
3155.094238 0.019394 16957.000000 2497.000000 0.901405 
3166.089844 0.014871 17011.000000 2504.000000 0.887915 
3182.418457 0.015751 17069.000000 2507.000000 0.893247 
3198.414307 0.015858 17120.000000 2508.000000 0.903916 
3213.408936 0.015547 17186.000000 2515.000000 0.892889 
3229.070801 0.014602 17245.000000 2519.000000 0.893249 
