0.000000 0.000000 0.000000 0.000000 0.000000 
0.000000 0.000000 0.000000 0.000000 0.000000 
-1.999999 -0.001802 36.000000 14.000000 0.098715 
-8.999994 -0.006551 90.000000 39.000000 0.212978 
-11.000009 -0.003497 141.000000 58.000000 0.302163 
-28.666670 -0.012732 181.000000 89.000000 0.333613 
-36.000000 -0.009858 213.000000 107.000000 0.364213 
-52.333382 -0.014468 251.000000 136.000000 0.380834 
-47.333454 -0.002983 308.000000 150.000000 0.450703 
-70.333466 -0.016627 332.000000 181.000000 0.423187 
-76.333344 -0.010275 380.000000 203.000000 0.455055 
-83.666557 -0.008474 427.000000 226.000000 0.476593 
-84.666443 -0.002905 472.000000 242.000000 0.506654 
-96.666306 -0.009747 526.000000 272.000000 0.509152 
-107.999504 -0.010811 579.000000 301.000000 0.512818 
-111.332703 -0.005131 632.000000 322.000000 0.534129 
-115.999268 -0.005650 672.000000 340.000000 0.540433 
-116.999146 -0.003328 720.000000 357.000000 0.558073 
-120.999016 -0.002847 771.000000 378.000000 0.566514 
-132.999008 -0.008751 819.000000 406.000000 0.551448 
-150.665848 -0.015305 853.000000 435.000000 0.520994 
-153.666138 -0.009742 910.000000 457.000000 0.539490 
-153.666397 -0.004608 961.000000 474.000000 0.560232 
-161.999939 -0.006888 1002.000000 496.000000 0.553532 
-165.333481 -0.004994 1043.000000 513.000000 0.560067 
-185.000320 -0.012624 1077.000000 544.000000 0.524082 
-193.667191 -0.010473 1117.000000 566.000000 0.523159 
-203.000748 -0.010267 1161.000000 590.000000 0.523035 
-204.000992 -0.004715 1209.000000 607.000000 0.544380 
-206.334534 -0.003714 1250.000000 623.000000 0.555314 
-204.334793 0.001289 1301.000000 638.000000 0.580317 
-201.668396 0.001852 1354.000000 653.000000 0.600658 
-204.335266 -0.000684 1394.000000 669.000000 0.600783 
-203.335495 -0.000150 1439.000000 683.000000 0.610958 
-207.669113 -0.002520 1495.000000 706.000000 0.606859 
-209.335999 -0.003383 1538.000000 722.000000 0.607437 
-226.336197 -0.012356 1577.000000 752.000000 0.567305 
-222.003098 -0.001201 1623.000000 763.000000 0.594076 
-230.003281 -0.005471 1659.000000 783.000000 0.579896 
-228.670227 -0.001242 1714.000000 800.000000 0.597385 
-223.670486 0.001520 1765.000000 812.000000 0.619341 
-226.004089 -0.001567 1818.000000 832.000000 0.617428 
-232.670975 -0.005142 1861.000000 853.000000 0.603321 
-239.004501 -0.006386 1899.000000 872.000000 0.591708 
-250.338074 -0.008834 1946.000000 899.000000 0.573135 
-262.671234 -0.010144 1987.000000 925.000000 0.554462 
-261.337372 -0.003285 2039.000000 941.000000 0.576370 
-277.336914 -0.010141 2084.000000 972.000000 0.549585 
-279.336578 -0.005365 2117.000000 985.000000 0.557409 
-275.002716 0.001651 2169.000000 998.000000 0.587849 
-276.668945 -0.000686 2212.000000 1014.000000 0.593108 
-286.668518 -0.007427 2254.000000 1038.000000 0.574833 
-279.334686 0.002517 2303.000000 1047.000000 0.609068 
-280.334167 -0.000220 2354.000000 1065.000000 0.612569 
-272.000275 0.005413 2409.000000 1075.000000 0.642459 
-269.666443 0.003118 2458.000000 1089.000000 0.649075 
-256.999115 0.008917 2523.000000 1098.000000 0.683332 
-241.666077 0.012493 2587.000000 1104.000000 0.718404 
-247.666306 0.000650 2632.000000 1125.000000 0.684790 
-248.666534 0.000961 2677.000000 1141.000000 0.675395 
-236.000137 0.007950 2730.000000 1146.000000 0.706706 
-228.000412 0.007727 2784.000000 1156.000000 0.717188 
-215.000732 0.011181 2847.000000 1164.000000 0.738856 
-205.000946 0.010131 2889.000000 1168.000000 0.755861 
-195.001297 0.009506 2958.000000 1181.000000 0.756488 
-189.001541 0.007268 3006.000000 1191.000000 0.754232 
-178.668503 0.010095 3064.000000 1200.000000 0.763207 
-170.335464 0.009071 3122.000000 1211.000000 0.762839 
-161.335754 0.008563 3179.000000 1221.000000 0.764320 
-147.336105 0.012411 3248.000000 1230.000000 0.777422 
-140.003052 0.006710 3303.000000 1241.000000 0.769207 
-130.670029 0.008214 3364.000000 1252.000000 0.768631 
-125.003441 0.006392 3423.000000 1266.000000 0.756933 
-120.003311 0.005789 3474.000000 1278.000000 0.749903 
-111.003159 0.006902 3534.000000 1289.000000 0.751663 
-101.669708 0.008893 3580.000000 1295.000000 0.762834 
-85.002869 0.014033 3648.000000 1301.000000 0.785740 
-76.669373 0.009537 3712.000000 1314.000000 0.775849 
-64.669243 0.010553 3763.000000 1319.000000 0.789246 
-52.669231 0.012335 3832.000000 1330.000000 0.791104 
-35.335983 0.016516 3899.000000 1335.000000 0.811907 
-23.669306 0.012663 3964.000000 1345.000000 0.808101 
-10.002626 0.013405 4029.000000 1353.000000 0.812802 
2.997372 0.013415 4089.000000 1360.000000 0.817879 
15.997362 0.013389 4146.000000 1366.000000 0.824245 
27.997396 0.011997 4200.000000 1372.000000 0.827369 
40.997379 0.013802 4260.000000 1379.000000 0.830263 
50.663975 0.011180 4316.000000 1388.000000 0.822080 
63.330578 0.012074 4366.000000 1392.000000 0.831630 
73.997383 0.010453 4428.000000 1402.000000 0.821677 
92.330879 0.015277 4492.000000 1405.000000 0.841449 
104.997726 0.013149 4563.000000 1416.000000 0.829434 
117.664536 0.013054 4619.000000 1422.000000 0.832755 
130.997940 0.013749 4692.000000 1433.000000 0.825307 
140.997665 0.012018 4746.000000 1441.000000 0.821673 
149.664062 0.010301 4799.000000 1450.000000 0.814058 
156.663803 0.007691 4850.000000 1460.000000 0.802302 
169.663498 0.012093 4910.000000 1467.000000 0.809908 
183.996490 0.014309 4977.000000 1475.000000 0.815991 
200.996124 0.015177 5049.000000 1482.000000 0.824644 
216.329178 0.015831 5104.000000 1485.000000 0.840507 
232.662186 0.016068 5168.000000 1490.000000 0.848673 
246.661926 0.014245 5219.000000 1493.000000 0.858051 
259.995148 0.013901 5274.000000 1498.000000 0.860193 
271.995605 0.012842 5319.000000 1501.000000 0.865808 
283.996124 0.012249 5370.000000 1506.000000 0.864454 
297.996796 0.013439 5436.000000 1514.000000 0.857593 
304.664032 0.008031 5492.000000 1526.000000 0.831358 
321.997986 0.013330 5553.000000 1529.000000 0.847360 
332.665253 0.013196 5612.000000 1538.000000 0.839025 
345.999146 0.013778 5667.000000 1543.000000 0.844401 
356.999664 0.011798 5718.000000 1549.000000 0.842706 
369.000244 0.011360 5775.000000 1556.000000 0.839584 
379.667328 0.011102 5816.000000 1559.000000 0.846577 
392.667969 0.012570 5879.000000 1567.000000 0.842483 
407.668579 0.013367 5939.000000 1572.000000 0.848566 
419.335876 0.012406 6001.000000 1581.000000 0.839397 
440.336639 0.017486 6076.000000 1585.000000 0.856148 
456.670624 0.016233 6140.000000 1590.000000 0.861497 
473.004608 0.016657 6204.000000 1595.000000 0.866674 
491.005249 0.017087 6267.000000 1598.000000 0.877104 
504.672455 0.013981 6320.000000 1602.000000 0.878452 
515.339172 0.011410 6373.000000 1609.000000 0.867853 
529.337708 0.012774 6445.000000 1619.000000 0.853906 
544.336365 0.014523 6511.000000 1626.000000 0.853497 
564.335022 0.017587 6577.000000 1628.000000 0.871691 
578.000427 0.015333 6639.000000 1635.000000 0.865629 
596.998962 0.017502 6711.000000 1640.000000 0.871948 
611.330994 0.016143 6775.000000 1647.000000 0.866935 
630.329651 0.018033 6841.000000 1650.000000 0.879042 
644.661804 0.016200 6899.000000 1655.000000 0.878228 
666.326843 0.020118 6979.000000 1660.000000 0.885411 
688.325317 0.022585 7054.000000 1663.000000 0.896377 
695.990845 0.013875 7110.000000 1674.000000 0.868752 
714.322693 0.016051 7183.000000 1680.000000 0.870455 
732.988037 0.018487 7248.000000 1683.000000 0.882100 
746.320312 0.015164 7300.000000 1687.000000 0.882635 
764.652344 0.017389 7364.000000 1690.000000 0.891385 
774.651184 0.012581 7421.000000 1699.000000 0.871644 
795.983093 0.017992 7491.000000 1701.000000 0.888410 
811.981750 0.016416 7557.000000 1707.000000 0.883946 
825.980713 0.014847 7608.000000 1710.000000 0.888044 
836.646240 0.012128 7664.000000 1718.000000 0.873155 
852.311829 0.013863 7717.000000 1720.000000 0.883252 
871.310486 0.018175 7783.000000 1723.000000 0.892422 
883.642517 0.014682 7847.000000 1732.000000 0.875003 
901.307800 0.016997 7915.000000 1737.000000 0.878322 
915.639832 0.016133 7979.000000 1744.000000 0.872579 
932.971741 0.017561 8049.000000 1750.000000 0.873976 
941.970520 0.012200 8109.000000 1761.000000 0.851358 
954.635925 0.012494 8171.000000 1769.000000 0.845777 
965.968079 0.011066 8229.000000 1777.000000 0.838507 
980.966797 0.013925 8292.000000 1783.000000 0.844193 
992.632568 0.012811 8336.000000 1786.000000 0.851896 
1005.964661 0.013463 8397.000000 1793.000000 0.849759 
1020.630005 0.015494 8462.000000 1800.000000 0.850136 
1034.298218 0.013545 8515.000000 1804.000000 0.855525 
1052.634155 0.017365 8579.000000 1807.000000 0.869357 
1075.303833 0.020703 8653.000000 1809.000000 0.886705 
1083.639404 0.011312 8708.000000 1819.000000 0.861720 
1097.975342 0.013189 8772.000000 1826.000000 0.858090 
1113.310913 0.014599 8827.000000 1829.000000 0.867730 
1127.312988 0.014873 8878.000000 1832.000000 0.875031 
1141.648682 0.015020 8936.000000 1837.000000 0.875483 
1159.984863 0.016525 9006.000000 1842.000000 0.878559 
1177.653931 0.017731 9065.000000 1844.000000 0.890246 
1186.322144 0.011998 9103.000000 1848.000000 0.885216 
1204.324585 0.015993 9163.000000 1850.000000 0.895922 
1216.326904 0.013316 9220.000000 1857.000000 0.883161 
1234.662964 0.016365 9287.000000 1861.000000 0.888753 
1253.332153 0.017604 9349.000000 1863.000000 0.899264 
1269.334351 0.016592 9403.000000 1865.000000 0.905945 
1283.003418 0.014777 9462.000000 1871.000000 0.896511 
1302.672974 0.019290 9533.000000 1875.000000 0.901399 
1314.675049 0.014223 9584.000000 1880.000000 0.894141 
1330.677856 0.014716 9653.000000 1887.000000 0.885229 
1346.347168 0.015162 9718.000000 1893.000000 0.880822 
1363.349854 0.016779 9784.000000 1898.000000 0.883126 
1383.352783 0.018611 9856.000000 1902.000000 0.888710 
1399.355469 0.017396 9922.000000 1908.000000 0.885263 
1418.691406 0.018653 9986.000000 1910.000000 0.897286 
1437.693848 0.019523 10046.000000 1911.000000 0.910103 
1452.029785 0.015927 10110.000000 1918.000000 0.896878 
1466.031982 0.014034 10164.000000 1922.000000 0.895272 
1483.368286 0.015461 10237.000000 1929.000000 0.887277 
1497.370605 0.014208 10294.000000 1934.000000 0.884372 
1513.039673 0.015010 10353.000000 1938.000000 0.886682 
1527.042114 0.014361 10413.000000 1944.000000 0.880764 
1547.045288 0.018582 10491.000000 1950.000000 0.882947 
1562.380859 0.016870 10546.000000 1953.000000 0.888600 
1583.716919 0.019872 10613.000000 1954.000000 0.904920 
1600.719482 0.018431 10676.000000 1958.000000 0.905667 
1610.388184 0.014309 10726.000000 1965.000000 0.890935 
1626.057251 0.015027 10785.000000 1969.000000 0.892387 
1645.727051 0.018254 10862.000000 1975.000000 0.890336 
1657.062866 0.013594 10923.000000 1984.000000 0.871637 
1674.398682 0.015339 10984.000000 1987.000000 0.880596 
1686.067627 0.013139 11040.000000 1994.000000 0.870938 
1700.403198 0.013722 11095.000000 1998.000000 0.874323 
1709.405762 0.011569 11158.000000 2010.000000 0.849745 
1722.741699 0.012457 11222.000000 2018.000000 0.844847 
1736.077271 0.012695 11277.000000 2023.000000 0.848773 
1745.412842 0.010407 11332.000000 2032.000000 0.836687 
1759.082153 0.012375 11397.000000 2040.000000 0.834755 
1767.750610 0.010584 11441.000000 2046.000000 0.832140 
1777.752686 0.010127 11492.000000 2053.000000 0.829121 
1791.088013 0.011889 11541.000000 2056.000000 0.841133 
1807.090088 0.014982 11592.000000 2057.000000 0.859843 
1819.425659 0.013142 11647.000000 2063.000000 0.857554 
1836.761719 0.015299 11714.000000 2068.000000 0.863900 
1851.431030 0.014645 11779.000000 2075.000000 0.860428 
1868.766724 0.015817 11837.000000 2077.000000 0.875104 
1884.436035 0.016156 11902.000000 2083.000000 0.873521 
1896.771729 0.013078 11960.000000 2090.000000 0.865343 
1907.107178 0.011668 12012.000000 2097.000000 0.857051 
1927.109985 0.017118 12081.000000 2100.000000 0.871718 
1943.445923 0.017674 12145.000000 2105.000000 0.875534 
1957.114990 0.015344 12204.000000 2111.000000 0.871672 
1969.784058 0.013409 12263.000000 2118.000000 0.864823 
1988.453491 0.017305 12331.000000 2122.000000 0.875043 
2007.456421 0.019109 12403.000000 2127.000000 0.880726 
2025.792480 0.018486 12470.000000 2131.000000 0.886365 
2041.461060 0.017439 12517.000000 2131.000000 0.901331 
2057.125488 0.016065 12582.000000 2137.000000 0.894253 
2079.786377 0.020256 12653.000000 2138.000000 0.910128 
2094.448730 0.016407 12706.000000 2141.000000 0.910672 
2108.110352 0.014654 12768.000000 2148.000000 0.897761 
2123.772705 0.015745 12821.000000 2150.000000 0.904901 
2137.768799 0.014779 12869.000000 2152.000000 0.909072 
2146.097656 0.010922 12924.000000 2162.000000 0.882035 
2163.759277 0.014682 12986.000000 2165.000000 0.889624 
2179.753906 0.016193 13052.000000 2171.000000 0.886043 
2200.748535 0.019868 13118.000000 2172.000000 0.902858 
2219.743652 0.020052 13178.000000 2173.000000 0.914732 
2236.071289 0.018044 13248.000000 2180.000000 0.902652 
2252.732910 0.017025 13310.000000 2184.000000 0.902739 
2269.727783 0.016626 13373.000000 2188.000000 0.902452 
2287.055664 0.016265 13440.000000 2193.000000 0.898893 
2303.383789 0.016514 13504.000000 2198.000000 0.896815 
2319.045898 0.015900 13560.000000 2201.000000 0.899932 
2336.373779 0.016697 13627.000000 2206.000000 0.897371 
2351.036133 0.014394 13680.000000 2209.000000 0.899380 
2368.030762 0.015849 13746.000000 2214.000000 0.896593 
2386.358154 0.016321 13819.000000 2220.000000 0.891635 
2401.353027 0.014576 13882.000000 2226.000000 0.885050 
2420.347900 0.017627 13945.000000 2228.000000 0.896610 
2439.676270 0.018300 14006.000000 2229.000000 0.910039 
2459.670898 0.019027 14072.000000 2231.000000 0.917507 
2474.999268 0.016672 14133.000000 2236.000000 0.910138 
2485.327148 0.012734 14200.000000 2248.000000 0.878342 
2501.322266 0.015180 14260.000000 2252.000000 0.882537 
2515.317627 0.014393 14317.000000 2257.000000 0.880572 
2530.979004 0.015294 14382.000000 2263.000000 0.877952 
2548.974121 0.016718 14442.000000 2265.000000 0.889392 
2562.302734 0.014725 14500.000000 2271.000000 0.882910 
2577.298584 0.014398 14551.000000 2273.000000 0.890750 
2590.292969 0.013938 14620.000000 2283.000000 0.871576 
2609.620850 0.017620 14687.000000 2286.000000 0.883467 
2622.616211 0.014799 14744.000000 2292.000000 0.877422 
2646.276855 0.020425 14818.000000 2293.000000 0.898007 
2658.272217 0.014065 14875.000000 2300.000000 0.884083 
2676.933350 0.018105 14943.000000 2304.000000 0.890449 
2694.594238 0.018467 15014.000000 2310.000000 0.888110 
2710.589355 0.016292 15074.000000 2314.000000 0.889995 
2727.251221 0.015991 15133.000000 2317.000000 0.895147 
2736.579346 0.011499 15197.000000 2329.000000 0.865098 
2751.575195 0.014095 15248.000000 2331.000000 0.876505 
2768.569336 0.016248 15320.000000 2338.000000 0.873256 
2784.897949 0.015787 15378.000000 2341.000000 0.881073 
2796.559814 0.013449 15437.000000 2349.000000 0.868417 
2811.887451 0.015426 15507.000000 2357.000000 0.862663 
2827.882324 0.015081 15570.000000 2362.000000 0.865545 
2845.877197 0.017646 15633.000000 2365.000000 0.877443 
2860.539551 0.016674 15686.000000 2368.000000 0.883461 
2870.868164 0.010424 15744.000000 2377.000000 0.863773 
2885.529297 0.013401 15812.000000 2385.000000 0.857976 
2896.857910 0.012210 15870.000000 2393.000000 0.849320 
2911.853027 0.013776 15930.000000 2398.000000 0.854235 
2925.514160 0.012838 15998.000000 2407.000000 0.845629 
2935.843262 0.010536 16050.000000 2414.000000 0.839726 
2950.171631 0.011930 16111.000000 2420.000000 0.842272 
2961.167969 0.012239 16156.000000 2424.000000 0.847049 
2974.162842 0.013279 16219.000000 2432.000000 0.843775 
2991.157715 0.015750 16282.000000 2436.000000 0.855282 
3006.486816 0.016146 16334.000000 2438.000000 0.868537 
3023.147705 0.017087 16405.000000 2445.000000 0.866693 
3039.476562 0.016604 16460.000000 2447.000000 0.879170 
3056.138672 0.016273 16516.000000 2449.000000 0.889658 
3068.467529 0.013050 16571.000000 2455.000000 0.881407 
3085.796143 0.015340 16629.000000 2457.000000 0.891831 
3105.457031 0.018458 16700.000000 2461.000000 0.897173 
3122.784668 0.018856 16770.000000 2467.000000 0.893124 
3133.112549 0.012730 16837.000000 2479.000000 0.863544 
3150.107422 0.016409 16900.000000 2483.000000 0.871982 
3166.435303 0.016522 16967.000000 2489.000000 0.871613 
3180.097412 0.015770 17023.000000 2494.000000 0.872548 
3189.425781 0.012073 17084.000000 2505.000000 0.850694 
3207.420166 0.015077 17153.000000 2510.000000 0.858938 
3223.748779 0.015927 17211.000000 2513.000000 0.869150 
3242.410400 0.017340 17273.000000 2515.000000 0.883689 
