0.000000 0.000000 0.000000 0.000000 0.000000 
0.000000 0.000000 0.000000 0.000000 0.000000 
-10.333333 -0.005713 41.000000 24.000000 0.109911 
-29.666656 -0.014173 67.000000 52.000000 0.158661 
-34.333363 -0.007110 116.000000 73.000000 0.254533 
-34.666763 -0.003490 169.000000 91.000000 0.338516 
-42.666817 -0.006840 211.000000 113.000000 0.378722 
-61.000214 -0.013281 261.000000 148.000000 0.402012 
-81.666809 -0.017994 298.000000 181.000000 0.401472 
-83.333328 -0.008062 356.000000 202.000000 0.455089 
-103.999901 -0.014475 393.000000 235.000000 0.443057 
-115.666458 -0.014130 436.000000 261.000000 0.453459 
-115.999649 -0.005587 492.000000 280.000000 0.496189 
-124.332863 -0.005895 539.000000 304.000000 0.507693 
-127.332779 -0.004055 578.000000 320.000000 0.523181 
-129.999557 -0.002990 627.000000 339.000000 0.541510 
-142.666443 -0.009680 670.000000 366.000000 0.528922 
-157.999985 -0.015400 711.000000 395.000000 0.509914 
-163.333572 -0.009723 761.000000 417.000000 0.524405 
-167.667130 -0.006761 805.000000 436.000000 0.535631 
-177.334000 -0.008626 845.000000 459.000000 0.530240 
-180.334259 -0.004827 896.000000 479.000000 0.547086 
-189.001129 -0.008339 936.000000 501.000000 0.540870 
-196.334702 -0.008161 983.000000 524.000000 0.542728 
-194.334930 -0.001100 1028.000000 537.000000 0.567192 
-203.668549 -0.005211 1084.000000 565.000000 0.562847 
-208.668747 -0.004320 1123.000000 583.000000 0.564213 
-203.002380 0.002230 1182.000000 597.000000 0.597713 
-222.335922 -0.010769 1223.000000 630.000000 0.556278 
-236.669479 -0.012674 1267.000000 659.000000 0.537131 
-240.003067 -0.008197 1317.000000 679.000000 0.549220 
-251.669968 -0.007719 1363.000000 706.000000 0.541676 
-247.003555 0.000398 1413.000000 718.000000 0.574717 
-245.003815 0.001858 1464.000000 733.000000 0.595105 
-243.670776 -0.000827 1522.000000 751.000000 0.607190 
-254.671005 -0.008395 1567.000000 777.000000 0.583754 
-257.337280 -0.003105 1610.000000 794.000000 0.589059 
-268.003571 -0.007661 1659.000000 821.000000 0.572079 
-275.336426 -0.007943 1706.000000 844.000000 0.566838 
-282.002655 -0.007418 1749.000000 865.000000 0.563033 
-286.002167 -0.005030 1797.000000 885.000000 0.568800 
-279.334961 0.002103 1850.000000 896.000000 0.602257 
-281.001221 -0.000231 1890.000000 911.000000 0.604396 
-281.000671 0.000094 1944.000000 929.000000 0.612899 
-273.333344 0.005039 2009.000000 943.000000 0.641468 
-274.666199 0.002035 2056.000000 960.000000 0.638730 
-266.332245 0.006675 2117.000000 972.000000 0.664060 
-257.665070 0.007942 2167.000000 980.000000 0.685514 
-247.998718 0.008502 2238.000000 994.000000 0.701595 
-246.665573 0.004046 2275.000000 1005.000000 0.696647 
-232.999237 0.010459 2340.000000 1013.000000 0.725410 
-231.666168 0.005456 2392.000000 1029.000000 0.712654 
-226.999771 0.003774 2445.000000 1042.000000 0.710766 
-215.666748 0.008875 2506.000000 1051.000000 0.729988 
-213.000275 0.005797 2544.000000 1061.000000 0.725383 
-200.000504 0.010850 2589.000000 1063.000000 0.753290 
-187.000809 0.012471 2649.000000 1070.000000 0.770124 
-172.334427 0.013178 2705.000000 1074.000000 0.790653 
-166.668030 0.008556 2758.000000 1086.000000 0.777838 
-159.668320 0.009337 2815.000000 1098.000000 0.771888 
-147.668579 0.010859 2866.000000 1103.000000 0.785770 
-133.668869 0.012833 2923.000000 1108.000000 0.801431 
-120.002258 0.013805 2979.000000 1113.000000 0.813747 
-108.002106 0.012033 3039.000000 1121.000000 0.813752 
-97.335304 0.010900 3092.000000 1128.000000 0.814671 
-82.335136 0.012658 3158.000000 1135.000000 0.821877 
-66.668312 0.014461 3220.000000 1140.000000 0.833170 
-54.668335 0.013162 3274.000000 1146.000000 0.835328 
-44.335079 0.010019 3335.000000 1156.000000 0.823470 
-33.668480 0.009643 3388.000000 1163.000000 0.822091 
-22.001797 0.011325 3441.000000 1169.000000 0.824985 
-5.668450 0.015077 3508.000000 1175.000000 0.834698 
10.331550 0.014974 3565.000000 1178.000000 0.848745 
20.331547 0.012383 3628.000000 1189.000000 0.833921 
33.998249 0.014394 3699.000000 1199.000000 0.830045 
42.998173 0.011366 3759.000000 1210.000000 0.816513 
55.331436 0.011917 3814.000000 1216.000000 0.822409 
69.331451 0.012793 3868.000000 1220.000000 0.833456 
82.331627 0.014844 3937.000000 1230.000000 0.829236 
96.331802 0.014685 4006.000000 1239.000000 0.828327 
112.331955 0.014986 4066.000000 1243.000000 0.840521 
124.665428 0.013016 4121.000000 1249.000000 0.841275 
139.665222 0.014050 4181.000000 1254.000000 0.847959 
158.998230 0.016118 4245.000000 1256.000000 0.866127 
172.664581 0.013814 4307.000000 1263.000000 0.860703 
186.997635 0.013501 4362.000000 1267.000000 0.865308 
200.663971 0.012861 4427.000000 1275.000000 0.857210 
212.330353 0.012256 4483.000000 1282.000000 0.851873 
227.663330 0.015208 4553.000000 1290.000000 0.849565 
237.996414 0.012731 4602.000000 1296.000000 0.847043 
250.996048 0.013192 4674.000000 1307.000000 0.836191 
262.329712 0.011443 4732.000000 1315.000000 0.830868 
273.330231 0.011502 4783.000000 1321.000000 0.832037 
283.330719 0.010486 4831.000000 1327.000000 0.831027 
303.664764 0.017017 4901.000000 1330.000000 0.852169 
315.665436 0.013393 4967.000000 1340.000000 0.839640 
326.999268 0.011863 5016.000000 1345.000000 0.841604 
343.999969 0.015784 5085.000000 1351.000000 0.848187 
360.667236 0.016008 5144.000000 1354.000000 0.860644 
376.667877 0.015822 5207.000000 1359.000000 0.864884 
387.668396 0.012500 5258.000000 1365.000000 0.859977 
403.002319 0.014879 5316.000000 1369.000000 0.866431 
417.002930 0.015810 5376.000000 1375.000000 0.865660 
430.336823 0.014375 5431.000000 1380.000000 0.865981 
446.670746 0.015744 5489.000000 1383.000000 0.875441 
466.338104 0.017871 5557.000000 1386.000000 0.885618 
481.672089 0.016248 5621.000000 1392.000000 0.881167 
491.672546 0.012330 5666.000000 1397.000000 0.875512 
511.006531 0.016960 5730.000000 1399.000000 0.889713 
529.671997 0.018450 5798.000000 1403.000000 0.894555 
544.337524 0.016278 5854.000000 1407.000000 0.895258 
553.003174 0.011816 5904.000000 1415.000000 0.877174 
568.335266 0.014203 5965.000000 1420.000000 0.878382 
586.000488 0.016175 6036.000000 1426.000000 0.877333 
598.332703 0.013773 6091.000000 1432.000000 0.871876 
612.664978 0.014438 6143.000000 1435.000000 0.878349 
633.996948 0.018636 6210.000000 1436.000000 0.896132 
654.328796 0.019866 6283.000000 1440.000000 0.900273 
669.994202 0.018155 6345.000000 1445.000000 0.897390 
680.659668 0.013267 6404.000000 1454.000000 0.876958 
697.325134 0.014850 6463.000000 1457.000000 0.884618 
704.324158 0.010023 6511.000000 1466.000000 0.863329 
717.322998 0.011279 6568.000000 1472.000000 0.860217 
729.321960 0.011539 6619.000000 1477.000000 0.859805 
744.654114 0.013730 6677.000000 1481.000000 0.866420 
765.652771 0.018769 6743.000000 1482.000000 0.886588 
786.317932 0.019778 6817.000000 1486.000000 0.892720 
797.316528 0.014852 6886.000000 1498.000000 0.866870 
814.315063 0.014469 6958.000000 1505.000000 0.863011 
828.313843 0.014692 7018.000000 1511.000000 0.862242 
845.645813 0.015798 7085.000000 1516.000000 0.867002 
862.311340 0.016364 7141.000000 1518.000000 0.879442 
877.310364 0.015491 7189.000000 1519.000000 0.891572 
897.642334 0.018962 7256.000000 1521.000000 0.903636 
910.974426 0.014401 7317.000000 1528.000000 0.890256 
926.640076 0.014875 7367.000000 1529.000000 0.901397 
933.972351 0.009838 7419.000000 1539.000000 0.874516 
949.637695 0.012761 7484.000000 1545.000000 0.872585 
966.969727 0.015576 7548.000000 1549.000000 0.878956 
984.301758 0.017019 7612.000000 1553.000000 0.884227 
1000.967102 0.017557 7677.000000 1558.000000 0.885341 
1011.299377 0.012188 7729.000000 1565.000000 0.872692 
1030.632812 0.018004 7793.000000 1567.000000 0.887142 
1050.635742 0.019347 7865.000000 1571.000000 0.893085 
1067.638184 0.018204 7925.000000 1574.000000 0.898435 
1084.973755 0.018023 7980.000000 1575.000000 0.910072 
1101.309937 0.015833 8050.000000 1582.000000 0.896792 
1121.646118 0.017821 8120.000000 1585.000000 0.904248 
1141.981934 0.018905 8181.000000 1585.000000 0.920283 
1156.318115 0.016117 8251.000000 1594.000000 0.898867 
1171.320801 0.016037 8317.000000 1601.000000 0.889021 
1189.323608 0.017908 8386.000000 1606.000000 0.891089 
1213.326660 0.020868 8461.000000 1607.000000 0.909077 
1226.328979 0.015953 8518.000000 1613.000000 0.898041 
1244.665039 0.017430 8585.000000 1617.000000 0.899634 
1254.333862 0.012227 8638.000000 1625.000000 0.881197 
1266.336304 0.012921 8698.000000 1633.000000 0.869530 
1275.005005 0.012187 8748.000000 1641.000000 0.857372 
1284.007324 0.009008 8805.000000 1651.000000 0.839419 
1302.343384 0.014597 8872.000000 1655.000000 0.852963 
1317.346069 0.013858 8938.000000 1662.000000 0.850914 
1331.015259 0.013405 9000.000000 1669.000000 0.848724 
1350.350952 0.017477 9058.000000 1669.000000 0.872917 
1368.353394 0.017248 9118.000000 1671.000000 0.885506 
1386.356201 0.016807 9187.000000 1676.000000 0.885646 
1401.025635 0.015776 9255.000000 1684.000000 0.875072 
1418.361572 0.016348 9319.000000 1688.000000 0.880453 
1424.697144 0.009958 9374.000000 1700.000000 0.851107 
1443.033203 0.015829 9441.000000 1704.000000 0.862903 
1462.702637 0.018439 9509.000000 1707.000000 0.876637 
1475.038208 0.013792 9564.000000 1713.000000 0.870511 
1490.706909 0.015205 9614.000000 1714.000000 0.884669 
1507.376221 0.015916 9679.000000 1719.000000 0.884362 
1518.711670 0.012748 9731.000000 1725.000000 0.876358 
1535.381104 0.015385 9799.000000 1731.000000 0.875412 
1552.383789 0.016593 9865.000000 1736.000000 0.877952 
1571.053223 0.018075 9933.000000 1740.000000 0.885224 
1586.388672 0.016268 9985.000000 1742.000000 0.893435 
1596.057251 0.010635 10032.000000 1748.000000 0.881359 
1606.392944 0.009898 10090.000000 1757.000000 0.863707 
1625.395752 0.015830 10159.000000 1761.000000 0.873142 
1640.398560 0.014666 10228.000000 1769.000000 0.864349 
1657.734497 0.015893 10292.000000 1773.000000 0.871708 
1673.070190 0.015694 10350.000000 1777.000000 0.876558 
1691.406250 0.017419 10417.000000 1781.000000 0.882958 
1706.408569 0.014982 10474.000000 1785.000000 0.884302 
1718.410767 0.012376 10528.000000 1791.000000 0.877415 
1733.079956 0.013922 10590.000000 1797.000000 0.873824 
1748.749023 0.015245 10649.000000 1801.000000 0.878324 
1759.418091 0.011980 10708.000000 1810.000000 0.861541 
1778.754150 0.016751 10775.000000 1813.000000 0.875066 
1791.089355 0.013997 10821.000000 1816.000000 0.878820 
1807.758667 0.016090 10886.000000 1821.000000 0.880253 
1824.761475 0.016129 10955.000000 1827.000000 0.877674 
1843.764038 0.017010 11018.000000 1829.000000 0.890185 
1859.433472 0.018713 11086.000000 1836.000000 0.884382 
1875.769531 0.017765 11153.000000 1842.000000 0.881765 
1893.105957 0.016451 11229.000000 1850.000000 0.873585 
1907.108276 0.014781 11286.000000 1855.000000 0.873166 
1924.777344 0.016666 11345.000000 1857.000000 0.885724 
1944.446777 0.018127 11413.000000 1860.000000 0.894118 
1962.782837 0.018418 11480.000000 1864.000000 0.897514 
1978.785278 0.017586 11540.000000 1868.000000 0.898432 
1989.454224 0.013835 11596.000000 1876.000000 0.881854 
2004.123047 0.013852 11649.000000 1879.000000 0.886593 
2020.458862 0.014581 11710.000000 1883.000000 0.888829 
2034.794312 0.015350 11762.000000 1886.000000 0.893088 
2053.460693 0.016774 11824.000000 1888.000000 0.902564 
2070.789062 0.016623 11885.000000 1891.000000 0.906275 
2089.783447 0.018075 11954.000000 1895.000000 0.908033 
2106.778564 0.017088 12014.000000 1898.000000 0.910763 
2125.106689 0.018489 12078.000000 1901.000000 0.914381 
2142.434814 0.017681 12142.000000 1905.000000 0.913057 
2154.762939 0.013479 12206.000000 1914.000000 0.890045 
2176.090332 0.017545 12279.000000 1917.000000 0.899329 
2194.084717 0.017651 12348.000000 1922.000000 0.896973 
2214.412354 0.019513 12418.000000 1925.000000 0.904397 
2226.074707 0.015537 12471.000000 1931.000000 0.894274 
2239.736328 0.014151 12533.000000 1938.000000 0.883810 
2252.398193 0.012775 12592.000000 1945.000000 0.874089 
2272.059570 0.017685 12657.000000 1947.000000 0.888860 
2290.387207 0.017886 12727.000000 1952.000000 0.889988 
2306.049316 0.016828 12783.000000 1955.000000 0.894440 
2326.376465 0.018887 12859.000000 1960.000000 0.895791 
2344.037354 0.017933 12930.000000 1966.000000 0.891502 
2354.699707 0.013186 12983.000000 1973.000000 0.878559 
2370.695068 0.014253 13040.000000 1976.000000 0.884643 
2387.356201 0.016622 13108.000000 1982.000000 0.882361 
2402.351074 0.016593 13171.000000 1988.000000 0.879462 
2415.012695 0.014490 13233.000000 1996.000000 0.869230 
2427.007324 0.012210 13299.000000 2006.000000 0.852785 
2443.002441 0.014190 13359.000000 2010.000000 0.861033 
2454.998291 0.012540 13410.000000 2015.000000 0.860541 
2470.993164 0.014158 13473.000000 2020.000000 0.864082 
2481.988770 0.011792 13527.000000 2027.000000 0.855978 
2497.983643 0.012884 13590.000000 2032.000000 0.859960 
2511.978516 0.013633 13653.000000 2039.000000 0.857138 
2525.640137 0.014707 13715.000000 2046.000000 0.854842 
2540.302490 0.015158 13768.000000 2049.000000 0.864458 
2558.963379 0.017147 13839.000000 2054.000000 0.870809 
2578.624512 0.018431 13907.000000 2057.000000 0.882395 
2594.286377 0.016309 13966.000000 2061.000000 0.885113 
2612.614014 0.018032 14036.000000 2066.000000 0.887017 
2627.942627 0.016202 14094.000000 2070.000000 0.888498 
2643.604004 0.015974 14159.000000 2076.000000 0.884340 
2661.932129 0.017887 14223.000000 2079.000000 0.893123 
2679.260010 0.017387 14290.000000 2084.000000 0.892658 
2703.253662 0.021289 14368.000000 2086.000000 0.906978 
2723.914795 0.020004 14436.000000 2088.000000 0.915529 
2744.909424 0.020811 14502.000000 2089.000000 0.926114 
2760.904541 0.018305 14562.000000 2093.000000 0.921823 
2775.566406 0.015734 14621.000000 2098.000000 0.913317 
2792.227539 0.017311 14689.000000 2104.000000 0.905450 
2807.222900 0.015604 14746.000000 2108.000000 0.903547 
2820.885010 0.013807 14802.000000 2113.000000 0.897392 
2835.879639 0.013888 14868.000000 2120.000000 0.886854 
2857.539795 0.018142 14948.000000 2125.000000 0.890480 
2870.534424 0.016467 15014.000000 2134.000000 0.875143 
2882.196777 0.013630 15067.000000 2140.000000 0.869396 
2895.525879 0.013524 15119.000000 2144.000000 0.872095 
2914.187256 0.016360 15184.000000 2147.000000 0.882867 
2934.847900 0.019199 15258.000000 2151.000000 0.890469 
2948.509277 0.015808 15323.000000 2159.000000 0.878092 
2960.171631 0.013375 15376.000000 2165.000000 0.871414 
2980.499512 0.017565 15443.000000 2167.000000 0.886778 
2997.494141 0.016589 15509.000000 2172.000000 0.885940 
3012.489014 0.015464 15572.000000 2178.000000 0.881111 
3026.817139 0.014484 15636.000000 2185.000000 0.873717 
3042.146240 0.015101 15688.000000 2187.000000 0.883695 
3060.141357 0.017529 15748.000000 2189.000000 0.894907 
3074.469482 0.015865 15812.000000 2196.000000 0.884996 
3090.465332 0.015882 15863.000000 2197.000000 0.897407 
3111.792969 0.019626 15933.000000 2199.000000 0.908011 
3126.122070 0.017053 15985.000000 2202.000000 0.908582 
3142.450684 0.017009 16043.000000 2205.000000 0.910612 
3161.444824 0.018570 16115.000000 2210.000000 0.907765 
3176.773438 0.016343 16173.000000 2214.000000 0.906224 
3191.768799 0.015778 16230.000000 2218.000000 0.904740 
3210.762695 0.017078 16305.000000 2224.000000 0.899317 
3228.090332 0.018108 16375.000000 2230.000000 0.895340 
3245.751953 0.018038 16437.000000 2233.000000 0.899924 
3260.747070 0.016736 16497.000000 2238.000000 0.896892 
3277.075439 0.015501 16558.000000 2242.000000 0.896908 
3290.070068 0.013177 16624.000000 2251.000000 0.878749 
3306.731934 0.015153 16683.000000 2254.000000 0.886214 
3321.727051 0.014994 16743.000000 2259.000000 0.884485 
3336.056152 0.014563 16795.000000 2262.000000 0.889026 
3354.718262 0.017577 16851.000000 2262.000000 0.906212 
3368.047119 0.015157 16906.000000 2267.000000 0.899841 
3376.709473 0.010535 16959.000000 2276.000000 0.876769 
3398.369873 0.018031 17036.000000 2280.000000 0.886367 
3414.031006 0.016309 17104.000000 2287.000000 0.878593 
3426.026367 0.013495 17161.000000 2294.000000 0.869352 
3440.687744 0.014951 17226.000000 2301.000000 0.866213 
3457.016113 0.015457 17287.000000 2305.000000 0.872155 
3471.011475 0.015427 17344.000000 2310.000000 0.872898 
3480.673828 0.010353 17397.000000 2318.000000 0.858361 
3498.002197 0.014460 17458.000000 2321.000000 0.869884 
3516.996826 0.017341 17524.000000 2324.000000 0.881093 
3534.324951 0.017517 17588.000000 2328.000000 0.885765 
