-0.0987685 2
0 0
-0.0967851 1
0 0
-0.0948786 2
0 0
-0.0928166 1
0 0
-0.0907794 3
-0.0895488 2
0 0
-0.0874101 1
-0.0868188 1
0 0
-0.0853258 1
-0.0840446 2
-0.0824873 3
-0.081892 2
0 0
0 0
-0.0787125 1
0 0
-0.0767324 1
-0.0756674 3
0 0
0 0
-0.0731239 3
-0.0722431 4
0 0
0 0
-0.0690898 1
-0.067924 1
0 0
0 0
-0.0648281 1
-0.064373 1
-0.0634537 1
-0.0619866 1
-0.061196 1
-0.0605388 1
-0.0595747 1
-0.0583706 1
-0.0570767 1
0 0
-0.0553659 3
-0.0544549 2
0 0
0 0
-0.0511103 4
-0.0501356 3
-0.0492933 2
-0.0480563 1
0 0
-0.0461734 3
0 0
-0.0438744 1
-0.0436822 2
-0.04256 2
-0.0412068 3
-0.0406832 1
-0.0396817 1
-0.0382458 2
-0.0374804 3
-0.0361736 2
0 0
-0.0341466 1
-0.0335768 1
0 0
-0.0313671 4
-0.0307855 1
-0.0295206 1
-0.0287908 1
0 0
-0.0261083 1
-0.0256127 2
-0.0246743 2
0 0
-0.0224487 2
-0.0213693 2
0 0
-0.0196363 2
-0.0185985 2
-0.0177659 1
0 0
0 0
0 0
0 0
0 0
0 0
-0.0108385 3
-0.00935317 1
-0.00892505 3
-0.00803827 2
-0.00645308 1
-0.00542805 2
-0.00493464 1
-0.00399195 1
0 0
-0.00191594 4
-0.00086982 3
5.226e-05 3
0.00072476 3
0.00169689 2
0 0
0.00424971 2
0.00471272 1
0 0
0.00717271 3
0 0
0 0
0.0102856 1
0 0
0.0120417 2
0.0129146 1
0 0
0 0
0 0
0.0168396 3
0.0180042 3
0.0191514 2
0.0200143 2
0 0
0.021738 1
0 0
0.0233276 1
0.0249691 1
0 0
0 0
0.0280614 1
0.0288683 2
0 0
0 0
0.0316078 3
0 0
0.0335566 2
0.0343654 2
0 0
0.0369554 2
0.0376079 2
0.0387661 1
0.0393004 2
0.0404515 4
0.041882 1
0.0426404 1
0.0438241 1
0.0444069 1
0 0
0.0464646 3
0.0473972 2
0.0483588 5
0.0490988 1
0.0502823 2
0.0514717 2
0.0524151 2
0.0532785 4
0.054248 1
0 0
0.0563935 1
0.0576205 1
0.0583805 3
0 0
0.0607998 1
0.0614224 2
0.0624518 2
0 0
0 0
0 0
0.0661949 2
0.0668881 1
0.068236 2
0.0689823 2
0.070624 1
0.0709735 2
0.0717811 2
0.0732636 2
0.0742365 1
0.0754691 1
0.0762752 1
0.0770025 2
0.0784339 1
0.0792494 1
0.079853 1
0.0810459 2
0 0
0.0830328 2
0.0838645 1
0.0847498 2
0.0862023 2
0.086977 3
0.0875799 1
0.0888128 2
0.0897673 2
0.0910083 2
0 0
0.0929754 2
0.0936833 1
0.094691 2
0.0957031 2
0.0970809 4
0 0
0.0983684 1
