-0.0995123 6
-0.0980836 2
-0.0974211 4
-0.0967266 3
-0.0951122 1
-0.0945218 2
-0.093615 1
-0.0923977 3
-0.0916459 2
-0.0904031 3
-0.0894474 2
-0.0885214 5
-0.0870133 2
-0.0861386 4
-0.0855604 3
-0.0839311 1
-0.0832311 4
-0.082708 3
-0.0812659 2
-0.08029 4
-0.0793705 7
-0.0781898 1
-0.0772751 1
-0.0763664 3
-0.075312 2
-0.0747497 1
0 0
-0.0723399 2
-0.071031 3
-0.0702839 2
0 0
-0.0682846 2
-0.0673448 4
-0.0665092 4
-0.0656752 2
-0.0644979 3
-0.0632021 2
-0.0624354 8
-0.0614236 4
-0.0606801 5
-0.0591699 4
-0.0583325 3
-0.0576701 1
-0.0563211 2
-0.0553457 2
-0.0544753 3
-0.0535229 4
-0.0524867 1
-0.0515382 3
-0.0505046 3
-0.0494069 2
0 0
-0.0474077 9
-0.046764 1
-0.045524 2
-0.0442471 2
0 0
-0.0423749 5
-0.0415451 5
-0.0407218 5
-0.039379 6
-0.0385937 5
-0.037553 4
-0.0359755 1
-0.0352632 5
-0.0347275 4
-0.0332729 3
-0.0326446 4
-0.0318998 2
-0.0307525 1
-0.0295942 3
-0.0283878 3
0 0
-0.0264365 5
-0.0256272 3
-0.0246808 4
-0.0231926 2
-0.022691 3
0 0
-0.0208533 2
0 0
-0.0183967 5
-0.0174207 4
-0.0164206 2
-0.0152614 3
-0.014311 4
-0.0132582 2
-0.0125091 2
-0.0114733 3
-0.0104776 1
-0.00942613 3
-0.00838882 2
0 0
-0.00643287 4
-0.00558379 5
-0.00437531 3
-0.00357421 3
-0.00274437 3
-0.00147099 3
-0.0002799 3
0.00020201 2
0.00132263 1
0.00232462 1
0.0035837 4
0.00400272 1
0.0053856 6
0.00657434 3
0.00733766 3
0.0083563 7
0.00908973 3
0.0100703 3
0.0118226 3
0.012548 4
0.012968 2
0 0
0.015471 6
0.0164559 3
0.0178028 1
0 0
0.0190423 2
0.0201204 3
0.0213481 3
0 0
0.0234295 4
0.0245465 2
0.0252873 3
0.0260656 1
0.0274145 5
0.0285005 2
0.0292289 2
0.0302207 3
0.0318399 1
0.0320304 1
0.0337155 1
0.0343311 3
0.0352423 3
0.0362792 3
0.0373091 4
0.038349 5
0.0393042 1
0.0402555 3
0.0415122 7
0.0422351 4
0.043148 1
0.0445176 2
0.0454668 7
0.0466643 1
0.0471808 2
0.0488045 1
0.0490397 2
0 0
0.0513289 4
0.0522145 3
0.0535359 3
0 0
0.0554363 3
0.0559912 3
0.0573752 2
0.0587026 3
0.0594325 2
0.0604619 5
0.0612527 3
0.0623956 4
0.0635687 1
0.0644334 4
0.0653572 2
0.0664454 3
0.0671105 4
0 0
0.069371 2
0.0704155 2
0.0713166 2
0.0720475 2
0.0732138 4
0.0744454 3
0.075035 3
0.0759383 1
0.0773353 4
0.0783022 3
0.079028 5
0.0802847 3
0.0816065 1
0.0823869 3
0.0833534 1
0.0843175 4
0.085197 5
0.0864791 2
0.087333 4
0.088256 5
0.0894719 3
0.0900152 3
0.0912993 2
0.0924165 3
0.0933439 2
0.0942842 3
0.0955827 2
0.0959764 4
0.0970017 5
0.0982177 2
0.09928 3
0.0996899 1
