-0.099113 2
-0.0980486 2
-0.0971429 2
0 0
0 0
0 0
0 0
-0.0921656 4
-0.0913057 3
0 0
-0.0891382 3
-0.0881938 3
-0.086843 2
-0.0861731 1
-0.0852525 3
-0.0845874 1
-0.0827542 1
-0.0826225 1
-0.0813134 1
-0.0802539 4
-0.0794593 3
-0.0778845 1
0 0
-0.0760868 2
-0.0754144 1
-0.0744571 1
0 0
0 0
-0.0717421 1
-0.0705569 1
-0.0696971 1
-0.0685959 1
-0.0668882 2
-0.0667404 1
-0.0652252 2
-0.0642743 1
-0.0631197 2
0 0
-0.061304 3
-0.0605199 1
0 0
0 0
-0.0575983 2
-0.0561896 1
0 0
-0.054478 1
-0.0533802 1
-0.0521064 3
0 0
-0.0500535 2
0 0
-0.0482375 3
-0.0476617 3
-0.0464236 2
-0.0455293 4
-0.0448655 1
-0.0432385 1
0 0
-0.0415701 3
-0.0403703 1
-0.0395778 1
-0.0385525 3
-0.0372414 1
-0.036264 2
-0.0358302 1
-0.0345181 1
-0.0333969 3
0 0
-0.0311864 1
-0.0305708 3
-0.0294757 2
0 0
-0.0272933 1
-0.0260944 2
-0.0254811 2
0 0
-0.0234909 1
0 0
-0.0214617 1
-0.0204101 5
-0.0200264 1
-0.0182173 3
-0.0172061 2
-0.0161851 1
-0.0157519 2
-0.0148455 1
-0.0138643 1
-0.0126526 2
-0.0111856 1
0 0
-0.00963751 1
-0.00839722 3
-0.00768376 3
-0.00671109 3
0 0
-0.00456042 1
0 0
0 0
0 0
-0.000806343 3
0.00051161 2
0.00150764 2
0.00231691 3
0.0032631 1
0.0040142 3
0.00522565 2
0.00619831 2
0.00780281 1
0.00830673 1
0.00924336 2
0.010291 3
0 0
0.0119603 1
0.0129463 1
0 0
0.0154782 2
0.0162593 1
0.0170829 1
0.0181543 1
0.0191549 2
0.0201907 2
0.0212076 1
0.0225933 1
0 0
0.0241977 1
0 0
0.0258152 2
0.0275815 2
0.0280607 3
0.0296523 1
0 0
0.031536 3
0.0321953 1
0.0333659 2
0.0337707 1
0 0
0.0364041 1
0.0370467 2
0.0377267 2
0.0392351 1
0.0400501 2
0.0410387 1
0.0423511 2
0.042711 2
0.0443115 1
0.0454354 2
0.0458255 3
0.0473082 5
0 0
0 0
0.0499417 1
0.0511383 2
0.0520932 5
0.0533511 1
0 0
0.0549273 1
0 0
0.0570684 1
0.0584629 1
0.0587279 1
0.0599995 3
0.060553 1
0 0
0.063048 1
0 0
0 0
0 0
0.0671639 2
0.0680855 1
0.0693428 2
0.0700823 2
0.0707045 1
0.0723521 1
0.0726495 1
0.073928 2
0.0744837 1
0.0758694 3
0.0766475 2
0.0780991 1
0.0787932 1
0.0799316 3
0.0811716 2
0.0814179 1
0.0825658 1
0.0834909 1
0.0850402 2
0 0
0.0869081 1
0.0879785 4
0.0887073 1
0.0899982 3
0.0908647 2
0.0916499 2
0.0930041 4
0 0
0 0
0.0958051 1
0.0969667 3
0 0
0 0
0.0993114 1
