-0.0996747 4
-0.0984034 2
-0.0975818 4
-0.0965743 4
-0.0952301 2
-0.0945654 4
-0.0936361 2
-0.0929411 1
-0.0915859 2
-0.0905085 3
-0.0894621 5
-0.0884197 6
-0.0874835 2
-0.0865721 3
-0.0853497 2
-0.0844674 8
-0.0834601 4
-0.0823732 3
-0.0811764 1
-0.080977 1
-0.079512 4
-0.0787423 1
0 0
-0.0763966 4
-0.0753869 5
-0.0744476 2
-0.0734706 2
-0.0725278 4
-0.0718369 1
-0.070517 4
-0.0695149 2
-0.0685616 7
-0.0674242 4
-0.0662108 2
-0.0651811 2
0 0
-0.0635036 3
-0.0625994 5
-0.0617175 1
-0.0603934 3
-0.0591811 3
-0.0584846 3
-0.0577235 4
-0.0564274 2
-0.0555519 3
-0.0548085 2
-0.0534262 6
-0.0528468 3
-0.0513231 4
-0.0505712 2
-0.0496421 4
-0.0484256 1
-0.0473737 1
-0.0466102 2
-0.0453788 1
-0.0445354 5
-0.0437945 2
-0.0423478 3
-0.0417629 4
0 0
-0.0393617 5
-0.0384056 2
-0.037719 3
-0.0363588 4
-0.0350959 1
-0.0342946 3
-0.0332976 1
-0.0326129 2
-0.031449 4
-0.0305151 4
0 0
-0.0284136 3
-0.0275651 2
-0.026376 4
-0.0254487 3
-0.0245118 3
-0.0233814 3
-0.0221362 1
-0.0215419 4
-0.0201878 2
-0.0192791 5
-0.0184285 3
-0.0177994 3
0 0
-0.0151858 3
-0.014595 1
-0.0137018 2
-0.0126737 6
-0.0111791 2
-0.0107289 1
-0.00927577 1
0 0
-0.00752796 7
-0.00638617 2
-0.00584641 2
-0.00486146 2
-0.00347941 6
-0.00249661 4
-0.00169535 2
-0.00065877 2
0.000339399 7
0.00144504 4
0.00238889 5
0.00346505 2
0.00452669 3
0.00541278 1
0.00656811 2
0.00747305 3
0.00841568 5
0.00923752 4
0.0105227 2
0.0115034 4
0.0125048 3
0.0133337 3
0.0144064 2
0.0151313 2
0.0164675 4
0.0174503 2
0.0184052 1
0.0194197 3
0.0208038 3
0.021828 1
0.0226256 3
0.0236054 2
0 0
0.025728 2
0.0266039 5
0.0273357 3
0.0283424 4
0 0
0.0302517 2
0.0315248 2
0.0320928 3
0.0333681 4
0.0340706 1
0.0349327 1
0.0362139 3
0.0374496 4
0.0384181 1
0.0393314 4
0.0405358 1
0.0413374 2
0.0425147 3
0.0433824 7
0.0447035 4
0.0452956 5
0.0466012 3
0.0470905 1
0.0486132 2
0.0490346 1
0.0505545 3
0.0515444 3
0.052713 1
0.0537735 1
0.054299 4
0.0553852 4
0.0565014 2
0.0576219 3
0.0585609 2
0.0590553 1
0.0604128 10
0.061573 3
0 0
0.0634728 3
0.0645835 4
0.0654027 3
0 0
0.0671558 3
0.0686137 3
0.0693778 4
0.0703499 3
0.0712396 2
0.0722264 2
0.073658 2
0.0742272 3
0.0751649 2
0.0766319 2
0.0773041 2
0.0783814 5
0.0793102 7
0.0800462 1
0.0810997 4
0.0824978 3
0.0831788 4
0.0842577 3
0.0852383 5
0.0858501 1
0.0870221 2
0.0880533 5
0.0895659 3
0.0902989 5
0.0914434 6
0.0924538 3
0.092864 1
0.0945653 4
0.0953635 1
0.0964567 5
0.097594 2
0.0981489 4
0.099279 5
0.0998181 1
