-0.684034 1
0 0
0 0
0 0
0 0
0 0
0 0
0 0
0 0
0 0
0 0
0 0
0 0
0 0
0 0
0 0
0 0
0 0
0 0
0 0
0 0
0 0
0 0
0 0
0 0
0 0
-0.567638 1
0 0
0 0
0 0
-0.547474 1
0 0
0 0
0 0
0 0
0 0
0 0
0 0
0 0
0 0
0 0
0 0
-0.495995 1
0 0
-0.485657 1
0 0
0 0
0 0
0 0
0 0
0 0
0 0
0 0
0 0
0 0
0 0
0 0
0 0
0 0
0 0
-0.415463 1
-0.410417 1
0 0
0 0
0 0
0 0
0 0
0 0
-0.378641 1
0 0
0 0
0 0
0 0
0 0
0 0
0 0
0 0
-0.338614 1
0 0
0 0
0 0
0 0
0 0
0 0
0 0
0 0
0 0
0 0
0 0
0 0
0 0
0 0
0 0
-0.264962 1
0 0
0 0
0 0
0 0
0 0
0 0
0 0
0 0
-0.224963 1
-0.221613 1
0 0
0 0
-0.208702 1
0 0
0 0
-0.193024 1
0 0
-0.186699 1
0 0
0 0
0 0
0 0
0 0
0 0
0 0
0 0
0 0
-0.141487 1
-0.137352 2
-0.131636 1
0 0
-0.125831 1
0 0
-0.11462 1
0 0
-0.105898 1
0 0
-0.0955211 1
0 0
0 0
0 0
0 0
-0.0760853 1
0 0
-0.0659012 1
-0.0604405 2
-0.056623 2
-0.0531117 1
-0.0469612 4
-0.043499 4
-0.0392989 5
-0.0336197 3
-0.0297669 4
-0.0252107 2
0 0
-0.0158702 3
-0.0098624 1
-0.00719069 23
-0.00331081 29
0.00124415 42
0.00606121 36
0.00924535 20
0.0143342 7
0.0191768 1
0.0243167 4
0.0286164 4
0.0329167 3
0.0374753 5
0.041867 3
0.0455652 6
0.0507871 3
0.0553449 2
0.0590193 4
0.0655496 3
0 0
0 0
0.0781881 1
0 0
0 0
0 0
0.0964273 1
0 0
0.105908 1
0.110734 1
0 0
0.117496 3
0 0
0.127522 1
0.133017 1
0 0
0 0
0 0
0 0
0 0
0 0
0 0
0.165974 2
0 0
0 0
0 0
0 0
0 0
0 0
0 0
0.202481 1
0 0
0.208986 1
