-0.0754972 1
0 0
0 0
0 0
0 0
0 0
0 0
0 0
-0.0689384 1
0 0
0 0
0 0
-0.0664764 1
0 0
0 0
0 0
0 0
0 0
0 0
-0.0611089 1
0 0
-0.0599557 1
-0.0588267 2
0 0
-0.057368 1
-0.05646 1
-0.0559662 5
0 0
-0.0546381 5
0 0
-0.0533091 2
-0.0525526 1
-0.0513881 1
-0.0510341 1
-0.0499849 2
-0.0492402 6
-0.0485922 10
-0.04779 4
-0.0472401 11
-0.0462194 10
-0.0455749 4
-0.0449561 11
-0.0442935 8
-0.0434247 13
-0.0425765 14
-0.0419058 12
-0.0412638 20
-0.0404883 19
-0.0397658 14
-0.0390505 18
-0.0382766 19
-0.0375537 26
-0.0368286 26
-0.0361016 24
-0.0353451 28
-0.0345873 30
-0.0338849 27
-0.0331161 37
-0.0323908 37
-0.0316611 36
-0.0309521 47
-0.0301504 47
-0.0294641 52
-0.0287498 39
-0.0279942 46
-0.0272427 48
-0.0265001 57
-0.0257954 46
-0.0250162 61
-0.0242927 56
-0.0235433 60
-0.0227944 75
-0.0220762 76
-0.0212994 71
-0.0205891 94
-0.019864 89
-0.0191356 110
-0.0183889 123
-0.0176667 100
-0.016918 129
-0.016146 131
-0.0154561 176
-0.0146986 197
-0.013952 225
-0.013207 246
-0.012482 260
-0.0117632 284
-0.0110471 306
-0.0102422 350
-0.00953967 612
-0.00880279 644
-0.00808491 678
-0.00733499 706
-0.00659303 718
-0.00586316 789
-0.00512298 783
-0.0043968 792
-0.00365219 826
-0.00291766 796
-0.00220727 714
-0.00140405 603
-0.000684277 908
2.16363e-05 2063
0.000748085 857
0.00149017 533
0.00226187 685
0.0029769 824
0.00370989 728
0.00443595 717
0.00518916 752
0.00593323 672
0.00666916 699
0.00739683 652
0.0081596 638
0.0088668 619
0.00959177 534
0.0103064 296
0.0110698 202
0.0117996 204
0.0125338 193
0.0132813 175
0.01403 166
0.0147653 155
0.0155065 162
0.0162449 135
0.0169854 136
0.0177001 123
0.0184676 116
0.0192227 92
0.0199262 101
0.0206598 84
0.0213783 78
0.022161 68
0.0228959 81
0.0236235 69
0.0243957 81
0.0251823 58
0.0258055 54
0.0265201 55
0.0272536 51
0.0280242 54
0.0287585 45
0.0295496 47
0.0302306 36
0.030992 29
0.0316725 30
0.0324594 35
0.0330332 28
0.0339089 36
0.0346444 33
0.0353905 22
0.036118 28
0.0368668 28
0.0375367 17
0.0383531 21
0.0389538 17
0.0397646 16
0.0405575 14
0.0413089 17
0.0419674 15
0.0427052 19
0.0435315 12
0.0443192 7
0.0450155 12
0.0455714 6
0.0464642 9
0.0470877 9
0.0480647 7
0.0485176 6
0.0495702 4
0.0499726 4
0.0509578 3
0 0
0.0525068 3
0.0532133 1
0.0536011 1
0.0545142 2
0.0552745 2
0.0562512 2
0.0567752 1
0 0
0.0579427 1
0 0
0.0597844 1
0.0603782 2
0.0612708 1
0 0
0.0628335 1
0 0
0 0
0 0
0.0656529 3
0 0
0 0
0 0
0 0
0 0
0 0
0 0
0 0
0.0718766 1
