-0.0993718 14
-0.0984065 12
-0.0972458 12
-0.0963912 9
-0.0952812 17
-0.0943582 11
-0.0934171 12
-0.09227 13
-0.0913002 14
-0.090456 11
-0.0893624 10
-0.0883782 15
-0.0874314 13
-0.0863321 7
-0.0853553 6
-0.0844368 7
-0.0833307 9
-0.0824522 14
-0.0813389 13
-0.0803404 8
-0.0794039 7
-0.0785478 14
-0.077325 10
-0.0764307 11
-0.0752731 10
-0.0743391 12
-0.0735548 9
-0.0724481 6
-0.0711475 9
-0.0704407 17
-0.069317 12
-0.0683821 12
-0.0674466 11
-0.0663678 9
-0.0654661 13
-0.0644129 9
-0.0633718 5
-0.0622794 12
-0.0613578 11
-0.0603193 9
-0.0593006 8
-0.0583805 14
-0.0574407 6
-0.0565665 12
-0.0555168 12
-0.0544691 6
-0.0533056 4
-0.0525398 9
-0.0514333 17
-0.0503382 13
-0.0493302 7
-0.0484021 7
-0.0475329 15
-0.0462579 10
-0.0454347 15
-0.0443195 7
-0.0435348 12
-0.0425109 15
-0.0415131 12
-0.0404258 10
-0.0395132 11
-0.0385424 8
-0.0374236 9
-0.0364035 18
-0.0354305 12
-0.0344891 13
-0.0334654 14
-0.032467 7
-0.0314611 9
-0.0303349 6
-0.0295259 5
-0.0284925 13
-0.0274066 14
-0.026469 8
-0.0254894 15
-0.0245724 9
-0.0234758 11
-0.0227048 11
-0.0214421 12
-0.0203179 7
-0.0194672 13
-0.0185525 8
-0.017541 7
-0.0164098 11
-0.0157927 7
-0.0144217 15
-0.0135124 8
-0.0124393 10
-0.0115291 14
-0.010482 13
-0.00928317 7
-0.00839947 10
-0.00745735 14
-0.00653338 14
-0.00524362 10
-0.00458187 8
-0.00347694 8
-0.00240711 7
-0.00154871 13
-0.000480645 12
0.000438758 6
0.00136004 13
0.00234743 9
0.00351064 11
0.00459267 9
0.00557045 13
0.00659594 9
0.00748055 17
0.00849152 10
0.00934662 10
0.0104175 4
0.0115384 12
0.0125042 14
0.0135051 11
0.0145668 10
0.0154872 10
0.016552 11
0.017453 6
0.0184954 13
0.0194985 12
0.0205109 8
0.0215055 4
0.0225169 10
0.0234227 10
0.0244414 10
0.0255165 13
0.0265444 7
0.0274572 8
0.0283619 8
0.0295548 17
0.0305069 14
0.0316048 12
0.0324734 10
0.033318 8
0.0344604 13
0.0354714 8
0.0365484 7
0.0374396 9
0.0384896 12
0.0394983 12
0.0405357 7
0.041381 8
0.0424415 10
0.0434326 8
0.0444397 8
0.0454417 12
0.0463613 6
0.0475105 14
0.0484713 8
0.0494383 9
0.0504111 8
0.051374 10
0.0524277 5
0.0535948 11
0.0546585 10
0.055508 15
0.0563856 6
0.0574434 12
0.0583692 14
0.0593561 8
0.0603342 6
0.0614589 14
0.0623037 6
0.0634398 14
0.0645794 10
0.0654894 11
0.066385 11
0.0674851 14
0.0684399 10
0.0694421 12
0.0703209 12
0.0714545 18
0.0724529 4
0.0734742 15
0.0743902 10
0.0753495 17
0.0764807 13
0.0773953 8
0.0783379 12
0.0793637 12
0.0804514 14
0.0814932 14
0.0824558 7
0.0834051 10
0.0843926 11
0.0853342 10
0.0864691 16
0.0875326 8
0.0883169 15
0.0893654 9
0.0904664 10
0.0915163 8
0.0924175 13
0.0936084 10
0.0943949 10
0.0956102 10
0.0963349 8
0.0973177 10
0.0984716 17
0.0992706 6
0.0998996 1
