-0.0995688 29
-0.0985018 35
-0.0974418 29
-0.0965037 26
-0.095458 33
-0.094507 32
-0.0935836 30
-0.0924421 30
-0.091469 25
-0.0904553 33
-0.0894718 30
-0.088469 34
-0.0874314 17
-0.0864574 26
-0.085498 33
-0.0844489 31
-0.0835922 32
-0.0824771 35
-0.0814832 29
-0.0804182 33
-0.0794796 28
-0.0784382 29
-0.0775355 22
-0.0765275 35
-0.0755039 32
-0.0744549 29
-0.0734797 27
-0.0724822 35
-0.0714896 36
-0.0704549 22
-0.0695213 34
-0.0684782 31
-0.0674867 35
-0.0664626 31
-0.0654602 23
-0.0644708 34
-0.0634797 38
-0.0624766 36
-0.0615401 23
-0.060479 32
-0.0595251 28
-0.0585036 34
-0.0574328 38
-0.0565594 27
-0.0554862 21
-0.0545007 30
-0.0534944 29
-0.0524767 25
-0.0514067 30
-0.0505061 36
-0.0495491 29
-0.0484602 23
-0.0476658 24
-0.0463924 33
-0.045551 27
-0.0444809 40
-0.0434768 32
-0.0424392 30
-0.0415432 28
-0.0405075 37
-0.0394439 37
-0.0384253 29
-0.0375325 24
-0.0364405 38
-0.0355807 32
-0.0345279 28
-0.0335903 24
-0.0325597 32
-0.0315149 34
-0.0304517 28
-0.029516 31
-0.0285256 31
-0.0275308 35
-0.0265081 32
-0.0256057 26
-0.0245187 28
-0.0234839 25
-0.0225882 28
-0.0214881 43
-0.0205102 26
-0.0195189 39
-0.0185412 26
-0.0174354 37
-0.0165737 27
-0.0154925 31
-0.0144777 36
-0.0134532 38
-0.0125092 34
-0.0114545 29
-0.0104531 32
-0.00949499 38
-0.00860739 35
-0.00739908 39
-0.0065416 29
-0.0054797 36
-0.00444845 36
-0.00346313 35
-0.0025121 27
-0.00146189 18
-0.000565338 30
0.000473176 28
0.00148714 36
0.00249854 33
0.00349286 30
0.00453686 37
0.00556404 25
0.00649003 27
0.00750868 32
0.00850335 32
0.00951383 25
0.0104385 31
0.0115791 21
0.0124958 35
0.0134476 33
0.0145195 37
0.0155348 28
0.0164464 30
0.0174317 26
0.0184625 40
0.0194853 29
0.0204462 28
0.021407 31
0.0224927 27
0.0234363 43
0.0244934 34
0.0255021 30
0.0264792 38
0.0275494 21
0.0284469 27
0.0295583 27
0.0304192 31
0.0315193 17
0.0324769 35
0.0335536 26
0.0345624 19
0.0355627 29
0.0364129 35
0.037493 45
0.0384751 21
0.0394534 38
0.0404758 27
0.0415676 33
0.0425214 43
0.0434247 39
0.044417 31
0.0454917 21
0.0464634 37
0.0474191 31
0.0484634 34
0.0496198 26
0.0505028 30
0.0513559 25
0.0524116 33
0.0534648 28
0.0543924 25
0.0554773 38
0.056411 35
0.0574494 32
0.0584502 33
0.0594948 38
0.0604593 31
0.0614603 39
0.0625053 30
0.0634511 22
0.0644366 37
0.0655196 27
0.0664622 37
0.0675295 37
0.0684637 25
0.0694993 37
0.0704699 29
0.0714682 36
0.0724685 37
0.0734754 34
0.0744682 30
0.0755418 21
0.0765032 34
0.0774425 35
0.0785183 19
0.0793855 30
0.0804626 26
0.0813773 31
0.0824567 31
0.0835817 28
0.0844285 26
0.0854121 26
0.0864574 30
0.0875456 37
0.0884507 34
0.089449 34
0.0904296 27
0.0915543 17
0.0925929 20
0.093464 31
0.0945433 31
0.0954627 32
0.0965429 23
0.0973781 33
0.0983982 31
0.0994968 34
0.09996 1
