-0.0995086 32
-0.0985183 31
-0.09753 38
-0.0963339 25
-0.0954662 33
-0.0945408 32
-0.0934874 29
-0.0925166 20
-0.0915285 33
-0.09053 26
-0.0894447 35
-0.0885102 19
-0.087511 22
-0.0865093 33
-0.0854456 31
-0.0844659 17
-0.0835695 38
-0.0825701 47
-0.0814841 31
-0.080519 37
-0.079481 33
-0.0785079 27
-0.077495 25
-0.0765401 31
-0.0754729 35
-0.0745195 36
-0.0734955 22
-0.072495 33
-0.071469 25
-0.0705162 29
-0.0694296 31
-0.0684507 26
-0.0675464 27
-0.0665562 33
-0.0655647 30
-0.0644552 35
-0.0635627 31
-0.0625122 38
-0.0615674 23
-0.0604758 34
-0.0594729 30
-0.0585401 32
-0.0574754 35
-0.0565965 46
-0.0554762 27
-0.0544787 34
-0.0533893 33
-0.0524715 42
-0.0515138 30
-0.0504689 26
-0.0493579 31
-0.0484596 36
-0.0475301 28
-0.0464679 24
-0.0455107 29
-0.0444929 27
-0.0435104 35
-0.0424028 30
-0.0415381 39
-0.0405494 26
-0.0394755 46
-0.03846 34
-0.0373959 27
-0.0363672 27
-0.0354445 32
-0.0345484 36
-0.0335101 29
-0.0324736 28
-0.031493 27
-0.030501 29
-0.0294578 38
-0.0285616 47
-0.0275324 28
-0.0265873 30
-0.0254836 31
-0.0246034 30
-0.0234894 33
-0.0224966 33
-0.0213615 29
-0.0205029 23
-0.0193901 34
-0.0185517 29
-0.0174857 35
-0.0164972 43
-0.0154135 28
-0.0144817 35
-0.0135174 28
-0.0124722 36
-0.0114786 36
-0.0104486 31
-0.00938584 32
-0.00848458 24
-0.00757966 36
-0.00649783 25
-0.00546113 43
-0.00451905 38
-0.00357482 34
-0.00250667 33
-0.00154237 44
-0.000519617 36
0.000459237 40
0.001488 19
0.00247218 24
0.00358398 26
0.00446081 24
0.00548864 33
0.00644834 34
0.00746027 28
0.00854837 34
0.00947067 26
0.0104819 22
0.0114525 26
0.0124648 28
0.0134679 34
0.0144963 35
0.0155087 35
0.0164793 31
0.0175208 31
0.018409 26
0.0194741 41
0.0204359 24
0.0215377 35
0.0226134 32
0.0234982 30
0.0244352 27
0.0254779 24
0.0265316 36
0.0275698 34
0.0285032 28
0.0294721 31
0.03045 30
0.0314687 40
0.0325449 24
0.0334855 24
0.0344595 32
0.0354503 32
0.0366037 20
0.0375103 24
0.0384321 24
0.0395068 31
0.0404464 21
0.0414034 37
0.0425136 30
0.0435138 34
0.0445613 29
0.0454843 32
0.0465252 31
0.0474498 27
0.0484604 28
0.0494865 29
0.0506038 27
0.0514889 41
0.0524713 24
0.0533889 19
0.0544459 35
0.0554823 34
0.0564735 30
0.0574594 28
0.0583942 29
0.0595889 30
0.0604747 23
0.0615486 28
0.062481 34
0.0635604 33
0.0644816 38
0.0655211 36
0.0664725 30
0.0674825 26
0.0684438 25
0.0694139 35
0.070511 41
0.0715192 31
0.0724549 27
0.0734327 26
0.074417 21
0.0755696 42
0.0764331 22
0.0774733 37
0.0784525 42
0.0794468 28
0.0805217 26
0.0814591 44
0.0824376 31
0.083542 35
0.0843554 32
0.085382 28
0.0864175 28
0.0874214 36
0.0884547 35
0.0894919 20
0.0904681 28
0.091391 32
0.0923848 24
0.0934608 34
0.0943917 30
0.0954774 31
0.0965136 33
0.0975768 30
0.0985628 30
0.0995331 18
0.0999827 1
