-0.0993314 12
-0.0983761 11
-0.0972759 10
-0.0963667 8
-0.095309 14
-0.0943144 7
-0.0933276 10
-0.0923021 17
-0.091257 8
-0.0903071 7
-0.0894122 14
-0.0881199 4
-0.0873566 17
-0.0864286 18
-0.0851497 8
-0.0843267 8
-0.0834375 14
-0.0824218 10
-0.0812298 8
-0.0803138 16
-0.0794381 10
-0.0782941 10
-0.0773183 13
-0.0763844 11
-0.0753842 9
-0.0743123 10
-0.0733642 10
-0.0723356 13
-0.0715018 9
-0.0704319 14
-0.0692556 11
-0.0683706 11
-0.067353 11
-0.0663423 7
-0.0654051 11
-0.0643803 11
-0.0635176 13
-0.0624699 11
-0.0613633 8
-0.0603085 5
-0.0592303 16
-0.0584234 15
-0.0574286 10
-0.0563226 8
-0.0552479 10
-0.0542667 6
-0.0533759 8
-0.0524379 12
-0.0513605 14
-0.0503027 8
-0.0493321 10
-0.0485289 9
-0.0474584 15
-0.0463573 8
-0.0453884 8
-0.0443847 12
-0.0434053 6
-0.0424741 13
-0.0414889 9
-0.0402931 7
-0.0395188 6
-0.0385051 5
-0.0373162 15
-0.0364655 10
-0.0353507 15
-0.0345505 10
-0.0334579 10
-0.0323483 9
-0.0314578 13
-0.030453 9
-0.0294104 8
-0.0282019 5
-0.0273653 7
-0.0264795 12
-0.0252613 5
-0.0244834 15
-0.0234598 10
-0.0223655 9
-0.021436 8
-0.0203978 8
-0.0194783 11
-0.0183672 9
-0.0173982 12
-0.01647 9
-0.0155344 11
-0.0144243 11
-0.0134325 11
-0.01216 3
-0.0114007 17
-0.0104347 8
-0.0093647 16
-0.00846753 9
-0.00741499 10
-0.00652809 9
-0.00541886 8
-0.00446158 9
-0.00346435 11
-0.00246731 11
-0.00128861 9
-0.000430235 11
0.000505542 16
0.00156807 9
0.00261626 13
0.00354548 9
0.00453674 16
0.00557875 15
0.00664102 14
0.00753725 14
0.00859469 11
0.00962388 16
0.0105476 13
0.0114836 15
0.012659 12
0.0136496 10
0.0145421 10
0.015414 13
0.0166438 6
0.0173277 10
0.0184994 12
0.0194733 12
0.020579 8
0.0215319 7
0.0225857 12
0.0236559 12
0.0244269 8
0.025463 9
0.0266814 12
0.0273809 10
0.0285492 13
0.0293987 11
0.0306038 9
0.0314356 12
0.0325398 7
0.0337894 5
0.0344975 7
0.0353952 6
0.0365819 6
0.0376143 10
0.0383523 8
0.0395713 6
0.0403374 6
0.0415547 14
0.0425885 14
0.0433873 12
0.0444045 12
0.0453652 4
0.0465931 9
0.0476898 12
0.0485463 8
0.0496019 14
0.0504913 10
0.0514591 4
0.0524992 17
0.0533752 11
0.0545178 9
0.0555035 14
0.0563024 10
0.0575526 9
0.0585642 9
0.0594343 8
0.0603826 14
0.0616448 9
0.0625483 9
0.0634411 9
0.0645532 14
0.0654896 20
0.0664875 1
0.0676917 11
0.0684449 10
0.0696028 12
0.0703513 10
0.0714945 4
0.0724334 11
0.0734927 9
0.0745127 11
0.0753336 10
0.0763699 10
0.0771711 4
0.0785191 15
0.0796158 10
0.0804154 11
0.0811662 4
0.0825415 8
0.0834785 12
0.0844497 12
0.085498 6
0.0863741 8
0.0874548 10
0.0885509 14
0.0893 7
0.090464 18
0.0914861 16
0.0923526 14
0.0934262 7
0.0945444 6
0.095382 15
0.0963779 15
0.0974052 10
0.0983945 15
0.099454 12
0 0
