0.000000 0.000000 0.000000 0.000000 0.000000 
35.949036 0.000000 0.000000 0.000000 0.000000 
34.074074 0.000000 0.000000 0.000000 0.000000 
34.213177 0.000000 0.000000 0.000000 0.000000 
33.554420 0.000000 0.000000 0.000000 0.000000 
35.855495 0.000000 0.000000 0.000000 0.000000 
34.205143 0.000000 0.000000 0.000000 0.000000 
33.933468 0.000000 0.000000 0.000000 0.000000 
35.472744 0.000000 0.000000 0.000000 0.000000 
38.139709 0.000000 0.000000 0.000000 0.000000 
34.512680 0.000000 0.000000 0.000000 0.000000 
35.527699 0.000000 0.000000 0.000000 0.000000 
35.819351 0.000000 0.000000 0.000000 0.000000 
32.892418 0.000000 0.000000 0.000000 0.000000 
35.638279 0.000000 0.000000 0.000000 0.000000 
36.248196 0.000000 0.000000 0.000000 0.000000 
33.763885 0.000000 0.000000 0.000000 0.000000 
35.213306 0.000000 0.000000 0.000000 0.000000 
36.906075 0.000000 0.000000 0.000000 0.000000 
32.114254 0.000000 0.000000 0.000000 0.000000 
35.217701 0.000000 0.000000 0.000000 0.000000 
35.748558 0.000000 0.000000 0.000000 0.000000 
34.467991 0.000000 0.000000 0.000000 0.000000 
32.437477 0.000000 0.000000 0.000000 0.000000 
32.640442 0.000000 0.000000 0.000000 0.000000 
33.767448 0.000000 0.000000 0.000000 0.000000 
34.819035 0.000000 0.000000 0.000000 0.000000 
34.466217 0.000000 0.000000 0.000000 0.000000 
32.716778 0.000000 0.000000 0.000000 0.000000 
34.693073 0.000000 0.000000 0.000000 0.000000 
35.650307 0.000000 0.000000 0.000000 0.000000 
34.375004 0.000000 0.000000 0.000000 0.000000 
36.035496 0.000000 0.000000 0.000000 0.000000 
36.959984 0.000000 0.000000 0.000000 0.000000 
35.123314 0.000000 0.000000 0.000000 0.000000 
34.649120 0.000000 0.000000 0.000000 0.000000 
34.336143 0.000000 0.000000 0.000000 0.000000 
34.406620 0.000000 0.000000 0.000000 0.000000 
35.322796 0.000000 0.000000 0.000000 0.000000 
34.392834 0.000000 0.000000 0.000000 0.000000 
33.128078 0.000000 0.000000 0.000000 0.000000 
34.488422 0.000000 0.000000 0.000000 0.000000 
34.946220 0.000000 0.000000 0.000000 0.000000 
34.956299 0.000000 0.000000 0.000000 0.000000 
