-0.0994358 29
-0.098468 32
-0.0974852 32
-0.0965102 37
-0.0955835 27
-0.0944716 35
-0.0934479 24
-0.0924973 37
-0.091467 36
-0.090416 29
-0.0896453 27
-0.0885704 30
-0.0874108 31
-0.0864516 24
-0.0854797 36
-0.084452 30
-0.0835169 39
-0.0825187 24
-0.0814793 27
-0.0804892 41
-0.0797235 29
-0.0785297 30
-0.0775188 39
-0.0764791 28
-0.0756078 25
-0.0744809 26
-0.073486 28
-0.0724587 27
-0.0715045 42
-0.070437 36
-0.0694427 36
-0.0685233 24
-0.0674471 33
-0.0664834 28
-0.0655362 30
-0.0644712 35
-0.0635127 25
-0.0624767 32
-0.0615607 29
-0.060455 48
-0.0594948 25
-0.0584893 31
-0.0574788 32
-0.0564961 36
-0.0555285 25
-0.0544467 32
-0.0535569 40
-0.0525009 25
-0.051532 33
-0.0504594 30
-0.0495181 23
-0.0485001 24
-0.0474675 33
-0.0465515 35
-0.0454474 30
-0.0445162 33
-0.0434354 26
-0.0424632 30
-0.0414414 28
-0.0405558 38
-0.0394985 30
-0.0384005 33
-0.0375902 33
-0.036441 20
-0.0353999 25
-0.0345139 24
-0.0335642 26
-0.0324402 29
-0.0316527 29
-0.0305177 32
-0.0295217 25
-0.0286145 38
-0.0274969 31
-0.0264849 39
-0.0255472 36
-0.0244981 28
-0.0235297 41
-0.0225329 25
-0.0215065 39
-0.0204923 20
-0.0194903 29
-0.0186173 22
-0.017504 24
-0.0165319 32
-0.0155643 20
-0.0144983 25
-0.0134144 29
-0.0125193 31
-0.0115013 35
-0.0104801 35
-0.00950175 30
-0.00863524 30
-0.00752492 26
-0.0064761 31
-0.00547231 27
-0.00447195 26
-0.00353812 30
-0.00253867 29
-0.00150103 36
-0.00053665 31
0.000301152 22
0.00140672 26
0.00259151 29
0.0035579 33
0.00447734 41
0.00549064 30
0.00642101 33
0.00752709 29
0.00848248 27
0.00942191 33
0.0104418 35
0.011484 37
0.0125284 26
0.0133947 22
0.0143869 22
0.0155184 31
0.0165117 31
0.0174255 37
0.0185061 42
0.0194957 37
0.0204814 36
0.0214736 34
0.0226054 24
0.0235211 25
0.0243995 19
0.0254562 25
0.026393 37
0.0274532 29
0.0284672 37
0.0295358 29
0.0304169 31
0.031496 31
0.0324269 35
0.0334641 30
0.0345184 39
0.0353927 30
0.0365861 39
0.0375646 24
0.0385319 28
0.0393578 17
0.0405421 26
0.0414568 30
0.042525 24
0.0434578 29
0.0443759 30
0.0455406 28
0.0465234 32
0.04739 19
0.0484227 25
0.0493816 26
0.0503909 31
0.0515386 33
0.0524608 31
0.0534043 35
0.0543852 27
0.0555294 36
0.0564391 22
0.0574786 28
0.0584468 30
0.0595617 29
0.0604547 44
0.0614863 33
0.0624667 32
0.0635133 23
0.0644892 36
0.0654512 24
0.0664251 25
0.0674886 32
0.0684489 36
0.069456 24
0.0703659 31
0.0714954 35
0.0724138 34
0.0734633 41
0.0744823 34
0.0753742 25
0.0764957 32
0.0774926 41
0.078457 30
0.0794545 29
0.0804869 47
0.081494 30
0.0824131 26
0.0834333 33
0.0844276 35
0.085466 39
0.0865421 34
0.087525 29
0.0884268 30
0.0893573 33
0.0903613 34
0.0913196 32
0.0924336 27
0.093469 27
0.0945166 30
0.0953042 27
0.0964017 33
0.0974148 49
0.0984925 35
0.0994548 32
0.0999454 1
