-0.0995506 38
-0.0984065 32
-0.097432 35
-0.0964514 39
-0.0954105 29
-0.0945499 44
-0.0934886 26
-0.0924855 31
-0.0914587 31
-0.0904618 28
-0.0894123 33
-0.088435 26
-0.0873874 30
-0.0864404 33
-0.0854782 30
-0.0844511 36
-0.0833302 31
-0.0824185 29
-0.0815516 32
-0.0804795 34
-0.0794667 24
-0.0783989 22
-0.0774955 25
-0.0764303 17
-0.0755282 30
-0.0743401 26
-0.073479 33
-0.072528 32
-0.0714823 25
-0.0705099 30
-0.0695045 22
-0.0684387 31
-0.0674593 30
-0.0664401 21
-0.0655353 23
-0.0644377 31
-0.0634678 37
-0.0624753 37
-0.0614964 28
-0.0604736 28
-0.0594726 42
-0.0586068 28
-0.0575242 45
-0.0564478 37
-0.0555077 32
-0.0544002 27
-0.0535109 31
-0.0525158 37
-0.0515056 24
-0.0504336 34
-0.0495819 34
-0.0485193 29
-0.0474687 30
-0.0465149 32
-0.0455119 30
-0.0445123 23
-0.0435356 27
-0.0425179 27
-0.0414483 28
-0.0405447 39
-0.039422 28
-0.0385071 33
-0.0375701 37
-0.036463 29
-0.0354412 33
-0.0345072 32
-0.0336302 31
-0.0325726 27
-0.0314771 23
-0.0304802 25
-0.0295965 30
-0.028461 29
-0.0274621 26
-0.0264759 29
-0.0254984 31
-0.0245299 26
-0.0235119 31
-0.0224515 26
-0.0215664 34
-0.0204944 29
-0.0195731 30
-0.0184983 39
-0.0175243 37
-0.0165151 33
-0.0155874 27
-0.0145759 37
-0.0135329 33
-0.0124627 35
-0.0115583 35
-0.01041 43
-0.00952558 24
-0.00857678 42
-0.00752467 28
-0.0064625 27
-0.00552772 35
-0.00456248 34
-0.00361009 35
-0.00255728 36
-0.00151481 38
-0.000489732 33
0.000416099 25
0.00143095 38
0.00240543 39
0.00345627 25
0.00442622 34
0.00541209 39
0.00648724 39
0.00742754 26
0.00842266 24
0.00949948 33
0.0104283 44
0.0114377 19
0.0124639 34
0.0134742 27
0.0144152 33
0.0154448 29
0.016398 28
0.0174079 33
0.0184307 26
0.0194489 35
0.0204876 35
0.0215058 25
0.0224391 31
0.0234296 35
0.0244384 32
0.0255378 35
0.0264152 24
0.0274248 31
0.0284272 30
0.0294009 30
0.0305129 35
0.0313173 23
0.0324214 41
0.0333893 38
0.0343513 26
0.0354814 27
0.036406 31
0.037444 25
0.0383803 36
0.0393971 19
0.040473 31
0.0414229 41
0.0423855 31
0.0434232 20
0.0443663 28
0.0455108 34
0.0464303 39
0.0474665 31
0.0484156 31
0.0493292 20
0.0503907 28
0.0513845 25
0.0524524 34
0.0533938 28
0.0543478 32
0.0554789 33
0.0563782 29
0.0573702 33
0.0583818 30
0.0593384 34
0.0603683 39
0.0612977 23
0.062407 29
0.0634251 35
0.0643665 21
0.0653065 21
0.0664522 31
0.0673027 27
0.0683443 27
0.0693284 21
0.0703768 25
0.0714416 31
0.0724484 28
0.0733526 31
0.0743951 22
0.075412 32
0.0764362 22
0.0773805 29
0.0784223 39
0.0795143 41
0.0803405 28
0.0813264 32
0.0824348 30
0.0834155 26
0.0844695 30
0.0852948 44
0.0863377 38
0.0874378 30
0.0883963 44
0.0893399 35
0.0902885 29
0.0914582 30
0.0923201 28
0.0933636 33
0.0943619 35
0.0952987 32
0.0964872 33
0.0973629 31
0.0984486 26
0.0993988 30
0.099871 1
