-0.0994977 17
-0.0983708 6
-0.0974347 11
-0.0965484 8
-0.0952975 13
-0.0943113 11
-0.0934365 4
-0.0925777 7
-0.0914832 6
-0.0904729 13
-0.089543 8
-0.0884096 10
-0.0874271 7
-0.0864761 15
-0.0853624 7
-0.0842742 8
-0.0834638 7
-0.08258 10
-0.081433 15
-0.0805121 10
-0.0794643 15
-0.0784266 10
-0.0774936 15
-0.0763737 10
-0.0753607 8
-0.0744633 12
-0.0733375 9
-0.072396 14
-0.0715571 9
-0.0705374 7
-0.0692537 3
-0.0683384 8
-0.0675182 11
-0.0665391 8
-0.065504 11
-0.0644346 10
-0.063362 8
-0.062439 12
-0.0613608 6
-0.0604809 15
-0.0593857 12
-0.0584833 9
-0.0575565 9
-0.0565389 15
-0.055488 6
-0.0546328 8
-0.0531982 11
-0.0523872 17
-0.0515106 7
-0.0504772 9
-0.0494474 9
-0.0483991 12
-0.0473547 9
-0.0465713 15
-0.0455053 9
-0.0444313 16
-0.0436397 9
-0.0423534 9
-0.0416241 5
-0.0403291 12
-0.0393649 13
-0.0384922 10
-0.0375877 9
-0.0364117 6
-0.0355114 12
-0.0345761 16
-0.0333076 10
-0.0326329 10
-0.0314042 9
-0.030324 7
-0.0292359 7
-0.02857 9
-0.0275134 11
-0.0264135 8
-0.0253912 8
-0.0245272 17
-0.0233492 9
-0.0225799 14
-0.0215077 10
-0.0206345 10
-0.0196183 10
-0.018573 9
-0.0175433 14
-0.0165456 10
-0.0153867 8
-0.0145322 16
-0.0134562 16
-0.0124527 15
-0.0115636 12
-0.0104855 10
-0.00960554 8
-0.00847056 15
-0.00737819 11
-0.0065238 13
-0.00546027 7
-0.0046073 9
-0.00338015 13
-0.00262747 10
-0.00159865 9
-0.000578871 17
0.000508462 16
0.00160061 10
0.00251918 10
0.00341688 8
0.00453067 16
0.00547036 11
0.00638981 9
0.00745396 9
0.00853038 17
0.0094603 12
0.0105824 8
0.0115618 6
0.0124686 11
0.0135368 18
0.0144762 5
0.0154763 14
0.0164243 13
0.0174702 8
0.0182529 3
0.0193123 8
0.0204241 13
0.0214509 10
0.0225168 5
0.0234408 11
0.024479 9
0.0254872 13
0.0264481 17
0.0276151 5
0.0284078 10
0.0293602 6
0.0305017 11
0.0314012 9
0.0325679 5
0.0333873 16
0.0343552 6
0.0353609 11
0.0365158 18
0.0372744 9
0.0383648 10
0.0394672 10
0.040307 13
0.0414457 12
0.0423739 7
0.0435768 8
0.0445283 12
0.0454158 8
0.0464824 12
0.0472901 8
0.0483404 8
0.0494641 10
0.0505528 6
0.0514251 9
0.0524794 10
0.0534368 7
0.0544256 6
0.0554605 15
0.0563836 6
0.0575767 18
0.0584012 6
0.0592783 15
0.0605346 13
0.0612645 14
0.0623096 11
0.0634366 13
0.0642259 11
0.0655084 9
0.066497 11
0.0675043 10
0.0683958 15
0.0693769 13
0.0702222 14
0.0713816 8
0.0721928 5
0.0733139 4
0.0742873 10
0.0753699 12
0.0764259 19
0.077399 15
0.0782545 8
0.0795149 17
0.0806037 7
0.0812515 9
0.0825175 11
0.0833737 10
0.0842749 9
0.0854078 14
0.0862321 10
0.0873983 9
0.0884065 10
0.0891869 9
0.0904947 7
0.0912548 12
0.0924207 13
0.093409 12
0.0942752 4
0.0954123 4
0.0963716 9
0.0973132 15
0.098357 13
0.0991805 9
0.0998988 1
