-0.0994642 12
-0.0984366 7
-0.0974958 12
-0.0963437 5
-0.095507 17
-0.0944611 12
-0.0934906 15
-0.0926184 17
-0.0915443 9
-0.0903294 11
-0.0895792 14
-0.0884529 11
-0.0873551 7
-0.0864448 16
-0.085617 9
-0.0844238 12
-0.0833002 6
-0.0825109 8
-0.0814102 17
-0.080573 8
-0.079371 7
-0.0783969 9
-0.0774379 10
-0.0763555 21
-0.0755072 7
-0.074679 6
-0.0735087 9
-0.0725995 14
-0.0714688 7
-0.0704494 8
-0.0695784 15
-0.0684495 12
-0.0674728 12
-0.0664577 10
-0.0654735 18
-0.0645428 8
-0.063535 12
-0.0627081 9
-0.0616027 17
-0.0607091 9
-0.0594235 11
-0.0585943 8
-0.0575705 17
-0.0565371 11
-0.0554446 12
-0.0544605 7
-0.0535872 8
-0.052424 13
-0.0513925 11
-0.0505954 9
-0.0495974 10
-0.0483954 8
-0.0474854 16
-0.046416 13
-0.0454606 14
-0.0445077 9
-0.0436033 10
-0.042618 10
-0.0415772 17
-0.0405787 9
-0.039352 13
-0.0385669 14
-0.0375802 8
-0.0366789 5
-0.0354686 8
-0.0346679 7
-0.0336159 8
-0.0325644 14
-0.0316112 10
-0.0303618 8
-0.029442 7
-0.0285808 13
-0.0273492 7
-0.0264671 10
-0.0252876 6
-0.0246007 11
-0.0235813 10
-0.0225326 6
-0.0214344 11
-0.020315 8
-0.0196576 13
-0.0185363 13
-0.0174509 15
-0.0167859 10
-0.0156325 10
-0.0146762 14
-0.0135605 16
-0.0127368 10
-0.0113136 6
-0.0107509 7
-0.00942226 8
-0.00850364 11
-0.00770041 8
-0.00661009 7
-0.00561851 10
-0.004339 13
-0.00361945 14
-0.00263173 12
-0.00158865 12
-0.000418591 14
0.00024602 11
0.00134629 12
0.0024495 19
0.0033129 13
0.00447968 15
0.00527998 12
0.00649303 6
0.00737876 9
0.00842207 14
0.00952447 10
0.0104264 15
0.0114082 13
0.0124404 9
0.013564 9
0.0144617 13
0.0153371 12
0.016437 6
0.0174079 9
0.0186229 6
0.0194031 9
0.0202741 8
0.0215973 12
0.0223811 12
0.023529 8
0.0244724 14
0.0253436 13
0.0262086 12
0.0273105 14
0.0282492 8
0.0293018 10
0.0301102 6
0.031393 12
0.0323808 13
0.0332904 2
0.034499 6
0.035516 9
0.0365258 7
0.0374395 13
0.0382463 13
0.0393026 7
0.0403018 11
0.0413456 7
0.0424196 13
0.0433726 7
0.0445446 11
0.04529 15
0.0464451 9
0.0474202 7
0.0482845 8
0.0494664 8
0.0504339 9
0.051527 7
0.0523904 12
0.0533161 12
0.054282 8
0.0553488 9
0.0562457 12
0.0574236 11
0.0584232 16
0.0594375 12
0.0601597 4
0.0613857 6
0.0624183 10
0.0633407 11
0.0643291 16
0.0651502 11
0.0662393 12
0.0673593 12
0.0685006 16
0.06929 10
0.0704967 7
0.071367 10
0.0724302 6
0.0733871 11
0.0743956 9
0.0752451 8
0.0763259 14
0.0772719 15
0.0784059 11
0.0792463 10
0.0802894 9
0.0814403 10
0.0823723 9
0.0833926 16
0.0844035 13
0.0853916 14
0.0863773 10
0.0873935 13
0.0882149 9
0.0892025 9
0.0903483 8
0.0913827 13
0.0922867 8
0.093264 13
0.0942142 4
0.0952673 7
0.096327 9
0.0973764 9
0.0982094 9
0.09942 10
0.0998384 1
