-0.389412 1
0 0
0 0
0 0
0 0
0 0
-0.353832 1
0 0
0 0
0 0
0 0
0 0
0 0
0 0
0 0
-0.308903 1
0 0
0 0
0 0
0 0
-0.28138 1
0 0
0 0
0 0
0 0
-0.257635 2
0 0
0 0
-0.241429 1
0 0
0 0
0 0
0 0
-0.212243 1
-0.207743 1
0 0
0 0
0 0
-0.186718 1
0 0
0 0
-0.172366 2
0 0
-0.160304 1
0 0
-0.152817 1
-0.147371 1
-0.142157 2
-0.137488 1
-0.130737 2
0 0
0 0
-0.113761 1
0 0
-0.104885 1
-0.0992398 1
0 0
0 0
-0.0843193 2
0 0
0 0
0 0
-0.0627094 1
0 0
-0.0532501 1
0 0
0 0
-0.0374704 1
-0.0307681 1
0 0
0 0
-0.0136378 1
-0.00918801 1
0 0
0.000447474 1
0.00433656 1
0 0
0 0
0 0
0.0263984 1
0.0322006 3
0.0370204 1
0 0
0.0467857 1
0 0
0 0
0.0617584 1
0.0702631 1
0.0759057 1
0 0
0.0812634 1
0 0
0.0923404 1
0.0984416 1
0 0
0.107743 1
0 0
0 0
0 0
0 0
0.137389 2
0 0
0 0
0.149271 1
0.15952 1
0.163893 1
0.169839 1
0 0
0 0
0.183928 1
0 0
0 0
0.199904 1
0 0
0 0
0 0
0 0
0 0
0 0
0 0
0.240499 3
0.246846 1
0 0
0 0
0 0
0 0
0 0
0 0
0 0
0 0
0 0
0.297626 1
0 0
0 0
0.315399 1
0.316812 1
0 0
0.330976 1
0 0
0 0
0 0
0 0
0 0
0 0
0 0
0 0
0 0
0 0
0 0
0 0
0.395038 1
0 0
0 0
0 0
0.416268 1
0 0
0 0
0 0
0 0
0 0
0 0
0 0
0 0
0 0
0 0
0 0
0 0
0 0
0 0
0 0
0 0
0 0
0 0
0 0
0 0
0 0
0 0
0 0
0 0
0 0
0 0
0 0
0 0
0 0
0 0
0 0
0 0
0 0
0 0
0 0
0 0
0 0
0 0
0 0
0.625051 1
0 0
0 0
0 0
0 0
0 0
0.656349 1
