-0.396403 1
0 0
0 0
0 0
0 0
0 0
0 0
0 0
0 0
0 0
0 0
0 0
0 0
0 0
0 0
0 0
0 0
0 0
0 0
0 0
0 0
0 0
0 0
-0.297949 1
-0.293521 1
0 0
-0.286452 1
0 0
0 0
-0.274378 1
0 0
0 0
-0.263876 1
-0.258595 1
0 0
-0.251454 1
-0.24673 1
-0.24266 2
0 0
-0.23291 3
-0.227698 2
0 0
-0.222276 3
-0.216425 4
-0.212212 4
-0.209235 1
-0.204698 2
-0.198386 2
-0.194243 1
-0.192034 3
-0.187506 4
-0.183356 8
-0.179644 5
-0.174472 9
-0.171457 10
-0.166821 11
-0.162678 13
-0.158164 6
-0.153391 4
-0.150023 10
-0.145878 10
-0.142292 14
-0.137869 17
-0.134205 15
-0.129411 10
-0.124675 16
-0.121813 15
-0.116806 16
-0.112919 21
-0.109227 20
-0.104554 8
-0.100301 16
-0.0966304 23
-0.0926051 24
-0.0879812 24
-0.0839655 24
-0.08027 23
-0.0765585 22
-0.071378 31
-0.0673851 23
-0.0633504 28
-0.0593137 24
-0.0550548 27
-0.0508751 23
-0.0466594 39
-0.0426622 27
-0.0381817 21
-0.0342508 21
-0.0302754 32
-0.0264748 37
-0.0221882 33
-0.0178954 16
-0.0137845 28
-0.00914112 25
-0.00554452 38
-0.00148768 26
0.00269075 30
0.00672896 32
0.0110951 40
0.0150575 43
0.0192323 36
0.0232908 27
0.0273434 28
0.0317359 28
0.0355637 24
0.0402808 28
0.0441845 27
0.0483232 37
0.0523978 31
0.0563522 34
0.0606537 30
0.0648911 23
0.0686758 27
0.0729829 23
0.0770518 18
0.0808204 24
0.0852962 25
0.0891912 20
0.0935352 21
0.0976759 18
0.102041 20
0.106144 26
0.110016 14
0.114163 19
0.118988 17
0.122908 13
0.126931 14
0.131115 17
0.135144 12
0.139027 24
0.14378 9
0.147259 12
0.151299 19
0.155859 13
0.160297 6
0.164393 9
0.168237 11
0.172683 17
0.1768 9
0.180431 8
0.185166 8
0.188757 10
0.193345 15
0.197219 8
0.201196 7
0.205215 12
0.208931 3
0.212995 15
0.217165 7
0.221803 5
0.225185 2
0.229216 4
0.23404 3
0.238104 7
0.242627 5
0 0
0.250897 5
0.255653 6
0.25957 4
0.264232 8
0.267737 4
0.271918 4
0.277264 1
0.279248 5
0.285175 4
0.286708 1
0.292638 2
0.297502 3
0.29982 3
0.304337 1
0.308921 3
0.313918 3
0.317166 3
0.320901 2
0.325837 2
0 0
0 0
0.337151 1
0.340534 1
0 0
0.35081 1
0.356252 1
0.357095 1
0 0
0 0
0 0
0 0
0.37753 1
0 0
0 0
0 0
0.394369 2
0 0
0 0
0 0
0 0
0 0
0 0
0 0
0 0
0.430826 1
