-0.699008 1
0 0
0 0
0 0
0 0
0 0
0 0
0 0
0 0
0 0
0 0
0 0
-0.604914 1
0 0
-0.587615 2
0 0
-0.569747 2
-0.563463 2
-0.558876 1
0 0
0 0
-0.537311 1
0 0
-0.520125 3
-0.510002 1
0 0
-0.495115 2
-0.488376 4
-0.48065 4
-0.471858 4
-0.46571 3
-0.457003 4
-0.447469 2
-0.444404 2
-0.434728 2
-0.427308 5
-0.41962 4
-0.413085 2
-0.402933 5
-0.392882 1
-0.387498 3
-0.380152 5
-0.373168 7
-0.363794 6
-0.357587 7
-0.349489 11
-0.341983 11
-0.335698 13
-0.326315 6
-0.319636 6
-0.312225 10
-0.303644 7
-0.296074 13
-0.290244 9
-0.28156 16
-0.272398 14
-0.265202 11
-0.258455 13
-0.250617 13
-0.243089 13
-0.235581 19
-0.227173 21
-0.220443 18
-0.211946 25
-0.203939 21
-0.197103 22
-0.188252 28
-0.180931 31
-0.173247 26
-0.165662 34
-0.15766 37
-0.150761 39
-0.143138 36
-0.134911 69
-0.12747 56
-0.119646 47
-0.112183 59
-0.104049 65
-0.0967962 68
-0.088728 117
-0.0814736 100
-0.0741751 113
-0.0660503 120
-0.0583039 132
-0.0503638 120
-0.0428517 155
-0.0351363 153
-0.027591 147
-0.0197826 230
-0.0124869 256
-0.00476049 259
0.00203453 435
0.0106652 303
0.0185583 272
0.0253947 232
0.0337854 221
0.0413744 207
0.0491233 220
0.0566982 201
0.0646242 207
0.0721572 199
0.0799957 172
0.0872053 160
0.094684 78
0.102853 74
0.110606 49
0.117728 41
0.125527 30
0.133795 18
0.140561 16
0.14744 18
0.155811 7
0.163834 12
0.172193 11
0.177952 4
0.187292 12
0.194911 4
0.200662 2
0.21138 3
0.218137 4
0.225596 1
0.234191 3
0.240534 3
0.249268 4
0.257011 4
0.26266 2
0.26988 3
0.281082 1
0.2878 4
0.29175 2
0.301728 2
0 0
0 0
0.32673 3
0.332442 1
0.341105 2
0 0
0 0
0 0
0.370755 2
0.377218 2
0.387514 1
0 0
0.401483 2
0 0
0.418704 1
0 0
0 0
0.437009 1
0 0
0 0
0 0
0.473174 1
0 0
0 0
0.493096 3
0 0
0.50733 1
0 0
0 0
0 0
0 0
0.544161 1
0 0
0.560998 2
0 0
0 0
0 0
0 0
0 0
0 0
0 0
0 0
0.635786 1
0 0
0 0
0 0
0 0
0 0
0.675707 1
0 0
0 0
0 0
0 0
0.719484 1
0 0
0 0
0 0
0 0
0.755998 1
0 0
0 0
0 0
0 0
0 0
0 0
0 0
0 0
0 0
0 0
0.835614 1
