0.000000 0.000000 0.000000 0.000000 0.000000 
0.000000 0.000000 0.000000 0.000000 0.000000 
33.333332 0.000000 0.000000 0.000000 0.000000 
44.871792 0.000000 0.000000 0.000000 0.000000 
41.269844 0.000000 0.000000 0.000000 0.000000 
42.000000 0.000000 0.000000 0.000000 0.000000 
40.404037 0.000000 0.000000 0.000000 0.000000 
38.461536 0.000000 0.000000 0.000000 0.000000 
39.393936 0.000000 0.000000 0.000000 0.000000 
38.235291 0.000000 0.000000 0.000000 0.000000 
38.050308 0.000000 0.000000 0.000000 0.000000 
36.011902 0.000000 0.000000 0.000000 0.000000 
36.065571 0.000000 0.000000 0.000000 0.000000 
36.923073 0.000000 0.000000 0.000000 0.000000 
36.428566 0.000000 0.000000 0.000000 0.000000 
35.964909 0.000000 0.000000 0.000000 0.000000 
35.833328 0.000000 0.000000 0.000000 0.000000 
37.547890 0.000000 0.000000 0.000000 0.000000 
38.576778 0.000000 0.000000 0.000000 0.000000 
37.543858 0.000000 0.000000 0.000000 0.000000 
38.943886 0.000000 0.000000 0.000000 0.000000 
38.730148 0.000000 0.000000 0.000000 0.000000 
37.053562 0.000000 0.000000 0.000000 0.000000 
35.734455 0.000000 0.000000 0.000000 0.000000 
37.158459 0.000000 0.000000 0.000000 0.000000 
37.037025 0.000000 0.000000 0.000000 0.000000 
37.150116 0.000000 0.000000 0.000000 0.000000 
36.473419 0.000000 0.000000 0.000000 0.000000 
36.281174 0.000000 0.000000 0.000000 0.000000 
35.651207 0.000000 0.000000 0.000000 0.000000 
35.244152 0.000000 0.000000 0.000000 0.000000 
35.185177 0.000000 0.000000 0.000000 0.000000 
34.939751 0.000000 0.000000 0.000000 0.000000 
34.607834 0.000000 0.000000 0.000000 0.000000 
34.104038 0.000000 0.000000 0.000000 0.000000 
34.190468 0.000000 0.000000 0.000000 0.000000 
33.606552 0.000000 0.000000 0.000000 0.000000 
33.244202 0.000000 0.000000 0.000000 0.000000 
33.506039 0.000000 0.000000 0.000000 0.000000 
33.418362 0.000000 0.000000 0.000000 0.000000 
32.833328 0.000000 0.000000 0.000000 0.000000 
32.669979 0.000000 0.000000 0.000000 0.000000 
32.608688 0.000000 0.000000 0.000000 0.000000 
32.863846 0.000000 0.000000 0.000000 0.000000 
33.108105 0.000000 0.000000 0.000000 0.000000 
33.551670 0.000000 0.000000 0.000000 0.000000 
33.550724 0.000000 0.000000 0.000000 0.000000 
33.550724 0.000000 0.000000 0.000000 0.000000 
33.547009 0.000000 0.000000 0.000000 0.000000 
34.030685 0.000000 0.000000 0.000000 0.000000 
33.672089 0.000000 0.000000 0.000000 0.000000 
33.594772 0.000000 0.000000 0.000000 0.000000 
34.041187 0.000000 0.000000 0.000000 0.000000 
34.030422 0.000000 0.000000 0.000000 0.000000 
34.025162 0.000000 0.000000 0.000000 0.000000 
34.320992 0.000000 0.000000 0.000000 0.000000 
34.191181 0.000000 0.000000 0.000000 0.000000 
33.872906 0.000000 0.000000 0.000000 0.000000 
34.557117 0.000000 0.000000 0.000000 0.000000 
34.641644 0.000000 0.000000 0.000000 0.000000 
34.381905 0.000000 0.000000 0.000000 0.000000 
33.876228 0.000000 0.000000 0.000000 0.000000 
33.656963 0.000000 0.000000 0.000000 0.000000 
33.864124 0.000000 0.000000 0.000000 0.000000 
33.964252 0.000000 0.000000 0.000000 0.000000 
34.265015 0.000000 0.000000 0.000000 0.000000 
34.143875 0.000000 0.000000 0.000000 0.000000 
34.169128 0.000000 0.000000 0.000000 0.000000 
33.860157 0.000000 0.000000 0.000000 0.000000 
33.852692 0.000000 0.000000 0.000000 0.000000 
33.800190 0.000000 0.000000 0.000000 0.000000 
33.656513 0.000000 0.000000 0.000000 0.000000 
33.606560 0.000000 0.000000 0.000000 0.000000 
33.602150 0.000000 0.000000 0.000000 0.000000 
33.686069 0.000000 0.000000 0.000000 0.000000 
33.636364 0.000000 0.000000 0.000000 0.000000 
33.801022 0.000000 0.000000 0.000000 0.000000 
33.919594 0.000000 0.000000 0.000000 0.000000 
33.748959 0.000000 0.000000 0.000000 0.000000 
33.292385 0.000000 0.000000 0.000000 0.000000 
33.131069 0.000000 0.000000 0.000000 0.000000 
33.133492 0.000000 0.000000 0.000000 0.000000 
33.214569 0.000000 0.000000 0.000000 0.000000 
33.176468 0.000000 0.000000 0.000000 0.000000 
33.140873 0.000000 0.000000 0.000000 0.000000 
32.689388 0.000000 0.000000 0.000000 0.000000 
32.848618 0.000000 0.000000 0.000000 0.000000 
32.999256 0.000000 0.000000 0.000000 0.000000 
33.003662 0.000000 0.000000 0.000000 0.000000 
33.010056 0.000000 0.000000 0.000000 0.000000 
33.048431 0.000000 0.000000 0.000000 0.000000 
32.912281 0.000000 0.000000 0.000000 0.000000 
32.747932 0.000000 0.000000 0.000000 0.000000 
32.818928 0.000000 0.000000 0.000000 0.000000 
32.723576 0.000000 0.000000 0.000000 0.000000 
32.862900 0.000000 0.000000 0.000000 0.000000 
33.067726 0.000000 0.000000 0.000000 0.000000 
33.169609 0.000000 0.000000 0.000000 0.000000 
33.203117 0.000000 0.000000 0.000000 0.000000 
33.397926 0.000000 0.000000 0.000000 0.000000 
33.554707 0.000000 0.000000 0.000000 0.000000 
33.583954 0.000000 0.000000 0.000000 0.000000 
33.333328 0.000000 0.000000 0.000000 0.000000 
33.302406 0.000000 0.000000 0.000000 0.000000 
33.333328 0.000000 0.000000 0.000000 0.000000 
33.181259 0.000000 0.000000 0.000000 0.000000 
33.032486 0.000000 0.000000 0.000000 0.000000 
33.004772 0.000000 0.000000 0.000000 0.000000 
32.832737 0.000000 0.000000 0.000000 0.000000 
32.955196 0.000000 0.000000 0.000000 0.000000 
33.015038 0.000000 0.000000 0.000000 0.000000 
33.015587 0.000000 0.000000 0.000000 0.000000 
33.132866 0.000000 0.000000 0.000000 0.000000 
33.023117 0.000000 0.000000 0.000000 0.000000 
33.111103 0.000000 0.000000 0.000000 0.000000 
33.084568 0.000000 0.000000 0.000000 0.000000 
33.305820 0.000000 0.000000 0.000000 0.000000 
33.333324 0.000000 0.000000 0.000000 0.000000 
33.333324 0.000000 0.000000 0.000000 0.000000 
33.465809 0.000000 0.000000 0.000000 0.000000 
33.490559 0.000000 0.000000 0.000000 0.000000 
42.601444 0.000000 0.000000 0.000000 0.000000 
32.934128 0.000000 0.000000 0.000000 0.000000 
35.305950 0.000000 0.000000 0.000000 0.000000 
35.696957 0.000000 0.000000 0.000000 0.000000 
33.089443 0.000000 0.000000 0.000000 0.000000 
34.908001 0.000000 0.000000 0.000000 0.000000 
33.395054 0.000000 0.000000 0.000000 0.000000 
35.178249 0.000000 0.000000 0.000000 0.000000 
36.725300 0.000000 0.000000 0.000000 0.000000 
33.945908 0.000000 0.000000 0.000000 0.000000 
34.376328 0.000000 0.000000 0.000000 0.000000 
34.470173 0.000000 0.000000 0.000000 0.000000 
34.559120 0.000000 0.000000 0.000000 0.000000 
34.917538 0.000000 0.000000 0.000000 0.000000 
34.409298 0.000000 0.000000 0.000000 0.000000 
34.063747 0.000000 0.000000 0.000000 0.000000 
36.055336 0.000000 0.000000 0.000000 0.000000 
36.496174 0.000000 0.000000 0.000000 0.000000 
34.819817 0.000000 0.000000 0.000000 0.000000 
34.168922 0.000000 0.000000 0.000000 0.000000 
34.685902 0.000000 0.000000 0.000000 0.000000 
39.153442 0.000000 0.000000 0.000000 0.000000 
37.105633 0.000000 0.000000 0.000000 0.000000 
32.843136 0.000000 0.000000 0.000000 0.000000 
35.400509 0.000000 0.000000 0.000000 0.000000 
36.213989 0.000000 0.000000 0.000000 0.000000 
38.967812 0.000000 0.000000 0.000000 0.000000 
36.882713 0.000000 0.000000 0.000000 0.000000 
39.308796 0.000000 0.000000 0.000000 0.000000 
38.864986 0.000000 0.000000 0.000000 0.000000 
43.269230 0.000000 0.000000 0.000000 0.000000 
43.613041 0.000000 0.000000 0.000000 0.000000 
46.296291 0.000000 0.000000 0.000000 0.000000 
39.136894 0.000000 0.000000 0.000000 0.000000 
40.433479 0.000000 0.000000 0.000000 0.000000 
47.297298 0.000000 0.000000 0.000000 0.000000 
45.082691 0.000000 0.000000 0.000000 0.000000 
44.553074 0.000000 0.000000 0.000000 0.000000 
45.454544 0.000000 0.000000 0.000000 0.000000 
43.273075 0.000000 0.000000 0.000000 0.000000 
43.559498 0.000000 0.000000 0.000000 0.000000 
29.333330 0.000000 0.000000 0.000000 0.000000 
44.989456 0.000000 0.000000 0.000000 0.000000 
45.484425 0.000000 0.000000 0.000000 0.000000 
44.962055 0.000000 0.000000 0.000000 0.000000 
43.682308 0.000000 0.000000 0.000000 0.000000 
41.170216 0.000000 0.000000 0.000000 0.000000 
40.225533 0.000000 0.000000 0.000000 0.000000 
39.926720 0.000000 0.000000 0.000000 0.000000 
40.147060 0.000000 0.000000 0.000000 0.000000 
46.153847 0.000000 0.000000 0.000000 0.000000 
41.902100 0.000000 0.000000 0.000000 0.000000 
40.927078 0.000000 0.000000 0.000000 0.000000 
39.743587 0.000000 0.000000 0.000000 0.000000 
42.139282 0.000000 0.000000 0.000000 0.000000 
41.993774 0.000000 0.000000 0.000000 0.000000 
42.938980 0.000000 0.000000 0.000000 0.000000 
38.856861 0.000000 0.000000 0.000000 0.000000 
39.365353 0.000000 0.000000 0.000000 0.000000 
45.299149 0.000000 0.000000 0.000000 0.000000 
43.452396 0.000000 0.000000 0.000000 0.000000 
42.523148 0.000000 0.000000 0.000000 0.000000 
44.767445 0.000000 0.000000 0.000000 0.000000 
41.685955 0.000000 0.000000 0.000000 0.000000 
41.472889 0.000000 0.000000 0.000000 0.000000 
41.475834 0.000000 0.000000 0.000000 0.000000 
42.068985 0.000000 0.000000 0.000000 0.000000 
41.884819 0.000000 0.000000 0.000000 0.000000 
37.749298 0.000000 0.000000 0.000000 0.000000 
41.515175 0.000000 0.000000 0.000000 0.000000 
41.965401 0.000000 0.000000 0.000000 0.000000 
42.808235 0.000000 0.000000 0.000000 0.000000 
41.512047 0.000000 0.000000 0.000000 0.000000 
41.195744 0.000000 0.000000 0.000000 0.000000 
38.048256 0.000000 0.000000 0.000000 0.000000 
40.261097 0.000000 0.000000 0.000000 0.000000 
40.556808 0.000000 0.000000 0.000000 0.000000 
43.358875 0.000000 0.000000 0.000000 0.000000 
40.593056 0.000000 0.000000 0.000000 0.000000 
40.643761 0.000000 0.000000 0.000000 0.000000 
43.059757 0.000000 0.000000 0.000000 0.000000 
41.394676 0.000000 0.000000 0.000000 0.000000 
41.397850 0.000000 0.000000 0.000000 0.000000 
41.042202 0.000000 0.000000 0.000000 0.000000 
41.345726 0.000000 0.000000 0.000000 0.000000 
41.666676 0.000000 0.000000 0.000000 0.000000 
40.149933 0.000000 0.000000 0.000000 0.000000 
40.369923 0.000000 0.000000 0.000000 0.000000 
39.691715 0.000000 0.000000 0.000000 0.000000 
40.480995 0.000000 0.000000 0.000000 0.000000 
41.440399 0.000000 0.000000 0.000000 0.000000 
43.297726 0.000000 0.000000 0.000000 0.000000 
44.003109 0.000000 0.000000 0.000000 0.000000 
39.999996 0.000000 0.000000 0.000000 0.000000 
37.941429 0.000000 0.000000 0.000000 0.000000 
40.417213 0.000000 0.000000 0.000000 0.000000 
41.606724 0.000000 0.000000 0.000000 0.000000 
39.601482 0.000000 0.000000 0.000000 0.000000 
38.823528 0.000000 0.000000 0.000000 0.000000 
39.174461 0.000000 0.000000 0.000000 0.000000 
39.876804 0.000000 0.000000 0.000000 0.000000 
39.999958 0.000000 0.000000 0.000000 0.000000 
43.436047 0.000000 0.000000 0.000000 0.000000 
42.970375 0.000000 0.000000 0.000000 0.000000 
36.111107 0.000000 0.000000 0.000000 0.000000 
39.325260 0.000000 0.000000 0.000000 0.000000 
40.378056 0.000000 0.000000 0.000000 0.000000 
38.596489 0.000000 0.000000 0.000000 0.000000 
41.287888 0.000000 0.000000 0.000000 0.000000 
42.494736 0.000000 0.000000 0.000000 0.000000 
35.544216 0.000000 0.000000 0.000000 0.000000 
39.870468 0.000000 0.000000 0.000000 0.000000 
39.838665 0.000000 0.000000 0.000000 0.000000 
41.581875 0.000000 0.000000 0.000000 0.000000 
39.702152 0.000000 0.000000 0.000000 0.000000 
33.333332 0.000000 0.000000 0.000000 0.000000 
41.050224 0.000000 0.000000 0.000000 0.000000 
40.809967 0.000000 0.000000 0.000000 0.000000 
41.866661 0.000000 0.000000 0.000000 0.000000 
43.111599 0.000000 0.000000 0.000000 0.000000 
41.532833 0.000000 0.000000 0.000000 0.000000 
40.079350 0.000000 0.000000 0.000000 0.000000 
40.310135 0.000000 0.000000 0.000000 0.000000 
39.520725 0.000000 0.000000 0.000000 0.000000 
40.484615 0.000000 0.000000 0.000000 0.000000 
39.567284 0.000000 0.000000 0.000000 0.000000 
33.950619 0.000000 0.000000 0.000000 0.000000 
40.357162 0.000000 0.000000 0.000000 0.000000 
40.274139 0.000000 0.000000 0.000000 0.000000 
38.557220 0.000000 0.000000 0.000000 0.000000 
40.491047 0.000000 0.000000 0.000000 0.000000 
39.679611 0.000000 0.000000 0.000000 0.000000 
41.181236 0.000000 0.000000 0.000000 0.000000 
42.137836 0.000000 0.000000 0.000000 0.000000 
42.285545 0.000000 0.000000 0.000000 0.000000 
40.721622 0.000000 0.000000 0.000000 0.000000 
40.396378 0.000000 0.000000 0.000000 0.000000 
44.642853 0.000000 0.000000 0.000000 0.000000 
41.094780 0.000000 0.000000 0.000000 0.000000 
38.902660 0.000000 0.000000 0.000000 0.000000 
41.269848 0.000000 0.000000 0.000000 0.000000 
43.162430 0.000000 0.000000 0.000000 0.000000 
41.890793 0.000000 0.000000 0.000000 0.000000 
40.341888 0.000000 0.000000 0.000000 0.000000 
40.264969 0.000000 0.000000 0.000000 0.000000 
40.302013 0.000000 0.000000 0.000000 0.000000 
39.320354 0.000000 0.000000 0.000000 0.000000 
40.394314 0.000000 0.000000 0.000000 0.000000 
39.743584 0.000000 0.000000 0.000000 0.000000 
40.232582 0.000000 0.000000 0.000000 0.000000 
39.840054 0.000000 0.000000 0.000000 0.000000 
28.107346 0.000000 0.000000 0.000000 0.000000 
36.811054 0.000000 0.000000 0.000000 0.000000 
38.216457 0.000000 0.000000 0.000000 0.000000 
41.002934 0.000000 0.000000 0.000000 0.000000 
39.994396 0.000000 0.000000 0.000000 0.000000 
40.322536 0.000000 0.000000 0.000000 0.000000 
41.211308 0.000000 0.000000 0.000000 0.000000 
42.348194 0.000000 0.000000 0.000000 0.000000 
37.083336 0.000000 0.000000 0.000000 0.000000 
37.458355 0.000000 0.000000 0.000000 0.000000 
39.171066 0.000000 0.000000 0.000000 0.000000 
41.269852 0.000000 0.000000 0.000000 0.000000 
38.123783 0.000000 0.000000 0.000000 0.000000 
38.008610 0.000000 0.000000 0.000000 0.000000 
40.028496 0.000000 0.000000 0.000000 0.000000 
38.671070 0.000000 0.000000 0.000000 0.000000 
46.212120 0.000000 0.000000 0.000000 0.000000 
37.839012 0.000000 0.000000 0.000000 0.000000 
38.237843 0.000000 0.000000 0.000000 0.000000 
34.477123 0.000000 0.000000 0.000000 0.000000 
38.143646 0.000000 0.000000 0.000000 0.000000 
39.565701 0.000000 0.000000 0.000000 0.000000 
37.885456 0.000000 0.000000 0.000000 0.000000 
40.520866 0.000000 0.000000 0.000000 0.000000 
39.993294 0.000000 0.000000 0.000000 0.000000 
38.049431 0.000000 0.000000 0.000000 0.000000 
37.416439 0.000000 0.000000 0.000000 0.000000 
43.223438 0.000000 0.000000 0.000000 0.000000 
42.165573 0.000000 0.000000 0.000000 0.000000 
39.725189 0.000000 0.000000 0.000000 0.000000 
38.581963 0.000000 0.000000 0.000000 0.000000 
40.680058 0.000000 0.000000 0.000000 0.000000 
39.422699 0.000000 0.000000 0.000000 0.000000 
37.371780 0.000000 0.000000 0.000000 0.000000 
39.852886 0.000000 0.000000 0.000000 0.000000 
52.173916 0.000000 0.000000 0.000000 0.000000 
37.668350 0.000000 0.000000 0.000000 0.000000 
38.120102 0.000000 0.000000 0.000000 0.000000 
39.201885 0.000000 0.000000 0.000000 0.000000 
39.438980 0.000000 0.000000 0.000000 0.000000 
40.442234 0.000000 0.000000 0.000000 0.000000 
38.832184 0.000000 0.000000 0.000000 0.000000 
38.734123 0.000000 0.000000 0.000000 0.000000 
38.047409 0.000000 0.000000 0.000000 0.000000 
39.812553 0.000000 0.000000 0.000000 0.000000 
39.812500 0.000000 0.000000 0.000000 0.000000 
40.420551 0.000000 0.000000 0.000000 0.000000 
38.493523 0.000000 0.000000 0.000000 0.000000 
37.416409 0.000000 0.000000 0.000000 0.000000 
41.877621 0.000000 0.000000 0.000000 0.000000 
39.990234 0.000000 0.000000 0.000000 0.000000 
44.791664 0.000000 0.000000 0.000000 0.000000 
42.359650 0.000000 0.000000 0.000000 0.000000 
40.807266 0.000000 0.000000 0.000000 0.000000 
37.076012 0.000000 0.000000 0.000000 0.000000 
37.943806 0.000000 0.000000 0.000000 0.000000 
34.074081 0.000000 0.000000 0.000000 0.000000 
37.684532 0.000000 0.000000 0.000000 0.000000 
38.014957 0.000000 0.000000 0.000000 0.000000 
40.395485 0.000000 0.000000 0.000000 0.000000 
41.918324 0.000000 0.000000 0.000000 0.000000 
40.648243 0.000000 0.000000 0.000000 0.000000 
39.532143 0.000000 0.000000 0.000000 0.000000 
37.999989 0.000000 0.000000 0.000000 0.000000 
41.530045 0.000000 0.000000 0.000000 0.000000 
40.021690 0.000000 0.000000 0.000000 0.000000 
40.925209 0.000000 0.000000 0.000000 0.000000 
41.307468 0.000000 0.000000 0.000000 0.000000 
40.753258 0.000000 0.000000 0.000000 0.000000 
40.075638 0.000000 0.000000 0.000000 0.000000 
42.898552 0.000000 0.000000 0.000000 0.000000 
41.169338 0.000000 0.000000 0.000000 0.000000 
48.022602 0.000000 0.000000 0.000000 0.000000 
40.449886 0.000000 0.000000 0.000000 0.000000 
39.967438 0.000000 0.000000 0.000000 0.000000 
37.274223 0.000000 0.000000 0.000000 0.000000 
38.342308 0.000000 0.000000 0.000000 0.000000 
39.065247 0.000000 0.000000 0.000000 0.000000 
37.810127 0.000000 0.000000 0.000000 0.000000 
38.024727 0.000000 0.000000 0.000000 0.000000 
43.115944 0.000000 0.000000 0.000000 0.000000 
41.538471 0.000000 0.000000 0.000000 0.000000 
39.362541 0.000000 0.000000 0.000000 0.000000 
37.948708 0.000000 0.000000 0.000000 0.000000 
36.672787 0.000000 0.000000 0.000000 0.000000 
36.984272 0.000000 0.000000 0.000000 0.000000 
38.282822 0.000000 0.000000 0.000000 0.000000 
37.638134 0.000000 0.000000 0.000000 0.000000 
37.531811 0.000000 0.000000 0.000000 0.000000 
37.005135 0.000000 0.000000 0.000000 0.000000 
37.438503 0.000000 0.000000 0.000000 0.000000 
39.776955 0.000000 0.000000 0.000000 0.000000 
38.799595 0.000000 0.000000 0.000000 0.000000 
26.666664 0.000000 0.000000 0.000000 0.000000 
37.521587 0.000000 0.000000 0.000000 0.000000 
39.767902 0.000000 0.000000 0.000000 0.000000 
41.575081 0.000000 0.000000 0.000000 0.000000 
40.518806 0.000000 0.000000 0.000000 0.000000 
39.957272 0.000000 0.000000 0.000000 0.000000 
40.599751 0.000000 0.000000 0.000000 0.000000 
39.393951 0.000000 0.000000 0.000000 0.000000 
35.135128 0.000000 0.000000 0.000000 0.000000 
37.356335 0.000000 0.000000 0.000000 0.000000 
38.009579 0.000000 0.000000 0.000000 0.000000 
40.720718 0.000000 0.000000 0.000000 0.000000 
38.416092 0.000000 0.000000 0.000000 0.000000 
38.528332 0.000000 0.000000 0.000000 0.000000 
37.577629 0.000000 0.000000 0.000000 0.000000 
38.550335 0.000000 0.000000 0.000000 0.000000 
40.419960 0.000000 0.000000 0.000000 0.000000 
37.010811 0.000000 0.000000 0.000000 0.000000 
38.097897 0.000000 0.000000 0.000000 0.000000 
39.045696 0.000000 0.000000 0.000000 0.000000 
38.240150 0.000000 0.000000 0.000000 0.000000 
38.407986 0.000000 0.000000 0.000000 0.000000 
40.469635 0.000000 0.000000 0.000000 0.000000 
39.973492 0.000000 0.000000 0.000000 0.000000 
37.676773 0.000000 0.000000 0.000000 0.000000 
36.857159 0.000000 0.000000 0.000000 0.000000 
37.559441 0.000000 0.000000 0.000000 0.000000 
39.140507 0.000000 0.000000 0.000000 0.000000 
39.833080 0.000000 0.000000 0.000000 0.000000 
31.735149 0.000000 0.000000 0.000000 0.000000 
38.421822 0.000000 0.000000 0.000000 0.000000 
38.452198 0.000000 0.000000 0.000000 0.000000 
40.354931 0.000000 0.000000 0.000000 0.000000 
39.724541 0.000000 0.000000 0.000000 0.000000 
39.169182 0.000000 0.000000 0.000000 0.000000 
38.278927 0.000000 0.000000 0.000000 0.000000 
39.234116 0.000000 0.000000 0.000000 0.000000 
51.219513 0.000000 0.000000 0.000000 0.000000 
38.216320 0.000000 0.000000 0.000000 0.000000 
36.917351 0.000000 0.000000 0.000000 0.000000 
39.191921 0.000000 0.000000 0.000000 0.000000 
39.434559 0.000000 0.000000 0.000000 0.000000 
39.387600 0.000000 0.000000 0.000000 0.000000 
37.135406 0.000000 0.000000 0.000000 0.000000 
38.147655 0.000000 0.000000 0.000000 0.000000 
33.198929 0.000000 0.000000 0.000000 0.000000 
36.666668 0.000000 0.000000 0.000000 0.000000 
38.439388 0.000000 0.000000 0.000000 0.000000 
40.198994 0.000000 0.000000 0.000000 0.000000 
38.041454 0.000000 0.000000 0.000000 0.000000 
40.234375 0.000000 0.000000 0.000000 0.000000 
38.938576 0.000000 0.000000 0.000000 0.000000 
38.614723 0.000000 0.000000 0.000000 0.000000 
38.633869 0.000000 0.000000 0.000000 0.000000 
39.156929 0.000000 0.000000 0.000000 0.000000 
37.584259 0.000000 0.000000 0.000000 0.000000 
37.800682 0.000000 0.000000 0.000000 0.000000 
38.744602 0.000000 0.000000 0.000000 0.000000 
38.786011 0.000000 0.000000 0.000000 0.000000 
39.326950 0.000000 0.000000 0.000000 0.000000 
37.904648 0.000000 0.000000 0.000000 0.000000 
37.762218 0.000000 0.000000 0.000000 0.000000 
36.976643 0.000000 0.000000 0.000000 0.000000 
58.333332 0.000000 0.000000 0.000000 0.000000 
40.552597 0.000000 0.000000 0.000000 0.000000 
38.757660 0.000000 0.000000 0.000000 0.000000 
35.563381 0.000000 0.000000 0.000000 0.000000 
37.417656 0.000000 0.000000 0.000000 0.000000 
39.115593 0.000000 0.000000 0.000000 0.000000 
42.356693 0.000000 0.000000 0.000000 0.000000 
40.093441 0.000000 0.000000 0.000000 0.000000 
35.606064 0.000000 0.000000 0.000000 0.000000 
37.240227 0.000000 0.000000 0.000000 0.000000 
39.470360 0.000000 0.000000 0.000000 0.000000 
35.702213 0.000000 0.000000 0.000000 0.000000 
36.884335 0.000000 0.000000 0.000000 0.000000 
36.607128 0.000000 0.000000 0.000000 0.000000 
36.455322 0.000000 0.000000 0.000000 0.000000 
36.944084 0.000000 0.000000 0.000000 0.000000 
45.582329 0.000000 0.000000 0.000000 0.000000 
39.117218 0.000000 0.000000 0.000000 0.000000 
38.895828 0.000000 0.000000 0.000000 0.000000 
37.887074 0.000000 0.000000 0.000000 0.000000 
39.915485 0.000000 0.000000 0.000000 0.000000 
39.135929 0.000000 0.000000 0.000000 0.000000 
40.500542 0.000000 0.000000 0.000000 0.000000 
40.095951 0.000000 0.000000 0.000000 0.000000 
30.000002 0.000000 0.000000 0.000000 0.000000 
40.021015 0.000000 0.000000 0.000000 0.000000 
40.003799 0.000000 0.000000 0.000000 0.000000 
39.486252 0.000000 0.000000 0.000000 0.000000 
40.179512 0.000000 0.000000 0.000000 0.000000 
33.333336 0.000000 0.000000 0.000000 0.000000 
39.217918 0.000000 0.000000 0.000000 0.000000 
40.103550 0.000000 0.000000 0.000000 0.000000 
38.112301 0.000000 0.000000 0.000000 0.000000 
38.144844 0.000000 0.000000 0.000000 0.000000 
29.310345 0.000000 0.000000 0.000000 0.000000 
38.307354 0.000000 0.000000 0.000000 0.000000 
39.029278 0.000000 0.000000 0.000000 0.000000 
41.337093 0.000000 0.000000 0.000000 0.000000 
41.472225 0.000000 0.000000 0.000000 0.000000 
40.632553 0.000000 0.000000 0.000000 0.000000 
41.432587 0.000000 0.000000 0.000000 0.000000 
39.986084 0.000000 0.000000 0.000000 0.000000 
42.244217 0.000000 0.000000 0.000000 0.000000 
37.482132 0.000000 0.000000 0.000000 0.000000 
37.596909 0.000000 0.000000 0.000000 0.000000 
40.766819 0.000000 0.000000 0.000000 0.000000 
39.305576 0.000000 0.000000 0.000000 0.000000 
39.528152 0.000000 0.000000 0.000000 0.000000 
35.376026 0.000000 0.000000 0.000000 0.000000 
35.433998 0.000000 0.000000 0.000000 0.000000 
39.403988 0.000000 0.000000 0.000000 0.000000 
36.666679 0.000000 0.000000 0.000000 0.000000 
39.033077 0.000000 0.000000 0.000000 0.000000 
39.714973 0.000000 0.000000 0.000000 0.000000 
39.624210 0.000000 0.000000 0.000000 0.000000 
38.709141 0.000000 0.000000 0.000000 0.000000 
37.373734 0.000000 0.000000 0.000000 0.000000 
37.417412 0.000000 0.000000 0.000000 0.000000 
39.583332 0.000000 0.000000 0.000000 0.000000 
36.789555 0.000000 0.000000 0.000000 0.000000 
38.400509 0.000000 0.000000 0.000000 0.000000 
36.936935 0.000000 0.000000 0.000000 0.000000 
38.929699 0.000000 0.000000 0.000000 0.000000 
39.590141 0.000000 0.000000 0.000000 0.000000 
37.179474 0.000000 0.000000 0.000000 0.000000 
36.300686 0.000000 0.000000 0.000000 0.000000 
35.919540 0.000000 0.000000 0.000000 0.000000 
35.604313 0.000000 0.000000 0.000000 0.000000 
36.577999 0.000000 0.000000 0.000000 0.000000 
35.937508 0.000000 0.000000 0.000000 0.000000 
37.592602 0.000000 0.000000 0.000000 0.000000 
38.034615 0.000000 0.000000 0.000000 0.000000 
40.151505 0.000000 0.000000 0.000000 0.000000 
39.463318 0.000000 0.000000 0.000000 0.000000 
34.057976 0.000000 0.000000 0.000000 0.000000 
38.254307 0.000000 0.000000 0.000000 0.000000 
37.465034 0.000000 0.000000 0.000000 0.000000 
40.430622 0.000000 0.000000 0.000000 0.000000 
41.126301 0.000000 0.000000 0.000000 0.000000 
41.277260 0.000000 0.000000 0.000000 0.000000 
36.958717 0.000000 0.000000 0.000000 0.000000 
38.342842 0.000000 0.000000 0.000000 0.000000 
41.666672 0.000000 0.000000 0.000000 0.000000 
41.648964 0.000000 0.000000 0.000000 0.000000 
41.082176 0.000000 0.000000 0.000000 0.000000 
38.057732 0.000000 0.000000 0.000000 0.000000 
37.221352 0.000000 0.000000 0.000000 0.000000 
38.425926 0.000000 0.000000 0.000000 0.000000 
37.714764 0.000000 0.000000 0.000000 0.000000 
36.737892 0.000000 0.000000 0.000000 0.000000 
40.380314 0.000000 0.000000 0.000000 0.000000 
40.556667 0.000000 0.000000 0.000000 0.000000 
39.114460 0.000000 0.000000 0.000000 0.000000 
39.296616 0.000000 0.000000 0.000000 0.000000 
38.738750 0.000000 0.000000 0.000000 0.000000 
38.836124 0.000000 0.000000 0.000000 0.000000 
37.053131 0.000000 0.000000 0.000000 0.000000 
37.547634 0.000000 0.000000 0.000000 0.000000 
40.000004 0.000000 0.000000 0.000000 0.000000 
41.274731 0.000000 0.000000 0.000000 0.000000 
39.571590 0.000000 0.000000 0.000000 0.000000 
37.413563 0.000000 0.000000 0.000000 0.000000 
39.313740 0.000000 0.000000 0.000000 0.000000 
30.681818 0.000000 0.000000 0.000000 0.000000 
36.780109 0.000000 0.000000 0.000000 0.000000 
37.109398 0.000000 0.000000 0.000000 0.000000 
35.294109 0.000000 0.000000 0.000000 0.000000 
37.260536 0.000000 0.000000 0.000000 0.000000 
37.523571 0.000000 0.000000 0.000000 0.000000 
37.379963 0.000000 0.000000 0.000000 0.000000 
39.647572 0.000000 0.000000 0.000000 0.000000 
41.496597 0.000000 0.000000 0.000000 0.000000 
37.691704 0.000000 0.000000 0.000000 0.000000 
37.848633 0.000000 0.000000 0.000000 0.000000 
39.688255 0.000000 0.000000 0.000000 0.000000 
40.055244 0.000000 0.000000 0.000000 0.000000 
40.134510 0.000000 0.000000 0.000000 0.000000 
37.990185 0.000000 0.000000 0.000000 0.000000 
38.265057 0.000000 0.000000 0.000000 0.000000 
64.583328 0.000000 0.000000 0.000000 0.000000 
36.410889 0.000000 0.000000 0.000000 0.000000 
39.296059 0.000000 0.000000 0.000000 0.000000 
38.529411 0.000000 0.000000 0.000000 0.000000 
38.521408 0.000000 0.000000 0.000000 0.000000 
38.952293 0.000000 0.000000 0.000000 0.000000 
41.780193 0.000000 0.000000 0.000000 0.000000 
40.565201 0.000000 0.000000 0.000000 0.000000 
35.752689 0.000000 0.000000 0.000000 0.000000 
35.928978 0.000000 0.000000 0.000000 0.000000 
37.309940 0.000000 0.000000 0.000000 0.000000 
41.703381 0.000000 0.000000 0.000000 0.000000 
36.503807 0.000000 0.000000 0.000000 0.000000 
37.195118 0.000000 0.000000 0.000000 0.000000 
39.623661 0.000000 0.000000 0.000000 0.000000 
37.829178 0.000000 0.000000 0.000000 0.000000 
38.383835 0.000000 0.000000 0.000000 0.000000 
38.060760 0.000000 0.000000 0.000000 0.000000 
37.948441 0.000000 0.000000 0.000000 0.000000 
38.931759 0.000000 0.000000 0.000000 0.000000 
39.270061 0.000000 0.000000 0.000000 0.000000 
49.479164 0.000000 0.000000 0.000000 0.000000 
38.702465 0.000000 0.000000 0.000000 0.000000 
39.679699 0.000000 0.000000 0.000000 0.000000 
40.519867 0.000000 0.000000 0.000000 0.000000 
37.749287 0.000000 0.000000 0.000000 0.000000 
38.883015 0.000000 0.000000 0.000000 0.000000 
36.946705 0.000000 0.000000 0.000000 0.000000 
37.693687 0.000000 0.000000 0.000000 0.000000 
40.119061 0.000000 0.000000 0.000000 0.000000 
39.388603 0.000000 0.000000 0.000000 0.000000 
39.423065 0.000000 0.000000 0.000000 0.000000 
37.378151 0.000000 0.000000 0.000000 0.000000 
36.777016 0.000000 0.000000 0.000000 0.000000 
36.016949 0.000000 0.000000 0.000000 0.000000 
40.388180 0.000000 0.000000 0.000000 0.000000 
40.367470 0.000000 0.000000 0.000000 0.000000 
37.023792 0.000000 0.000000 0.000000 0.000000 
42.294708 0.000000 0.000000 0.000000 0.000000 
35.852711 0.000000 0.000000 0.000000 0.000000 
39.651417 0.000000 0.000000 0.000000 0.000000 
39.424198 0.000000 0.000000 0.000000 0.000000 
38.030315 0.000000 0.000000 0.000000 0.000000 
39.729614 0.000000 0.000000 0.000000 0.000000 
35.534588 0.000000 0.000000 0.000000 0.000000 
37.419102 0.000000 0.000000 0.000000 0.000000 
36.666695 0.000000 0.000000 0.000000 0.000000 
35.531147 0.000000 0.000000 0.000000 0.000000 
36.919487 0.000000 0.000000 0.000000 0.000000 
38.200424 0.000000 0.000000 0.000000 0.000000 
38.079803 0.000000 0.000000 0.000000 0.000000 
38.666676 0.000000 0.000000 0.000000 0.000000 
40.686283 0.000000 0.000000 0.000000 0.000000 
39.118698 0.000000 0.000000 0.000000 0.000000 
38.498116 0.000000 0.000000 0.000000 0.000000 
39.765095 0.000000 0.000000 0.000000 0.000000 
38.328480 0.000000 0.000000 0.000000 0.000000 
46.453907 0.000000 0.000000 0.000000 0.000000 
42.705902 0.000000 0.000000 0.000000 0.000000 
37.738098 0.000000 0.000000 0.000000 0.000000 
38.223129 0.000000 0.000000 0.000000 0.000000 
36.576294 0.000000 0.000000 0.000000 0.000000 
38.393711 0.000000 0.000000 0.000000 0.000000 
35.349777 0.000000 0.000000 0.000000 0.000000 
37.445045 0.000000 0.000000 0.000000 0.000000 
39.461876 0.000000 0.000000 0.000000 0.000000 
40.342190 0.000000 0.000000 0.000000 0.000000 
41.666664 0.000000 0.000000 0.000000 0.000000 
39.981522 0.000000 0.000000 0.000000 0.000000 
38.040703 0.000000 0.000000 0.000000 0.000000 
41.804783 0.000000 0.000000 0.000000 0.000000 
39.406532 0.000000 0.000000 0.000000 0.000000 
40.490932 0.000000 0.000000 0.000000 0.000000 
36.371758 0.000000 0.000000 0.000000 0.000000 
37.896820 0.000000 0.000000 0.000000 0.000000 
38.981487 0.000000 0.000000 0.000000 0.000000 
38.401573 0.000000 0.000000 0.000000 0.000000 
39.325180 0.000000 0.000000 0.000000 0.000000 
35.742966 0.000000 0.000000 0.000000 0.000000 
37.513092 0.000000 0.000000 0.000000 0.000000 
49.019608 0.000000 0.000000 0.000000 0.000000 
38.784306 0.000000 0.000000 0.000000 0.000000 
39.460201 0.000000 0.000000 0.000000 0.000000 
39.401287 0.000000 0.000000 0.000000 0.000000 
38.377949 0.000000 0.000000 0.000000 0.000000 
39.493114 0.000000 0.000000 0.000000 0.000000 
40.827202 0.000000 0.000000 0.000000 0.000000 
41.625397 0.000000 0.000000 0.000000 0.000000 
37.457916 0.000000 0.000000 0.000000 0.000000 
38.745422 0.000000 0.000000 0.000000 0.000000 
37.747124 0.000000 0.000000 0.000000 0.000000 
38.905186 0.000000 0.000000 0.000000 0.000000 
38.217999 0.000000 0.000000 0.000000 0.000000 
40.522873 0.000000 0.000000 0.000000 0.000000 
38.901176 0.000000 0.000000 0.000000 0.000000 
41.478386 0.000000 0.000000 0.000000 0.000000 
34.475807 0.000000 0.000000 0.000000 0.000000 
35.773098 0.000000 0.000000 0.000000 0.000000 
43.333336 0.000000 0.000000 0.000000 0.000000 
39.708836 0.000000 0.000000 0.000000 0.000000 
38.055561 0.000000 0.000000 0.000000 0.000000 
44.642853 0.000000 0.000000 0.000000 0.000000 
34.780994 0.000000 0.000000 0.000000 0.000000 
36.764091 0.000000 0.000000 0.000000 0.000000 
37.318840 0.000000 0.000000 0.000000 0.000000 
36.694992 0.000000 0.000000 0.000000 0.000000 
35.472488 0.000000 0.000000 0.000000 0.000000 
41.543194 0.000000 0.000000 0.000000 0.000000 
37.934418 0.000000 0.000000 0.000000 0.000000 
38.782059 0.000000 0.000000 0.000000 0.000000 
33.658539 0.000000 0.000000 0.000000 0.000000 
36.085255 0.000000 0.000000 0.000000 0.000000 
31.379307 0.000000 0.000000 0.000000 0.000000 
38.888897 0.000000 0.000000 0.000000 0.000000 
38.183418 0.000000 0.000000 0.000000 0.000000 
40.098042 0.000000 0.000000 0.000000 0.000000 
38.176453 0.000000 0.000000 0.000000 0.000000 
35.672508 0.000000 0.000000 0.000000 0.000000 
33.983566 0.000000 0.000000 0.000000 0.000000 
36.599377 0.000000 0.000000 0.000000 0.000000 
33.736557 0.000000 0.000000 0.000000 0.000000 
37.083355 0.000000 0.000000 0.000000 0.000000 
37.735851 0.000000 0.000000 0.000000 0.000000 
40.210361 0.000000 0.000000 0.000000 0.000000 
40.405327 0.000000 0.000000 0.000000 0.000000 
36.953251 0.000000 0.000000 0.000000 0.000000 
38.513935 0.000000 0.000000 0.000000 0.000000 
55.555553 0.000000 0.000000 0.000000 0.000000 
41.293533 0.000000 0.000000 0.000000 0.000000 
38.499161 0.000000 0.000000 0.000000 0.000000 
39.932899 0.000000 0.000000 0.000000 0.000000 
37.290588 0.000000 0.000000 0.000000 0.000000 
38.009415 0.000000 0.000000 0.000000 0.000000 
38.253975 0.000000 0.000000 0.000000 0.000000 
40.367523 0.000000 0.000000 0.000000 0.000000 
29.084969 0.000000 0.000000 0.000000 0.000000 
39.724064 0.000000 0.000000 0.000000 0.000000 
39.771442 0.000000 0.000000 0.000000 0.000000 
39.434532 0.000000 0.000000 0.000000 0.000000 
38.420795 0.000000 0.000000 0.000000 0.000000 
45.762707 0.000000 0.000000 0.000000 0.000000 
44.456314 0.000000 0.000000 0.000000 0.000000 
41.152527 0.000000 0.000000 0.000000 0.000000 
41.891872 0.000000 0.000000 0.000000 0.000000 
40.019970 0.000000 0.000000 0.000000 0.000000 
41.091953 0.000000 0.000000 0.000000 0.000000 
42.042801 0.000000 0.000000 0.000000 0.000000 
39.075798 0.000000 0.000000 0.000000 0.000000 
39.354275 0.000000 0.000000 0.000000 0.000000 
37.956417 0.000000 0.000000 0.000000 0.000000 
39.453953 0.000000 0.000000 0.000000 0.000000 
41.391407 0.000000 0.000000 0.000000 0.000000 
38.393684 0.000000 0.000000 0.000000 0.000000 
35.897434 0.000000 0.000000 0.000000 0.000000 
35.006832 0.000000 0.000000 0.000000 0.000000 
36.707306 0.000000 0.000000 0.000000 0.000000 
39.814831 0.000000 0.000000 0.000000 0.000000 
41.613613 0.000000 0.000000 0.000000 0.000000 
40.632343 0.000000 0.000000 0.000000 0.000000 
34.914520 0.000000 0.000000 0.000000 0.000000 
37.653503 0.000000 0.000000 0.000000 0.000000 
42.365601 0.000000 0.000000 0.000000 0.000000 
41.946552 0.000000 0.000000 0.000000 0.000000 
39.307869 0.000000 0.000000 0.000000 0.000000 
36.860928 0.000000 0.000000 0.000000 0.000000 
38.047142 0.000000 0.000000 0.000000 0.000000 
37.999996 0.000000 0.000000 0.000000 0.000000 
37.613079 0.000000 0.000000 0.000000 0.000000 
39.764072 0.000000 0.000000 0.000000 0.000000 
36.375641 0.000000 0.000000 0.000000 0.000000 
38.650917 0.000000 0.000000 0.000000 0.000000 
40.625000 0.000000 0.000000 0.000000 0.000000 
35.508778 0.000000 0.000000 0.000000 0.000000 
37.098068 0.000000 0.000000 0.000000 0.000000 
36.304901 0.000000 0.000000 0.000000 0.000000 
37.750725 0.000000 0.000000 0.000000 0.000000 
40.476189 0.000000 0.000000 0.000000 0.000000 
39.317383 0.000000 0.000000 0.000000 0.000000 
36.590027 0.000000 0.000000 0.000000 0.000000 
39.506172 0.000000 0.000000 0.000000 0.000000 
36.904770 0.000000 0.000000 0.000000 0.000000 
38.776260 0.000000 0.000000 0.000000 0.000000 
39.542473 0.000000 0.000000 0.000000 0.000000 
40.248966 0.000000 0.000000 0.000000 0.000000 
37.760418 0.000000 0.000000 0.000000 0.000000 
37.828091 0.000000 0.000000 0.000000 0.000000 
38.006409 0.000000 0.000000 0.000000 0.000000 
37.884354 0.000000 0.000000 0.000000 0.000000 
38.136818 0.000000 0.000000 0.000000 0.000000 
38.750004 0.000000 0.000000 0.000000 0.000000 
35.181320 0.000000 0.000000 0.000000 0.000000 
35.955288 0.000000 0.000000 0.000000 0.000000 
37.037037 0.000000 0.000000 0.000000 0.000000 
38.471230 0.000000 0.000000 0.000000 0.000000 
38.725491 0.000000 0.000000 0.000000 0.000000 
43.325932 0.000000 0.000000 0.000000 0.000000 
40.056866 0.000000 0.000000 0.000000 0.000000 
40.902775 0.000000 0.000000 0.000000 0.000000 
38.807789 0.000000 0.000000 0.000000 0.000000 
46.491230 0.000000 0.000000 0.000000 0.000000 
40.401386 0.000000 0.000000 0.000000 0.000000 
39.377296 0.000000 0.000000 0.000000 0.000000 
37.314823 0.000000 0.000000 0.000000 0.000000 
37.318848 0.000000 0.000000 0.000000 0.000000 
38.882938 0.000000 0.000000 0.000000 0.000000 
35.590271 0.000000 0.000000 0.000000 0.000000 
37.990192 0.000000 0.000000 0.000000 0.000000 
35.347977 0.000000 0.000000 0.000000 0.000000 
39.683945 0.000000 0.000000 0.000000 0.000000 
37.960175 0.000000 0.000000 0.000000 0.000000 
38.907829 0.000000 0.000000 0.000000 0.000000 
37.161186 0.000000 0.000000 0.000000 0.000000 
36.473431 0.000000 0.000000 0.000000 0.000000 
37.312462 0.000000 0.000000 0.000000 0.000000 
40.090565 0.000000 0.000000 0.000000 0.000000 
39.518898 0.000000 0.000000 0.000000 0.000000 
40.162739 0.000000 0.000000 0.000000 0.000000 
35.465111 0.000000 0.000000 0.000000 0.000000 
41.872692 0.000000 0.000000 0.000000 0.000000 
39.670338 0.000000 0.000000 0.000000 0.000000 
34.266167 0.000000 0.000000 0.000000 0.000000 
35.350334 0.000000 0.000000 0.000000 0.000000 
46.124031 0.000000 0.000000 0.000000 0.000000 
39.676907 0.000000 0.000000 0.000000 0.000000 
38.205753 0.000000 0.000000 0.000000 0.000000 
41.666660 0.000000 0.000000 0.000000 0.000000 
39.798172 0.000000 0.000000 0.000000 0.000000 
34.234234 0.000000 0.000000 0.000000 0.000000 
41.955460 0.000000 0.000000 0.000000 0.000000 
39.642563 0.000000 0.000000 0.000000 0.000000 
37.962952 0.000000 0.000000 0.000000 0.000000 
35.381111 0.000000 0.000000 0.000000 0.000000 
37.554878 0.000000 0.000000 0.000000 0.000000 
34.977169 0.000000 0.000000 0.000000 0.000000 
37.199120 0.000000 0.000000 0.000000 0.000000 
36.111107 0.000000 0.000000 0.000000 0.000000 
40.560482 0.000000 0.000000 0.000000 0.000000 
38.984680 0.000000 0.000000 0.000000 0.000000 
39.215691 0.000000 0.000000 0.000000 0.000000 
37.656162 0.000000 0.000000 0.000000 0.000000 
41.319447 0.000000 0.000000 0.000000 0.000000 
38.748077 0.000000 0.000000 0.000000 0.000000 
40.021370 0.000000 0.000000 0.000000 0.000000 
37.305691 0.000000 0.000000 0.000000 0.000000 
38.380074 0.000000 0.000000 0.000000 0.000000 
38.853855 0.000000 0.000000 0.000000 0.000000 
38.474579 0.000000 0.000000 0.000000 0.000000 
38.319092 0.000000 0.000000 0.000000 0.000000 
43.071159 0.000000 0.000000 0.000000 0.000000 
36.308311 0.000000 0.000000 0.000000 0.000000 
38.669720 0.000000 0.000000 0.000000 0.000000 
36.244122 0.000000 0.000000 0.000000 0.000000 
36.309513 0.000000 0.000000 0.000000 0.000000 
