0.000000 0.000000 0.000000 0.000000 0.000000 
0.000000 0.000000 0.000000 0.000000 0.000000 
50.000000 0.000000 0.000000 0.000000 0.000000 
41.666664 0.000000 0.000000 0.000000 0.000000 
44.047619 0.000000 0.000000 0.000000 0.000000 
52.212803 0.000000 0.000000 0.000000 0.000000 
37.380955 0.000000 0.000000 0.000000 0.000000 
29.838713 0.000000 0.000000 0.000000 0.000000 
33.587135 0.000000 0.000000 0.000000 0.000000 
30.000000 0.000000 0.000000 0.000000 0.000000 
36.384445 0.000000 0.000000 0.000000 0.000000 
36.622807 0.000000 0.000000 0.000000 0.000000 
34.370686 0.000000 0.000000 0.000000 0.000000 
34.340904 0.000000 0.000000 0.000000 0.000000 
34.559891 0.000000 0.000000 0.000000 0.000000 
34.263348 0.000000 0.000000 0.000000 0.000000 
31.648741 0.000000 0.000000 0.000000 0.000000 
33.786842 0.000000 0.000000 0.000000 0.000000 
33.988758 0.000000 0.000000 0.000000 0.000000 
34.163475 0.000000 0.000000 0.000000 0.000000 
38.141022 0.000000 0.000000 0.000000 0.000000 
38.133926 0.000000 0.000000 0.000000 0.000000 
44.444443 0.000000 0.000000 0.000000 0.000000 
46.176971 0.000000 0.000000 0.000000 0.000000 
45.597050 0.000000 0.000000 0.000000 0.000000 
46.396400 0.000000 0.000000 0.000000 0.000000 
48.072544 0.000000 0.000000 0.000000 0.000000 
44.968037 0.000000 0.000000 0.000000 0.000000 
46.948376 0.000000 0.000000 0.000000 0.000000 
51.724136 0.000000 0.000000 0.000000 0.000000 
49.748402 0.000000 0.000000 0.000000 0.000000 
48.909863 0.000000 0.000000 0.000000 0.000000 
55.555553 0.000000 0.000000 0.000000 0.000000 
52.122025 0.000000 0.000000 0.000000 0.000000 
50.580177 0.000000 0.000000 0.000000 0.000000 
51.324516 0.000000 0.000000 0.000000 0.000000 
55.587120 0.000000 0.000000 0.000000 0.000000 
56.713505 0.000000 0.000000 0.000000 0.000000 
56.450760 0.000000 0.000000 0.000000 0.000000 
56.079006 0.000000 0.000000 0.000000 0.000000 
59.567909 0.000000 0.000000 0.000000 0.000000 
56.056477 0.000000 0.000000 0.000000 0.000000 
56.128281 0.000000 0.000000 0.000000 0.000000 
57.065182 0.000000 0.000000 0.000000 0.000000 
54.912289 0.000000 0.000000 0.000000 0.000000 
56.124504 0.000000 0.000000 0.000000 0.000000 
58.672852 0.000000 0.000000 0.000000 0.000000 
58.877026 0.000000 0.000000 0.000000 0.000000 
58.341892 0.000000 0.000000 0.000000 0.000000 
57.568420 0.000000 0.000000 0.000000 0.000000 
57.634163 0.000000 0.000000 0.000000 0.000000 
58.422390 0.000000 0.000000 0.000000 0.000000 
59.375027 0.000000 0.000000 0.000000 0.000000 
63.596523 0.000000 0.000000 0.000000 0.000000 
63.616566 0.000000 0.000000 0.000000 0.000000 
63.541698 0.000000 0.000000 0.000000 0.000000 
64.329193 0.000000 0.000000 0.000000 0.000000 
64.578674 0.000000 0.000000 0.000000 0.000000 
63.372089 0.000000 0.000000 0.000000 0.000000 
63.356144 0.000000 0.000000 0.000000 0.000000 
65.933365 0.000000 0.000000 0.000000 0.000000 
65.503357 0.000000 0.000000 0.000000 0.000000 
65.748917 0.000000 0.000000 0.000000 0.000000 
69.333305 0.000000 0.000000 0.000000 0.000000 
65.380096 0.000000 0.000000 0.000000 0.000000 
64.751335 0.000000 0.000000 0.000000 0.000000 
63.333324 0.000000 0.000000 0.000000 0.000000 
62.846821 0.000000 0.000000 0.000000 0.000000 
70.614044 0.000000 0.000000 0.000000 0.000000 
70.152084 0.000000 0.000000 0.000000 0.000000 
67.212524 0.000000 0.000000 0.000000 0.000000 
66.370842 0.000000 0.000000 0.000000 0.000000 
65.937050 0.000000 0.000000 0.000000 0.000000 
65.355812 0.000000 0.000000 0.000000 0.000000 
62.657478 0.000000 0.000000 0.000000 0.000000 
64.609459 0.000000 0.000000 0.000000 0.000000 
64.589554 0.000000 0.000000 0.000000 0.000000 
63.930641 0.000000 0.000000 0.000000 0.000000 
69.774010 0.000000 0.000000 0.000000 0.000000 
65.310074 0.000000 0.000000 0.000000 0.000000 
64.048111 0.000000 0.000000 0.000000 0.000000 
65.715797 0.000000 0.000000 0.000000 0.000000 
66.022705 0.000000 0.000000 0.000000 0.000000 
64.898994 0.000000 0.000000 0.000000 0.000000 
62.296051 0.000000 0.000000 0.000000 0.000000 
66.054436 0.000000 0.000000 0.000000 0.000000 
65.756393 0.000000 0.000000 0.000000 0.000000 
65.261086 0.000000 0.000000 0.000000 0.000000 
63.218391 0.000000 0.000000 0.000000 0.000000 
65.191750 0.000000 0.000000 0.000000 0.000000 
65.833389 0.000000 0.000000 0.000000 0.000000 
67.618584 0.000000 0.000000 0.000000 0.000000 
67.666008 0.000000 0.000000 0.000000 0.000000 
69.503571 0.000000 0.000000 0.000000 0.000000 
70.528404 0.000000 0.000000 0.000000 0.000000 
66.857574 0.000000 0.000000 0.000000 0.000000 
66.233566 0.000000 0.000000 0.000000 0.000000 
67.134598 0.000000 0.000000 0.000000 0.000000 
63.066669 0.000000 0.000000 0.000000 0.000000 
69.723137 0.000000 0.000000 0.000000 0.000000 
68.017067 0.000000 0.000000 0.000000 0.000000 
69.145645 0.000000 0.000000 0.000000 0.000000 
68.392288 0.000000 0.000000 0.000000 0.000000 
67.083344 0.000000 0.000000 0.000000 0.000000 
71.828918 0.000000 0.000000 0.000000 0.000000 
70.272377 0.000000 0.000000 0.000000 0.000000 
71.077698 0.000000 0.000000 0.000000 0.000000 
70.758011 0.000000 0.000000 0.000000 0.000000 
70.256340 0.000000 0.000000 0.000000 0.000000 
74.741234 0.000000 0.000000 0.000000 0.000000 
77.414253 0.000000 0.000000 0.000000 0.000000 
73.818649 0.000000 0.000000 0.000000 0.000000 
72.583740 0.000000 0.000000 0.000000 0.000000 
72.436562 0.000000 0.000000 0.000000 0.000000 
71.726189 0.000000 0.000000 0.000000 0.000000 
72.503799 0.000000 0.000000 0.000000 0.000000 
70.343094 0.000000 0.000000 0.000000 0.000000 
71.199387 0.000000 0.000000 0.000000 0.000000 
72.156410 0.000000 0.000000 0.000000 0.000000 
70.915703 0.000000 0.000000 0.000000 0.000000 
71.176498 0.000000 0.000000 0.000000 0.000000 
72.459557 0.000000 0.000000 0.000000 0.000000 
71.158623 0.000000 0.000000 0.000000 0.000000 
73.150795 0.000000 0.000000 0.000000 0.000000 
71.878510 0.000000 0.000000 0.000000 0.000000 
71.726196 0.000000 0.000000 0.000000 0.000000 
73.055511 0.000000 0.000000 0.000000 0.000000 
71.762405 0.000000 0.000000 0.000000 0.000000 
73.131561 0.000000 0.000000 0.000000 0.000000 
74.016464 0.000000 0.000000 0.000000 0.000000 
72.872093 0.000000 0.000000 0.000000 0.000000 
73.917770 0.000000 0.000000 0.000000 0.000000 
72.727257 0.000000 0.000000 0.000000 0.000000 
72.892052 0.000000 0.000000 0.000000 0.000000 
72.044662 0.000000 0.000000 0.000000 0.000000 
72.630104 0.000000 0.000000 0.000000 0.000000 
75.308655 0.000000 0.000000 0.000000 0.000000 
72.410576 0.000000 0.000000 0.000000 0.000000 
72.631546 0.000000 0.000000 0.000000 0.000000 
74.293404 0.000000 0.000000 0.000000 0.000000 
75.713120 0.000000 0.000000 0.000000 0.000000 
75.431862 0.000000 0.000000 0.000000 0.000000 
77.833328 0.000000 0.000000 0.000000 0.000000 
76.654610 0.000000 0.000000 0.000000 0.000000 
74.058006 0.000000 0.000000 0.000000 0.000000 
74.019722 0.000000 0.000000 0.000000 0.000000 
74.692818 0.000000 0.000000 0.000000 0.000000 
77.777779 0.000000 0.000000 0.000000 0.000000 
74.747467 0.000000 0.000000 0.000000 0.000000 
73.791313 0.000000 0.000000 0.000000 0.000000 
74.134865 0.000000 0.000000 0.000000 0.000000 
73.767632 0.000000 0.000000 0.000000 0.000000 
73.884575 0.000000 0.000000 0.000000 0.000000 
71.146935 0.000000 0.000000 0.000000 0.000000 
72.202164 0.000000 0.000000 0.000000 0.000000 
74.557602 0.000000 0.000000 0.000000 0.000000 
75.281059 0.000000 0.000000 0.000000 0.000000 
75.628563 0.000000 0.000000 0.000000 0.000000 
75.571106 0.000000 0.000000 0.000000 0.000000 
76.234589 0.000000 0.000000 0.000000 0.000000 
77.727592 0.000000 0.000000 0.000000 0.000000 
79.835007 0.000000 0.000000 0.000000 0.000000 
78.970695 0.000000 0.000000 0.000000 0.000000 
78.602211 0.000000 0.000000 0.000000 0.000000 
76.666672 0.000000 0.000000 0.000000 0.000000 
76.066376 0.000000 0.000000 0.000000 0.000000 
77.068008 0.000000 0.000000 0.000000 0.000000 
77.939575 0.000000 0.000000 0.000000 0.000000 
78.115288 0.000000 0.000000 0.000000 0.000000 
77.910660 0.000000 0.000000 0.000000 0.000000 
82.407387 0.000000 0.000000 0.000000 0.000000 
80.367195 0.000000 0.000000 0.000000 0.000000 
77.363159 0.000000 0.000000 0.000000 0.000000 
77.033974 0.000000 0.000000 0.000000 0.000000 
77.441750 0.000000 0.000000 0.000000 0.000000 
78.576698 0.000000 0.000000 0.000000 0.000000 
68.209877 0.000000 0.000000 0.000000 0.000000 
74.015121 0.000000 0.000000 0.000000 0.000000 
76.804108 0.000000 0.000000 0.000000 0.000000 
79.127823 0.000000 0.000000 0.000000 0.000000 
79.581612 0.000000 0.000000 0.000000 0.000000 
79.126770 0.000000 0.000000 0.000000 0.000000 
79.487175 0.000000 0.000000 0.000000 0.000000 
80.952370 0.000000 0.000000 0.000000 0.000000 
79.234917 0.000000 0.000000 0.000000 0.000000 
79.658379 0.000000 0.000000 0.000000 0.000000 
80.236488 0.000000 0.000000 0.000000 0.000000 
80.078888 0.000000 0.000000 0.000000 0.000000 
81.790108 0.000000 0.000000 0.000000 0.000000 
79.492699 0.000000 0.000000 0.000000 0.000000 
79.282654 0.000000 0.000000 0.000000 0.000000 
78.985649 0.000000 0.000000 0.000000 0.000000 
78.539192 0.000000 0.000000 0.000000 0.000000 
79.011467 0.000000 0.000000 0.000000 0.000000 
84.545456 0.000000 0.000000 0.000000 0.000000 
76.638161 0.000000 0.000000 0.000000 0.000000 
75.459648 0.000000 0.000000 0.000000 0.000000 
76.608894 0.000000 0.000000 0.000000 0.000000 
76.688675 0.000000 0.000000 0.000000 0.000000 
77.818985 0.000000 0.000000 0.000000 0.000000 
83.479561 0.000000 0.000000 0.000000 0.000000 
78.513306 0.000000 0.000000 0.000000 0.000000 
78.758919 0.000000 0.000000 0.000000 0.000000 
77.838707 0.000000 0.000000 0.000000 0.000000 
77.784302 0.000000 0.000000 0.000000 0.000000 
78.333336 0.000000 0.000000 0.000000 0.000000 
77.450996 0.000000 0.000000 0.000000 0.000000 
79.221916 0.000000 0.000000 0.000000 0.000000 
78.205193 0.000000 0.000000 0.000000 0.000000 
78.144180 0.000000 0.000000 0.000000 0.000000 
78.904083 0.000000 0.000000 0.000000 0.000000 
76.460480 0.000000 0.000000 0.000000 0.000000 
76.506699 0.000000 0.000000 0.000000 0.000000 
77.814369 0.000000 0.000000 0.000000 0.000000 
79.644333 0.000000 0.000000 0.000000 0.000000 
79.835243 0.000000 0.000000 0.000000 0.000000 
83.333336 0.000000 0.000000 0.000000 0.000000 
83.420570 0.000000 0.000000 0.000000 0.000000 
81.932259 0.000000 0.000000 0.000000 0.000000 
83.365967 0.000000 0.000000 0.000000 0.000000 
83.308266 0.000000 0.000000 0.000000 0.000000 
83.644135 0.000000 0.000000 0.000000 0.000000 
83.126762 0.000000 0.000000 0.000000 0.000000 
82.080215 0.000000 0.000000 0.000000 0.000000 
82.083176 0.000000 0.000000 0.000000 0.000000 
79.349403 0.000000 0.000000 0.000000 0.000000 
79.435020 0.000000 0.000000 0.000000 0.000000 
80.259209 0.000000 0.000000 0.000000 0.000000 
80.674011 0.000000 0.000000 0.000000 0.000000 
78.104607 0.000000 0.000000 0.000000 0.000000 
79.989944 0.000000 0.000000 0.000000 0.000000 
78.557259 0.000000 0.000000 0.000000 0.000000 
78.834213 0.000000 0.000000 0.000000 0.000000 
78.483376 0.000000 0.000000 0.000000 0.000000 
90.350876 0.000000 0.000000 0.000000 0.000000 
78.070175 0.000000 0.000000 0.000000 0.000000 
75.852219 0.000000 0.000000 0.000000 0.000000 
76.291664 0.000000 0.000000 0.000000 0.000000 
77.018501 0.000000 0.000000 0.000000 0.000000 
76.089478 0.000000 0.000000 0.000000 0.000000 
87.499992 0.000000 0.000000 0.000000 0.000000 
76.704559 0.000000 0.000000 0.000000 0.000000 
78.413574 0.000000 0.000000 0.000000 0.000000 
78.733414 0.000000 0.000000 0.000000 0.000000 
79.001183 0.000000 0.000000 0.000000 0.000000 
79.075310 0.000000 0.000000 0.000000 0.000000 
79.619812 0.000000 0.000000 0.000000 0.000000 
80.671333 0.000000 0.000000 0.000000 0.000000 
80.228622 0.000000 0.000000 0.000000 0.000000 
79.484589 0.000000 0.000000 0.000000 0.000000 
79.047752 0.000000 0.000000 0.000000 0.000000 
80.295670 0.000000 0.000000 0.000000 0.000000 
88.888885 0.000000 0.000000 0.000000 0.000000 
79.119865 0.000000 0.000000 0.000000 0.000000 
79.102005 0.000000 0.000000 0.000000 0.000000 
80.532310 0.000000 0.000000 0.000000 0.000000 
80.125404 0.000000 0.000000 0.000000 0.000000 
81.611946 0.000000 0.000000 0.000000 0.000000 
80.971260 0.000000 0.000000 0.000000 0.000000 
77.811897 0.000000 0.000000 0.000000 0.000000 
77.135361 0.000000 0.000000 0.000000 0.000000 
78.722870 0.000000 0.000000 0.000000 0.000000 
79.564384 0.000000 0.000000 0.000000 0.000000 
78.377327 0.000000 0.000000 0.000000 0.000000 
80.763901 0.000000 0.000000 0.000000 0.000000 
75.974052 0.000000 0.000000 0.000000 0.000000 
80.059441 0.000000 0.000000 0.000000 0.000000 
80.419235 0.000000 0.000000 0.000000 0.000000 
82.350151 0.000000 0.000000 0.000000 0.000000 
81.787071 0.000000 0.000000 0.000000 0.000000 
83.333328 0.000000 0.000000 0.000000 0.000000 
88.591248 0.000000 0.000000 0.000000 0.000000 
79.777679 0.000000 0.000000 0.000000 0.000000 
79.656136 0.000000 0.000000 0.000000 0.000000 
80.393440 0.000000 0.000000 0.000000 0.000000 
79.942627 0.000000 0.000000 0.000000 0.000000 
82.062180 0.000000 0.000000 0.000000 0.000000 
80.666595 0.000000 0.000000 0.000000 0.000000 
80.433403 0.000000 0.000000 0.000000 0.000000 
79.390892 0.000000 0.000000 0.000000 0.000000 
79.338898 0.000000 0.000000 0.000000 0.000000 
88.888885 0.000000 0.000000 0.000000 0.000000 
79.499168 0.000000 0.000000 0.000000 0.000000 
78.966103 0.000000 0.000000 0.000000 0.000000 
78.557953 0.000000 0.000000 0.000000 0.000000 
79.754860 0.000000 0.000000 0.000000 0.000000 
78.986153 0.000000 0.000000 0.000000 0.000000 
85.964905 0.000000 0.000000 0.000000 0.000000 
79.719696 0.000000 0.000000 0.000000 0.000000 
81.234901 0.000000 0.000000 0.000000 0.000000 
80.769463 0.000000 0.000000 0.000000 0.000000 
80.255112 0.000000 0.000000 0.000000 0.000000 
80.546295 0.000000 0.000000 0.000000 0.000000 
82.738068 0.000000 0.000000 0.000000 0.000000 
84.453728 0.000000 0.000000 0.000000 0.000000 
82.405220 0.000000 0.000000 0.000000 0.000000 
85.476288 0.000000 0.000000 0.000000 0.000000 
83.999908 0.000000 0.000000 0.000000 0.000000 
82.499687 0.000000 0.000000 0.000000 0.000000 
78.301895 0.000000 0.000000 0.000000 0.000000 
79.914413 0.000000 0.000000 0.000000 0.000000 
82.427994 0.000000 0.000000 0.000000 0.000000 
82.143051 0.000000 0.000000 0.000000 0.000000 
81.693604 0.000000 0.000000 0.000000 0.000000 
81.378868 0.000000 0.000000 0.000000 0.000000 
88.356140 0.000000 0.000000 0.000000 0.000000 
83.126633 0.000000 0.000000 0.000000 0.000000 
82.904831 0.000000 0.000000 0.000000 0.000000 
80.232697 0.000000 0.000000 0.000000 0.000000 
80.223648 0.000000 0.000000 0.000000 0.000000 
80.003754 0.000000 0.000000 0.000000 0.000000 
88.666664 0.000000 0.000000 0.000000 0.000000 
80.359917 0.000000 0.000000 0.000000 0.000000 
78.857658 0.000000 0.000000 0.000000 0.000000 
77.155373 0.000000 0.000000 0.000000 0.000000 
77.539375 0.000000 0.000000 0.000000 0.000000 
77.574310 0.000000 0.000000 0.000000 0.000000 
79.999992 0.000000 0.000000 0.000000 0.000000 
77.844688 0.000000 0.000000 0.000000 0.000000 
79.750824 0.000000 0.000000 0.000000 0.000000 
80.169365 0.000000 0.000000 0.000000 0.000000 
79.975609 0.000000 0.000000 0.000000 0.000000 
79.790619 0.000000 0.000000 0.000000 0.000000 
79.794556 0.000000 0.000000 0.000000 0.000000 
79.317200 0.000000 0.000000 0.000000 0.000000 
78.202782 0.000000 0.000000 0.000000 0.000000 
77.881569 0.000000 0.000000 0.000000 0.000000 
78.158287 0.000000 0.000000 0.000000 0.000000 
78.947342 0.000000 0.000000 0.000000 0.000000 
81.077049 0.000000 0.000000 0.000000 0.000000 
81.225143 0.000000 0.000000 0.000000 0.000000 
80.395676 0.000000 0.000000 0.000000 0.000000 
82.294571 0.000000 0.000000 0.000000 0.000000 
81.706276 0.000000 0.000000 0.000000 0.000000 
78.205101 0.000000 0.000000 0.000000 0.000000 
75.141159 0.000000 0.000000 0.000000 0.000000 
75.458282 0.000000 0.000000 0.000000 0.000000 
76.091438 0.000000 0.000000 0.000000 0.000000 
77.569191 0.000000 0.000000 0.000000 0.000000 
85.555550 0.000000 0.000000 0.000000 0.000000 
77.836876 0.000000 0.000000 0.000000 0.000000 
80.869530 0.000000 0.000000 0.000000 0.000000 
79.519417 0.000000 0.000000 0.000000 0.000000 
80.201012 0.000000 0.000000 0.000000 0.000000 
79.710068 0.000000 0.000000 0.000000 0.000000 
78.632492 0.000000 0.000000 0.000000 0.000000 
82.926788 0.000000 0.000000 0.000000 0.000000 
79.310333 0.000000 0.000000 0.000000 0.000000 
80.965836 0.000000 0.000000 0.000000 0.000000 
77.696388 0.000000 0.000000 0.000000 0.000000 
77.996971 0.000000 0.000000 0.000000 0.000000 
83.480843 0.000000 0.000000 0.000000 0.000000 
84.859039 0.000000 0.000000 0.000000 0.000000 
79.471603 0.000000 0.000000 0.000000 0.000000 
78.961853 0.000000 0.000000 0.000000 0.000000 
80.334953 0.000000 0.000000 0.000000 0.000000 
79.910370 0.000000 0.000000 0.000000 0.000000 
78.535400 0.000000 0.000000 0.000000 0.000000 
82.259819 0.000000 0.000000 0.000000 0.000000 
81.758942 0.000000 0.000000 0.000000 0.000000 
81.172546 0.000000 0.000000 0.000000 0.000000 
80.384438 0.000000 0.000000 0.000000 0.000000 
79.877602 0.000000 0.000000 0.000000 0.000000 
77.873581 0.000000 0.000000 0.000000 0.000000 
81.812607 0.000000 0.000000 0.000000 0.000000 
78.186401 0.000000 0.000000 0.000000 0.000000 
77.124878 0.000000 0.000000 0.000000 0.000000 
77.784554 0.000000 0.000000 0.000000 0.000000 
77.737061 0.000000 0.000000 0.000000 0.000000 
78.260857 0.000000 0.000000 0.000000 0.000000 
80.338501 0.000000 0.000000 0.000000 0.000000 
80.242302 0.000000 0.000000 0.000000 0.000000 
80.105682 0.000000 0.000000 0.000000 0.000000 
79.036934 0.000000 0.000000 0.000000 0.000000 
79.819298 0.000000 0.000000 0.000000 0.000000 
85.897430 0.000000 0.000000 0.000000 0.000000 
81.384064 0.000000 0.000000 0.000000 0.000000 
84.384781 0.000000 0.000000 0.000000 0.000000 
81.595207 0.000000 0.000000 0.000000 0.000000 
81.994896 0.000000 0.000000 0.000000 0.000000 
81.996452 0.000000 0.000000 0.000000 0.000000 
81.500969 0.000000 0.000000 0.000000 0.000000 
78.178688 0.000000 0.000000 0.000000 0.000000 
80.049500 0.000000 0.000000 0.000000 0.000000 
78.064354 0.000000 0.000000 0.000000 0.000000 
78.495628 0.000000 0.000000 0.000000 0.000000 
78.778038 0.000000 0.000000 0.000000 0.000000 
80.438332 0.000000 0.000000 0.000000 0.000000 
80.158699 0.000000 0.000000 0.000000 0.000000 
79.166595 0.000000 0.000000 0.000000 0.000000 
83.291885 0.000000 0.000000 0.000000 0.000000 
80.305740 0.000000 0.000000 0.000000 0.000000 
83.654846 0.000000 0.000000 0.000000 0.000000 
56.666668 0.000000 0.000000 0.000000 0.000000 
64.302582 0.000000 0.000000 0.000000 0.000000 
66.491249 0.000000 0.000000 0.000000 0.000000 
70.052246 0.000000 0.000000 0.000000 0.000000 
71.717873 0.000000 0.000000 0.000000 0.000000 
73.256065 0.000000 0.000000 0.000000 0.000000 
75.268837 0.000000 0.000000 0.000000 0.000000 
75.235336 0.000000 0.000000 0.000000 0.000000 
75.620209 0.000000 0.000000 0.000000 0.000000 
75.091972 0.000000 0.000000 0.000000 0.000000 
75.009216 0.000000 0.000000 0.000000 0.000000 
73.493950 0.000000 0.000000 0.000000 0.000000 
75.555473 0.000000 0.000000 0.000000 0.000000 
77.422150 0.000000 0.000000 0.000000 0.000000 
75.535851 0.000000 0.000000 0.000000 0.000000 
75.970657 0.000000 0.000000 0.000000 0.000000 
74.972672 0.000000 0.000000 0.000000 0.000000 
68.333328 0.000000 0.000000 0.000000 0.000000 
75.226944 0.000000 0.000000 0.000000 0.000000 
76.334145 0.000000 0.000000 0.000000 0.000000 
77.424667 0.000000 0.000000 0.000000 0.000000 
78.133179 0.000000 0.000000 0.000000 0.000000 
80.898224 0.000000 0.000000 0.000000 0.000000 
75.091560 0.000000 0.000000 0.000000 0.000000 
70.847588 0.000000 0.000000 0.000000 0.000000 
75.734291 0.000000 0.000000 0.000000 0.000000 
77.197441 0.000000 0.000000 0.000000 0.000000 
77.694221 0.000000 0.000000 0.000000 0.000000 
83.333328 0.000000 0.000000 0.000000 0.000000 
86.875008 0.000000 0.000000 0.000000 0.000000 
83.954361 0.000000 0.000000 0.000000 0.000000 
84.909607 0.000000 0.000000 0.000000 0.000000 
83.088280 0.000000 0.000000 0.000000 0.000000 
81.947510 0.000000 0.000000 0.000000 0.000000 
75.416679 0.000000 0.000000 0.000000 0.000000 
84.535225 0.000000 0.000000 0.000000 0.000000 
80.322891 0.000000 0.000000 0.000000 0.000000 
77.826515 0.000000 0.000000 0.000000 0.000000 
77.777908 0.000000 0.000000 0.000000 0.000000 
77.053627 0.000000 0.000000 0.000000 0.000000 
82.708313 0.000000 0.000000 0.000000 0.000000 
79.969383 0.000000 0.000000 0.000000 0.000000 
75.605652 0.000000 0.000000 0.000000 0.000000 
75.696968 0.000000 0.000000 0.000000 0.000000 
76.112694 0.000000 0.000000 0.000000 0.000000 
77.213196 0.000000 0.000000 0.000000 0.000000 
72.000000 0.000000 0.000000 0.000000 0.000000 
77.901741 0.000000 0.000000 0.000000 0.000000 
79.480949 0.000000 0.000000 0.000000 0.000000 
79.101128 0.000000 0.000000 0.000000 0.000000 
77.094360 0.000000 0.000000 0.000000 0.000000 
78.720535 0.000000 0.000000 0.000000 0.000000 
76.630409 0.000000 0.000000 0.000000 0.000000 
80.634209 0.000000 0.000000 0.000000 0.000000 
80.000031 0.000000 0.000000 0.000000 0.000000 
79.652000 0.000000 0.000000 0.000000 0.000000 
77.577309 0.000000 0.000000 0.000000 0.000000 
77.113495 0.000000 0.000000 0.000000 0.000000 
86.449913 0.000000 0.000000 0.000000 0.000000 
80.609917 0.000000 0.000000 0.000000 0.000000 
79.321083 0.000000 0.000000 0.000000 0.000000 
78.178352 0.000000 0.000000 0.000000 0.000000 
77.038170 0.000000 0.000000 0.000000 0.000000 
83.720932 0.000000 0.000000 0.000000 0.000000 
70.978104 0.000000 0.000000 0.000000 0.000000 
74.543938 0.000000 0.000000 0.000000 0.000000 
76.773247 0.000000 0.000000 0.000000 0.000000 
77.442047 0.000000 0.000000 0.000000 0.000000 
77.003448 0.000000 0.000000 0.000000 0.000000 
81.153870 0.000000 0.000000 0.000000 0.000000 
71.443016 0.000000 0.000000 0.000000 0.000000 
74.205597 0.000000 0.000000 0.000000 0.000000 
72.462837 0.000000 0.000000 0.000000 0.000000 
71.484268 0.000000 0.000000 0.000000 0.000000 
74.917511 0.000000 0.000000 0.000000 0.000000 
79.885040 0.000000 0.000000 0.000000 0.000000 
79.484200 0.000000 0.000000 0.000000 0.000000 
78.042938 0.000000 0.000000 0.000000 0.000000 
79.736122 0.000000 0.000000 0.000000 0.000000 
