0.000000 0.000000 0.000000 0.000000 0.000000 
0.000000 0.000000 0.000000 0.000000 0.000000 
31.875004 0.000000 0.000000 0.000000 0.000000 
33.333332 0.000000 0.000000 0.000000 0.000000 
34.057968 0.000000 0.000000 0.000000 0.000000 
23.655914 0.000000 0.000000 0.000000 0.000000 
28.632483 0.000000 0.000000 0.000000 0.000000 
28.525640 0.000000 0.000000 0.000000 0.000000 
31.090904 0.000000 0.000000 0.000000 0.000000 
32.777779 0.000000 0.000000 0.000000 0.000000 
29.812218 0.000000 0.000000 0.000000 0.000000 
30.902351 0.000000 0.000000 0.000000 0.000000 
24.034330 0.000000 0.000000 0.000000 0.000000 
26.911970 0.000000 0.000000 0.000000 0.000000 
31.069750 0.000000 0.000000 0.000000 0.000000 
34.029728 0.000000 0.000000 0.000000 0.000000 
34.880302 0.000000 0.000000 0.000000 0.000000 
44.144146 0.000000 0.000000 0.000000 0.000000 
36.595127 0.000000 0.000000 0.000000 0.000000 
29.621208 0.000000 0.000000 0.000000 0.000000 
33.179287 0.000000 0.000000 0.000000 0.000000 
14.102566 0.000000 0.000000 0.000000 0.000000 
35.975212 0.000000 0.000000 0.000000 0.000000 
37.611607 0.000000 0.000000 0.000000 0.000000 
40.160076 0.000000 0.000000 0.000000 0.000000 
41.217152 0.000000 0.000000 0.000000 0.000000 
37.387375 0.000000 0.000000 0.000000 0.000000 
39.513885 0.000000 0.000000 0.000000 0.000000 
43.939407 0.000000 0.000000 0.000000 0.000000 
42.906170 0.000000 0.000000 0.000000 0.000000 
43.206757 0.000000 0.000000 0.000000 0.000000 
39.126022 0.000000 0.000000 0.000000 0.000000 
43.516819 0.000000 0.000000 0.000000 0.000000 
43.995533 0.000000 0.000000 0.000000 0.000000 
42.067738 0.000000 0.000000 0.000000 0.000000 
41.845348 0.000000 0.000000 0.000000 0.000000 
42.113644 0.000000 0.000000 0.000000 0.000000 
45.833344 0.000000 0.000000 0.000000 0.000000 
43.643818 0.000000 0.000000 0.000000 0.000000 
44.065666 0.000000 0.000000 0.000000 0.000000 
45.094357 0.000000 0.000000 0.000000 0.000000 
43.944462 0.000000 0.000000 0.000000 0.000000 
46.436481 0.000000 0.000000 0.000000 0.000000 
46.094856 0.000000 0.000000 0.000000 0.000000 
47.285442 0.000000 0.000000 0.000000 0.000000 
47.340813 0.000000 0.000000 0.000000 0.000000 
46.452156 0.000000 0.000000 0.000000 0.000000 
47.458160 0.000000 0.000000 0.000000 0.000000 
48.627956 0.000000 0.000000 0.000000 0.000000 
46.756149 0.000000 0.000000 0.000000 0.000000 
47.595501 0.000000 0.000000 0.000000 0.000000 
45.321316 0.000000 0.000000 0.000000 0.000000 
48.787865 0.000000 0.000000 0.000000 0.000000 
49.791626 0.000000 0.000000 0.000000 0.000000 
51.142746 0.000000 0.000000 0.000000 0.000000 
40.924091 0.000000 0.000000 0.000000 0.000000 
45.995136 0.000000 0.000000 0.000000 0.000000 
47.890903 0.000000 0.000000 0.000000 0.000000 
44.791664 0.000000 0.000000 0.000000 0.000000 
46.562740 0.000000 0.000000 0.000000 0.000000 
46.558228 0.000000 0.000000 0.000000 0.000000 
47.216648 0.000000 0.000000 0.000000 0.000000 
48.528015 0.000000 0.000000 0.000000 0.000000 
48.825932 0.000000 0.000000 0.000000 0.000000 
49.378414 0.000000 0.000000 0.000000 0.000000 
46.149956 0.000000 0.000000 0.000000 0.000000 
47.111485 0.000000 0.000000 0.000000 0.000000 
38.888893 0.000000 0.000000 0.000000 0.000000 
49.805630 0.000000 0.000000 0.000000 0.000000 
50.719040 0.000000 0.000000 0.000000 0.000000 
49.843781 0.000000 0.000000 0.000000 0.000000 
47.777805 0.000000 0.000000 0.000000 0.000000 
47.542747 0.000000 0.000000 0.000000 0.000000 
48.140015 0.000000 0.000000 0.000000 0.000000 
47.008556 0.000000 0.000000 0.000000 0.000000 
48.886833 0.000000 0.000000 0.000000 0.000000 
50.203262 0.000000 0.000000 0.000000 0.000000 
54.102566 0.000000 0.000000 0.000000 0.000000 
51.533005 0.000000 0.000000 0.000000 0.000000 
49.300152 0.000000 0.000000 0.000000 0.000000 
43.162388 0.000000 0.000000 0.000000 0.000000 
45.541828 0.000000 0.000000 0.000000 0.000000 
44.834431 0.000000 0.000000 0.000000 0.000000 
49.174923 0.000000 0.000000 0.000000 0.000000 
51.995770 0.000000 0.000000 0.000000 0.000000 
51.554932 0.000000 0.000000 0.000000 0.000000 
47.789116 0.000000 0.000000 0.000000 0.000000 
48.905731 0.000000 0.000000 0.000000 0.000000 
48.698719 0.000000 0.000000 0.000000 0.000000 
49.128986 0.000000 0.000000 0.000000 0.000000 
48.063381 0.000000 0.000000 0.000000 0.000000 
49.107162 0.000000 0.000000 0.000000 0.000000 
49.467884 0.000000 0.000000 0.000000 0.000000 
49.346401 0.000000 0.000000 0.000000 0.000000 
49.761410 0.000000 0.000000 0.000000 0.000000 
48.436214 0.000000 0.000000 0.000000 0.000000 
51.302074 0.000000 0.000000 0.000000 0.000000 
51.020397 0.000000 0.000000 0.000000 0.000000 
52.547283 0.000000 0.000000 0.000000 0.000000 
53.123863 0.000000 0.000000 0.000000 0.000000 
53.599373 0.000000 0.000000 0.000000 0.000000 
54.596600 0.000000 0.000000 0.000000 0.000000 
54.431942 0.000000 0.000000 0.000000 0.000000 
49.042141 0.000000 0.000000 0.000000 0.000000 
45.822987 0.000000 0.000000 0.000000 0.000000 
46.332394 0.000000 0.000000 0.000000 0.000000 
42.982456 0.000000 0.000000 0.000000 0.000000 
46.965427 0.000000 0.000000 0.000000 0.000000 
46.402523 0.000000 0.000000 0.000000 0.000000 
44.759830 0.000000 0.000000 0.000000 0.000000 
46.074863 0.000000 0.000000 0.000000 0.000000 
46.926308 0.000000 0.000000 0.000000 0.000000 
42.051292 0.000000 0.000000 0.000000 0.000000 
47.089954 0.000000 0.000000 0.000000 0.000000 
49.635838 0.000000 0.000000 0.000000 0.000000 
49.999996 0.000000 0.000000 0.000000 0.000000 
51.255005 0.000000 0.000000 0.000000 0.000000 
52.208218 0.000000 0.000000 0.000000 0.000000 
52.206696 0.000000 0.000000 0.000000 0.000000 
54.737747 0.000000 0.000000 0.000000 0.000000 
53.470715 0.000000 0.000000 0.000000 0.000000 
51.577808 0.000000 0.000000 0.000000 0.000000 
49.999996 0.000000 0.000000 0.000000 0.000000 
47.598457 0.000000 0.000000 0.000000 0.000000 
47.907429 0.000000 0.000000 0.000000 0.000000 
50.000019 0.000000 0.000000 0.000000 0.000000 
53.977261 0.000000 0.000000 0.000000 0.000000 
54.979126 0.000000 0.000000 0.000000 0.000000 
55.217400 0.000000 0.000000 0.000000 0.000000 
61.728401 0.000000 0.000000 0.000000 0.000000 
51.120861 0.000000 0.000000 0.000000 0.000000 
53.259636 0.000000 0.000000 0.000000 0.000000 
51.661022 0.000000 0.000000 0.000000 0.000000 
56.886223 0.000000 0.000000 0.000000 0.000000 
55.467556 0.000000 0.000000 0.000000 0.000000 
53.933361 0.000000 0.000000 0.000000 0.000000 
53.386749 0.000000 0.000000 0.000000 0.000000 
50.938953 0.000000 0.000000 0.000000 0.000000 
51.864571 0.000000 0.000000 0.000000 0.000000 
50.474621 0.000000 0.000000 0.000000 0.000000 
46.695419 0.000000 0.000000 0.000000 0.000000 
48.505100 0.000000 0.000000 0.000000 0.000000 
50.041630 0.000000 0.000000 0.000000 0.000000 
56.446545 0.000000 0.000000 0.000000 0.000000 
55.900101 0.000000 0.000000 0.000000 0.000000 
51.011448 0.000000 0.000000 0.000000 0.000000 
47.756401 0.000000 0.000000 0.000000 0.000000 
52.839123 0.000000 0.000000 0.000000 0.000000 
54.036003 0.000000 0.000000 0.000000 0.000000 
54.141636 0.000000 0.000000 0.000000 0.000000 
59.019588 0.000000 0.000000 0.000000 0.000000 
63.076118 0.000000 0.000000 0.000000 0.000000 
60.005917 0.000000 0.000000 0.000000 0.000000 
57.268925 0.000000 0.000000 0.000000 0.000000 
50.627247 0.000000 0.000000 0.000000 0.000000 
48.162483 0.000000 0.000000 0.000000 0.000000 
48.267326 0.000000 0.000000 0.000000 0.000000 
41.919201 0.000000 0.000000 0.000000 0.000000 
41.018665 0.000000 0.000000 0.000000 0.000000 
43.637051 0.000000 0.000000 0.000000 0.000000 
58.050846 0.000000 0.000000 0.000000 0.000000 
57.335186 0.000000 0.000000 0.000000 0.000000 
55.148232 0.000000 0.000000 0.000000 0.000000 
55.290447 0.000000 0.000000 0.000000 0.000000 
48.546516 0.000000 0.000000 0.000000 0.000000 
54.827862 0.000000 0.000000 0.000000 0.000000 
53.039051 0.000000 0.000000 0.000000 0.000000 
54.315323 0.000000 0.000000 0.000000 0.000000 
49.446293 0.000000 0.000000 0.000000 0.000000 
49.321873 0.000000 0.000000 0.000000 0.000000 
48.582298 0.000000 0.000000 0.000000 0.000000 
47.923489 0.000000 0.000000 0.000000 0.000000 
51.712536 0.000000 0.000000 0.000000 0.000000 
54.013184 0.000000 0.000000 0.000000 0.000000 
60.204079 0.000000 0.000000 0.000000 0.000000 
54.095257 0.000000 0.000000 0.000000 0.000000 
54.489273 0.000000 0.000000 0.000000 0.000000 
52.610001 0.000000 0.000000 0.000000 0.000000 
50.342476 0.000000 0.000000 0.000000 0.000000 
53.127464 0.000000 0.000000 0.000000 0.000000 
51.375275 0.000000 0.000000 0.000000 0.000000 
39.374996 0.000000 0.000000 0.000000 0.000000 
45.833324 0.000000 0.000000 0.000000 0.000000 
48.795479 0.000000 0.000000 0.000000 0.000000 
52.173122 0.000000 0.000000 0.000000 0.000000 
64.623657 0.000000 0.000000 0.000000 0.000000 
53.691750 0.000000 0.000000 0.000000 0.000000 
52.469929 0.000000 0.000000 0.000000 0.000000 
61.111107 0.000000 0.000000 0.000000 0.000000 
56.666637 0.000000 0.000000 0.000000 0.000000 
58.348244 0.000000 0.000000 0.000000 0.000000 
58.044640 0.000000 0.000000 0.000000 0.000000 
60.283676 0.000000 0.000000 0.000000 0.000000 
63.149841 0.000000 0.000000 0.000000 0.000000 
58.580864 0.000000 0.000000 0.000000 0.000000 
57.501953 0.000000 0.000000 0.000000 0.000000 
58.571423 0.000000 0.000000 0.000000 0.000000 
59.542652 0.000000 0.000000 0.000000 0.000000 
57.838562 0.000000 0.000000 0.000000 0.000000 
56.390781 0.000000 0.000000 0.000000 0.000000 
63.080158 0.000000 0.000000 0.000000 0.000000 
53.815670 0.000000 0.000000 0.000000 0.000000 
53.020290 0.000000 0.000000 0.000000 0.000000 
66.666664 0.000000 0.000000 0.000000 0.000000 
55.141853 0.000000 0.000000 0.000000 0.000000 
57.538979 0.000000 0.000000 0.000000 0.000000 
56.411880 0.000000 0.000000 0.000000 0.000000 
57.092194 0.000000 0.000000 0.000000 0.000000 
54.312672 0.000000 0.000000 0.000000 0.000000 
54.348991 0.000000 0.000000 0.000000 0.000000 
54.610367 0.000000 0.000000 0.000000 0.000000 
48.835781 0.000000 0.000000 0.000000 0.000000 
53.983402 0.000000 0.000000 0.000000 0.000000 
56.569023 0.000000 0.000000 0.000000 0.000000 
44.059414 0.000000 0.000000 0.000000 0.000000 
50.466496 0.000000 0.000000 0.000000 0.000000 
51.018364 0.000000 0.000000 0.000000 0.000000 
53.188129 0.000000 0.000000 0.000000 0.000000 
49.498760 0.000000 0.000000 0.000000 0.000000 
50.831856 0.000000 0.000000 0.000000 0.000000 
52.148643 0.000000 0.000000 0.000000 0.000000 
51.027393 0.000000 0.000000 0.000000 0.000000 
56.032463 0.000000 0.000000 0.000000 0.000000 
56.311359 0.000000 0.000000 0.000000 0.000000 
58.610840 0.000000 0.000000 0.000000 0.000000 
50.363895 0.000000 0.000000 0.000000 0.000000 
55.302982 0.000000 0.000000 0.000000 0.000000 
57.320473 0.000000 0.000000 0.000000 0.000000 
56.643291 0.000000 0.000000 0.000000 0.000000 
60.966835 0.000000 0.000000 0.000000 0.000000 
56.107895 0.000000 0.000000 0.000000 0.000000 
57.456799 0.000000 0.000000 0.000000 0.000000 
65.000000 0.000000 0.000000 0.000000 0.000000 
57.471260 0.000000 0.000000 0.000000 0.000000 
52.543392 0.000000 0.000000 0.000000 0.000000 
53.744446 0.000000 0.000000 0.000000 0.000000 
52.243587 0.000000 0.000000 0.000000 0.000000 
52.791058 0.000000 0.000000 0.000000 0.000000 
56.661560 0.000000 0.000000 0.000000 0.000000 
56.520210 0.000000 0.000000 0.000000 0.000000 
53.858795 0.000000 0.000000 0.000000 0.000000 
56.268383 0.000000 0.000000 0.000000 0.000000 
54.049431 0.000000 0.000000 0.000000 0.000000 
61.616154 0.000000 0.000000 0.000000 0.000000 
58.026768 0.000000 0.000000 0.000000 0.000000 
60.142139 0.000000 0.000000 0.000000 0.000000 
59.141842 0.000000 0.000000 0.000000 0.000000 
54.166668 0.000000 0.000000 0.000000 0.000000 
62.527206 0.000000 0.000000 0.000000 0.000000 
61.887516 0.000000 0.000000 0.000000 0.000000 
58.041504 0.000000 0.000000 0.000000 0.000000 
48.408707 0.000000 0.000000 0.000000 0.000000 
52.013863 0.000000 0.000000 0.000000 0.000000 
54.216393 0.000000 0.000000 0.000000 0.000000 
51.388893 0.000000 0.000000 0.000000 0.000000 
49.188328 0.000000 0.000000 0.000000 0.000000 
49.943230 0.000000 0.000000 0.000000 0.000000 
50.294697 0.000000 0.000000 0.000000 0.000000 
57.017559 0.000000 0.000000 0.000000 0.000000 
61.527161 0.000000 0.000000 0.000000 0.000000 
60.944984 0.000000 0.000000 0.000000 0.000000 
