-0.678038 1
0 0
0 0
0 0
0 0
0 0
0 0
0 0
0 0
0 0
0 0
0 0
0 0
0 0
0 0
0 0
0 0
0 0
0 0
0 0
0 0
0 0
0 0
0 0
0 0
0 0
0 0
0 0
0 0
0 0
0 0
0 0
0 0
0 0
0 0
0 0
0 0
0 0
-0.435869 1
0 0
0 0
0 0
-0.410466 1
0 0
0 0
-0.391493 1
0 0
0 0
0 0
0 0
0 0
0 0
0 0
0 0
0 0
0 0
-0.322283 1
0 0
0 0
0 0
0 0
0 0
0 0
0 0
0 0
0 0
0 0
0 0
-0.249653 1
-0.241559 1
0 0
-0.22953 1
0 0
0 0
0 0
-0.205373 1
-0.198139 1
-0.194574 1
-0.183353 1
0 0
0 0
0 0
0 0
-0.156639 1
-0.144827 1
0 0
0 0
0 0
0 0
-0.117412 2
0 0
-0.10449 1
-0.0980128 3
-0.0930475 1
0 0
-0.0793187 2
-0.0696798 1
-0.0673506 1
-0.0576806 3
-0.0564571 1
0 0
0 0
-0.034298 1
-0.0306755 2
-0.0233932 1
0 0
0 0
-0.00551719 2
0 0
0.00967098 2
0.01294 1
0 0
0 0
0 0
0.0413195 2
0.0487319 1
0 0
0.0612274 1
0 0
0.0727401 1
0 0
0 0
0.0938594 1
0.099038 1
0 0
0 0
0.114913 2
0 0
0.128819 1
0 0
0.140946 1
0 0
0.153395 3
0 0
0 0
0.174045 1
0 0
0 0
0.192042 2
0.199633 1
0 0
0 0
0.213329 1
0 0
0 0
0 0
0.241728 1
0 0
0 0
0 0
0 0
0 0
0.278145 1
0 0
0 0
0.295745 1
0 0
0 0
0 0
0 0
0 0
0 0
0 0
0 0
0.355022 1
0 0
0 0
0 0
0.378833 1
0.383795 1
0 0
0 0
0 0
0 0
0 0
0 0
0.427378 1
0 0
0 0
0 0
0 0
0.458918 1
0 0
0 0
0 0
0 0
0 0
0 0
0 0
0 0
0 0
0 0
0 0
0 0
0 0
0 0
0 0
0 0
0 0
0 0
0.577294 1
