-0.650521 1
0 0
0 0
0 0
-0.618339 1
0 0
0 0
0 0
0 0
-0.586354 1
0 0
0 0
0 0
0 0
0 0
0 0
0 0
-0.531533 2
-0.525055 1
-0.520709 3
0 0
-0.510733 1
-0.502924 1
-0.496558 1
-0.490145 1
0 0
-0.477265 1
0 0
-0.460067 4
-0.453394 2
0 0
-0.439619 1
-0.434135 2
-0.427718 4
-0.421778 5
-0.412728 3
-0.406751 5
-0.400227 5
-0.395419 1
-0.38658 1
-0.379468 7
-0.374992 6
-0.368974 4
-0.361218 4
-0.354459 2
-0.348185 7
-0.341336 8
-0.335368 7
-0.328183 8
-0.322985 6
-0.315286 11
-0.307377 7
-0.301208 7
-0.295867 11
-0.287781 15
-0.280753 6
-0.27433 15
-0.267518 17
-0.261643 12
-0.255668 14
-0.248586 22
-0.241835 11
-0.234981 14
-0.227948 15
-0.222341 14
-0.215823 14
-0.208258 15
-0.201545 12
-0.195647 25
-0.188693 20
-0.182312 25
-0.174928 18
-0.168311 40
-0.162 35
-0.15561 27
-0.149068 41
-0.14206 27
-0.135974 61
-0.129453 44
-0.122462 45
-0.115398 45
-0.10918 47
-0.102127 54
-0.0958406 53
-0.0887673 110
-0.0822356 105
-0.0755387 120
-0.0690057 117
-0.0625348 116
-0.0558984 100
-0.0490012 119
-0.0427564 117
-0.0359708 151
-0.0292491 126
-0.0225823 173
-0.0157506 219
-0.00914515 214
-0.00160232 371
0.00422071 238
0.0106413 265
0.0171519 246
0.0238257 257
0.0305968 162
0.0370365 219
0.0438053 194
0.0504275 173
0.0569334 158
0.0638519 168
0.0704194 160
0.0772516 155
0.0835018 134
0.0899701 109
0.0968601 68
0.103726 54
0.110229 46
0.116935 32
0.12377 26
0.129536 21
0.13663 14
0.143209 14
0.149871 7
0.157501 9
0.162546 7
0.170443 2
0.176184 7
0.184118 6
0.190066 4
0.197004 1
0.202364 6
0.21054 2
0.215859 7
0.223451 3
0.229441 5
0.236651 4
0.245259 2
0.24925 2
0.256434 3
0.264304 2
0.272611 1
0.277595 3
0.281793 5
0.288829 4
0.296347 1
0.30252 2
0 0
0.316956 2
0.319991 1
0 0
0.335225 1
0.343324 2
0.351512 2
0 0
0.363369 3
0.368676 4
0 0
0.383244 2
0.391267 1
0 0
0.403315 1
0.411197 3
0.417302 2
0 0
0.430158 1
0 0
0 0
0 0
0.458011 1
0 0
0 0
0 0
0 0
0.491111 1
0 0
0 0
0.507796 1
0 0
0.520626 1
0.528695 1
0.535487 1
0 0
0.551434 1
0 0
0 0
0 0
0 0
0 0
0 0
0 0
0 0
0 0
0 0
0 0
0 0
0 0
0 0
0 0
0 0
0 0
0 0
0 0
0.678415 1
