-0.405029 1
0 0
0 0
0 0
0 0
0 0
0 0
0 0
0 0
0 0
0 0
0 0
0 0
0 0
0 0
0 0
-0.328441 1
0 0
0 0
0 0
-0.307371 1
-0.303567 2
0 0
0 0
0 0
0 0
-0.279583 2
0 0
0 0
0 0
0 0
-0.256398 2
0 0
-0.248515 1
-0.243189 1
-0.237436 1
-0.233005 3
-0.227686 2
-0.223765 3
-0.220323 2
-0.215504 2
-0.210204 3
-0.205327 1
-0.199834 2
-0.195451 5
-0.190742 3
-0.186736 5
-0.180998 4
-0.176794 2
-0.171579 11
-0.16726 5
-0.162972 4
-0.157703 6
-0.152454 19
-0.148967 13
-0.143623 9
-0.139178 18
-0.134616 13
-0.129731 17
-0.124581 12
-0.120498 12
-0.115636 18
-0.110107 15
-0.106294 29
-0.101115 18
-0.0967526 25
-0.0919166 17
-0.0877768 25
-0.0831018 30
-0.0778445 42
-0.0733959 33
-0.068253 21
-0.0638847 29
-0.0591008 30
-0.0548275 36
-0.049653 40
-0.0452932 39
-0.0401035 36
-0.0353962 38
-0.0309445 26
-0.026458 40
-0.0216791 29
-0.0163119 48
-0.0118427 33
-0.00721452 42
-0.00265578 40
0.00177079 48
0.00692662 34
0.0114462 43
0.0160058 40
0.0206111 46
0.0254957 39
0.0303438 31
0.0351607 35
0.0395268 26
0.0444662 34
0.0494 34
0.0536132 31
0.0587789 34
0.063314 30
0.0676727 39
0.0724837 34
0.0773071 34
0.0820588 23
0.0863515 27
0.0913256 17
0.096031 29
0.100698 19
0.10521 20
0.110586 18
0.114916 25
0.119845 22
0.124152 11
0.12898 12
0.133619 21
0.137846 11
0.143552 15
0.148055 17
0.152279 13
0.157251 9
0.162077 15
0.167005 12
0.171774 13
0.176793 12
0.180377 8
0.185299 10
0.190421 12
0.195159 9
0.199442 7
0.204174 10
0.208627 8
0.213616 4
0.218407 6
0.224012 4
0.226872 2
0.233187 6
0.237394 6
0.24013 1
0.246093 4
0.250718 4
0.255052 2
0.262409 2
0.26591 4
0.269573 4
0 0
0.281114 2
0 0
0 0
0 0
0.299434 2
0.302316 4
0.308229 3
0.31363 2
0.316085 2
0 0
0 0
0.331693 2
0.338042 1
0.340941 2
0 0
0.35006 1
0.355177 1
0 0
0 0
0 0
0 0
0.376962 1
0 0
0.386402 1
0 0
0 0
0 0
0 0
0 0
0 0
0 0
0 0
0 0
0 0
0 0
0 0
0 0
0.454981 1
0 0
0 0
0 0
0 0
0 0
0 0
0 0
0 0
0 0
0 0
0 0
0 0
0 0
0 0
0 0
0.531392 1
0 0
0.536162 1
