-0.410716 1
0 0
0 0
0 0
0 0
0 0
0 0
0 0
0 0
0 0
0 0
0 0
0 0
0 0
0 0
0 0
0 0
0 0
0 0
-0.333099 1
0 0
0 0
0 0
-0.317486 1
0 0
0 0
-0.305241 1
0 0
0 0
-0.292525 1
-0.289284 1
0 0
-0.277936 1
-0.275425 2
-0.272989 2
-0.267489 1
-0.265197 1
-0.258444 2
-0.255232 3
-0.250373 3
-0.248953 1
-0.242282 1
-0.239597 2
-0.2368 2
-0.231612 6
-0.226783 4
0 0
-0.218248 7
-0.215129 5
-0.210424 2
-0.206781 8
-0.202068 5
-0.197878 4
-0.19446 7
-0.190808 9
-0.186966 9
-0.182593 13
-0.178554 5
-0.174182 17
-0.170267 12
-0.16621 18
-0.161994 16
-0.15791 19
-0.154487 20
-0.150684 14
-0.14595 16
-0.141807 21
-0.138127 28
-0.133738 29
-0.129693 29
-0.125644 36
-0.121657 29
-0.117515 43
-0.113757 32
-0.109546 51
-0.105407 54
-0.101624 74
-0.0977858 56
-0.0935993 66
-0.0892861 72
-0.0854926 77
-0.0814773 90
-0.0773188 114
-0.0732856 112
-0.0692064 129
-0.0652343 165
-0.0610739 126
-0.0570047 159
-0.0530569 192
-0.049075 233
-0.0451133 271
-0.0409457 303
-0.0370082 348
-0.0328443 414
-0.028822 477
-0.0247872 621
-0.0207093 753
-0.0166831 1017
-0.0127039 1150
-0.00858762 1396
-0.00469998 1445
-0.000645237 1299
0.00336299 1144
0.00745961 1011
0.0114026 895
0.015563 711
0.0195199 594
0.0236349 545
0.0275447 483
0.0316833 427
0.0355936 363
0.0397551 349
0.0438222 276
0.0477033 254
0.0519343 237
0.0559708 183
0.0599961 175
0.063997 148
0.0682447 142
0.07203 108
0.0760276 99
0.0801206 94
0.0843383 98
0.088469 76
0.0922874 67
0.0961988 76
0.10062 57
0.104363 52
0.108367 42
0.112243 45
0.116755 38
0.120563 23
0.124614 37
0.128787 32
0.13295 25
0.136887 24
0.141042 32
0.144976 21
0.149076 18
0.152455 17
0.156794 20
0.161591 11
0.164581 15
0.169052 19
0.172807 16
0.177219 22
0.181317 9
0.185604 10
0.189116 8
0.193161 8
0.198926 3
0.202087 6
0.204966 6
0.209363 8
0.214163 4
0.218599 3
0.221159 5
0.225243 6
0.229439 2
0.23316 5
0.238371 2
0.240411 1
0.246749 4
0.250195 5
0.253102 1
0 0
0.262421 1
0.266003 1
0.269662 1
0.274098 1
0 0
0 0
0.286996 1
0 0
0.295278 1
0.297069 1
0 0
0.305926 3
0 0
0.316471 1
0.316642 2
0 0
0 0
0.331771 1
0.335988 1
0.339002 2
0 0
0.345666 1
0.350961 1
0 0
0 0
0 0
0 0
0 0
0.374963 1
0 0
0 0
0 0
0 0
0.393323 1
