-0.469997 1
0 0
0 0
0 0
0 0
0 0
0 0
0 0
0 0
0 0
-0.421125 1
0 0
0 0
0 0
0 0
0 0
0 0
0 0
0 0
-0.379312 1
-0.375155 1
0 0
-0.367007 1
-0.359412 1
0 0
-0.352272 1
-0.347537 2
-0.343577 1
0 0
-0.333377 4
-0.33037 1
-0.324264 1
-0.319948 2
-0.313333 1
-0.310614 4
-0.306231 4
-0.300791 2
-0.297919 4
-0.293112 3
-0.286903 2
-0.282047 6
-0.279603 2
-0.275598 2
-0.269495 11
-0.264206 5
-0.259804 4
-0.254608 5
-0.250601 9
-0.24518 3
-0.241799 14
-0.236664 14
-0.23171 12
-0.227795 11
-0.223448 11
-0.218124 11
-0.213442 10
-0.209517 13
-0.204456 12
-0.200351 17
-0.195545 24
-0.190669 25
-0.186312 21
-0.181579 26
-0.176671 26
-0.172135 26
-0.167857 32
-0.163565 31
-0.158414 49
-0.153844 36
-0.149221 41
-0.144833 48
-0.140221 38
-0.13576 38
-0.131066 52
-0.126446 59
-0.1218 58
-0.117045 57
-0.112429 86
-0.10771 84
-0.103124 74
-0.0984541 91
-0.0940904 95
-0.0891571 111
-0.0847063 94
-0.0799837 113
-0.0753484 124
-0.0708063 123
-0.0663587 140
-0.0616296 147
-0.0570633 200
-0.0524589 189
-0.0476927 186
-0.0430717 215
-0.0384889 243
-0.0339435 285
-0.0294658 311
-0.0248138 342
-0.0200563 352
-0.0154796 440
-0.0106563 600
-0.00612871 855
-0.00162261 963
0.00294221 934
0.00745227 900
0.0120341 609
0.0166888 578
0.0213001 429
0.0259312 372
0.0305773 282
0.0352857 241
0.0399175 199
0.0442791 127
0.0491792 122
0.0537281 108
0.0582876 91
0.0628258 66
0.0676548 49
0.0719676 55
0.0765793 39
0.0814998 34
0.0855914 32
0.0906663 34
0.0949249 21
0.0995371 23
0.104296 16
0.109206 9
0.113173 18
0.11833 10
0.122559 11
0.127856 9
0.132171 7
0.137499 6
0.141449 6
0.145387 4
0.151492 1
0 0
0.15894 4
0.164905 2
0.169204 4
0.173707 3
0.180247 1
0 0
0.18866 1
0 0
0.197756 4
0.199387 1
0.205607 2
0.208483 1
0.214535 2
0 0
0 0
0.230194 1
0.232609 2
0.236823 1
0 0
0.2495 1
0.253866 1
0.255485 1
0.262121 2
0.266977 2
0 0
0.273502 1
0.278734 3
0 0
0 0
0 0
0 0
0 0
0.307151 1
0 0
0 0
0.32086 1
0 0
0 0
0 0
0 0
0.343069 1
0 0
0 0
0 0
0 0
0 0
0.372258 1
0.374958 1
0 0
0 0
0.391522 1
0.392914 1
0 0
0 0
0 0
0 0
0 0
0 0
0 0
0 0
0 0
0 0
0 0
0.448257 1
