-0.909395 1
-0.889838 1
-0.874993 1
0 0
0 0
-0.843302 1
0 0
0 0
-0.806453 1
0 0
-0.786161 1
-0.768419 1
0 0
-0.746337 1
0 0
0 0
0 0
-0.6966 1
-0.678617 1
0 0
0 0
-0.650248 1
0 0
-0.616952 1
0 0
0 0
0 0
0 0
0 0
0 0
0 0
0 0
-0.508937 1
0 0
0 0
-0.468467 1
0 0
-0.450258 1
0 0
0 0
0 0
0 0
0 0
0 0
-0.360898 2
0 0
-0.339142 2
-0.326596 3
-0.317742 1
-0.306782 2
-0.287104 4
-0.276662 4
-0.264277 9
-0.250911 5
-0.238941 5
-0.227633 9
-0.215735 11
-0.202426 13
-0.191372 11
-0.179747 11
-0.165123 10
-0.154377 29
-0.143321 14
-0.130495 21
-0.116554 30
-0.104342 22
-0.0929205 16
-0.0801184 29
-0.068327 22
-0.0567442 17
-0.0450395 20
-0.0315847 20
-0.0192187 16
-0.00679689 17
0.00429456 14
0.0206575 3
0.0285941 2
0.0391588 5
0.0569991 3
0.0666457 1
0.0831953 1
0.0914036 2
0.103569 2
0.1133 1
0.126286 2
0.141207 4
0.152854 2
0.166717 4
0.182447 1
0.183987 1
0.197976 2
0.213174 3
0.222203 2
0 0
0.247736 1
0.267219 3
0.274779 2
0.286754 5
0.299984 1
0.309425 1
0.327552 1
0.334281 2
0 0
0 0
0 0
0.390043 1
0.396921 2
0 0
0.423345 1
0.432056 1
0.448281 2
0.459062 1
0.469104 1
0 0
0.49534 3
0 0
0.519651 3
0 0
0.541888 2
0 0
0.570593 3
0 0
0 0
0 0
0 0
0.635476 1
0 0
0 0
0.667862 2
0.677153 1
0 0
0.707932 1
0 0
0.725901 1
0.73922 1
0.748435 1
0 0
0 0
0.784985 1
0.808848 1
0 0
0.828257 1
0.840507 1
0 0
0 0
0.870919 1
0 0
0 0
0 0
0 0
0.943173 1
0.945705 1
0 0
0 0
0 0
0 0
0 0
1.02796 1
0 0
0 0
1.06509 1
0 0
1.08628 1
0 0
0 0
0 0
1.13694 1
0 0
0 0
0 0
0 0
0 0
0 0
0 0
0 0
0 0
1.25719 1
0 0
1.28198 2
0 0
0 0
0 0
0 0
1.34242 1
0 0
0 0
1.3757 1
0 0
0 0
0 0
1.43291 1
0 0
0 0
0 0
0 0
0 0
1.50561 2
1.52067 1
0 0
1.53333 1
