-0.23725 1
0 0
-0.230396 1
0 0
0 0
0 0
-0.216368 1
-0.213806 3
0 0
-0.204981 1
-0.203238 2
-0.199281 2
-0.197004 1
-0.193411 3
0 0
-0.187189 2
-0.183741 5
-0.180946 1
-0.177717 5
-0.174491 4
-0.17052 3
-0.167669 2
-0.163807 4
-0.160752 5
-0.157624 8
-0.15441 9
-0.151352 12
-0.148376 6
-0.14477 9
-0.142039 7
-0.138134 12
-0.135146 13
-0.132355 10
-0.128918 15
-0.125654 7
-0.122591 11
-0.118819 13
-0.115476 8
-0.112417 14
-0.109625 15
-0.106325 10
-0.102731 24
-0.0991234 12
-0.0964507 17
-0.093278 27
-0.0900002 32
-0.0865991 28
-0.0833427 17
-0.0801253 23
-0.0768485 16
-0.0731558 8
-0.0708657 19
-0.066941 22
-0.0637321 20
-0.0607007 16
-0.0572146 30
-0.0537884 27
-0.0506836 22
-0.0478692 20
-0.0444011 23
-0.0409331 21
-0.0383636 19
-0.0347714 23
-0.0313048 28
-0.0281779 35
-0.0246019 28
-0.021857 33
-0.0187701 15
-0.0148917 24
-0.012083 21
-0.00892191 26
-0.00557413 38
-0.00220308 38
0.000966102 38
0.00407462 31
0.0074011 31
0.010487 30
0.0138171 25
0.0167181 31
0.0201618 27
0.0235204 25
0.0267111 24
0.0300244 23
0.0333183 28
0.0368587 20
0.0398867 22
0.043335 27
0.0463243 23
0.0496243 25
0.0525204 24
0.0557245 20
0.0594243 22
0.0622314 16
0.0659948 22
0.0688334 15
0.0723624 23
0.0754011 16
0.0790539 11
0.0818819 17
0.0853551 20
0.0883036 12
0.0914309 13
0.0946869 17
0.0983818 13
0.101951 14
0.104292 7
0.107788 6
0.111279 17
0.114133 15
0.117508 13
0.120968 18
0.124311 19
0.127295 12
0.130753 13
0.134091 13
0.136733 8
0.140327 13
0.143619 15
0.146914 7
0.149517 8
0.153681 7
0.156645 8
0.159659 5
0.163019 7
0.166018 9
0.169032 8
0.172606 10
0.175784 5
0.17914 10
0.1823 7
0.185467 3
0.188627 6
0.191412 7
0.195701 6
0.199276 3
0.202143 11
0.205671 2
0.208137 6
0.211242 7
0.214649 3
0.217642 6
0.220867 8
0.225469 2
0.227494 5
0.231973 6
0.233574 4
0.237358 2
0.240421 2
0.244082 2
0.247476 4
0.250299 2
0.25518 1
0.25818 1
0.25999 2
0.263153 3
0.266126 2
0.270266 2
0 0
0.275564 1
0.280498 4
0.28302 2
0.285494 3
0 0
0.291806 1
0 0
0 0
0.301654 1
0.305948 3
0.310013 2
0.312575 2
0.31376 1
0 0
0.321915 1
0 0
0 0
0.332184 1
0.334168 1
0.339131 1
0.339972 1
0 0
0.347153 1
0 0
0.35262 1
0 0
0 0
0 0
0 0
0 0
0.375045 1
0 0
0 0
0 0
0 0
0 0
0.391751 1
0 0
0 0
0 0
0 0
0 0
0.410884 1
