-0.858927 1
0 0
0 0
0 0
-0.816279 1
0 0
0 0
0 0
0 0
0 0
-0.765424 1
0 0
-0.742675 1
0 0
0 0
0 0
-0.713352 1
-0.700175 1
0 0
0 0
0 0
-0.6632 1
0 0
0 0
0 0
-0.631345 2
-0.623278 1
-0.611591 1
0 0
0 0
-0.582151 1
-0.577 2
-0.569271 2
-0.55636 1
-0.544611 1
-0.539022 1
-0.533525 2
-0.521526 3
0 0
-0.504861 2
-0.492302 2
-0.483562 1
-0.480341 3
-0.469086 4
-0.458145 1
-0.45041 2
-0.443692 1
-0.4316 3
-0.422269 5
-0.414646 6
-0.406107 2
-0.399458 1
-0.385535 4
-0.37938 8
-0.370861 4
-0.361775 4
-0.351003 6
-0.34104 7
-0.334077 7
-0.323547 11
-0.315022 13
-0.307253 15
-0.299732 6
-0.287764 11
-0.280025 10
-0.270871 14
-0.260232 15
-0.253187 15
-0.242655 12
-0.234827 26
-0.227152 16
-0.216414 16
-0.207721 27
-0.197761 24
-0.18879 28
-0.181522 23
-0.17219 37
-0.161848 32
-0.153529 37
-0.144752 46
-0.135375 48
-0.126508 46
-0.118113 48
-0.108726 49
-0.0993496 66
-0.0904211 69
-0.0818305 76
-0.0726433 66
-0.0641015 91
-0.0551901 90
-0.0461464 113
-0.0367313 127
-0.0279576 175
-0.0188674 194
-0.00961654 340
-0.000473308 1154
0.00746504 452
0.0169214 342
0.0258771 317
0.0349059 259
0.0437577 260
0.0530205 242
0.0618561 197
0.070717 161
0.0795871 143
0.0885448 129
0.0980796 79
0.106049 79
0.115571 44
0.124121 41
0.133665 31
0.142858 21
0.15132 15
0.158795 8
0.169702 10
0.177057 2
0.187418 8
0.196307 3
0.203855 6
0.214462 3
0.223585 6
0.231498 1
0 0
0.253707 1
0.26004 1
0.264742 1
0.274149 1
0.289079 2
0.298438 1
0.300073 1
0.313766 2
0.318747 1
0 0
0 0
0 0
0.359389 3
0.367192 2
0.372214 1
0 0
0 0
0 0
0.413113 1
0 0
0 0
0 0
0 0
0.456606 1
0.466004 3
0.472469 1
0 0
0.489631 1
0 0
0.507707 1
0 0
0 0
0 0
0 0
0 0
0 0
0 0
0.580685 1
0 0
0.604923 1
0 0
0 0
0 0
0 0
0 0
0 0
0 0
0 0
0 0
0 0
0.701024 1
0.711052 2
0.718233 1
0 0
0 0
0 0
0 0
0 0
0 0
0 0
0 0
0 0
0 0
0 0
0 0
0 0
0 0
0 0
0 0
0.871036 1
0 0
0 0
0 0
0 0
0 0
0 0
0 0
0.937808 1
