-0.638646 1
-0.630358 1
0 0
0 0
0 0
0 0
-0.592523 1
0 0
0 0
-0.575726 1
-0.567794 1
-0.561816 1
-0.555115 3
-0.548447 1
-0.541194 1
-0.534631 1
-0.526445 1
-0.519189 1
0 0
-0.50262 3
-0.498301 3
-0.491171 2
-0.484419 2
-0.480509 1
-0.469073 3
0 0
-0.459113 1
-0.449849 2
-0.443447 6
0 0
-0.430767 9
-0.424231 3
-0.415991 3
-0.406626 1
-0.402873 3
-0.397593 3
-0.387645 4
-0.383396 4
-0.374989 9
-0.368041 3
-0.360763 6
-0.351734 4
-0.347241 8
-0.340557 10
-0.334276 7
-0.327951 8
-0.320408 6
-0.312863 13
-0.307027 8
-0.298397 7
-0.292948 12
-0.285243 8
-0.278384 10
-0.272194 12
-0.2666 13
-0.258521 13
-0.251439 20
-0.244513 17
-0.237433 13
-0.231479 12
-0.225049 14
-0.218331 11
-0.210685 16
-0.203136 20
-0.19742 23
-0.189996 28
-0.184596 28
-0.175203 21
-0.169926 35
-0.162609 33
-0.155801 32
-0.149454 33
-0.142374 36
-0.135352 58
-0.127754 47
-0.122206 55
-0.115274 43
-0.108186 44
-0.101094 56
-0.0941066 62
-0.0877682 101
-0.0807808 92
-0.0738197 103
-0.0672432 114
-0.0600758 105
-0.0532332 112
-0.0464187 145
-0.039481 150
-0.0329178 147
-0.0257838 183
-0.0188549 186
-0.0119781 188
-0.00498035 226
0.000993487 418
0.00831773 243
0.0152149 263
0.0221953 256
0.0289226 240
0.0356624 238
0.0426117 234
0.0489839 222
0.0562759 194
0.0630242 177
0.0698649 171
0.0766515 174
0.0837358 151
0.0900298 108
0.0973058 56
0.104263 34
0.110706 33
0.118523 14
0.123678 21
0.129883 6
0.138512 7
0.1466 5
0.154292 2
0.157678 1
0.166462 2
0.171095 3
0 0
0 0
0.190975 2
0 0
0.205597 1
0.213452 2
0.222333 1
0.227614 1
0.235107 2
0.241052 2
0.248796 1
0.258185 1
0 0
0.26692 2
0 0
0 0
0 0
0.296854 1
0.300806 1
0 0
0.318258 1
0 0
0.327861 1
0 0
0 0
0.347938 1
0 0
0.36452 1
0.371158 2
0.379617 1
0 0
0 0
0.401322 1
0 0
0.412668 1
0 0
0 0
0 0
0 0
0 0
0.450226 1
0.460344 1
0.46554 1
0 0
0 0
0.488951 1
0.494995 1
0.504699 1
0 0
0 0
0 0
0 0
0.535058 1
0 0
0 0
0 0
0 0
0 0
0.575593 1
0 0
0.593096 1
0 0
0 0
0 0
0 0
0 0
0 0
0 0
0 0
0 0
0.657571 1
0 0
0 0
0 0
0 0
0 0
0 0
0 0
0 0
0.723184 1
0 0
0.730708 1
