-0.30704 1
0 0
0 0
0 0
0 0
-0.28808 1
0 0
-0.281256 1
0 0
0 0
-0.269496 1
0 0
-0.262035 2
0 0
0 0
-0.24996 1
0 0
0 0
-0.240469 1
0 0
-0.231573 2
-0.228255 2
-0.224119 3
-0.219903 1
-0.21835 5
0 0
-0.209945 1
-0.206915 2
-0.203439 7
-0.199412 2
0 0
-0.191613 2
-0.187591 3
-0.184899 5
-0.181794 5
-0.178733 1
-0.173704 4
-0.171301 6
-0.166813 7
-0.163241 13
-0.159535 13
-0.15681 10
-0.153136 5
-0.148481 9
-0.144516 4
-0.141549 10
-0.137787 7
-0.13435 9
-0.130808 12
-0.127289 20
-0.123989 6
-0.119547 12
-0.116146 12
-0.112525 12
-0.108864 15
-0.104847 9
-0.10125 14
-0.0978623 19
-0.0947873 20
-0.0904826 20
-0.0873416 19
-0.0833274 27
-0.0798545 31
-0.0763825 31
-0.0722953 30
-0.0689815 39
-0.0653166 35
-0.0619859 26
-0.0580191 24
-0.054186 34
-0.0506217 38
-0.0470411 38
-0.0432822 38
-0.0399022 34
-0.0361936 25
-0.0324718 36
-0.028931 36
-0.0255488 25
-0.0215244 32
-0.0181858 32
-0.0139975 33
-0.0106547 36
-0.00700564 44
-0.00323807 31
6.73747e-06 43
0.00377206 28
0.00730458 33
0.011495 34
0.015003 27
0.0183592 24
0.0216429 33
0.0260389 23
0.0293781 27
0.0332646 15
0.0363218 40
0.0402962 24
0.0439286 36
0.0473654 23
0.051337 20
0.0549764 23
0.0585353 16
0.0619537 22
0.0660906 20
0.069262 27
0.0731522 23
0.0767997 22
0.0803386 19
0.083833 19
0.0873841 16
0.0906543 17
0.0947668 19
0.0984973 18
0.102254 15
0.105396 17
0.109266 11
0.113853 11
0.115873 11
0.120217 15
0.124119 8
0.127118 5
0.131179 7
0.134588 12
0.137756 6
0.142429 9
0.145377 8
0.148974 7
0.152927 12
0.156547 8
0.16061 7
0.163351 7
0.167758 7
0.170801 6
0.17458 6
0.177727 2
0.181982 9
0.185816 11
0.188974 2
0.193347 6
0.195533 6
0.200431 3
0.204921 3
0.206559 1
0.211663 3
0.214428 6
0.219372 4
0.221751 3
0.22599 6
0.229174 5
0.232837 3
0.237199 4
0.241414 1
0.243637 2
0.247362 7
0.251716 2
0.254955 4
0.257164 3
0.261001 1
0.265622 3
0 0
0.272844 3
0.277931 1
0.280679 3
0 0
0.28611 1
0.289893 1
0.293863 1
0.299572 1
0.303481 1
0.304834 1
0.309583 1
0.31246 4
0.317351 3
0.321486 1
0 0
0.327534 4
0.332492 1
0 0
0 0
0.341878 1
0 0
0.348402 1
0.351785 2
0 0
0 0
0 0
0 0
0 0
0 0
0.377724 1
0 0
0.384883 1
0 0
0 0
0 0
0 0
0.403741 1
0 0
0 0
0 0
0 0
0.420213 1
