-0.276911 2
-0.271812 2
-0.267847 1
-0.262435 2
0 0
0 0
-0.254048 1
-0.249973 1
-0.244968 2
-0.241274 1
-0.235804 3
-0.232581 2
0 0
-0.225601 5
-0.220842 4
-0.218007 1
-0.213083 2
-0.209791 2
0 0
-0.201628 6
-0.197269 4
-0.194604 3
-0.190913 2
-0.186222 4
-0.182706 6
-0.178013 7
-0.173636 3
-0.170599 9
-0.167178 12
-0.162472 5
-0.159033 9
-0.155108 10
-0.1517 12
-0.14705 7
-0.14324 13
-0.139924 9
-0.135511 18
-0.131531 14
-0.128039 15
-0.124357 11
-0.120337 19
-0.116504 23
-0.112901 17
-0.108016 12
-0.104615 25
-0.101259 12
-0.0969233 22
-0.0927202 24
-0.0893349 22
-0.0857373 31
-0.0815257 38
-0.0778654 25
-0.0737272 38
-0.0697556 33
-0.06564 38
-0.0623404 32
-0.0580522 25
-0.0545976 29
-0.050362 33
-0.0463943 20
-0.0428057 28
-0.0389109 36
-0.0349314 39
-0.0307507 29
-0.027472 30
-0.0235677 35
-0.0195596 40
-0.015607 30
-0.0118433 30
-0.00787784 41
-0.00419164 33
-0.000209602 46
0.00382113 35
0.00743893 37
0.011859 23
0.0155378 37
0.0191034 28
0.0229119 39
0.0267721 23
0.0312542 30
0.0348288 22
0.0388264 24
0.0429241 35
0.0465092 22
0.0503044 35
0.0543341 23
0.0580516 24
0.0618808 29
0.0658112 21
0.0693992 21
0.0733305 33
0.0778769 15
0.0813754 14
0.0851559 22
0.0894742 15
0.0928718 15
0.096478 17
0.100165 19
0.104545 12
0.108206 10
0.112336 18
0.116263 20
0.120013 11
0.123035 12
0.127851 11
0.131461 11
0.134986 12
0.139498 6
0.143612 13
0.14792 8
0.1506 13
0.154805 10
0.158564 10
0.164211 6
0.166656 7
0.17005 6
0.17343 2
0.177569 6
0.182368 8
0.186485 4
0.189834 5
0.193455 5
0.197738 4
0.200837 6
0.205165 6
0 0
0.212924 7
0.217139 6
0.220175 2
0.224508 2
0.22986 3
0.231994 3
0.23661 2
0.239636 4
0.243988 3
0.248206 2
0.250199 1
0.257288 1
0.259642 1
0.262461 2
0.265587 1
0.27159 1
0.274606 2
0 0
0.282444 3
0.288475 1
0.289369 2
0 0
0.299227 2
0.302862 2
0 0
0.310108 2
0 0
0.317397 1
0.32125 1
0.326725 1
0 0
0 0
0 0
0 0
0.346938 1
0 0
0.35358 1
0.356179 1
0 0
0 0
0 0
0 0
0 0
0.378909 1
0.383875 1
0 0
0.391271 1
0 0
0 0
0 0
0 0
0 0
0 0
0 0
0.423282 1
0 0
0 0
0 0
0 0
0 0
0 0
0 0
0 0
0 0
0 0
0 0
0 0
0 0
0.477851 1
0 0
0 0
0 0
0 0
0 0
0.498184 1
