-0.279727 1
-0.272892 1
0 0
0 0
0 0
0 0
0 0
0 0
0 0
0 0
0 0
0 0
0 0
-0.22572 1
-0.2219 1
-0.218285 1
-0.214542 4
-0.2118 2
0 0
-0.20199 2
-0.197985 1
-0.195861 2
-0.192139 4
-0.188017 3
-0.184708 3
-0.18009 5
-0.17565 5
-0.17149 6
-0.168591 3
-0.1644 7
-0.160758 3
-0.156402 9
-0.153092 13
-0.148828 9
-0.145087 8
-0.141468 8
-0.136764 12
-0.132942 13
-0.12938 14
-0.125701 18
-0.121324 17
-0.117804 21
-0.113295 14
-0.10985 20
-0.105832 25
-0.102003 19
-0.097671 16
-0.0941855 18
-0.0903067 22
-0.0865071 17
-0.0822195 23
-0.0785899 31
-0.0745234 18
-0.070626 24
-0.0664972 21
-0.062778 35
-0.058771 29
-0.0554164 26
-0.0513872 29
-0.0471238 24
-0.0433608 26
-0.0393945 35
-0.035533 27
-0.0316394 31
-0.0277453 25
-0.0239325 34
-0.0200056 36
-0.0164043 25
-0.01234 30
-0.00798387 37
-0.00440329 26
-0.000221242 45
0.00342905 40
0.00737498 33
0.0110773 26
0.0152556 39
0.0195747 24
0.0230331 27
0.0268826 22
0.0312068 27
0.0348703 40
0.0387913 43
0.0424546 33
0.0464073 27
0.0504613 29
0.0538232 23
0.0581501 31
0.0625867 19
0.0659493 21
0.0699447 17
0.0736009 27
0.0776417 32
0.0816065 26
0.0855044 17
0.0896177 18
0.0935604 18
0.0971697 19
0.101496 18
0.105241 21
0.109048 18
0.113367 18
0.117049 16
0.120778 22
0.125052 19
0.128445 13
0.13207 16
0.136611 13
0.140476 13
0.144626 17
0.147882 13
0.152022 12
0.156126 7
0.159871 10
0.163755 11
0.167984 12
0.171483 11
0.175087 7
0.17954 9
0.183248 9
0.186399 5
0.190697 5
0.195169 5
0.19929 11
0.203043 4
0.206162 3
0.21027 6
0.214126 3
0.218113 3
0.221856 4
0.226488 4
0.22998 1
0.234092 4
0.237355 4
0.243029 3
0.245851 2
0.249213 3
0.253582 7
0.256089 1
0.261539 3
0.264856 3
0.269353 2
0.273806 2
0 0
0.280605 2
0 0
0.28761 1
0 0
0 0
0.299362 2
0 0
0.306624 3
0.310855 1
0.317524 2
0.319028 1
0 0
0 0
0.331047 1
0 0
0 0
0.343965 1
0.346012 1
0.35268 1
0.355442 1
0.358849 1
0 0
0 0
0.370788 1
0 0
0 0
0 0
0 0
0 0
0.394661 1
0 0
0.400687 1
0 0
0.409864 1
0 0
0 0
0 0
0 0
0 0
0 0
0 0
0 0
0.446 1
0 0
0 0
0 0
0 0
0 0
0 0
0 0
0 0
0 0
0 0
0 0
0 0
0 0
0 0
0.501709 1
