-0.70084 1
0 0
0 0
-0.680341 1
-0.670428 1
0 0
0 0
-0.656786 2
-0.650951 1
0 0
-0.637586 1
0 0
0 0
0 0
0 0
0 0
0 0
0 0
0 0
0 0
0 0
-0.569992 1
0 0
0 0
-0.550988 1
-0.543052 1
-0.535729 2
0 0
0 0
-0.516706 1
0 0
-0.505964 3
-0.4965 1
0 0
-0.485501 1
-0.478714 1
-0.471671 2
-0.466587 2
-0.458808 1
-0.455218 2
-0.446908 2
-0.442886 5
-0.439117 2
-0.429997 4
-0.424552 5
-0.417449 2
-0.411249 2
-0.406029 2
-0.401283 3
-0.393457 4
-0.389179 2
-0.381973 5
-0.374305 5
-0.36864 4
-0.362422 4
-0.356899 9
-0.350263 2
-0.34476 10
-0.336978 9
-0.331674 5
-0.324484 8
-0.318095 6
-0.313073 8
-0.306892 12
-0.300208 7
-0.294066 14
-0.288619 11
-0.281798 13
-0.275076 9
-0.269157 12
-0.262439 16
-0.256199 13
-0.250425 10
-0.244599 15
-0.238393 19
-0.232421 12
-0.225925 21
-0.21821 17
-0.21385 23
-0.208088 12
-0.200578 19
-0.194622 24
-0.188146 23
-0.181885 19
-0.176799 23
-0.170368 29
-0.16313 15
-0.157956 24
-0.151448 36
-0.144789 41
-0.138921 43
-0.132663 36
-0.126156 45
-0.120244 32
-0.113946 48
-0.10784 38
-0.101086 49
-0.0950296 41
-0.0892501 79
-0.082923 79
-0.0763971 100
-0.0708557 99
-0.0642753 112
-0.0579472 92
-0.0517855 116
-0.0455535 119
-0.0395659 113
-0.033264 119
-0.0268682 172
-0.0208335 146
-0.0145397 170
-0.00832445 206
-0.00121846 460
0.00387334 251
0.0102238 228
0.0165256 228
0.0225841 231
0.0289178 230
0.0349059 210
0.0410982 204
0.0474583 213
0.053613 176
0.0597094 161
0.0658671 139
0.0722853 177
0.0782381 141
0.0846325 115
0.0905697 103
0.0966974 44
0.103364 34
0.108794 24
0.115613 16
0.121903 16
0.128751 9
0.136307 6
0.14037 4
0.147312 3
0.15203 1
0.159011 3
0.164158 1
0.171177 2
0 0
0.18332 1
0 0
0 0
0.199693 1
0.207944 3
0.215288 1
0.220192 1
0.227145 1
0.2341 1
0.241496 1
0.247153 1
0 0
0.259874 1
0 0
0 0
0.276132 1
0.282204 1
0.288474 1
0 0
0.304908 1
0.306828 1
0.312824 2
0.323358 1
0 0
0.331292 1
0 0
0 0
0 0
0 0
0 0
0.371896 2
0 0
0 0
0.391736 1
0.396418 2
0 0
0.404827 1
0.413812 1
0.417037 1
0.425067 2
0 0
0 0
0 0
0.450863 1
0.458042 2
0 0
0 0
0 0
0.47951 1
0 0
0 0
0 0
0 0
0.511528 1
0 0
0 0
0 0
0 0
0.541155 1
