-0.856822 1
0 0
0 0
0 0
0 0
0 0
-0.799902 1
0 0
0 0
-0.77936 1
0 0
0 0
0 0
0 0
0 0
-0.728563 1
0 0
0 0
-0.701443 1
-0.690753 1
0 0
0 0
0 0
0 0
0 0
0 0
0 0
0 0
-0.622319 1
0 0
-0.602443 1
0 0
-0.589522 1
-0.582108 1
-0.57153 2
0 0
-0.556831 1
-0.54792 2
-0.539933 1
0 0
-0.517026 1
-0.50998 1
-0.505758 2
-0.496145 2
-0.486157 2
-0.480286 3
-0.469425 3
0 0
-0.452574 2
-0.447312 1
-0.434559 3
-0.428802 2
-0.420485 6
-0.416569 1
-0.404911 6
-0.39555 3
-0.387893 3
-0.379058 2
-0.370072 9
-0.363192 5
-0.354704 4
-0.34532 2
-0.337952 8
-0.329543 12
-0.320103 11
-0.311531 7
-0.305649 8
-0.295864 11
-0.289992 5
-0.279925 19
-0.270138 10
-0.262658 9
-0.254789 13
-0.246131 15
-0.237519 21
-0.229556 20
-0.222172 22
-0.211988 23
-0.204656 16
-0.196359 32
-0.187585 21
-0.179608 27
-0.171549 29
-0.162943 33
-0.155088 32
-0.145877 29
-0.138938 35
-0.129614 33
-0.121834 43
-0.113604 46
-0.104964 53
-0.0973324 60
-0.0884738 63
-0.0802544 57
-0.0719793 60
-0.0641951 94
-0.0554875 103
-0.0469433 89
-0.038185 105
-0.0302701 136
-0.0219068 142
-0.0135095 225
-0.00477915 518
0.00125488 1173
0.0107621 351
0.0194648 289
0.0274603 325
0.0355882 272
0.044209 260
0.0525585 254
0.061071 169
0.0689617 158
0.0777576 114
0.0855085 95
0.0945349 62
0.101873 69
0.110169 53
0.118953 23
0.126779 26
0.134787 26
0.144326 14
0.152166 4
0.16022 8
0.16893 3
0.178404 4
0.184128 1
0.19289 3
0.201522 1
0.210686 3
0 0
0.225017 1
0.232928 1
0 0
0 0
0.261224 2
0 0
0 0
0 0
0 0
0.300422 1
0 0
0 0
0.327654 1
0.335607 2
0 0
0.355075 1
0.358066 1
0.36959 3
0 0
0 0
0.390326 2
0 0
0 0
0.421421 1
0.429747 1
0.431948 1
0 0
0.453344 2
0 0
0 0
0 0
0 0
0 0
0 0
0.507839 2
0 0
0 0
0.536836 1
0.54243 1
0.552852 1
0 0
0 0
0 0
0 0
0.588905 1
0 0
0 0
0 0
0.627575 1
0 0
0.642752 2
0.652986 1
0 0
0 0
0.675269 2
0.683073 1
0.692093 1
0 0
0 0
0 0
0.72198 1
0 0
0 0
0.748409 1
0.75943 1
0.765617 1
0 0
0.782527 1
0.794372 1
0 0
0.804041 1
